<?xml version="1.0" encoding="UTF-8"?>
<testsuite name="hudson.tasks.junit.TestResultPublishingTest" time="12.706" tests="6" errors="0" skipped="0" failures="4">
  <properties>
    <property name="java.runtime.name" value="OpenJDK Runtime Environment"/>
    <property name="sun.boot.library.path" value="/usr/lib/jvm/java-7-openjdk-amd64/jre/lib/amd64"/>
    <property name="java.vm.version" value="24.65-b04"/>
    <property name="java.vm.vendor" value="Oracle Corporation"/>
    <property name="java.vendor.url" value="http://java.oracle.com/"/>
    <property name="path.separator" value=":"/>
    <property name="guice.disable.misplaced.annotation.check" value="true"/>
    <property name="java.vm.name" value="OpenJDK 64-Bit Server VM"/>
    <property name="file.encoding.pkg" value="sun.io"/>
    <property name="user.country" value="KR"/>
    <property name="sun.java.launcher" value="SUN_STANDARD"/>
    <property name="sun.os.patch.level" value="unknown"/>
    <property name="java.vm.specification.name" value="Java Virtual Machine Specification"/>
    <property name="user.dir" value="/home/hi25shin/github/anyone-junit-plugin"/>
    <property name="java.runtime.version" value="1.7.0_65-b32"/>
    <property name="java.awt.graphicsenv" value="sun.awt.X11GraphicsEnvironment"/>
    <property name="java.endorsed.dirs" value="/usr/lib/jvm/java-7-openjdk-amd64/jre/lib/endorsed"/>
    <property name="os.arch" value="amd64"/>
    <property name="java.io.tmpdir" value="/tmp"/>
    <property name="line.separator" value="&#10;"/>
    <property name="java.vm.specification.vendor" value="Oracle Corporation"/>
    <property name="os.name" value="Linux"/>
    <property name="classworlds.conf" value="/home/hi25shin/apache-maven-3.1.1/bin/m2.conf"/>
    <property name="sun.jnu.encoding" value="UTF-8"/>
    <property name="java.library.path" value="/usr/java/packages/lib/amd64:/usr/lib/x86_64-linux-gnu/jni:/lib/x86_64-linux-gnu:/usr/lib/x86_64-linux-gnu:/usr/lib/jni:/lib:/usr/lib"/>
    <property name="java.specification.name" value="Java Platform API Specification"/>
    <property name="java.class.version" value="51.0"/>
    <property name="sun.management.compiler" value="HotSpot 64-Bit Tiered Compilers"/>
    <property name="os.version" value="3.8.0-29-generic"/>
    <property name="user.home" value="/home/hi25shin"/>
    <property name="user.timezone" value="Asia/Seoul"/>
    <property name="java.awt.printerjob" value="sun.print.PSPrinterJob"/>
    <property name="file.encoding" value="UTF-8"/>
    <property name="java.specification.version" value="1.7"/>
    <property name="user.name" value="hi25shin"/>
    <property name="java.class.path" value="/home/hi25shin/apache-maven-3.1.1/boot/plexus-classworlds-2.5.1.jar"/>
    <property name="org.slf4j.simpleLogger.defaultLogLevel" value="info"/>
    <property name="java.vm.specification.version" value="1.7"/>
    <property name="sun.arch.data.model" value="64"/>
    <property name="java.home" value="/usr/lib/jvm/java-7-openjdk-amd64/jre"/>
    <property name="sun.java.command" value="org.codehaus.plexus.classworlds.launcher.Launcher clean test"/>
    <property name="java.specification.vendor" value="Oracle Corporation"/>
    <property name="user.language" value="ko"/>
    <property name="awt.toolkit" value="sun.awt.X11.XToolkit"/>
    <property name="java.vm.info" value="mixed mode"/>
    <property name="java.version" value="1.7.0_65"/>
    <property name="java.ext.dirs" value="/usr/lib/jvm/java-7-openjdk-amd64/jre/lib/ext:/usr/java/packages/lib/ext"/>
    <property name="securerandom.source" value="file:/dev/./urandom"/>
    <property name="sun.boot.class.path" value="/usr/lib/jvm/java-7-openjdk-amd64/jre/lib/resources.jar:/usr/lib/jvm/java-7-openjdk-amd64/jre/lib/rt.jar:/usr/lib/jvm/java-7-openjdk-amd64/jre/lib/sunrsasign.jar:/usr/lib/jvm/java-7-openjdk-amd64/jre/lib/jsse.jar:/usr/lib/jvm/java-7-openjdk-amd64/jre/lib/jce.jar:/usr/lib/jvm/java-7-openjdk-amd64/jre/lib/charsets.jar:/usr/lib/jvm/java-7-openjdk-amd64/jre/lib/rhino.jar:/usr/lib/jvm/java-7-openjdk-amd64/jre/lib/jfr.jar:/usr/lib/jvm/java-7-openjdk-amd64/jre/classes"/>
    <property name="java.vendor" value="Oracle Corporation"/>
    <property name="maven.home" value="/home/hi25shin/apache-maven-3.1.1"/>
    <property name="file.separator" value="/"/>
    <property name="java.vendor.url.bug" value="http://bugreport.sun.com/bugreport/"/>
    <property name="sun.cpu.endian" value="little"/>
    <property name="sun.io.unicode.encoding" value="UnicodeLittle"/>
    <property name="sun.cpu.isalist" value=""/>
  </properties>
  <testcase name="testOpenJUnitPublishing" classname="hudson.tasks.junit.TestResultPublishingTest" time="3.035">
    <failure message="xpath value should match for /testResult/passCount expected:&lt;[4]&gt; but was:&lt;[999]&gt;" type="junit.framework.ComparisonFailure"><![CDATA[junit.framework.ComparisonFailure: xpath value should match for /testResult/passCount expected:<[4]> but was:<[999]>
	at junit.framework.Assert.assertEquals(Assert.java:100)
	at junit.framework.TestCase.assertEquals(TestCase.java:261)
	at org.jvnet.hudson.test.HudsonTestCase.assertXPathValue(HudsonTestCase.java:1040)
	at hudson.tasks.junit.TestResultPublishingTest.testOpenJUnitPublishing(TestResultPublishingTest.java:144)
]]></failure>
    <system-out><![CDATA[=== Starting TestResultPublishingTest.testOpenJUnitPublishing
]]></system-out>
    <system-err><![CDATA[Dec 08, 2015 4:35:29 PM jenkins.InitReactorRunner$1 onAttained
INFO: Started initialization
Dec 08, 2015 4:35:29 PM jenkins.InitReactorRunner$1 onAttained
INFO: Listed all plugins
Dec 08, 2015 4:35:29 PM jenkins.InitReactorRunner$1 onAttained
INFO: Prepared all plugins
Dec 08, 2015 4:35:29 PM jenkins.InitReactorRunner$1 onAttained
INFO: Started all plugins
Dec 08, 2015 4:35:29 PM jenkins.InitReactorRunner$1 onAttained
INFO: Augmented all extensions
Dec 08, 2015 4:35:29 PM jenkins.InitReactorRunner$1 onAttained
INFO: Loaded all jobs
Dec 08, 2015 4:35:29 PM jenkins.InitReactorRunner$1 onAttained
INFO: Completed initialization
Dec 08, 2015 4:35:30 PM com.gargoylesoftware.htmlunit.DefaultCssErrorHandler error
WARNING: CSS error: http://localhost:39298/static/8fb1c0bc/css/style.css [274:26] Error in expression. Invalid token "=". Was expecting one of: <S>, <COMMA>, "/", <PLUS>, "-", <HASH>, <STRING>, ")", <URI>, "inherit", <EMS>, <EXS>, <LENGTH_PX>, <LENGTH_CM>, <LENGTH_MM>, <LENGTH_IN>, <LENGTH_PT>, <LENGTH_PC>, <ANGLE_DEG>, <ANGLE_RAD>, <ANGLE_GRAD>, <TIME_MS>, <TIME_S>, <FREQ_HZ>, <FREQ_KHZ>, <DIMENSION>, <PERCENTAGE>, <NUMBER>, <FUNCTION>, <IDENT>.
Dec 08, 2015 4:35:30 PM com.gargoylesoftware.htmlunit.DefaultCssErrorHandler error
WARNING: CSS error: http://localhost:39298/static/8fb1c0bc/css/style.css [274:31] Error in style rule. Invalid token " ". Was expecting one of: "}", ";".
Dec 08, 2015 4:35:30 PM com.gargoylesoftware.htmlunit.DefaultCssErrorHandler warning
WARNING: CSS warning: http://localhost:39298/static/8fb1c0bc/css/style.css [274:31] Ignoring the following declarations in this rule.
Dec 08, 2015 4:35:30 PM com.gargoylesoftware.htmlunit.DefaultCssErrorHandler error
WARNING: CSS error: http://localhost:39298/static/8fb1c0bc/css/style.css [397:30] Error in style rule. Invalid token "~". Was expecting one of: <S>, <LBRACE>, <COMMA>, <PLUS>, <GREATER>, <IDENT>, "*", <HASH>, ".", "[", ":".
Dec 08, 2015 4:35:30 PM com.gargoylesoftware.htmlunit.DefaultCssErrorHandler warning
WARNING: CSS warning: http://localhost:39298/static/8fb1c0bc/css/style.css [397:30] Ignoring the following declarations in this rule.
Dec 08, 2015 4:35:30 PM com.gargoylesoftware.htmlunit.DefaultCssErrorHandler error
WARNING: CSS error: http://localhost:39298/static/8fb1c0bc/css/style.css [674:26] Error in expression. Invalid token "=". Was expecting one of: <S>, <COMMA>, "/", <PLUS>, "-", <HASH>, <STRING>, ")", <URI>, "inherit", <EMS>, <EXS>, <LENGTH_PX>, <LENGTH_CM>, <LENGTH_MM>, <LENGTH_IN>, <LENGTH_PT>, <LENGTH_PC>, <ANGLE_DEG>, <ANGLE_RAD>, <ANGLE_GRAD>, <TIME_MS>, <TIME_S>, <FREQ_HZ>, <FREQ_KHZ>, <DIMENSION>, <PERCENTAGE>, <NUMBER>, <FUNCTION>, <IDENT>.
Dec 08, 2015 4:35:30 PM com.gargoylesoftware.htmlunit.DefaultCssErrorHandler error
WARNING: CSS error: http://localhost:39298/static/8fb1c0bc/css/style.css [674:31] Error in style rule. Invalid token "\n". Was expecting one of: "}", ";".
Dec 08, 2015 4:35:30 PM com.gargoylesoftware.htmlunit.DefaultCssErrorHandler warning
WARNING: CSS warning: http://localhost:39298/static/8fb1c0bc/css/style.css [674:31] Ignoring the following declarations in this rule.
Dec 08, 2015 4:35:30 PM com.gargoylesoftware.htmlunit.DefaultCssErrorHandler error
WARNING: CSS error: http://localhost:39298/static/8fb1c0bc/css/style.css [1365:5] Error in style rule. Invalid token "/". Was expecting one of: <S>, "}", ";", <IDENT>.
Dec 08, 2015 4:35:30 PM com.gargoylesoftware.htmlunit.DefaultCssErrorHandler warning
WARNING: CSS warning: http://localhost:39298/static/8fb1c0bc/css/style.css [1365:5] Ignoring the following declarations in this rule.
Dec 08, 2015 4:35:30 PM com.gargoylesoftware.htmlunit.DefaultCssErrorHandler error
WARNING: CSS error: http://localhost:39298/static/8fb1c0bc/css/style.css [1436:3] Error in style rule. Invalid token "*". Was expecting one of: <S>, "}", ";", <IDENT>.
Dec 08, 2015 4:35:30 PM com.gargoylesoftware.htmlunit.DefaultCssErrorHandler warning
WARNING: CSS warning: http://localhost:39298/static/8fb1c0bc/css/style.css [1436:3] Ignoring the following declarations in this rule.
Dec 08, 2015 4:35:30 PM com.gargoylesoftware.htmlunit.DefaultCssErrorHandler error
WARNING: CSS error: http://localhost:39298/static/8fb1c0bc/css/responsive-grid.css [29:8] Error in media list. Invalid token "(". Was expecting one of: <S>, <IDENT>.
Dec 08, 2015 4:35:30 PM com.gargoylesoftware.htmlunit.DefaultCssErrorHandler error
WARNING: CSS error: http://localhost:39298/static/8fb1c0bc/css/responsive-grid.css [34:8] Error in media list. Invalid token "(". Was expecting one of: <S>, <IDENT>.
Dec 08, 2015 4:35:30 PM com.gargoylesoftware.htmlunit.DefaultCssErrorHandler error
WARNING: CSS error: http://localhost:39298/static/8fb1c0bc/css/responsive-grid.css [39:8] Error in media list. Invalid token "(". Was expecting one of: <S>, <IDENT>.
Dec 08, 2015 4:35:30 PM com.gargoylesoftware.htmlunit.DefaultCssErrorHandler error
WARNING: CSS error: http://localhost:39298/static/8fb1c0bc/css/responsive-grid.css [360:8] Error in media list. Invalid token "(". Was expecting one of: <S>, <IDENT>.
Dec 08, 2015 4:35:30 PM com.gargoylesoftware.htmlunit.DefaultCssErrorHandler error
WARNING: CSS error: http://localhost:39298/static/8fb1c0bc/css/responsive-grid.css [662:8] Error in media list. Invalid token "(". Was expecting one of: <S>, <IDENT>.
Dec 08, 2015 4:35:30 PM com.gargoylesoftware.htmlunit.DefaultCssErrorHandler error
WARNING: CSS error: http://localhost:39298/static/8fb1c0bc/css/responsive-grid.css [964:8] Error in media list. Invalid token "(". Was expecting one of: <S>, <IDENT>.
Dec 08, 2015 4:35:30 PM com.gargoylesoftware.htmlunit.DefaultCssErrorHandler error
WARNING: CSS error: http://localhost:39298/static/8fb1c0bc/css/responsive-grid.css [1270:8] Error in media list. Invalid token "(". Was expecting one of: <S>, <IDENT>.
Dec 08, 2015 4:35:30 PM com.gargoylesoftware.htmlunit.DefaultCssErrorHandler error
WARNING: CSS error: http://localhost:39298/static/8fb1c0bc/css/responsive-grid.css [1281:8] Error in media list. Invalid token "(". Was expecting one of: <S>, <IDENT>.
Dec 08, 2015 4:35:30 PM com.gargoylesoftware.htmlunit.DefaultCssErrorHandler error
WARNING: CSS error: http://localhost:39298/static/8fb1c0bc/css/responsive-grid.css [1595:1] Error in style sheet. Invalid token "@-ms-viewport". Was expecting one of: <EOF>, <S>, ".", ":", "*", "[", <HASH>, "<!--", "-->", "@import", "@page", "@media", <IDENT>.
"204358921@qtp-340795669-1 - Acceptor0 SocketConnector@0.0.0.0:49701" Id=47 Group=main RUNNABLE (in native)
	at java.net.PlainSocketImpl.socketAccept(Native Method)
	at java.net.AbstractPlainSocketImpl.accept(AbstractPlainSocketImpl.java:398)
	at java.net.ServerSocket.implAccept(ServerSocket.java:530)
	at java.net.ServerSocket.accept(ServerSocket.java:498)
	at org.mortbay.jetty.bio.SocketConnector.accept(SocketConnector.java:99)
	at org.mortbay.jetty.AbstractConnector$Acceptor.run(AbstractConnector.java:708)
	at org.mortbay.thread.QueuedThreadPool$PoolThread.run(QueuedThreadPool.java:582)


"595748250@qtp-340795669-0" Id=46 Group=main TIMED_WAITING on org.mortbay.thread.QueuedThreadPool$PoolThread@2382659a
	at java.lang.Object.wait(Native Method)
	-  waiting on org.mortbay.thread.QueuedThreadPool$PoolThread@2382659a
	at org.mortbay.thread.QueuedThreadPool$PoolThread.run(QueuedThreadPool.java:626)


"Computer.threadPoolForRemoting [#1]" Id=45 Group=main TIMED_WAITING on java.util.concurrent.SynchronousQueue$TransferStack@3735f7ff
	at sun.misc.Unsafe.park(Native Method)
	-  waiting on java.util.concurrent.SynchronousQueue$TransferStack@3735f7ff
	at java.util.concurrent.locks.LockSupport.parkNanos(LockSupport.java:226)
	at java.util.concurrent.SynchronousQueue$TransferStack.awaitFulfill(SynchronousQueue.java:460)
	at java.util.concurrent.SynchronousQueue$TransferStack.transfer(SynchronousQueue.java:359)
	at java.util.concurrent.SynchronousQueue.poll(SynchronousQueue.java:942)
	at java.util.concurrent.ThreadPoolExecutor.getTask(ThreadPoolExecutor.java:1068)
	at java.util.concurrent.ThreadPoolExecutor.runWorker(ThreadPoolExecutor.java:1130)
	at java.util.concurrent.ThreadPoolExecutor$Worker.run(ThreadPoolExecutor.java:615)
	at java.lang.Thread.run(Thread.java:745)


"Executing testOpenJUnitPublishing" Id=1 Group=main RUNNABLE
	at sun.management.ThreadImpl.dumpThreads0(Native Method)
	at sun.management.ThreadImpl.dumpAllThreads(ThreadImpl.java:446)
	at hudson.Functions.getThreadInfos(Functions.java:1155)
	at org.jvnet.hudson.test.HudsonTestCase.runTest(HudsonTestCase.java:442)
	at junit.framework.TestCase.runBare(TestCase.java:141)
	at org.jvnet.hudson.test.HudsonTestCase.runBare(HudsonTestCase.java:293)
	at junit.framework.TestResult$1.protect(TestResult.java:122)
	at junit.framework.TestResult.runProtected(TestResult.java:142)
	at junit.framework.TestResult.run(TestResult.java:125)
	at junit.framework.TestCase.run(TestCase.java:129)
	at junit.framework.TestSuite.runTest(TestSuite.java:255)
	at junit.framework.TestSuite.run(TestSuite.java:250)
	at org.junit.internal.runners.JUnit38ClassRunner.run(JUnit38ClassRunner.java:84)
	at org.apache.maven.surefire.junit4.JUnit4Provider.execute(JUnit4Provider.java:264)
	at org.apache.maven.surefire.junit4.JUnit4Provider.executeTestSet(JUnit4Provider.java:153)
	at org.apache.maven.surefire.junit4.JUnit4Provider.invoke(JUnit4Provider.java:124)
	at org.apache.maven.surefire.booter.ForkedBooter.invokeProviderInSameClassLoader(ForkedBooter.java:200)
	at org.apache.maven.surefire.booter.ForkedBooter.runSuitesInProcess(ForkedBooter.java:153)
	at org.apache.maven.surefire.booter.ForkedBooter.main(ForkedBooter.java:103)


"FilePath.localPool [#1]" Id=68 Group=main TIMED_WAITING on java.util.concurrent.SynchronousQueue$TransferStack@4c7aa0d2
	at sun.misc.Unsafe.park(Native Method)
	-  waiting on java.util.concurrent.SynchronousQueue$TransferStack@4c7aa0d2
	at java.util.concurrent.locks.LockSupport.parkNanos(LockSupport.java:226)
	at java.util.concurrent.SynchronousQueue$TransferStack.awaitFulfill(SynchronousQueue.java:460)
	at java.util.concurrent.SynchronousQueue$TransferStack.transfer(SynchronousQueue.java:359)
	at java.util.concurrent.SynchronousQueue.poll(SynchronousQueue.java:942)
	at java.util.concurrent.ThreadPoolExecutor.getTask(ThreadPoolExecutor.java:1068)
	at java.util.concurrent.ThreadPoolExecutor.runWorker(ThreadPoolExecutor.java:1130)
	at java.util.concurrent.ThreadPoolExecutor$Worker.run(ThreadPoolExecutor.java:615)
	at java.lang.Thread.run(Thread.java:745)


"FilePath.localPool [#2]" Id=69 Group=main TIMED_WAITING on java.util.concurrent.SynchronousQueue$TransferStack@4c7aa0d2
	at sun.misc.Unsafe.park(Native Method)
	-  waiting on java.util.concurrent.SynchronousQueue$TransferStack@4c7aa0d2
	at java.util.concurrent.locks.LockSupport.parkNanos(LockSupport.java:226)
	at java.util.concurrent.SynchronousQueue$TransferStack.awaitFulfill(SynchronousQueue.java:460)
	at java.util.concurrent.SynchronousQueue$TransferStack.transfer(SynchronousQueue.java:359)
	at java.util.concurrent.SynchronousQueue.poll(SynchronousQueue.java:942)
	at java.util.concurrent.ThreadPoolExecutor.getTask(ThreadPoolExecutor.java:1068)
	at java.util.concurrent.ThreadPoolExecutor.runWorker(ThreadPoolExecutor.java:1130)
	at java.util.concurrent.ThreadPoolExecutor$Worker.run(ThreadPoolExecutor.java:615)
	at java.lang.Thread.run(Thread.java:745)


"FilePath.localPool [#3]" Id=70 Group=main TIMED_WAITING on java.util.concurrent.SynchronousQueue$TransferStack@4c7aa0d2
	at sun.misc.Unsafe.park(Native Method)
	-  waiting on java.util.concurrent.SynchronousQueue$TransferStack@4c7aa0d2
	at java.util.concurrent.locks.LockSupport.parkNanos(LockSupport.java:226)
	at java.util.concurrent.SynchronousQueue$TransferStack.awaitFulfill(SynchronousQueue.java:460)
	at java.util.concurrent.SynchronousQueue$TransferStack.transfer(SynchronousQueue.java:359)
	at java.util.concurrent.SynchronousQueue.poll(SynchronousQueue.java:942)
	at java.util.concurrent.ThreadPoolExecutor.getTask(ThreadPoolExecutor.java:1068)
	at java.util.concurrent.ThreadPoolExecutor.runWorker(ThreadPoolExecutor.java:1130)
	at java.util.concurrent.ThreadPoolExecutor$Worker.run(ThreadPoolExecutor.java:615)
	at java.lang.Thread.run(Thread.java:745)


"FilePath.localPool [#4]" Id=71 Group=main TIMED_WAITING on java.util.concurrent.SynchronousQueue$TransferStack@4c7aa0d2
	at sun.misc.Unsafe.park(Native Method)
	-  waiting on java.util.concurrent.SynchronousQueue$TransferStack@4c7aa0d2
	at java.util.concurrent.locks.LockSupport.parkNanos(LockSupport.java:226)
	at java.util.concurrent.SynchronousQueue$TransferStack.awaitFulfill(SynchronousQueue.java:460)
	at java.util.concurrent.SynchronousQueue$TransferStack.transfer(SynchronousQueue.java:359)
	at java.util.concurrent.SynchronousQueue.poll(SynchronousQueue.java:942)
	at java.util.concurrent.ThreadPoolExecutor.getTask(ThreadPoolExecutor.java:1068)
	at java.util.concurrent.ThreadPoolExecutor.runWorker(ThreadPoolExecutor.java:1130)
	at java.util.concurrent.ThreadPoolExecutor$Worker.run(ThreadPoolExecutor.java:615)
	at java.lang.Thread.run(Thread.java:745)


"FilePath.localPool [#5]" Id=72 Group=main TIMED_WAITING on java.util.concurrent.SynchronousQueue$TransferStack@4c7aa0d2
	at sun.misc.Unsafe.park(Native Method)
	-  waiting on java.util.concurrent.SynchronousQueue$TransferStack@4c7aa0d2
	at java.util.concurrent.locks.LockSupport.parkNanos(LockSupport.java:226)
	at java.util.concurrent.SynchronousQueue$TransferStack.awaitFulfill(SynchronousQueue.java:460)
	at java.util.concurrent.SynchronousQueue$TransferStack.transfer(SynchronousQueue.java:359)
	at java.util.concurrent.SynchronousQueue.poll(SynchronousQueue.java:942)
	at java.util.concurrent.ThreadPoolExecutor.getTask(ThreadPoolExecutor.java:1068)
	at java.util.concurrent.ThreadPoolExecutor.runWorker(ThreadPoolExecutor.java:1130)
	at java.util.concurrent.ThreadPoolExecutor$Worker.run(ThreadPoolExecutor.java:615)
	at java.lang.Thread.run(Thread.java:745)


"JavaScript Job Thread 7" Id=260 Group=main TIMED_WAITING on java.util.concurrent.locks.AbstractQueuedSynchronizer$ConditionObject@22d8defd
	at sun.misc.Unsafe.park(Native Method)
	-  waiting on java.util.concurrent.locks.AbstractQueuedSynchronizer$ConditionObject@22d8defd
	at java.util.concurrent.locks.LockSupport.parkNanos(LockSupport.java:226)
	at java.util.concurrent.locks.AbstractQueuedSynchronizer$ConditionObject.awaitNanos(AbstractQueuedSynchronizer.java:2082)
	at java.util.concurrent.ScheduledThreadPoolExecutor$DelayedWorkQueue.take(ScheduledThreadPoolExecutor.java:1090)
	at java.util.concurrent.ScheduledThreadPoolExecutor$DelayedWorkQueue.take(ScheduledThreadPoolExecutor.java:807)
	at java.util.concurrent.ThreadPoolExecutor.getTask(ThreadPoolExecutor.java:1068)
	at java.util.concurrent.ThreadPoolExecutor.runWorker(ThreadPoolExecutor.java:1130)
	at java.util.concurrent.ThreadPoolExecutor$Worker.run(ThreadPoolExecutor.java:615)
	at java.lang.Thread.run(Thread.java:745)


"Jenkins cron thread" Id=226 Group=main WAITING on java.util.TaskQueue@40fd348f
	at java.lang.Object.wait(Native Method)
	-  waiting on java.util.TaskQueue@40fd348f
	at java.lang.Object.wait(Object.java:503)
	at java.util.TimerThread.mainLoop(Timer.java:526)
	at java.util.TimerThread.run(Timer.java:505)


"Jenkins UDP 33849 monitoring thread" Id=254 Group=main RUNNABLE (in native)
	at java.net.PlainDatagramSocketImpl.receive0(Native Method)
	-  locked java.net.PlainDatagramSocketImpl@2cc2acad
	at java.net.AbstractPlainDatagramSocketImpl.receive(AbstractPlainDatagramSocketImpl.java:145)
	-  locked java.net.PlainDatagramSocketImpl@2cc2acad
	at java.net.DatagramSocket.receive(DatagramSocket.java:786)
	-  locked java.net.DatagramPacket@6ce50087
	-  locked java.net.MulticastSocket@2e85d6eb
	at hudson.UDPBroadcastThread.run(UDPBroadcastThread.java:82)


"jenkins.util.Timer [#10]" Id=252 Group=main WAITING on java.util.concurrent.locks.AbstractQueuedSynchronizer$ConditionObject@7d412947
	at sun.misc.Unsafe.park(Native Method)
	-  waiting on java.util.concurrent.locks.AbstractQueuedSynchronizer$ConditionObject@7d412947
	at java.util.concurrent.locks.LockSupport.park(LockSupport.java:186)
	at java.util.concurrent.locks.AbstractQueuedSynchronizer$ConditionObject.await(AbstractQueuedSynchronizer.java:2043)
	at java.util.concurrent.ScheduledThreadPoolExecutor$DelayedWorkQueue.take(ScheduledThreadPoolExecutor.java:1085)
	at java.util.concurrent.ScheduledThreadPoolExecutor$DelayedWorkQueue.take(ScheduledThreadPoolExecutor.java:807)
	at java.util.concurrent.ThreadPoolExecutor.getTask(ThreadPoolExecutor.java:1068)
	at java.util.concurrent.ThreadPoolExecutor.runWorker(ThreadPoolExecutor.java:1130)
	at java.util.concurrent.ThreadPoolExecutor$Worker.run(ThreadPoolExecutor.java:615)
	at java.lang.Thread.run(Thread.java:745)


"jenkins.util.Timer [#1]" Id=227 Group=main WAITING on java.util.concurrent.locks.AbstractQueuedSynchronizer$ConditionObject@7d412947
	at sun.misc.Unsafe.park(Native Method)
	-  waiting on java.util.concurrent.locks.AbstractQueuedSynchronizer$ConditionObject@7d412947
	at java.util.concurrent.locks.LockSupport.park(LockSupport.java:186)
	at java.util.concurrent.locks.AbstractQueuedSynchronizer$ConditionObject.await(AbstractQueuedSynchronizer.java:2043)
	at java.util.concurrent.ScheduledThreadPoolExecutor$DelayedWorkQueue.take(ScheduledThreadPoolExecutor.java:1085)
	at java.util.concurrent.ScheduledThreadPoolExecutor$DelayedWorkQueue.take(ScheduledThreadPoolExecutor.java:807)
	at java.util.concurrent.ThreadPoolExecutor.getTask(ThreadPoolExecutor.java:1068)
	at java.util.concurrent.ThreadPoolExecutor.runWorker(ThreadPoolExecutor.java:1130)
	at java.util.concurrent.ThreadPoolExecutor$Worker.run(ThreadPoolExecutor.java:615)
	at java.lang.Thread.run(Thread.java:745)


"jenkins.util.Timer [#2]" Id=244 Group=main TIMED_WAITING on java.util.concurrent.locks.AbstractQueuedSynchronizer$ConditionObject@7d412947
	at sun.misc.Unsafe.park(Native Method)
	-  waiting on java.util.concurrent.locks.AbstractQueuedSynchronizer$ConditionObject@7d412947
	at java.util.concurrent.locks.LockSupport.parkNanos(LockSupport.java:226)
	at java.util.concurrent.locks.AbstractQueuedSynchronizer$ConditionObject.awaitNanos(AbstractQueuedSynchronizer.java:2082)
	at java.util.concurrent.ScheduledThreadPoolExecutor$DelayedWorkQueue.take(ScheduledThreadPoolExecutor.java:1090)
	at java.util.concurrent.ScheduledThreadPoolExecutor$DelayedWorkQueue.take(ScheduledThreadPoolExecutor.java:807)
	at java.util.concurrent.ThreadPoolExecutor.getTask(ThreadPoolExecutor.java:1068)
	at java.util.concurrent.ThreadPoolExecutor.runWorker(ThreadPoolExecutor.java:1130)
	at java.util.concurrent.ThreadPoolExecutor$Worker.run(ThreadPoolExecutor.java:615)
	at java.lang.Thread.run(Thread.java:745)


"jenkins.util.Timer [#3]" Id=245 Group=main WAITING on java.util.concurrent.locks.AbstractQueuedSynchronizer$ConditionObject@7d412947
	at sun.misc.Unsafe.park(Native Method)
	-  waiting on java.util.concurrent.locks.AbstractQueuedSynchronizer$ConditionObject@7d412947
	at java.util.concurrent.locks.LockSupport.park(LockSupport.java:186)
	at java.util.concurrent.locks.AbstractQueuedSynchronizer$ConditionObject.await(AbstractQueuedSynchronizer.java:2043)
	at java.util.concurrent.ScheduledThreadPoolExecutor$DelayedWorkQueue.take(ScheduledThreadPoolExecutor.java:1085)
	at java.util.concurrent.ScheduledThreadPoolExecutor$DelayedWorkQueue.take(ScheduledThreadPoolExecutor.java:807)
	at java.util.concurrent.ThreadPoolExecutor.getTask(ThreadPoolExecutor.java:1068)
	at java.util.concurrent.ThreadPoolExecutor.runWorker(ThreadPoolExecutor.java:1130)
	at java.util.concurrent.ThreadPoolExecutor$Worker.run(ThreadPoolExecutor.java:615)
	at java.lang.Thread.run(Thread.java:745)


"jenkins.util.Timer [#4]" Id=246 Group=main WAITING on java.util.concurrent.locks.AbstractQueuedSynchronizer$ConditionObject@7d412947
	at sun.misc.Unsafe.park(Native Method)
	-  waiting on java.util.concurrent.locks.AbstractQueuedSynchronizer$ConditionObject@7d412947
	at java.util.concurrent.locks.LockSupport.park(LockSupport.java:186)
	at java.util.concurrent.locks.AbstractQueuedSynchronizer$ConditionObject.await(AbstractQueuedSynchronizer.java:2043)
	at java.util.concurrent.ScheduledThreadPoolExecutor$DelayedWorkQueue.take(ScheduledThreadPoolExecutor.java:1085)
	at java.util.concurrent.ScheduledThreadPoolExecutor$DelayedWorkQueue.take(ScheduledThreadPoolExecutor.java:807)
	at java.util.concurrent.ThreadPoolExecutor.getTask(ThreadPoolExecutor.java:1068)
	at java.util.concurrent.ThreadPoolExecutor.runWorker(ThreadPoolExecutor.java:1130)
	at java.util.concurrent.ThreadPoolExecutor$Worker.run(ThreadPoolExecutor.java:615)
	at java.lang.Thread.run(Thread.java:745)


"jenkins.util.Timer [#5]" Id=247 Group=main WAITING on java.util.concurrent.locks.AbstractQueuedSynchronizer$ConditionObject@7d412947
	at sun.misc.Unsafe.park(Native Method)
	-  waiting on java.util.concurrent.locks.AbstractQueuedSynchronizer$ConditionObject@7d412947
	at java.util.concurrent.locks.LockSupport.park(LockSupport.java:186)
	at java.util.concurrent.locks.AbstractQueuedSynchronizer$ConditionObject.await(AbstractQueuedSynchronizer.java:2043)
	at java.util.concurrent.ScheduledThreadPoolExecutor$DelayedWorkQueue.take(ScheduledThreadPoolExecutor.java:1085)
	at java.util.concurrent.ScheduledThreadPoolExecutor$DelayedWorkQueue.take(ScheduledThreadPoolExecutor.java:807)
	at java.util.concurrent.ThreadPoolExecutor.getTask(ThreadPoolExecutor.java:1068)
	at java.util.concurrent.ThreadPoolExecutor.runWorker(ThreadPoolExecutor.java:1130)
	at java.util.concurrent.ThreadPoolExecutor$Worker.run(ThreadPoolExecutor.java:615)
	at java.lang.Thread.run(Thread.java:745)


"jenkins.util.Timer [#6]" Id=248 Group=main WAITING on java.util.concurrent.locks.AbstractQueuedSynchronizer$ConditionObject@7d412947
	at sun.misc.Unsafe.park(Native Method)
	-  waiting on java.util.concurrent.locks.AbstractQueuedSynchronizer$ConditionObject@7d412947
	at java.util.concurrent.locks.LockSupport.park(LockSupport.java:186)
	at java.util.concurrent.locks.AbstractQueuedSynchronizer$ConditionObject.await(AbstractQueuedSynchronizer.java:2043)
	at java.util.concurrent.ScheduledThreadPoolExecutor$DelayedWorkQueue.take(ScheduledThreadPoolExecutor.java:1085)
	at java.util.concurrent.ScheduledThreadPoolExecutor$DelayedWorkQueue.take(ScheduledThreadPoolExecutor.java:807)
	at java.util.concurrent.ThreadPoolExecutor.getTask(ThreadPoolExecutor.java:1068)
	at java.util.concurrent.ThreadPoolExecutor.runWorker(ThreadPoolExecutor.java:1130)
	at java.util.concurrent.ThreadPoolExecutor$Worker.run(ThreadPoolExecutor.java:615)
	at java.lang.Thread.run(Thread.java:745)


"jenkins.util.Timer [#7]" Id=249 Group=main WAITING on java.util.concurrent.locks.AbstractQueuedSynchronizer$ConditionObject@7d412947
	at sun.misc.Unsafe.park(Native Method)
	-  waiting on java.util.concurrent.locks.AbstractQueuedSynchronizer$ConditionObject@7d412947
	at java.util.concurrent.locks.LockSupport.park(LockSupport.java:186)
	at java.util.concurrent.locks.AbstractQueuedSynchronizer$ConditionObject.await(AbstractQueuedSynchronizer.java:2043)
	at java.util.concurrent.ScheduledThreadPoolExecutor$DelayedWorkQueue.take(ScheduledThreadPoolExecutor.java:1085)
	at java.util.concurrent.ScheduledThreadPoolExecutor$DelayedWorkQueue.take(ScheduledThreadPoolExecutor.java:807)
	at java.util.concurrent.ThreadPoolExecutor.getTask(ThreadPoolExecutor.java:1068)
	at java.util.concurrent.ThreadPoolExecutor.runWorker(ThreadPoolExecutor.java:1130)
	at java.util.concurrent.ThreadPoolExecutor$Worker.run(ThreadPoolExecutor.java:615)
	at java.lang.Thread.run(Thread.java:745)


"jenkins.util.Timer [#8]" Id=250 Group=main WAITING on java.util.concurrent.locks.AbstractQueuedSynchronizer$ConditionObject@7d412947
	at sun.misc.Unsafe.park(Native Method)
	-  waiting on java.util.concurrent.locks.AbstractQueuedSynchronizer$ConditionObject@7d412947
	at java.util.concurrent.locks.LockSupport.park(LockSupport.java:186)
	at java.util.concurrent.locks.AbstractQueuedSynchronizer$ConditionObject.await(AbstractQueuedSynchronizer.java:2043)
	at java.util.concurrent.ScheduledThreadPoolExecutor$DelayedWorkQueue.take(ScheduledThreadPoolExecutor.java:1085)
	at java.util.concurrent.ScheduledThreadPoolExecutor$DelayedWorkQueue.take(ScheduledThreadPoolExecutor.java:807)
	at java.util.concurrent.ThreadPoolExecutor.getTask(ThreadPoolExecutor.java:1068)
	at java.util.concurrent.ThreadPoolExecutor.runWorker(ThreadPoolExecutor.java:1130)
	at java.util.concurrent.ThreadPoolExecutor$Worker.run(ThreadPoolExecutor.java:615)
	at java.lang.Thread.run(Thread.java:745)


"jenkins.util.Timer [#9]" Id=251 Group=main WAITING on java.util.concurrent.locks.AbstractQueuedSynchronizer$ConditionObject@7d412947
	at sun.misc.Unsafe.park(Native Method)
	-  waiting on java.util.concurrent.locks.AbstractQueuedSynchronizer$ConditionObject@7d412947
	at java.util.concurrent.locks.LockSupport.park(LockSupport.java:186)
	at java.util.concurrent.locks.AbstractQueuedSynchronizer$ConditionObject.await(AbstractQueuedSynchronizer.java:2043)
	at java.util.concurrent.ScheduledThreadPoolExecutor$DelayedWorkQueue.take(ScheduledThreadPoolExecutor.java:1085)
	at java.util.concurrent.ScheduledThreadPoolExecutor$DelayedWorkQueue.take(ScheduledThreadPoolExecutor.java:807)
	at java.util.concurrent.ThreadPoolExecutor.getTask(ThreadPoolExecutor.java:1068)
	at java.util.concurrent.ThreadPoolExecutor.runWorker(ThreadPoolExecutor.java:1130)
	at java.util.concurrent.ThreadPoolExecutor$Worker.run(ThreadPoolExecutor.java:615)
	at java.lang.Thread.run(Thread.java:745)


"Jetty Thread Pool" Id=259 Group=main RUNNABLE (in native)
	at java.net.SocketInputStream.socketRead0(Native Method)
	at java.net.SocketInputStream.read(SocketInputStream.java:152)
	at java.net.SocketInputStream.read(SocketInputStream.java:122)
	at org.mortbay.io.ByteArrayBuffer.readFrom(ByteArrayBuffer.java:382)
	at org.mortbay.io.bio.StreamEndPoint.fill(StreamEndPoint.java:114)
	at org.mortbay.jetty.bio.SocketConnector$Connection.fill(SocketConnector.java:198)
	at org.mortbay.jetty.HttpParser.parseNext(HttpParser.java:290)
	at org.mortbay.jetty.HttpParser.parseAvailable(HttpParser.java:212)
	at org.mortbay.jetty.HttpConnection.handle(HttpConnection.java:404)
	at org.mortbay.jetty.bio.SocketConnector$Connection.run(SocketConnector.java:228)
	at java.util.concurrent.Executors$RunnableAdapter.call(Executors.java:471)
	at java.util.concurrent.FutureTask.run(FutureTask.java:262)
	at java.util.concurrent.ThreadPoolExecutor.runWorker(ThreadPoolExecutor.java:1145)
	at java.util.concurrent.ThreadPoolExecutor$Worker.run(ThreadPoolExecutor.java:615)
	at java.lang.Thread.run(Thread.java:745)

	Number of locked synchronizers = 1
	- java.util.concurrent.ThreadPoolExecutor$Worker@60c821c4


"Jetty Thread Pool - Acceptor0 SocketConnector@0.0.0.0:39298" Id=225 Group=main RUNNABLE (in native)
	at java.net.PlainSocketImpl.socketAccept(Native Method)
	at java.net.AbstractPlainSocketImpl.accept(AbstractPlainSocketImpl.java:398)
	at java.net.ServerSocket.implAccept(ServerSocket.java:530)
	at java.net.ServerSocket.accept(ServerSocket.java:498)
	at org.mortbay.jetty.bio.SocketConnector.accept(SocketConnector.java:99)
	at org.mortbay.jetty.AbstractConnector$Acceptor.run(AbstractConnector.java:708)
	at java.util.concurrent.Executors$RunnableAdapter.call(Executors.java:471)
	at java.util.concurrent.FutureTask.run(FutureTask.java:262)
	at java.util.concurrent.ThreadPoolExecutor.runWorker(ThreadPoolExecutor.java:1145)
	at java.util.concurrent.ThreadPoolExecutor$Worker.run(ThreadPoolExecutor.java:615)
	at java.lang.Thread.run(Thread.java:745)

	Number of locked synchronizers = 1
	- java.util.concurrent.ThreadPoolExecutor$Worker@4048868b


"MultiThreadedHttpConnectionManager cleanup" Id=61 Group=main WAITING on java.lang.ref.ReferenceQueue$Lock@6d46238
	at java.lang.Object.wait(Native Method)
	-  waiting on java.lang.ref.ReferenceQueue$Lock@6d46238
	at java.lang.ref.ReferenceQueue.remove(ReferenceQueue.java:135)
	at java.lang.ref.ReferenceQueue.remove(ReferenceQueue.java:151)
	at org.apache.commons.httpclient.MultiThreadedHttpConnectionManager$ReferenceQueueThread.run(MultiThreadedHttpConnectionManager.java:1122)


"TCP slave agent listener port=0" Id=253 Group=main RUNNABLE (in native)
	at sun.nio.ch.ServerSocketChannelImpl.accept0(Native Method)
	at sun.nio.ch.ServerSocketChannelImpl.accept(ServerSocketChannelImpl.java:241)
	-  locked java.lang.Object@54e0f629
	at hudson.TcpSlaveAgentListener.run(TcpSlaveAgentListener.java:95)


"Timer-1" Id=48 Group=main TIMED_WAITING on java.util.TaskQueue@27e72138
	at java.lang.Object.wait(Native Method)
	-  waiting on java.util.TaskQueue@27e72138
	at java.util.TimerThread.mainLoop(Timer.java:552)
	at java.util.TimerThread.run(Timer.java:505)


"Timer-10" Id=258 Group=main TIMED_WAITING on java.util.TaskQueue@4c17c5ea
	at java.lang.Object.wait(Native Method)
	-  waiting on java.util.TaskQueue@4c17c5ea
	at java.util.TimerThread.mainLoop(Timer.java:552)
	at java.util.TimerThread.run(Timer.java:505)


"Timer-9" Id=224 Group=main TIMED_WAITING on java.util.TaskQueue@2f85b99e
	at java.lang.Object.wait(Native Method)
	-  waiting on java.util.TaskQueue@2f85b99e
	at java.util.TimerThread.mainLoop(Timer.java:552)
	at java.util.TimerThread.run(Timer.java:505)


"Finalizer" Id=3 Group=system WAITING on java.lang.ref.ReferenceQueue$Lock@382ca2aa
	at java.lang.Object.wait(Native Method)
	-  waiting on java.lang.ref.ReferenceQueue$Lock@382ca2aa
	at java.lang.ref.ReferenceQueue.remove(ReferenceQueue.java:135)
	at java.lang.ref.ReferenceQueue.remove(ReferenceQueue.java:151)
	at java.lang.ref.Finalizer$FinalizerThread.run(Finalizer.java:209)


"Java2D Disposer" Id=261 Group=system WAITING on java.lang.ref.ReferenceQueue$Lock@346e043f
	at java.lang.Object.wait(Native Method)
	-  waiting on java.lang.ref.ReferenceQueue$Lock@346e043f
	at java.lang.ref.ReferenceQueue.remove(ReferenceQueue.java:135)
	at java.lang.ref.ReferenceQueue.remove(ReferenceQueue.java:151)
	at sun.java2d.Disposer.run(Disposer.java:145)
	at java.lang.Thread.run(Thread.java:745)


"process reaper" Id=51 Group=system TIMED_WAITING on java.util.concurrent.SynchronousQueue$TransferStack@617c4e08
	at sun.misc.Unsafe.park(Native Method)
	-  waiting on java.util.concurrent.SynchronousQueue$TransferStack@617c4e08
	at java.util.concurrent.locks.LockSupport.parkNanos(LockSupport.java:226)
	at java.util.concurrent.SynchronousQueue$TransferStack.awaitFulfill(SynchronousQueue.java:460)
	at java.util.concurrent.SynchronousQueue$TransferStack.transfer(SynchronousQueue.java:359)
	at java.util.concurrent.SynchronousQueue.poll(SynchronousQueue.java:942)
	at java.util.concurrent.ThreadPoolExecutor.getTask(ThreadPoolExecutor.java:1068)
	at java.util.concurrent.ThreadPoolExecutor.runWorker(ThreadPoolExecutor.java:1130)
	at java.util.concurrent.ThreadPoolExecutor$Worker.run(ThreadPoolExecutor.java:615)
	at java.lang.Thread.run(Thread.java:745)


"Reference Handler" Id=2 Group=system WAITING on java.lang.ref.Reference$Lock@7a6b63b5
	at java.lang.Object.wait(Native Method)
	-  waiting on java.lang.ref.Reference$Lock@7a6b63b5
	at java.lang.Object.wait(Object.java:503)
	at java.lang.ref.Reference$ReferenceHandler.run(Reference.java:133)


"Signal Dispatcher" Id=4 Group=system RUNNABLE


]]></system-err>
  </testcase>
  <testcase name="testInterBuildDiffs" classname="hudson.tasks.junit.TestResultPublishingTest" time="1.715"/>
  <testcase name="testBasic" classname="hudson.tasks.junit.TestResultPublishingTest" time="0.669">
    <failure message="should have 132 total tests expected:&lt;132&gt; but was:&lt;1007&gt;" type="junit.framework.AssertionFailedError"><![CDATA[junit.framework.AssertionFailedError: should have 132 total tests expected:<132> but was:<1007>
	at junit.framework.Assert.fail(Assert.java:57)
	at junit.framework.Assert.failNotEquals(Assert.java:329)
	at junit.framework.Assert.assertEquals(Assert.java:78)
	at junit.framework.Assert.assertEquals(Assert.java:234)
	at junit.framework.TestCase.assertEquals(TestCase.java:401)
	at hudson.tasks.junit.TestResultPublishingTest.assertTestResults(TestResultPublishingTest.java:373)
	at hudson.tasks.junit.TestResultPublishingTest.testBasic(TestResultPublishingTest.java:70)
]]></failure>
    <system-out><![CDATA[=== Starting TestResultPublishingTest.testBasic
]]></system-out>
    <system-err><![CDATA[Dec 08, 2015 4:35:33 PM jenkins.InitReactorRunner$1 onAttained
INFO: Started initialization
Dec 08, 2015 4:35:33 PM jenkins.InitReactorRunner$1 onAttained
INFO: Listed all plugins
Dec 08, 2015 4:35:33 PM jenkins.InitReactorRunner$1 onAttained
INFO: Prepared all plugins
Dec 08, 2015 4:35:33 PM jenkins.InitReactorRunner$1 onAttained
INFO: Started all plugins
Dec 08, 2015 4:35:33 PM jenkins.InitReactorRunner$1 onAttained
INFO: Augmented all extensions
Dec 08, 2015 4:35:34 PM jenkins.InitReactorRunner$1 onAttained
INFO: Loaded all jobs
Dec 08, 2015 4:35:34 PM jenkins.InitReactorRunner$1 onAttained
INFO: Completed initialization
Dec 08, 2015 4:35:34 PM hudson.model.Run execute
INFO: percival #1 main build action completed: SUCCESS
"204358921@qtp-340795669-1 - Acceptor0 SocketConnector@0.0.0.0:49701" Id=47 Group=main RUNNABLE (in native)
	at java.net.PlainSocketImpl.socketAccept(Native Method)
	at java.net.AbstractPlainSocketImpl.accept(AbstractPlainSocketImpl.java:398)
	at java.net.ServerSocket.implAccept(ServerSocket.java:530)
	at java.net.ServerSocket.accept(ServerSocket.java:498)
	at org.mortbay.jetty.bio.SocketConnector.accept(SocketConnector.java:99)
	at org.mortbay.jetty.AbstractConnector$Acceptor.run(AbstractConnector.java:708)
	at org.mortbay.thread.QueuedThreadPool$PoolThread.run(QueuedThreadPool.java:582)


"595748250@qtp-340795669-0" Id=46 Group=main TIMED_WAITING on org.mortbay.thread.QueuedThreadPool$PoolThread@2382659a
	at java.lang.Object.wait(Native Method)
	-  waiting on org.mortbay.thread.QueuedThreadPool$PoolThread@2382659a
	at org.mortbay.thread.QueuedThreadPool$PoolThread.run(QueuedThreadPool.java:626)


"Computer.threadPoolForRemoting [#1]" Id=45 Group=main TIMED_WAITING on java.util.concurrent.SynchronousQueue$TransferStack@3735f7ff
	at sun.misc.Unsafe.park(Native Method)
	-  waiting on java.util.concurrent.SynchronousQueue$TransferStack@3735f7ff
	at java.util.concurrent.locks.LockSupport.parkNanos(LockSupport.java:226)
	at java.util.concurrent.SynchronousQueue$TransferStack.awaitFulfill(SynchronousQueue.java:460)
	at java.util.concurrent.SynchronousQueue$TransferStack.transfer(SynchronousQueue.java:359)
	at java.util.concurrent.SynchronousQueue.poll(SynchronousQueue.java:942)
	at java.util.concurrent.ThreadPoolExecutor.getTask(ThreadPoolExecutor.java:1068)
	at java.util.concurrent.ThreadPoolExecutor.runWorker(ThreadPoolExecutor.java:1130)
	at java.util.concurrent.ThreadPoolExecutor$Worker.run(ThreadPoolExecutor.java:615)
	at java.lang.Thread.run(Thread.java:745)


"Executing testBasic" Id=1 Group=main RUNNABLE
	at sun.management.ThreadImpl.dumpThreads0(Native Method)
	at sun.management.ThreadImpl.dumpAllThreads(ThreadImpl.java:446)
	at hudson.Functions.getThreadInfos(Functions.java:1155)
	at org.jvnet.hudson.test.HudsonTestCase.runTest(HudsonTestCase.java:442)
	at junit.framework.TestCase.runBare(TestCase.java:141)
	at org.jvnet.hudson.test.HudsonTestCase.runBare(HudsonTestCase.java:293)
	at junit.framework.TestResult$1.protect(TestResult.java:122)
	at junit.framework.TestResult.runProtected(TestResult.java:142)
	at junit.framework.TestResult.run(TestResult.java:125)
	at junit.framework.TestCase.run(TestCase.java:129)
	at junit.framework.TestSuite.runTest(TestSuite.java:255)
	at junit.framework.TestSuite.run(TestSuite.java:250)
	at org.junit.internal.runners.JUnit38ClassRunner.run(JUnit38ClassRunner.java:84)
	at org.apache.maven.surefire.junit4.JUnit4Provider.execute(JUnit4Provider.java:264)
	at org.apache.maven.surefire.junit4.JUnit4Provider.executeTestSet(JUnit4Provider.java:153)
	at org.apache.maven.surefire.junit4.JUnit4Provider.invoke(JUnit4Provider.java:124)
	at org.apache.maven.surefire.booter.ForkedBooter.invokeProviderInSameClassLoader(ForkedBooter.java:200)
	at org.apache.maven.surefire.booter.ForkedBooter.runSuitesInProcess(ForkedBooter.java:153)
	at org.apache.maven.surefire.booter.ForkedBooter.main(ForkedBooter.java:103)


"FilePath.localPool [#1]" Id=68 Group=main TIMED_WAITING on java.util.concurrent.SynchronousQueue$TransferStack@4c7aa0d2
	at sun.misc.Unsafe.park(Native Method)
	-  waiting on java.util.concurrent.SynchronousQueue$TransferStack@4c7aa0d2
	at java.util.concurrent.locks.LockSupport.parkNanos(LockSupport.java:226)
	at java.util.concurrent.SynchronousQueue$TransferStack.awaitFulfill(SynchronousQueue.java:460)
	at java.util.concurrent.SynchronousQueue$TransferStack.transfer(SynchronousQueue.java:359)
	at java.util.concurrent.SynchronousQueue.poll(SynchronousQueue.java:942)
	at java.util.concurrent.ThreadPoolExecutor.getTask(ThreadPoolExecutor.java:1068)
	at java.util.concurrent.ThreadPoolExecutor.runWorker(ThreadPoolExecutor.java:1130)
	at java.util.concurrent.ThreadPoolExecutor$Worker.run(ThreadPoolExecutor.java:615)
	at java.lang.Thread.run(Thread.java:745)


"FilePath.localPool [#2]" Id=69 Group=main TIMED_WAITING on java.util.concurrent.SynchronousQueue$TransferStack@4c7aa0d2
	at sun.misc.Unsafe.park(Native Method)
	-  waiting on java.util.concurrent.SynchronousQueue$TransferStack@4c7aa0d2
	at java.util.concurrent.locks.LockSupport.parkNanos(LockSupport.java:226)
	at java.util.concurrent.SynchronousQueue$TransferStack.awaitFulfill(SynchronousQueue.java:460)
	at java.util.concurrent.SynchronousQueue$TransferStack.transfer(SynchronousQueue.java:359)
	at java.util.concurrent.SynchronousQueue.poll(SynchronousQueue.java:942)
	at java.util.concurrent.ThreadPoolExecutor.getTask(ThreadPoolExecutor.java:1068)
	at java.util.concurrent.ThreadPoolExecutor.runWorker(ThreadPoolExecutor.java:1130)
	at java.util.concurrent.ThreadPoolExecutor$Worker.run(ThreadPoolExecutor.java:615)
	at java.lang.Thread.run(Thread.java:745)


"FilePath.localPool [#3]" Id=70 Group=main TIMED_WAITING on java.util.concurrent.SynchronousQueue$TransferStack@4c7aa0d2
	at sun.misc.Unsafe.park(Native Method)
	-  waiting on java.util.concurrent.SynchronousQueue$TransferStack@4c7aa0d2
	at java.util.concurrent.locks.LockSupport.parkNanos(LockSupport.java:226)
	at java.util.concurrent.SynchronousQueue$TransferStack.awaitFulfill(SynchronousQueue.java:460)
	at java.util.concurrent.SynchronousQueue$TransferStack.transfer(SynchronousQueue.java:359)
	at java.util.concurrent.SynchronousQueue.poll(SynchronousQueue.java:942)
	at java.util.concurrent.ThreadPoolExecutor.getTask(ThreadPoolExecutor.java:1068)
	at java.util.concurrent.ThreadPoolExecutor.runWorker(ThreadPoolExecutor.java:1130)
	at java.util.concurrent.ThreadPoolExecutor$Worker.run(ThreadPoolExecutor.java:615)
	at java.lang.Thread.run(Thread.java:745)


"FilePath.localPool [#4]" Id=71 Group=main TIMED_WAITING on java.util.concurrent.SynchronousQueue$TransferStack@4c7aa0d2
	at sun.misc.Unsafe.park(Native Method)
	-  waiting on java.util.concurrent.SynchronousQueue$TransferStack@4c7aa0d2
	at java.util.concurrent.locks.LockSupport.parkNanos(LockSupport.java:226)
	at java.util.concurrent.SynchronousQueue$TransferStack.awaitFulfill(SynchronousQueue.java:460)
	at java.util.concurrent.SynchronousQueue$TransferStack.transfer(SynchronousQueue.java:359)
	at java.util.concurrent.SynchronousQueue.poll(SynchronousQueue.java:942)
	at java.util.concurrent.ThreadPoolExecutor.getTask(ThreadPoolExecutor.java:1068)
	at java.util.concurrent.ThreadPoolExecutor.runWorker(ThreadPoolExecutor.java:1130)
	at java.util.concurrent.ThreadPoolExecutor$Worker.run(ThreadPoolExecutor.java:615)
	at java.lang.Thread.run(Thread.java:745)


"FilePath.localPool [#5]" Id=72 Group=main TIMED_WAITING on java.util.concurrent.SynchronousQueue$TransferStack@4c7aa0d2
	at sun.misc.Unsafe.park(Native Method)
	-  waiting on java.util.concurrent.SynchronousQueue$TransferStack@4c7aa0d2
	at java.util.concurrent.locks.LockSupport.parkNanos(LockSupport.java:226)
	at java.util.concurrent.SynchronousQueue$TransferStack.awaitFulfill(SynchronousQueue.java:460)
	at java.util.concurrent.SynchronousQueue$TransferStack.transfer(SynchronousQueue.java:359)
	at java.util.concurrent.SynchronousQueue.poll(SynchronousQueue.java:942)
	at java.util.concurrent.ThreadPoolExecutor.getTask(ThreadPoolExecutor.java:1068)
	at java.util.concurrent.ThreadPoolExecutor.runWorker(ThreadPoolExecutor.java:1130)
	at java.util.concurrent.ThreadPoolExecutor$Worker.run(ThreadPoolExecutor.java:615)
	at java.lang.Thread.run(Thread.java:745)


"Jenkins cron thread" Id=306 Group=main WAITING on java.util.TaskQueue@ab94a59
	at java.lang.Object.wait(Native Method)
	-  waiting on java.util.TaskQueue@ab94a59
	at java.lang.Object.wait(Object.java:503)
	at java.util.TimerThread.mainLoop(Timer.java:526)
	at java.util.TimerThread.run(Timer.java:505)


"Jenkins UDP 33849 monitoring thread" Id=334 Group=main RUNNABLE (in native)
	at java.net.PlainDatagramSocketImpl.receive0(Native Method)
	-  locked java.net.PlainDatagramSocketImpl@305aa6b3
	at java.net.AbstractPlainDatagramSocketImpl.receive(AbstractPlainDatagramSocketImpl.java:145)
	-  locked java.net.PlainDatagramSocketImpl@305aa6b3
	at java.net.DatagramSocket.receive(DatagramSocket.java:786)
	-  locked java.net.DatagramPacket@5355f1a7
	-  locked java.net.MulticastSocket@2f6c35af
	at hudson.UDPBroadcastThread.run(UDPBroadcastThread.java:82)


"jenkins.util.Timer [#10]" Id=332 Group=main WAITING on java.util.concurrent.locks.AbstractQueuedSynchronizer$ConditionObject@7f8f1534
	at sun.misc.Unsafe.park(Native Method)
	-  waiting on java.util.concurrent.locks.AbstractQueuedSynchronizer$ConditionObject@7f8f1534
	at java.util.concurrent.locks.LockSupport.park(LockSupport.java:186)
	at java.util.concurrent.locks.AbstractQueuedSynchronizer$ConditionObject.await(AbstractQueuedSynchronizer.java:2043)
	at java.util.concurrent.ScheduledThreadPoolExecutor$DelayedWorkQueue.take(ScheduledThreadPoolExecutor.java:1085)
	at java.util.concurrent.ScheduledThreadPoolExecutor$DelayedWorkQueue.take(ScheduledThreadPoolExecutor.java:807)
	at java.util.concurrent.ThreadPoolExecutor.getTask(ThreadPoolExecutor.java:1068)
	at java.util.concurrent.ThreadPoolExecutor.runWorker(ThreadPoolExecutor.java:1130)
	at java.util.concurrent.ThreadPoolExecutor$Worker.run(ThreadPoolExecutor.java:615)
	at java.lang.Thread.run(Thread.java:745)


"jenkins.util.Timer [#1]" Id=307 Group=main WAITING on java.util.concurrent.locks.AbstractQueuedSynchronizer$ConditionObject@7f8f1534
	at sun.misc.Unsafe.park(Native Method)
	-  waiting on java.util.concurrent.locks.AbstractQueuedSynchronizer$ConditionObject@7f8f1534
	at java.util.concurrent.locks.LockSupport.park(LockSupport.java:186)
	at java.util.concurrent.locks.AbstractQueuedSynchronizer$ConditionObject.await(AbstractQueuedSynchronizer.java:2043)
	at java.util.concurrent.ScheduledThreadPoolExecutor$DelayedWorkQueue.take(ScheduledThreadPoolExecutor.java:1085)
	at java.util.concurrent.ScheduledThreadPoolExecutor$DelayedWorkQueue.take(ScheduledThreadPoolExecutor.java:807)
	at java.util.concurrent.ThreadPoolExecutor.getTask(ThreadPoolExecutor.java:1068)
	at java.util.concurrent.ThreadPoolExecutor.runWorker(ThreadPoolExecutor.java:1130)
	at java.util.concurrent.ThreadPoolExecutor$Worker.run(ThreadPoolExecutor.java:615)
	at java.lang.Thread.run(Thread.java:745)


"jenkins.util.Timer [#2]" Id=324 Group=main WAITING on java.util.concurrent.locks.AbstractQueuedSynchronizer$ConditionObject@7f8f1534
	at sun.misc.Unsafe.park(Native Method)
	-  waiting on java.util.concurrent.locks.AbstractQueuedSynchronizer$ConditionObject@7f8f1534
	at java.util.concurrent.locks.LockSupport.park(LockSupport.java:186)
	at java.util.concurrent.locks.AbstractQueuedSynchronizer$ConditionObject.await(AbstractQueuedSynchronizer.java:2043)
	at java.util.concurrent.ScheduledThreadPoolExecutor$DelayedWorkQueue.take(ScheduledThreadPoolExecutor.java:1085)
	at java.util.concurrent.ScheduledThreadPoolExecutor$DelayedWorkQueue.take(ScheduledThreadPoolExecutor.java:807)
	at java.util.concurrent.ThreadPoolExecutor.getTask(ThreadPoolExecutor.java:1068)
	at java.util.concurrent.ThreadPoolExecutor.runWorker(ThreadPoolExecutor.java:1130)
	at java.util.concurrent.ThreadPoolExecutor$Worker.run(ThreadPoolExecutor.java:615)
	at java.lang.Thread.run(Thread.java:745)


"jenkins.util.Timer [#3]" Id=325 Group=main TIMED_WAITING on java.util.concurrent.locks.AbstractQueuedSynchronizer$ConditionObject@7f8f1534
	at sun.misc.Unsafe.park(Native Method)
	-  waiting on java.util.concurrent.locks.AbstractQueuedSynchronizer$ConditionObject@7f8f1534
	at java.util.concurrent.locks.LockSupport.parkNanos(LockSupport.java:226)
	at java.util.concurrent.locks.AbstractQueuedSynchronizer$ConditionObject.awaitNanos(AbstractQueuedSynchronizer.java:2082)
	at java.util.concurrent.ScheduledThreadPoolExecutor$DelayedWorkQueue.take(ScheduledThreadPoolExecutor.java:1090)
	at java.util.concurrent.ScheduledThreadPoolExecutor$DelayedWorkQueue.take(ScheduledThreadPoolExecutor.java:807)
	at java.util.concurrent.ThreadPoolExecutor.getTask(ThreadPoolExecutor.java:1068)
	at java.util.concurrent.ThreadPoolExecutor.runWorker(ThreadPoolExecutor.java:1130)
	at java.util.concurrent.ThreadPoolExecutor$Worker.run(ThreadPoolExecutor.java:615)
	at java.lang.Thread.run(Thread.java:745)


"jenkins.util.Timer [#4]" Id=326 Group=main WAITING on java.util.concurrent.locks.AbstractQueuedSynchronizer$ConditionObject@7f8f1534
	at sun.misc.Unsafe.park(Native Method)
	-  waiting on java.util.concurrent.locks.AbstractQueuedSynchronizer$ConditionObject@7f8f1534
	at java.util.concurrent.locks.LockSupport.park(LockSupport.java:186)
	at java.util.concurrent.locks.AbstractQueuedSynchronizer$ConditionObject.await(AbstractQueuedSynchronizer.java:2043)
	at java.util.concurrent.ScheduledThreadPoolExecutor$DelayedWorkQueue.take(ScheduledThreadPoolExecutor.java:1085)
	at java.util.concurrent.ScheduledThreadPoolExecutor$DelayedWorkQueue.take(ScheduledThreadPoolExecutor.java:807)
	at java.util.concurrent.ThreadPoolExecutor.getTask(ThreadPoolExecutor.java:1068)
	at java.util.concurrent.ThreadPoolExecutor.runWorker(ThreadPoolExecutor.java:1130)
	at java.util.concurrent.ThreadPoolExecutor$Worker.run(ThreadPoolExecutor.java:615)
	at java.lang.Thread.run(Thread.java:745)


"jenkins.util.Timer [#5]" Id=327 Group=main WAITING on java.util.concurrent.locks.AbstractQueuedSynchronizer$ConditionObject@7f8f1534
	at sun.misc.Unsafe.park(Native Method)
	-  waiting on java.util.concurrent.locks.AbstractQueuedSynchronizer$ConditionObject@7f8f1534
	at java.util.concurrent.locks.LockSupport.park(LockSupport.java:186)
	at java.util.concurrent.locks.AbstractQueuedSynchronizer$ConditionObject.await(AbstractQueuedSynchronizer.java:2043)
	at java.util.concurrent.ScheduledThreadPoolExecutor$DelayedWorkQueue.take(ScheduledThreadPoolExecutor.java:1085)
	at java.util.concurrent.ScheduledThreadPoolExecutor$DelayedWorkQueue.take(ScheduledThreadPoolExecutor.java:807)
	at java.util.concurrent.ThreadPoolExecutor.getTask(ThreadPoolExecutor.java:1068)
	at java.util.concurrent.ThreadPoolExecutor.runWorker(ThreadPoolExecutor.java:1130)
	at java.util.concurrent.ThreadPoolExecutor$Worker.run(ThreadPoolExecutor.java:615)
	at java.lang.Thread.run(Thread.java:745)


"jenkins.util.Timer [#6]" Id=328 Group=main WAITING on java.util.concurrent.locks.AbstractQueuedSynchronizer$ConditionObject@7f8f1534
	at sun.misc.Unsafe.park(Native Method)
	-  waiting on java.util.concurrent.locks.AbstractQueuedSynchronizer$ConditionObject@7f8f1534
	at java.util.concurrent.locks.LockSupport.park(LockSupport.java:186)
	at java.util.concurrent.locks.AbstractQueuedSynchronizer$ConditionObject.await(AbstractQueuedSynchronizer.java:2043)
	at java.util.concurrent.ScheduledThreadPoolExecutor$DelayedWorkQueue.take(ScheduledThreadPoolExecutor.java:1085)
	at java.util.concurrent.ScheduledThreadPoolExecutor$DelayedWorkQueue.take(ScheduledThreadPoolExecutor.java:807)
	at java.util.concurrent.ThreadPoolExecutor.getTask(ThreadPoolExecutor.java:1068)
	at java.util.concurrent.ThreadPoolExecutor.runWorker(ThreadPoolExecutor.java:1130)
	at java.util.concurrent.ThreadPoolExecutor$Worker.run(ThreadPoolExecutor.java:615)
	at java.lang.Thread.run(Thread.java:745)


"jenkins.util.Timer [#7]" Id=329 Group=main TIMED_WAITING on java.util.concurrent.locks.AbstractQueuedSynchronizer$ConditionObject@7f8f1534
	at sun.misc.Unsafe.park(Native Method)
	-  waiting on java.util.concurrent.locks.AbstractQueuedSynchronizer$ConditionObject@7f8f1534
	at java.util.concurrent.locks.LockSupport.parkNanos(LockSupport.java:226)
	at java.util.concurrent.locks.AbstractQueuedSynchronizer$ConditionObject.awaitNanos(AbstractQueuedSynchronizer.java:2082)
	at java.util.concurrent.ScheduledThreadPoolExecutor$DelayedWorkQueue.take(ScheduledThreadPoolExecutor.java:1090)
	at java.util.concurrent.ScheduledThreadPoolExecutor$DelayedWorkQueue.take(ScheduledThreadPoolExecutor.java:807)
	at java.util.concurrent.ThreadPoolExecutor.getTask(ThreadPoolExecutor.java:1068)
	at java.util.concurrent.ThreadPoolExecutor.runWorker(ThreadPoolExecutor.java:1130)
	at java.util.concurrent.ThreadPoolExecutor$Worker.run(ThreadPoolExecutor.java:615)
	at java.lang.Thread.run(Thread.java:745)


"jenkins.util.Timer [#8]" Id=330 Group=main WAITING on java.util.concurrent.locks.AbstractQueuedSynchronizer$ConditionObject@7f8f1534
	at sun.misc.Unsafe.park(Native Method)
	-  waiting on java.util.concurrent.locks.AbstractQueuedSynchronizer$ConditionObject@7f8f1534
	at java.util.concurrent.locks.LockSupport.park(LockSupport.java:186)
	at java.util.concurrent.locks.AbstractQueuedSynchronizer$ConditionObject.await(AbstractQueuedSynchronizer.java:2043)
	at java.util.concurrent.ScheduledThreadPoolExecutor$DelayedWorkQueue.take(ScheduledThreadPoolExecutor.java:1085)
	at java.util.concurrent.ScheduledThreadPoolExecutor$DelayedWorkQueue.take(ScheduledThreadPoolExecutor.java:807)
	at java.util.concurrent.ThreadPoolExecutor.getTask(ThreadPoolExecutor.java:1068)
	at java.util.concurrent.ThreadPoolExecutor.runWorker(ThreadPoolExecutor.java:1130)
	at java.util.concurrent.ThreadPoolExecutor$Worker.run(ThreadPoolExecutor.java:615)
	at java.lang.Thread.run(Thread.java:745)


"jenkins.util.Timer [#9]" Id=331 Group=main WAITING on java.util.concurrent.locks.AbstractQueuedSynchronizer$ConditionObject@7f8f1534
	at sun.misc.Unsafe.park(Native Method)
	-  waiting on java.util.concurrent.locks.AbstractQueuedSynchronizer$ConditionObject@7f8f1534
	at java.util.concurrent.locks.LockSupport.park(LockSupport.java:186)
	at java.util.concurrent.locks.AbstractQueuedSynchronizer$ConditionObject.await(AbstractQueuedSynchronizer.java:2043)
	at java.util.concurrent.ScheduledThreadPoolExecutor$DelayedWorkQueue.take(ScheduledThreadPoolExecutor.java:1085)
	at java.util.concurrent.ScheduledThreadPoolExecutor$DelayedWorkQueue.take(ScheduledThreadPoolExecutor.java:807)
	at java.util.concurrent.ThreadPoolExecutor.getTask(ThreadPoolExecutor.java:1068)
	at java.util.concurrent.ThreadPoolExecutor.runWorker(ThreadPoolExecutor.java:1130)
	at java.util.concurrent.ThreadPoolExecutor$Worker.run(ThreadPoolExecutor.java:615)
	at java.lang.Thread.run(Thread.java:745)


"Jetty Thread Pool - Acceptor0 SocketConnector@0.0.0.0:46583" Id=305 Group=main RUNNABLE (in native)
	at java.net.PlainSocketImpl.socketAccept(Native Method)
	at java.net.AbstractPlainSocketImpl.accept(AbstractPlainSocketImpl.java:398)
	at java.net.ServerSocket.implAccept(ServerSocket.java:530)
	at java.net.ServerSocket.accept(ServerSocket.java:498)
	at org.mortbay.jetty.bio.SocketConnector.accept(SocketConnector.java:99)
	at org.mortbay.jetty.AbstractConnector$Acceptor.run(AbstractConnector.java:708)
	at java.util.concurrent.Executors$RunnableAdapter.call(Executors.java:471)
	at java.util.concurrent.FutureTask.run(FutureTask.java:262)
	at java.util.concurrent.ThreadPoolExecutor.runWorker(ThreadPoolExecutor.java:1145)
	at java.util.concurrent.ThreadPoolExecutor$Worker.run(ThreadPoolExecutor.java:615)
	at java.lang.Thread.run(Thread.java:745)

	Number of locked synchronizers = 1
	- java.util.concurrent.ThreadPoolExecutor$Worker@1ed01425


"MultiThreadedHttpConnectionManager cleanup" Id=61 Group=main WAITING on java.lang.ref.ReferenceQueue$Lock@6d46238
	at java.lang.Object.wait(Native Method)
	-  waiting on java.lang.ref.ReferenceQueue$Lock@6d46238
	at java.lang.ref.ReferenceQueue.remove(ReferenceQueue.java:135)
	at java.lang.ref.ReferenceQueue.remove(ReferenceQueue.java:151)
	at org.apache.commons.httpclient.MultiThreadedHttpConnectionManager$ReferenceQueueThread.run(MultiThreadedHttpConnectionManager.java:1122)


"TCP slave agent listener port=0" Id=333 Group=main RUNNABLE (in native)
	at sun.nio.ch.ServerSocketChannelImpl.accept0(Native Method)
	at sun.nio.ch.ServerSocketChannelImpl.accept(ServerSocketChannelImpl.java:241)
	-  locked java.lang.Object@69388c7b
	at hudson.TcpSlaveAgentListener.run(TcpSlaveAgentListener.java:95)


"Timer-1" Id=48 Group=main TIMED_WAITING on java.util.TaskQueue@27e72138
	at java.lang.Object.wait(Native Method)
	-  waiting on java.util.TaskQueue@27e72138
	at java.util.TimerThread.mainLoop(Timer.java:552)
	at java.util.TimerThread.run(Timer.java:505)


"Timer-13" Id=304 Group=main TIMED_WAITING on java.util.TaskQueue@ac01e8f
	at java.lang.Object.wait(Native Method)
	-  waiting on java.util.TaskQueue@ac01e8f
	at java.util.TimerThread.mainLoop(Timer.java:552)
	at java.util.TimerThread.run(Timer.java:505)


"Timer-14" Id=338 Group=main TIMED_WAITING on java.util.TaskQueue@bf1cf35
	at java.lang.Object.wait(Native Method)
	-  waiting on java.util.TaskQueue@bf1cf35
	at java.util.TimerThread.mainLoop(Timer.java:552)
	at java.util.TimerThread.run(Timer.java:505)


"Finalizer" Id=3 Group=system WAITING on java.lang.ref.ReferenceQueue$Lock@382ca2aa
	at java.lang.Object.wait(Native Method)
	-  waiting on java.lang.ref.ReferenceQueue$Lock@382ca2aa
	at java.lang.ref.ReferenceQueue.remove(ReferenceQueue.java:135)
	at java.lang.ref.ReferenceQueue.remove(ReferenceQueue.java:151)
	at java.lang.ref.Finalizer$FinalizerThread.run(Finalizer.java:209)


"Java2D Disposer" Id=261 Group=system WAITING on java.lang.ref.ReferenceQueue$Lock@346e043f
	at java.lang.Object.wait(Native Method)
	-  waiting on java.lang.ref.ReferenceQueue$Lock@346e043f
	at java.lang.ref.ReferenceQueue.remove(ReferenceQueue.java:135)
	at java.lang.ref.ReferenceQueue.remove(ReferenceQueue.java:151)
	at sun.java2d.Disposer.run(Disposer.java:145)
	at java.lang.Thread.run(Thread.java:745)


"process reaper" Id=51 Group=system TIMED_WAITING on java.util.concurrent.SynchronousQueue$TransferStack@617c4e08
	at sun.misc.Unsafe.park(Native Method)
	-  waiting on java.util.concurrent.SynchronousQueue$TransferStack@617c4e08
	at java.util.concurrent.locks.LockSupport.parkNanos(LockSupport.java:226)
	at java.util.concurrent.SynchronousQueue$TransferStack.awaitFulfill(SynchronousQueue.java:460)
	at java.util.concurrent.SynchronousQueue$TransferStack.transfer(SynchronousQueue.java:359)
	at java.util.concurrent.SynchronousQueue.poll(SynchronousQueue.java:942)
	at java.util.concurrent.ThreadPoolExecutor.getTask(ThreadPoolExecutor.java:1068)
	at java.util.concurrent.ThreadPoolExecutor.runWorker(ThreadPoolExecutor.java:1130)
	at java.util.concurrent.ThreadPoolExecutor$Worker.run(ThreadPoolExecutor.java:615)
	at java.lang.Thread.run(Thread.java:745)


"Reference Handler" Id=2 Group=system WAITING on java.lang.ref.Reference$Lock@7a6b63b5
	at java.lang.Object.wait(Native Method)
	-  waiting on java.lang.ref.Reference$Lock@7a6b63b5
	at java.lang.Object.wait(Object.java:503)
	at java.lang.ref.Reference$ReferenceHandler.run(Reference.java:133)


"Signal Dispatcher" Id=4 Group=system RUNNABLE


"Thread-62" Id=341 Group=? RUNNABLE


]]></system-err>
  </testcase>
  <testcase name="testSlave" classname="hudson.tasks.junit.TestResultPublishingTest" time="5.071">
    <failure message="should have 132 total tests expected:&lt;132&gt; but was:&lt;1007&gt;" type="junit.framework.AssertionFailedError"><![CDATA[junit.framework.AssertionFailedError: should have 132 total tests expected:<132> but was:<1007>
	at junit.framework.Assert.fail(Assert.java:57)
	at junit.framework.Assert.failNotEquals(Assert.java:329)
	at junit.framework.Assert.assertEquals(Assert.java:78)
	at junit.framework.Assert.assertEquals(Assert.java:234)
	at junit.framework.TestCase.assertEquals(TestCase.java:401)
	at hudson.tasks.junit.TestResultPublishingTest.assertTestResults(TestResultPublishingTest.java:373)
	at hudson.tasks.junit.TestResultPublishingTest.testBasic(TestResultPublishingTest.java:70)
	at hudson.tasks.junit.TestResultPublishingTest.testSlave(TestResultPublishingTest.java:93)
]]></failure>
    <system-out><![CDATA[=== Starting TestResultPublishingTest.testSlave
]]></system-out>
    <system-err><![CDATA[Dec 08, 2015 4:35:34 PM jenkins.InitReactorRunner$1 onAttained
INFO: Started initialization
Dec 08, 2015 4:35:34 PM jenkins.InitReactorRunner$1 onAttained
INFO: Listed all plugins
Dec 08, 2015 4:35:34 PM jenkins.InitReactorRunner$1 onAttained
INFO: Prepared all plugins
Dec 08, 2015 4:35:34 PM jenkins.InitReactorRunner$1 onAttained
INFO: Started all plugins
Dec 08, 2015 4:35:34 PM jenkins.InitReactorRunner$1 onAttained
INFO: Augmented all extensions
Dec 08, 2015 4:35:34 PM jenkins.InitReactorRunner$1 onAttained
INFO: Loaded all jobs
Dec 08, 2015 4:35:34 PM jenkins.InitReactorRunner$1 onAttained
INFO: Completed initialization
Dec 08, 2015 4:35:35 PM hudson.slaves.CommandLauncher launch
INFO: slave agent launched for slave0
Dec 08, 2015 4:35:37 PM hudson.model.Run execute
INFO: percival #1 main build action completed: SUCCESS
"204358921@qtp-340795669-1 - Acceptor0 SocketConnector@0.0.0.0:49701" Id=47 Group=main RUNNABLE (in native)
	at java.net.PlainSocketImpl.socketAccept(Native Method)
	at java.net.AbstractPlainSocketImpl.accept(AbstractPlainSocketImpl.java:398)
	at java.net.ServerSocket.implAccept(ServerSocket.java:530)
	at java.net.ServerSocket.accept(ServerSocket.java:498)
	at org.mortbay.jetty.bio.SocketConnector.accept(SocketConnector.java:99)
	at org.mortbay.jetty.AbstractConnector$Acceptor.run(AbstractConnector.java:708)
	at org.mortbay.thread.QueuedThreadPool$PoolThread.run(QueuedThreadPool.java:582)


"595748250@qtp-340795669-0" Id=46 Group=main TIMED_WAITING on org.mortbay.thread.QueuedThreadPool$PoolThread@2382659a
	at java.lang.Object.wait(Native Method)
	-  waiting on org.mortbay.thread.QueuedThreadPool$PoolThread@2382659a
	at org.mortbay.thread.QueuedThreadPool$PoolThread.run(QueuedThreadPool.java:626)


"Channel reader thread: slave0" Id=382 Group=main RUNNABLE (in native)
	at java.io.FileInputStream.readBytes(Native Method)
	at java.io.FileInputStream.read(FileInputStream.java:272)
	at java.io.BufferedInputStream.fill(BufferedInputStream.java:235)
	at java.io.BufferedInputStream.read(BufferedInputStream.java:254)
	-  locked java.lang.UNIXProcess$ProcessPipeInputStream@39b6185
	at hudson.remoting.FlightRecorderInputStream.read(FlightRecorderInputStream.java:82)
	at hudson.remoting.ChunkedInputStream.readHeader(ChunkedInputStream.java:72)
	at hudson.remoting.ChunkedInputStream.readUntilBreak(ChunkedInputStream.java:103)
	at hudson.remoting.ChunkedCommandTransport.readBlock(ChunkedCommandTransport.java:33)
	at hudson.remoting.AbstractSynchronousByteArrayCommandTransport.read(AbstractSynchronousByteArrayCommandTransport.java:34)
	at hudson.remoting.SynchronousCommandTransport$ReaderThread.run(SynchronousCommandTransport.java:48)


"Computer.threadPoolForRemoting [#1]" Id=45 Group=main TIMED_WAITING on java.util.concurrent.SynchronousQueue$TransferStack@3735f7ff
	at sun.misc.Unsafe.park(Native Method)
	-  waiting on java.util.concurrent.SynchronousQueue$TransferStack@3735f7ff
	at java.util.concurrent.locks.LockSupport.parkNanos(LockSupport.java:226)
	at java.util.concurrent.SynchronousQueue$TransferStack.awaitFulfill(SynchronousQueue.java:460)
	at java.util.concurrent.SynchronousQueue$TransferStack.transfer(SynchronousQueue.java:359)
	at java.util.concurrent.SynchronousQueue.poll(SynchronousQueue.java:942)
	at java.util.concurrent.ThreadPoolExecutor.getTask(ThreadPoolExecutor.java:1068)
	at java.util.concurrent.ThreadPoolExecutor.runWorker(ThreadPoolExecutor.java:1130)
	at java.util.concurrent.ThreadPoolExecutor$Worker.run(ThreadPoolExecutor.java:615)
	at java.lang.Thread.run(Thread.java:745)


"Computer.threadPoolForRemoting [#2]" Id=383 Group=main TIMED_WAITING on java.util.concurrent.SynchronousQueue$TransferStack@3735f7ff
	at sun.misc.Unsafe.park(Native Method)
	-  waiting on java.util.concurrent.SynchronousQueue$TransferStack@3735f7ff
	at java.util.concurrent.locks.LockSupport.parkNanos(LockSupport.java:226)
	at java.util.concurrent.SynchronousQueue$TransferStack.awaitFulfill(SynchronousQueue.java:460)
	at java.util.concurrent.SynchronousQueue$TransferStack.transfer(SynchronousQueue.java:359)
	at java.util.concurrent.SynchronousQueue.poll(SynchronousQueue.java:942)
	at java.util.concurrent.ThreadPoolExecutor.getTask(ThreadPoolExecutor.java:1068)
	at java.util.concurrent.ThreadPoolExecutor.runWorker(ThreadPoolExecutor.java:1130)
	at java.util.concurrent.ThreadPoolExecutor$Worker.run(ThreadPoolExecutor.java:615)
	at java.lang.Thread.run(Thread.java:745)


"Computer.threadPoolForRemoting [#3]" Id=385 Group=main TIMED_WAITING on java.util.concurrent.SynchronousQueue$TransferStack@3735f7ff
	at sun.misc.Unsafe.park(Native Method)
	-  waiting on java.util.concurrent.SynchronousQueue$TransferStack@3735f7ff
	at java.util.concurrent.locks.LockSupport.parkNanos(LockSupport.java:226)
	at java.util.concurrent.SynchronousQueue$TransferStack.awaitFulfill(SynchronousQueue.java:460)
	at java.util.concurrent.SynchronousQueue$TransferStack.transfer(SynchronousQueue.java:359)
	at java.util.concurrent.SynchronousQueue.poll(SynchronousQueue.java:942)
	at java.util.concurrent.ThreadPoolExecutor.getTask(ThreadPoolExecutor.java:1068)
	at java.util.concurrent.ThreadPoolExecutor.runWorker(ThreadPoolExecutor.java:1130)
	at java.util.concurrent.ThreadPoolExecutor$Worker.run(ThreadPoolExecutor.java:615)
	at java.lang.Thread.run(Thread.java:745)


"Executing testSlave" Id=1 Group=main RUNNABLE
	at sun.management.ThreadImpl.dumpThreads0(Native Method)
	at sun.management.ThreadImpl.dumpAllThreads(ThreadImpl.java:446)
	at hudson.Functions.getThreadInfos(Functions.java:1155)
	at org.jvnet.hudson.test.HudsonTestCase.runTest(HudsonTestCase.java:442)
	at junit.framework.TestCase.runBare(TestCase.java:141)
	at org.jvnet.hudson.test.HudsonTestCase.runBare(HudsonTestCase.java:293)
	at junit.framework.TestResult$1.protect(TestResult.java:122)
	at junit.framework.TestResult.runProtected(TestResult.java:142)
	at junit.framework.TestResult.run(TestResult.java:125)
	at junit.framework.TestCase.run(TestCase.java:129)
	at junit.framework.TestSuite.runTest(TestSuite.java:255)
	at junit.framework.TestSuite.run(TestSuite.java:250)
	at org.junit.internal.runners.JUnit38ClassRunner.run(JUnit38ClassRunner.java:84)
	at org.apache.maven.surefire.junit4.JUnit4Provider.execute(JUnit4Provider.java:264)
	at org.apache.maven.surefire.junit4.JUnit4Provider.executeTestSet(JUnit4Provider.java:153)
	at org.apache.maven.surefire.junit4.JUnit4Provider.invoke(JUnit4Provider.java:124)
	at org.apache.maven.surefire.booter.ForkedBooter.invokeProviderInSameClassLoader(ForkedBooter.java:200)
	at org.apache.maven.surefire.booter.ForkedBooter.runSuitesInProcess(ForkedBooter.java:153)
	at org.apache.maven.surefire.booter.ForkedBooter.main(ForkedBooter.java:103)


"FilePath.localPool [#1]" Id=68 Group=main TIMED_WAITING on java.util.concurrent.SynchronousQueue$TransferStack@4c7aa0d2
	at sun.misc.Unsafe.park(Native Method)
	-  waiting on java.util.concurrent.SynchronousQueue$TransferStack@4c7aa0d2
	at java.util.concurrent.locks.LockSupport.parkNanos(LockSupport.java:226)
	at java.util.concurrent.SynchronousQueue$TransferStack.awaitFulfill(SynchronousQueue.java:460)
	at java.util.concurrent.SynchronousQueue$TransferStack.transfer(SynchronousQueue.java:359)
	at java.util.concurrent.SynchronousQueue.poll(SynchronousQueue.java:942)
	at java.util.concurrent.ThreadPoolExecutor.getTask(ThreadPoolExecutor.java:1068)
	at java.util.concurrent.ThreadPoolExecutor.runWorker(ThreadPoolExecutor.java:1130)
	at java.util.concurrent.ThreadPoolExecutor$Worker.run(ThreadPoolExecutor.java:615)
	at java.lang.Thread.run(Thread.java:745)


"FilePath.localPool [#2]" Id=69 Group=main TIMED_WAITING on java.util.concurrent.SynchronousQueue$TransferStack@4c7aa0d2
	at sun.misc.Unsafe.park(Native Method)
	-  waiting on java.util.concurrent.SynchronousQueue$TransferStack@4c7aa0d2
	at java.util.concurrent.locks.LockSupport.parkNanos(LockSupport.java:226)
	at java.util.concurrent.SynchronousQueue$TransferStack.awaitFulfill(SynchronousQueue.java:460)
	at java.util.concurrent.SynchronousQueue$TransferStack.transfer(SynchronousQueue.java:359)
	at java.util.concurrent.SynchronousQueue.poll(SynchronousQueue.java:942)
	at java.util.concurrent.ThreadPoolExecutor.getTask(ThreadPoolExecutor.java:1068)
	at java.util.concurrent.ThreadPoolExecutor.runWorker(ThreadPoolExecutor.java:1130)
	at java.util.concurrent.ThreadPoolExecutor$Worker.run(ThreadPoolExecutor.java:615)
	at java.lang.Thread.run(Thread.java:745)


"FilePath.localPool [#3]" Id=70 Group=main TIMED_WAITING on java.util.concurrent.SynchronousQueue$TransferStack@4c7aa0d2
	at sun.misc.Unsafe.park(Native Method)
	-  waiting on java.util.concurrent.SynchronousQueue$TransferStack@4c7aa0d2
	at java.util.concurrent.locks.LockSupport.parkNanos(LockSupport.java:226)
	at java.util.concurrent.SynchronousQueue$TransferStack.awaitFulfill(SynchronousQueue.java:460)
	at java.util.concurrent.SynchronousQueue$TransferStack.transfer(SynchronousQueue.java:359)
	at java.util.concurrent.SynchronousQueue.poll(SynchronousQueue.java:942)
	at java.util.concurrent.ThreadPoolExecutor.getTask(ThreadPoolExecutor.java:1068)
	at java.util.concurrent.ThreadPoolExecutor.runWorker(ThreadPoolExecutor.java:1130)
	at java.util.concurrent.ThreadPoolExecutor$Worker.run(ThreadPoolExecutor.java:615)
	at java.lang.Thread.run(Thread.java:745)


"FilePath.localPool [#4]" Id=71 Group=main TIMED_WAITING on java.util.concurrent.SynchronousQueue$TransferStack@4c7aa0d2
	at sun.misc.Unsafe.park(Native Method)
	-  waiting on java.util.concurrent.SynchronousQueue$TransferStack@4c7aa0d2
	at java.util.concurrent.locks.LockSupport.parkNanos(LockSupport.java:226)
	at java.util.concurrent.SynchronousQueue$TransferStack.awaitFulfill(SynchronousQueue.java:460)
	at java.util.concurrent.SynchronousQueue$TransferStack.transfer(SynchronousQueue.java:359)
	at java.util.concurrent.SynchronousQueue.poll(SynchronousQueue.java:942)
	at java.util.concurrent.ThreadPoolExecutor.getTask(ThreadPoolExecutor.java:1068)
	at java.util.concurrent.ThreadPoolExecutor.runWorker(ThreadPoolExecutor.java:1130)
	at java.util.concurrent.ThreadPoolExecutor$Worker.run(ThreadPoolExecutor.java:615)
	at java.lang.Thread.run(Thread.java:745)


"FilePath.localPool [#5]" Id=72 Group=main TIMED_WAITING on java.util.concurrent.SynchronousQueue$TransferStack@4c7aa0d2
	at sun.misc.Unsafe.park(Native Method)
	-  waiting on java.util.concurrent.SynchronousQueue$TransferStack@4c7aa0d2
	at java.util.concurrent.locks.LockSupport.parkNanos(LockSupport.java:226)
	at java.util.concurrent.SynchronousQueue$TransferStack.awaitFulfill(SynchronousQueue.java:460)
	at java.util.concurrent.SynchronousQueue$TransferStack.transfer(SynchronousQueue.java:359)
	at java.util.concurrent.SynchronousQueue.poll(SynchronousQueue.java:942)
	at java.util.concurrent.ThreadPoolExecutor.getTask(ThreadPoolExecutor.java:1068)
	at java.util.concurrent.ThreadPoolExecutor.runWorker(ThreadPoolExecutor.java:1130)
	at java.util.concurrent.ThreadPoolExecutor$Worker.run(ThreadPoolExecutor.java:615)
	at java.lang.Thread.run(Thread.java:745)


"Jenkins cron thread" Id=346 Group=main WAITING on java.util.TaskQueue@25be2bab
	at java.lang.Object.wait(Native Method)
	-  waiting on java.util.TaskQueue@25be2bab
	at java.lang.Object.wait(Object.java:503)
	at java.util.TimerThread.mainLoop(Timer.java:526)
	at java.util.TimerThread.run(Timer.java:505)


"Jenkins UDP 33849 monitoring thread" Id=374 Group=main RUNNABLE (in native)
	at java.net.PlainDatagramSocketImpl.receive0(Native Method)
	-  locked java.net.PlainDatagramSocketImpl@7857a0af
	at java.net.AbstractPlainDatagramSocketImpl.receive(AbstractPlainDatagramSocketImpl.java:145)
	-  locked java.net.PlainDatagramSocketImpl@7857a0af
	at java.net.DatagramSocket.receive(DatagramSocket.java:786)
	-  locked java.net.DatagramPacket@770448bf
	-  locked java.net.MulticastSocket@3a4430a4
	at hudson.UDPBroadcastThread.run(UDPBroadcastThread.java:82)


"jenkins.util.Timer [#10]" Id=372 Group=main WAITING on java.util.concurrent.locks.AbstractQueuedSynchronizer$ConditionObject@3df8fd4e
	at sun.misc.Unsafe.park(Native Method)
	-  waiting on java.util.concurrent.locks.AbstractQueuedSynchronizer$ConditionObject@3df8fd4e
	at java.util.concurrent.locks.LockSupport.park(LockSupport.java:186)
	at java.util.concurrent.locks.AbstractQueuedSynchronizer$ConditionObject.await(AbstractQueuedSynchronizer.java:2043)
	at java.util.concurrent.ScheduledThreadPoolExecutor$DelayedWorkQueue.take(ScheduledThreadPoolExecutor.java:1085)
	at java.util.concurrent.ScheduledThreadPoolExecutor$DelayedWorkQueue.take(ScheduledThreadPoolExecutor.java:807)
	at java.util.concurrent.ThreadPoolExecutor.getTask(ThreadPoolExecutor.java:1068)
	at java.util.concurrent.ThreadPoolExecutor.runWorker(ThreadPoolExecutor.java:1130)
	at java.util.concurrent.ThreadPoolExecutor$Worker.run(ThreadPoolExecutor.java:615)
	at java.lang.Thread.run(Thread.java:745)


"jenkins.util.Timer [#1]" Id=347 Group=main TIMED_WAITING on java.util.concurrent.locks.AbstractQueuedSynchronizer$ConditionObject@3df8fd4e
	at sun.misc.Unsafe.park(Native Method)
	-  waiting on java.util.concurrent.locks.AbstractQueuedSynchronizer$ConditionObject@3df8fd4e
	at java.util.concurrent.locks.LockSupport.parkNanos(LockSupport.java:226)
	at java.util.concurrent.locks.AbstractQueuedSynchronizer$ConditionObject.awaitNanos(AbstractQueuedSynchronizer.java:2082)
	at java.util.concurrent.ScheduledThreadPoolExecutor$DelayedWorkQueue.take(ScheduledThreadPoolExecutor.java:1090)
	at java.util.concurrent.ScheduledThreadPoolExecutor$DelayedWorkQueue.take(ScheduledThreadPoolExecutor.java:807)
	at java.util.concurrent.ThreadPoolExecutor.getTask(ThreadPoolExecutor.java:1068)
	at java.util.concurrent.ThreadPoolExecutor.runWorker(ThreadPoolExecutor.java:1130)
	at java.util.concurrent.ThreadPoolExecutor$Worker.run(ThreadPoolExecutor.java:615)
	at java.lang.Thread.run(Thread.java:745)


"jenkins.util.Timer [#2]" Id=364 Group=main WAITING on java.util.concurrent.locks.AbstractQueuedSynchronizer$ConditionObject@3df8fd4e
	at sun.misc.Unsafe.park(Native Method)
	-  waiting on java.util.concurrent.locks.AbstractQueuedSynchronizer$ConditionObject@3df8fd4e
	at java.util.concurrent.locks.LockSupport.park(LockSupport.java:186)
	at java.util.concurrent.locks.AbstractQueuedSynchronizer$ConditionObject.await(AbstractQueuedSynchronizer.java:2043)
	at java.util.concurrent.ScheduledThreadPoolExecutor$DelayedWorkQueue.take(ScheduledThreadPoolExecutor.java:1085)
	at java.util.concurrent.ScheduledThreadPoolExecutor$DelayedWorkQueue.take(ScheduledThreadPoolExecutor.java:807)
	at java.util.concurrent.ThreadPoolExecutor.getTask(ThreadPoolExecutor.java:1068)
	at java.util.concurrent.ThreadPoolExecutor.runWorker(ThreadPoolExecutor.java:1130)
	at java.util.concurrent.ThreadPoolExecutor$Worker.run(ThreadPoolExecutor.java:615)
	at java.lang.Thread.run(Thread.java:745)


"jenkins.util.Timer [#3]" Id=365 Group=main WAITING on java.util.concurrent.locks.AbstractQueuedSynchronizer$ConditionObject@3df8fd4e
	at sun.misc.Unsafe.park(Native Method)
	-  waiting on java.util.concurrent.locks.AbstractQueuedSynchronizer$ConditionObject@3df8fd4e
	at java.util.concurrent.locks.LockSupport.park(LockSupport.java:186)
	at java.util.concurrent.locks.AbstractQueuedSynchronizer$ConditionObject.await(AbstractQueuedSynchronizer.java:2043)
	at java.util.concurrent.ScheduledThreadPoolExecutor$DelayedWorkQueue.take(ScheduledThreadPoolExecutor.java:1085)
	at java.util.concurrent.ScheduledThreadPoolExecutor$DelayedWorkQueue.take(ScheduledThreadPoolExecutor.java:807)
	at java.util.concurrent.ThreadPoolExecutor.getTask(ThreadPoolExecutor.java:1068)
	at java.util.concurrent.ThreadPoolExecutor.runWorker(ThreadPoolExecutor.java:1130)
	at java.util.concurrent.ThreadPoolExecutor$Worker.run(ThreadPoolExecutor.java:615)
	at java.lang.Thread.run(Thread.java:745)


"jenkins.util.Timer [#4]" Id=366 Group=main WAITING on java.util.concurrent.locks.AbstractQueuedSynchronizer$ConditionObject@3df8fd4e
	at sun.misc.Unsafe.park(Native Method)
	-  waiting on java.util.concurrent.locks.AbstractQueuedSynchronizer$ConditionObject@3df8fd4e
	at java.util.concurrent.locks.LockSupport.park(LockSupport.java:186)
	at java.util.concurrent.locks.AbstractQueuedSynchronizer$ConditionObject.await(AbstractQueuedSynchronizer.java:2043)
	at java.util.concurrent.ScheduledThreadPoolExecutor$DelayedWorkQueue.take(ScheduledThreadPoolExecutor.java:1085)
	at java.util.concurrent.ScheduledThreadPoolExecutor$DelayedWorkQueue.take(ScheduledThreadPoolExecutor.java:807)
	at java.util.concurrent.ThreadPoolExecutor.getTask(ThreadPoolExecutor.java:1068)
	at java.util.concurrent.ThreadPoolExecutor.runWorker(ThreadPoolExecutor.java:1130)
	at java.util.concurrent.ThreadPoolExecutor$Worker.run(ThreadPoolExecutor.java:615)
	at java.lang.Thread.run(Thread.java:745)


"jenkins.util.Timer [#5]" Id=367 Group=main WAITING on java.util.concurrent.locks.AbstractQueuedSynchronizer$ConditionObject@3df8fd4e
	at sun.misc.Unsafe.park(Native Method)
	-  waiting on java.util.concurrent.locks.AbstractQueuedSynchronizer$ConditionObject@3df8fd4e
	at java.util.concurrent.locks.LockSupport.park(LockSupport.java:186)
	at java.util.concurrent.locks.AbstractQueuedSynchronizer$ConditionObject.await(AbstractQueuedSynchronizer.java:2043)
	at java.util.concurrent.ScheduledThreadPoolExecutor$DelayedWorkQueue.take(ScheduledThreadPoolExecutor.java:1085)
	at java.util.concurrent.ScheduledThreadPoolExecutor$DelayedWorkQueue.take(ScheduledThreadPoolExecutor.java:807)
	at java.util.concurrent.ThreadPoolExecutor.getTask(ThreadPoolExecutor.java:1068)
	at java.util.concurrent.ThreadPoolExecutor.runWorker(ThreadPoolExecutor.java:1130)
	at java.util.concurrent.ThreadPoolExecutor$Worker.run(ThreadPoolExecutor.java:615)
	at java.lang.Thread.run(Thread.java:745)


"jenkins.util.Timer [#6]" Id=368 Group=main WAITING on java.util.concurrent.locks.AbstractQueuedSynchronizer$ConditionObject@3df8fd4e
	at sun.misc.Unsafe.park(Native Method)
	-  waiting on java.util.concurrent.locks.AbstractQueuedSynchronizer$ConditionObject@3df8fd4e
	at java.util.concurrent.locks.LockSupport.park(LockSupport.java:186)
	at java.util.concurrent.locks.AbstractQueuedSynchronizer$ConditionObject.await(AbstractQueuedSynchronizer.java:2043)
	at java.util.concurrent.ScheduledThreadPoolExecutor$DelayedWorkQueue.take(ScheduledThreadPoolExecutor.java:1085)
	at java.util.concurrent.ScheduledThreadPoolExecutor$DelayedWorkQueue.take(ScheduledThreadPoolExecutor.java:807)
	at java.util.concurrent.ThreadPoolExecutor.getTask(ThreadPoolExecutor.java:1068)
	at java.util.concurrent.ThreadPoolExecutor.runWorker(ThreadPoolExecutor.java:1130)
	at java.util.concurrent.ThreadPoolExecutor$Worker.run(ThreadPoolExecutor.java:615)
	at java.lang.Thread.run(Thread.java:745)


"jenkins.util.Timer [#7]" Id=369 Group=main WAITING on java.util.concurrent.locks.AbstractQueuedSynchronizer$ConditionObject@3df8fd4e
	at sun.misc.Unsafe.park(Native Method)
	-  waiting on java.util.concurrent.locks.AbstractQueuedSynchronizer$ConditionObject@3df8fd4e
	at java.util.concurrent.locks.LockSupport.park(LockSupport.java:186)
	at java.util.concurrent.locks.AbstractQueuedSynchronizer$ConditionObject.await(AbstractQueuedSynchronizer.java:2043)
	at java.util.concurrent.ScheduledThreadPoolExecutor$DelayedWorkQueue.take(ScheduledThreadPoolExecutor.java:1085)
	at java.util.concurrent.ScheduledThreadPoolExecutor$DelayedWorkQueue.take(ScheduledThreadPoolExecutor.java:807)
	at java.util.concurrent.ThreadPoolExecutor.getTask(ThreadPoolExecutor.java:1068)
	at java.util.concurrent.ThreadPoolExecutor.runWorker(ThreadPoolExecutor.java:1130)
	at java.util.concurrent.ThreadPoolExecutor$Worker.run(ThreadPoolExecutor.java:615)
	at java.lang.Thread.run(Thread.java:745)


"jenkins.util.Timer [#8]" Id=370 Group=main WAITING on java.util.concurrent.locks.AbstractQueuedSynchronizer$ConditionObject@3df8fd4e
	at sun.misc.Unsafe.park(Native Method)
	-  waiting on java.util.concurrent.locks.AbstractQueuedSynchronizer$ConditionObject@3df8fd4e
	at java.util.concurrent.locks.LockSupport.park(LockSupport.java:186)
	at java.util.concurrent.locks.AbstractQueuedSynchronizer$ConditionObject.await(AbstractQueuedSynchronizer.java:2043)
	at java.util.concurrent.ScheduledThreadPoolExecutor$DelayedWorkQueue.take(ScheduledThreadPoolExecutor.java:1085)
	at java.util.concurrent.ScheduledThreadPoolExecutor$DelayedWorkQueue.take(ScheduledThreadPoolExecutor.java:807)
	at java.util.concurrent.ThreadPoolExecutor.getTask(ThreadPoolExecutor.java:1068)
	at java.util.concurrent.ThreadPoolExecutor.runWorker(ThreadPoolExecutor.java:1130)
	at java.util.concurrent.ThreadPoolExecutor$Worker.run(ThreadPoolExecutor.java:615)
	at java.lang.Thread.run(Thread.java:745)


"jenkins.util.Timer [#9]" Id=371 Group=main WAITING on java.util.concurrent.locks.AbstractQueuedSynchronizer$ConditionObject@3df8fd4e
	at sun.misc.Unsafe.park(Native Method)
	-  waiting on java.util.concurrent.locks.AbstractQueuedSynchronizer$ConditionObject@3df8fd4e
	at java.util.concurrent.locks.LockSupport.park(LockSupport.java:186)
	at java.util.concurrent.locks.AbstractQueuedSynchronizer$ConditionObject.await(AbstractQueuedSynchronizer.java:2043)
	at java.util.concurrent.ScheduledThreadPoolExecutor$DelayedWorkQueue.take(ScheduledThreadPoolExecutor.java:1085)
	at java.util.concurrent.ScheduledThreadPoolExecutor$DelayedWorkQueue.take(ScheduledThreadPoolExecutor.java:807)
	at java.util.concurrent.ThreadPoolExecutor.getTask(ThreadPoolExecutor.java:1068)
	at java.util.concurrent.ThreadPoolExecutor.runWorker(ThreadPoolExecutor.java:1130)
	at java.util.concurrent.ThreadPoolExecutor$Worker.run(ThreadPoolExecutor.java:615)
	at java.lang.Thread.run(Thread.java:745)


"Jetty Thread Pool - Acceptor0 SocketConnector@0.0.0.0:39216" Id=345 Group=main RUNNABLE (in native)
	at java.net.PlainSocketImpl.socketAccept(Native Method)
	at java.net.AbstractPlainSocketImpl.accept(AbstractPlainSocketImpl.java:398)
	at java.net.ServerSocket.implAccept(ServerSocket.java:530)
	at java.net.ServerSocket.accept(ServerSocket.java:498)
	at org.mortbay.jetty.bio.SocketConnector.accept(SocketConnector.java:99)
	at org.mortbay.jetty.AbstractConnector$Acceptor.run(AbstractConnector.java:708)
	at java.util.concurrent.Executors$RunnableAdapter.call(Executors.java:471)
	at java.util.concurrent.FutureTask.run(FutureTask.java:262)
	at java.util.concurrent.ThreadPoolExecutor.runWorker(ThreadPoolExecutor.java:1145)
	at java.util.concurrent.ThreadPoolExecutor$Worker.run(ThreadPoolExecutor.java:615)
	at java.lang.Thread.run(Thread.java:745)

	Number of locked synchronizers = 1
	- java.util.concurrent.ThreadPoolExecutor$Worker@74ac7323


"MultiThreadedHttpConnectionManager cleanup" Id=61 Group=main WAITING on java.lang.ref.ReferenceQueue$Lock@6d46238
	at java.lang.Object.wait(Native Method)
	-  waiting on java.lang.ref.ReferenceQueue$Lock@6d46238
	at java.lang.ref.ReferenceQueue.remove(ReferenceQueue.java:135)
	at java.lang.ref.ReferenceQueue.remove(ReferenceQueue.java:151)
	at org.apache.commons.httpclient.MultiThreadedHttpConnectionManager$ReferenceQueueThread.run(MultiThreadedHttpConnectionManager.java:1122)


"Ping thread for channel hudson.remoting.Channel@71365ca3:slave0" Id=384 Group=main TIMED_WAITING
	at java.lang.Thread.sleep(Native Method)
	at hudson.remoting.PingThread.run(PingThread.java:91)


"stderr copier for remote agent on slave0" Id=381 Group=main RUNNABLE (in native)
	at java.io.FileInputStream.readBytes(Native Method)
	at java.io.FileInputStream.read(FileInputStream.java:272)
	at java.io.BufferedInputStream.read1(BufferedInputStream.java:273)
	at java.io.BufferedInputStream.read(BufferedInputStream.java:334)
	-  locked java.lang.UNIXProcess$ProcessPipeInputStream@76c0be11
	at java.io.FilterInputStream.read(FilterInputStream.java:107)
	at hudson.util.StreamCopyThread.run(StreamCopyThread.java:60)


"TCP slave agent listener port=0" Id=373 Group=main RUNNABLE (in native)
	at sun.nio.ch.ServerSocketChannelImpl.accept0(Native Method)
	at sun.nio.ch.ServerSocketChannelImpl.accept(ServerSocketChannelImpl.java:241)
	-  locked java.lang.Object@52d57cde
	at hudson.TcpSlaveAgentListener.run(TcpSlaveAgentListener.java:95)


"Timer-1" Id=48 Group=main TIMED_WAITING on java.util.TaskQueue@27e72138
	at java.lang.Object.wait(Native Method)
	-  waiting on java.util.TaskQueue@27e72138
	at java.util.TimerThread.mainLoop(Timer.java:552)
	at java.util.TimerThread.run(Timer.java:505)


"Timer-15" Id=344 Group=main TIMED_WAITING on java.util.TaskQueue@6824fae8
	at java.lang.Object.wait(Native Method)
	-  waiting on java.util.TaskQueue@6824fae8
	at java.util.TimerThread.mainLoop(Timer.java:552)
	at java.util.TimerThread.run(Timer.java:505)


"Timer-16" Id=378 Group=main TIMED_WAITING on java.util.TaskQueue@67fe8aff
	at java.lang.Object.wait(Native Method)
	-  waiting on java.util.TaskQueue@67fe8aff
	at java.util.TimerThread.mainLoop(Timer.java:552)
	at java.util.TimerThread.run(Timer.java:505)


"Finalizer" Id=3 Group=system WAITING on java.lang.ref.ReferenceQueue$Lock@382ca2aa
	at java.lang.Object.wait(Native Method)
	-  waiting on java.lang.ref.ReferenceQueue$Lock@382ca2aa
	at java.lang.ref.ReferenceQueue.remove(ReferenceQueue.java:135)
	at java.lang.ref.ReferenceQueue.remove(ReferenceQueue.java:151)
	at java.lang.ref.Finalizer$FinalizerThread.run(Finalizer.java:209)


"Java2D Disposer" Id=261 Group=system WAITING on java.lang.ref.ReferenceQueue$Lock@346e043f
	at java.lang.Object.wait(Native Method)
	-  waiting on java.lang.ref.ReferenceQueue$Lock@346e043f
	at java.lang.ref.ReferenceQueue.remove(ReferenceQueue.java:135)
	at java.lang.ref.ReferenceQueue.remove(ReferenceQueue.java:151)
	at sun.java2d.Disposer.run(Disposer.java:145)
	at java.lang.Thread.run(Thread.java:745)


"process reaper" Id=51 Group=system RUNNABLE (in native)
	at java.lang.UNIXProcess.waitForProcessExit(Native Method)
	at java.lang.UNIXProcess.access$500(UNIXProcess.java:54)
	at java.lang.UNIXProcess$4.run(UNIXProcess.java:227)
	at java.util.concurrent.ThreadPoolExecutor.runWorker(ThreadPoolExecutor.java:1145)
	at java.util.concurrent.ThreadPoolExecutor$Worker.run(ThreadPoolExecutor.java:615)
	at java.lang.Thread.run(Thread.java:745)

	Number of locked synchronizers = 1
	- java.util.concurrent.ThreadPoolExecutor$Worker@3f8f29d1


"Reference Handler" Id=2 Group=system WAITING on java.lang.ref.Reference$Lock@7a6b63b5
	at java.lang.Object.wait(Native Method)
	-  waiting on java.lang.ref.Reference$Lock@7a6b63b5
	at java.lang.Object.wait(Object.java:503)
	at java.lang.ref.Reference$ReferenceHandler.run(Reference.java:133)


"Signal Dispatcher" Id=4 Group=system RUNNABLE


"Executor #0 for slave0 : executing percival #1" Id=379 Group=? RUNNABLE
	at hudson.slaves.SlaveComputer.taskCompleted(SlaveComputer.java:282)
	at hudson.model.queue.WorkUnitContext.synchronizeEnd(WorkUnitContext.java:140)
	at hudson.model.Executor.run(Executor.java:253)


]]></system-err>
  </testcase>
  <testcase name="testHistoryPageOpenJunit" classname="hudson.tasks.junit.TestResultPublishingTest" time="1.702">
    <failure message="Table text is missing the test duration" type="junit.framework.AssertionFailedError">junit.framework.AssertionFailedError: Table text is missing the test duration
	at junit.framework.Assert.fail(Assert.java:57)
	at junit.framework.Assert.assertTrue(Assert.java:22)
	at junit.framework.TestCase.assertTrue(TestCase.java:192)
	at hudson.tasks.junit.TestResultPublishingTest.testHistoryPageOpenJunit(TestResultPublishingTest.java:279)
</failure>
    <system-out><![CDATA[=== Starting TestResultPublishingTest.testHistoryPageOpenJunit
]]></system-out>
    <system-err><![CDATA[Dec 08, 2015 4:35:39 PM jenkins.InitReactorRunner$1 onAttained
INFO: Started initialization
Dec 08, 2015 4:35:39 PM jenkins.InitReactorRunner$1 onAttained
INFO: Listed all plugins
Dec 08, 2015 4:35:39 PM jenkins.InitReactorRunner$1 onAttained
INFO: Prepared all plugins
Dec 08, 2015 4:35:39 PM jenkins.InitReactorRunner$1 onAttained
INFO: Started all plugins
Dec 08, 2015 4:35:39 PM jenkins.InitReactorRunner$1 onAttained
INFO: Augmented all extensions
Dec 08, 2015 4:35:39 PM jenkins.InitReactorRunner$1 onAttained
INFO: Loaded all jobs
Dec 08, 2015 4:35:40 PM jenkins.InitReactorRunner$1 onAttained
INFO: Completed initialization
Dec 08, 2015 4:35:40 PM com.gargoylesoftware.htmlunit.DefaultCssErrorHandler error
WARNING: CSS error: http://localhost:43204/static/a3021a99/css/style.css [274:26] Error in expression. Invalid token "=". Was expecting one of: <S>, <COMMA>, "/", <PLUS>, "-", <HASH>, <STRING>, ")", <URI>, "inherit", <EMS>, <EXS>, <LENGTH_PX>, <LENGTH_CM>, <LENGTH_MM>, <LENGTH_IN>, <LENGTH_PT>, <LENGTH_PC>, <ANGLE_DEG>, <ANGLE_RAD>, <ANGLE_GRAD>, <TIME_MS>, <TIME_S>, <FREQ_HZ>, <FREQ_KHZ>, <DIMENSION>, <PERCENTAGE>, <NUMBER>, <FUNCTION>, <IDENT>.
Dec 08, 2015 4:35:40 PM com.gargoylesoftware.htmlunit.DefaultCssErrorHandler error
WARNING: CSS error: http://localhost:43204/static/a3021a99/css/style.css [274:31] Error in style rule. Invalid token " ". Was expecting one of: "}", ";".
Dec 08, 2015 4:35:40 PM com.gargoylesoftware.htmlunit.DefaultCssErrorHandler warning
WARNING: CSS warning: http://localhost:43204/static/a3021a99/css/style.css [274:31] Ignoring the following declarations in this rule.
Dec 08, 2015 4:35:40 PM com.gargoylesoftware.htmlunit.DefaultCssErrorHandler error
WARNING: CSS error: http://localhost:43204/static/a3021a99/css/style.css [397:30] Error in style rule. Invalid token "~". Was expecting one of: <S>, <LBRACE>, <COMMA>, <PLUS>, <GREATER>, <IDENT>, "*", <HASH>, ".", "[", ":".
Dec 08, 2015 4:35:40 PM com.gargoylesoftware.htmlunit.DefaultCssErrorHandler warning
WARNING: CSS warning: http://localhost:43204/static/a3021a99/css/style.css [397:30] Ignoring the following declarations in this rule.
Dec 08, 2015 4:35:40 PM com.gargoylesoftware.htmlunit.DefaultCssErrorHandler error
WARNING: CSS error: http://localhost:43204/static/a3021a99/css/style.css [674:26] Error in expression. Invalid token "=". Was expecting one of: <S>, <COMMA>, "/", <PLUS>, "-", <HASH>, <STRING>, ")", <URI>, "inherit", <EMS>, <EXS>, <LENGTH_PX>, <LENGTH_CM>, <LENGTH_MM>, <LENGTH_IN>, <LENGTH_PT>, <LENGTH_PC>, <ANGLE_DEG>, <ANGLE_RAD>, <ANGLE_GRAD>, <TIME_MS>, <TIME_S>, <FREQ_HZ>, <FREQ_KHZ>, <DIMENSION>, <PERCENTAGE>, <NUMBER>, <FUNCTION>, <IDENT>.
Dec 08, 2015 4:35:40 PM com.gargoylesoftware.htmlunit.DefaultCssErrorHandler error
WARNING: CSS error: http://localhost:43204/static/a3021a99/css/style.css [674:31] Error in style rule. Invalid token "\n". Was expecting one of: "}", ";".
Dec 08, 2015 4:35:40 PM com.gargoylesoftware.htmlunit.DefaultCssErrorHandler warning
WARNING: CSS warning: http://localhost:43204/static/a3021a99/css/style.css [674:31] Ignoring the following declarations in this rule.
Dec 08, 2015 4:35:40 PM com.gargoylesoftware.htmlunit.DefaultCssErrorHandler error
WARNING: CSS error: http://localhost:43204/static/a3021a99/css/style.css [1365:5] Error in style rule. Invalid token "/". Was expecting one of: <S>, "}", ";", <IDENT>.
Dec 08, 2015 4:35:40 PM com.gargoylesoftware.htmlunit.DefaultCssErrorHandler warning
WARNING: CSS warning: http://localhost:43204/static/a3021a99/css/style.css [1365:5] Ignoring the following declarations in this rule.
Dec 08, 2015 4:35:40 PM com.gargoylesoftware.htmlunit.DefaultCssErrorHandler error
WARNING: CSS error: http://localhost:43204/static/a3021a99/css/style.css [1436:3] Error in style rule. Invalid token "*". Was expecting one of: <S>, "}", ";", <IDENT>.
Dec 08, 2015 4:35:40 PM com.gargoylesoftware.htmlunit.DefaultCssErrorHandler warning
WARNING: CSS warning: http://localhost:43204/static/a3021a99/css/style.css [1436:3] Ignoring the following declarations in this rule.
Dec 08, 2015 4:35:40 PM com.gargoylesoftware.htmlunit.DefaultCssErrorHandler error
WARNING: CSS error: http://localhost:43204/static/a3021a99/css/responsive-grid.css [29:8] Error in media list. Invalid token "(". Was expecting one of: <S>, <IDENT>.
Dec 08, 2015 4:35:40 PM com.gargoylesoftware.htmlunit.DefaultCssErrorHandler error
WARNING: CSS error: http://localhost:43204/static/a3021a99/css/responsive-grid.css [34:8] Error in media list. Invalid token "(". Was expecting one of: <S>, <IDENT>.
Dec 08, 2015 4:35:40 PM com.gargoylesoftware.htmlunit.DefaultCssErrorHandler error
WARNING: CSS error: http://localhost:43204/static/a3021a99/css/responsive-grid.css [39:8] Error in media list. Invalid token "(". Was expecting one of: <S>, <IDENT>.
Dec 08, 2015 4:35:40 PM com.gargoylesoftware.htmlunit.DefaultCssErrorHandler error
WARNING: CSS error: http://localhost:43204/static/a3021a99/css/responsive-grid.css [360:8] Error in media list. Invalid token "(". Was expecting one of: <S>, <IDENT>.
Dec 08, 2015 4:35:40 PM com.gargoylesoftware.htmlunit.DefaultCssErrorHandler error
WARNING: CSS error: http://localhost:43204/static/a3021a99/css/responsive-grid.css [662:8] Error in media list. Invalid token "(". Was expecting one of: <S>, <IDENT>.
Dec 08, 2015 4:35:40 PM com.gargoylesoftware.htmlunit.DefaultCssErrorHandler error
WARNING: CSS error: http://localhost:43204/static/a3021a99/css/responsive-grid.css [964:8] Error in media list. Invalid token "(". Was expecting one of: <S>, <IDENT>.
Dec 08, 2015 4:35:40 PM com.gargoylesoftware.htmlunit.DefaultCssErrorHandler error
WARNING: CSS error: http://localhost:43204/static/a3021a99/css/responsive-grid.css [1270:8] Error in media list. Invalid token "(". Was expecting one of: <S>, <IDENT>.
Dec 08, 2015 4:35:40 PM com.gargoylesoftware.htmlunit.DefaultCssErrorHandler error
WARNING: CSS error: http://localhost:43204/static/a3021a99/css/responsive-grid.css [1281:8] Error in media list. Invalid token "(". Was expecting one of: <S>, <IDENT>.
Dec 08, 2015 4:35:40 PM com.gargoylesoftware.htmlunit.DefaultCssErrorHandler error
WARNING: CSS error: http://localhost:43204/static/a3021a99/css/responsive-grid.css [1595:1] Error in style sheet. Invalid token "@-ms-viewport". Was expecting one of: <EOF>, <S>, ".", ":", "*", "[", <HASH>, "<!--", "-->", "@import", "@page", "@media", <IDENT>.
"204358921@qtp-340795669-1 - Acceptor0 SocketConnector@0.0.0.0:49701" Id=47 Group=main RUNNABLE (in native)
	at java.net.PlainSocketImpl.socketAccept(Native Method)
	at java.net.AbstractPlainSocketImpl.accept(AbstractPlainSocketImpl.java:398)
	at java.net.ServerSocket.implAccept(ServerSocket.java:530)
	at java.net.ServerSocket.accept(ServerSocket.java:498)
	at org.mortbay.jetty.bio.SocketConnector.accept(SocketConnector.java:99)
	at org.mortbay.jetty.AbstractConnector$Acceptor.run(AbstractConnector.java:708)
	at org.mortbay.thread.QueuedThreadPool$PoolThread.run(QueuedThreadPool.java:582)


"595748250@qtp-340795669-0" Id=46 Group=main TIMED_WAITING on org.mortbay.thread.QueuedThreadPool$PoolThread@2382659a
	at java.lang.Object.wait(Native Method)
	-  waiting on org.mortbay.thread.QueuedThreadPool$PoolThread@2382659a
	at org.mortbay.thread.QueuedThreadPool$PoolThread.run(QueuedThreadPool.java:626)


"Computer.threadPoolForRemoting [#1]" Id=45 Group=main TIMED_WAITING on java.util.concurrent.SynchronousQueue$TransferStack@3735f7ff
	at sun.misc.Unsafe.park(Native Method)
	-  waiting on java.util.concurrent.SynchronousQueue$TransferStack@3735f7ff
	at java.util.concurrent.locks.LockSupport.parkNanos(LockSupport.java:226)
	at java.util.concurrent.SynchronousQueue$TransferStack.awaitFulfill(SynchronousQueue.java:460)
	at java.util.concurrent.SynchronousQueue$TransferStack.transfer(SynchronousQueue.java:359)
	at java.util.concurrent.SynchronousQueue.poll(SynchronousQueue.java:942)
	at java.util.concurrent.ThreadPoolExecutor.getTask(ThreadPoolExecutor.java:1068)
	at java.util.concurrent.ThreadPoolExecutor.runWorker(ThreadPoolExecutor.java:1130)
	at java.util.concurrent.ThreadPoolExecutor$Worker.run(ThreadPoolExecutor.java:615)
	at java.lang.Thread.run(Thread.java:745)


"Computer.threadPoolForRemoting [#2]" Id=383 Group=main TIMED_WAITING on java.util.concurrent.SynchronousQueue$TransferStack@3735f7ff
	at sun.misc.Unsafe.park(Native Method)
	-  waiting on java.util.concurrent.SynchronousQueue$TransferStack@3735f7ff
	at java.util.concurrent.locks.LockSupport.parkNanos(LockSupport.java:226)
	at java.util.concurrent.SynchronousQueue$TransferStack.awaitFulfill(SynchronousQueue.java:460)
	at java.util.concurrent.SynchronousQueue$TransferStack.transfer(SynchronousQueue.java:359)
	at java.util.concurrent.SynchronousQueue.poll(SynchronousQueue.java:942)
	at java.util.concurrent.ThreadPoolExecutor.getTask(ThreadPoolExecutor.java:1068)
	at java.util.concurrent.ThreadPoolExecutor.runWorker(ThreadPoolExecutor.java:1130)
	at java.util.concurrent.ThreadPoolExecutor$Worker.run(ThreadPoolExecutor.java:615)
	at java.lang.Thread.run(Thread.java:745)


"Computer.threadPoolForRemoting [#3]" Id=385 Group=main TIMED_WAITING on java.util.concurrent.SynchronousQueue$TransferStack@3735f7ff
	at sun.misc.Unsafe.park(Native Method)
	-  waiting on java.util.concurrent.SynchronousQueue$TransferStack@3735f7ff
	at java.util.concurrent.locks.LockSupport.parkNanos(LockSupport.java:226)
	at java.util.concurrent.SynchronousQueue$TransferStack.awaitFulfill(SynchronousQueue.java:460)
	at java.util.concurrent.SynchronousQueue$TransferStack.transfer(SynchronousQueue.java:359)
	at java.util.concurrent.SynchronousQueue.poll(SynchronousQueue.java:942)
	at java.util.concurrent.ThreadPoolExecutor.getTask(ThreadPoolExecutor.java:1068)
	at java.util.concurrent.ThreadPoolExecutor.runWorker(ThreadPoolExecutor.java:1130)
	at java.util.concurrent.ThreadPoolExecutor$Worker.run(ThreadPoolExecutor.java:615)
	at java.lang.Thread.run(Thread.java:745)


"Executing testHistoryPageOpenJunit" Id=1 Group=main RUNNABLE
	at sun.management.ThreadImpl.dumpThreads0(Native Method)
	at sun.management.ThreadImpl.dumpAllThreads(ThreadImpl.java:446)
	at hudson.Functions.getThreadInfos(Functions.java:1155)
	at org.jvnet.hudson.test.HudsonTestCase.runTest(HudsonTestCase.java:442)
	at junit.framework.TestCase.runBare(TestCase.java:141)
	at org.jvnet.hudson.test.HudsonTestCase.runBare(HudsonTestCase.java:293)
	at junit.framework.TestResult$1.protect(TestResult.java:122)
	at junit.framework.TestResult.runProtected(TestResult.java:142)
	at junit.framework.TestResult.run(TestResult.java:125)
	at junit.framework.TestCase.run(TestCase.java:129)
	at junit.framework.TestSuite.runTest(TestSuite.java:255)
	at junit.framework.TestSuite.run(TestSuite.java:250)
	at org.junit.internal.runners.JUnit38ClassRunner.run(JUnit38ClassRunner.java:84)
	at org.apache.maven.surefire.junit4.JUnit4Provider.execute(JUnit4Provider.java:264)
	at org.apache.maven.surefire.junit4.JUnit4Provider.executeTestSet(JUnit4Provider.java:153)
	at org.apache.maven.surefire.junit4.JUnit4Provider.invoke(JUnit4Provider.java:124)
	at org.apache.maven.surefire.booter.ForkedBooter.invokeProviderInSameClassLoader(ForkedBooter.java:200)
	at org.apache.maven.surefire.booter.ForkedBooter.runSuitesInProcess(ForkedBooter.java:153)
	at org.apache.maven.surefire.booter.ForkedBooter.main(ForkedBooter.java:103)


"FilePath.localPool [#1]" Id=68 Group=main TIMED_WAITING on java.util.concurrent.SynchronousQueue$TransferStack@4c7aa0d2
	at sun.misc.Unsafe.park(Native Method)
	-  waiting on java.util.concurrent.SynchronousQueue$TransferStack@4c7aa0d2
	at java.util.concurrent.locks.LockSupport.parkNanos(LockSupport.java:226)
	at java.util.concurrent.SynchronousQueue$TransferStack.awaitFulfill(SynchronousQueue.java:460)
	at java.util.concurrent.SynchronousQueue$TransferStack.transfer(SynchronousQueue.java:359)
	at java.util.concurrent.SynchronousQueue.poll(SynchronousQueue.java:942)
	at java.util.concurrent.ThreadPoolExecutor.getTask(ThreadPoolExecutor.java:1068)
	at java.util.concurrent.ThreadPoolExecutor.runWorker(ThreadPoolExecutor.java:1130)
	at java.util.concurrent.ThreadPoolExecutor$Worker.run(ThreadPoolExecutor.java:615)
	at java.lang.Thread.run(Thread.java:745)


"FilePath.localPool [#2]" Id=69 Group=main TIMED_WAITING on java.util.concurrent.SynchronousQueue$TransferStack@4c7aa0d2
	at sun.misc.Unsafe.park(Native Method)
	-  waiting on java.util.concurrent.SynchronousQueue$TransferStack@4c7aa0d2
	at java.util.concurrent.locks.LockSupport.parkNanos(LockSupport.java:226)
	at java.util.concurrent.SynchronousQueue$TransferStack.awaitFulfill(SynchronousQueue.java:460)
	at java.util.concurrent.SynchronousQueue$TransferStack.transfer(SynchronousQueue.java:359)
	at java.util.concurrent.SynchronousQueue.poll(SynchronousQueue.java:942)
	at java.util.concurrent.ThreadPoolExecutor.getTask(ThreadPoolExecutor.java:1068)
	at java.util.concurrent.ThreadPoolExecutor.runWorker(ThreadPoolExecutor.java:1130)
	at java.util.concurrent.ThreadPoolExecutor$Worker.run(ThreadPoolExecutor.java:615)
	at java.lang.Thread.run(Thread.java:745)


"FilePath.localPool [#3]" Id=70 Group=main TIMED_WAITING on java.util.concurrent.SynchronousQueue$TransferStack@4c7aa0d2
	at sun.misc.Unsafe.park(Native Method)
	-  waiting on java.util.concurrent.SynchronousQueue$TransferStack@4c7aa0d2
	at java.util.concurrent.locks.LockSupport.parkNanos(LockSupport.java:226)
	at java.util.concurrent.SynchronousQueue$TransferStack.awaitFulfill(SynchronousQueue.java:460)
	at java.util.concurrent.SynchronousQueue$TransferStack.transfer(SynchronousQueue.java:359)
	at java.util.concurrent.SynchronousQueue.poll(SynchronousQueue.java:942)
	at java.util.concurrent.ThreadPoolExecutor.getTask(ThreadPoolExecutor.java:1068)
	at java.util.concurrent.ThreadPoolExecutor.runWorker(ThreadPoolExecutor.java:1130)
	at java.util.concurrent.ThreadPoolExecutor$Worker.run(ThreadPoolExecutor.java:615)
	at java.lang.Thread.run(Thread.java:745)


"FilePath.localPool [#4]" Id=71 Group=main TIMED_WAITING on java.util.concurrent.SynchronousQueue$TransferStack@4c7aa0d2
	at sun.misc.Unsafe.park(Native Method)
	-  waiting on java.util.concurrent.SynchronousQueue$TransferStack@4c7aa0d2
	at java.util.concurrent.locks.LockSupport.parkNanos(LockSupport.java:226)
	at java.util.concurrent.SynchronousQueue$TransferStack.awaitFulfill(SynchronousQueue.java:460)
	at java.util.concurrent.SynchronousQueue$TransferStack.transfer(SynchronousQueue.java:359)
	at java.util.concurrent.SynchronousQueue.poll(SynchronousQueue.java:942)
	at java.util.concurrent.ThreadPoolExecutor.getTask(ThreadPoolExecutor.java:1068)
	at java.util.concurrent.ThreadPoolExecutor.runWorker(ThreadPoolExecutor.java:1130)
	at java.util.concurrent.ThreadPoolExecutor$Worker.run(ThreadPoolExecutor.java:615)
	at java.lang.Thread.run(Thread.java:745)


"FilePath.localPool [#5]" Id=72 Group=main TIMED_WAITING on java.util.concurrent.SynchronousQueue$TransferStack@4c7aa0d2
	at sun.misc.Unsafe.park(Native Method)
	-  waiting on java.util.concurrent.SynchronousQueue$TransferStack@4c7aa0d2
	at java.util.concurrent.locks.LockSupport.parkNanos(LockSupport.java:226)
	at java.util.concurrent.SynchronousQueue$TransferStack.awaitFulfill(SynchronousQueue.java:460)
	at java.util.concurrent.SynchronousQueue$TransferStack.transfer(SynchronousQueue.java:359)
	at java.util.concurrent.SynchronousQueue.poll(SynchronousQueue.java:942)
	at java.util.concurrent.ThreadPoolExecutor.getTask(ThreadPoolExecutor.java:1068)
	at java.util.concurrent.ThreadPoolExecutor.runWorker(ThreadPoolExecutor.java:1130)
	at java.util.concurrent.ThreadPoolExecutor$Worker.run(ThreadPoolExecutor.java:615)
	at java.lang.Thread.run(Thread.java:745)


"JavaScript Job Thread 9" Id=429 Group=main TIMED_WAITING on java.util.concurrent.locks.AbstractQueuedSynchronizer$ConditionObject@464f27ae
	at sun.misc.Unsafe.park(Native Method)
	-  waiting on java.util.concurrent.locks.AbstractQueuedSynchronizer$ConditionObject@464f27ae
	at java.util.concurrent.locks.LockSupport.parkNanos(LockSupport.java:226)
	at java.util.concurrent.locks.AbstractQueuedSynchronizer$ConditionObject.awaitNanos(AbstractQueuedSynchronizer.java:2082)
	at java.util.concurrent.ScheduledThreadPoolExecutor$DelayedWorkQueue.take(ScheduledThreadPoolExecutor.java:1090)
	at java.util.concurrent.ScheduledThreadPoolExecutor$DelayedWorkQueue.take(ScheduledThreadPoolExecutor.java:807)
	at java.util.concurrent.ThreadPoolExecutor.getTask(ThreadPoolExecutor.java:1068)
	at java.util.concurrent.ThreadPoolExecutor.runWorker(ThreadPoolExecutor.java:1130)
	at java.util.concurrent.ThreadPoolExecutor$Worker.run(ThreadPoolExecutor.java:615)
	at java.lang.Thread.run(Thread.java:745)


"Jenkins cron thread" Id=395 Group=main WAITING on java.util.TaskQueue@2d4f7a67
	at java.lang.Object.wait(Native Method)
	-  waiting on java.util.TaskQueue@2d4f7a67
	at java.lang.Object.wait(Object.java:503)
	at java.util.TimerThread.mainLoop(Timer.java:526)
	at java.util.TimerThread.run(Timer.java:505)


"Jenkins UDP 33849 monitoring thread" Id=423 Group=main RUNNABLE (in native)
	at java.net.PlainDatagramSocketImpl.receive0(Native Method)
	-  locked java.net.PlainDatagramSocketImpl@3435587a
	at java.net.AbstractPlainDatagramSocketImpl.receive(AbstractPlainDatagramSocketImpl.java:145)
	-  locked java.net.PlainDatagramSocketImpl@3435587a
	at java.net.DatagramSocket.receive(DatagramSocket.java:786)
	-  locked java.net.DatagramPacket@591dfb23
	-  locked java.net.MulticastSocket@3f52e48a
	at hudson.UDPBroadcastThread.run(UDPBroadcastThread.java:82)


"jenkins.util.Timer [#10]" Id=421 Group=main WAITING on java.util.concurrent.locks.AbstractQueuedSynchronizer$ConditionObject@1880c23a
	at sun.misc.Unsafe.park(Native Method)
	-  waiting on java.util.concurrent.locks.AbstractQueuedSynchronizer$ConditionObject@1880c23a
	at java.util.concurrent.locks.LockSupport.park(LockSupport.java:186)
	at java.util.concurrent.locks.AbstractQueuedSynchronizer$ConditionObject.await(AbstractQueuedSynchronizer.java:2043)
	at java.util.concurrent.ScheduledThreadPoolExecutor$DelayedWorkQueue.take(ScheduledThreadPoolExecutor.java:1085)
	at java.util.concurrent.ScheduledThreadPoolExecutor$DelayedWorkQueue.take(ScheduledThreadPoolExecutor.java:807)
	at java.util.concurrent.ThreadPoolExecutor.getTask(ThreadPoolExecutor.java:1068)
	at java.util.concurrent.ThreadPoolExecutor.runWorker(ThreadPoolExecutor.java:1130)
	at java.util.concurrent.ThreadPoolExecutor$Worker.run(ThreadPoolExecutor.java:615)
	at java.lang.Thread.run(Thread.java:745)


"jenkins.util.Timer [#1]" Id=396 Group=main WAITING on java.util.concurrent.locks.AbstractQueuedSynchronizer$ConditionObject@1880c23a
	at sun.misc.Unsafe.park(Native Method)
	-  waiting on java.util.concurrent.locks.AbstractQueuedSynchronizer$ConditionObject@1880c23a
	at java.util.concurrent.locks.LockSupport.park(LockSupport.java:186)
	at java.util.concurrent.locks.AbstractQueuedSynchronizer$ConditionObject.await(AbstractQueuedSynchronizer.java:2043)
	at java.util.concurrent.ScheduledThreadPoolExecutor$DelayedWorkQueue.take(ScheduledThreadPoolExecutor.java:1085)
	at java.util.concurrent.ScheduledThreadPoolExecutor$DelayedWorkQueue.take(ScheduledThreadPoolExecutor.java:807)
	at java.util.concurrent.ThreadPoolExecutor.getTask(ThreadPoolExecutor.java:1068)
	at java.util.concurrent.ThreadPoolExecutor.runWorker(ThreadPoolExecutor.java:1130)
	at java.util.concurrent.ThreadPoolExecutor$Worker.run(ThreadPoolExecutor.java:615)
	at java.lang.Thread.run(Thread.java:745)


"jenkins.util.Timer [#2]" Id=413 Group=main WAITING on java.util.concurrent.locks.AbstractQueuedSynchronizer$ConditionObject@1880c23a
	at sun.misc.Unsafe.park(Native Method)
	-  waiting on java.util.concurrent.locks.AbstractQueuedSynchronizer$ConditionObject@1880c23a
	at java.util.concurrent.locks.LockSupport.park(LockSupport.java:186)
	at java.util.concurrent.locks.AbstractQueuedSynchronizer$ConditionObject.await(AbstractQueuedSynchronizer.java:2043)
	at java.util.concurrent.ScheduledThreadPoolExecutor$DelayedWorkQueue.take(ScheduledThreadPoolExecutor.java:1085)
	at java.util.concurrent.ScheduledThreadPoolExecutor$DelayedWorkQueue.take(ScheduledThreadPoolExecutor.java:807)
	at java.util.concurrent.ThreadPoolExecutor.getTask(ThreadPoolExecutor.java:1068)
	at java.util.concurrent.ThreadPoolExecutor.runWorker(ThreadPoolExecutor.java:1130)
	at java.util.concurrent.ThreadPoolExecutor$Worker.run(ThreadPoolExecutor.java:615)
	at java.lang.Thread.run(Thread.java:745)


"jenkins.util.Timer [#3]" Id=414 Group=main TIMED_WAITING on java.util.concurrent.locks.AbstractQueuedSynchronizer$ConditionObject@1880c23a
	at sun.misc.Unsafe.park(Native Method)
	-  waiting on java.util.concurrent.locks.AbstractQueuedSynchronizer$ConditionObject@1880c23a
	at java.util.concurrent.locks.LockSupport.parkNanos(LockSupport.java:226)
	at java.util.concurrent.locks.AbstractQueuedSynchronizer$ConditionObject.awaitNanos(AbstractQueuedSynchronizer.java:2082)
	at java.util.concurrent.ScheduledThreadPoolExecutor$DelayedWorkQueue.take(ScheduledThreadPoolExecutor.java:1090)
	at java.util.concurrent.ScheduledThreadPoolExecutor$DelayedWorkQueue.take(ScheduledThreadPoolExecutor.java:807)
	at java.util.concurrent.ThreadPoolExecutor.getTask(ThreadPoolExecutor.java:1068)
	at java.util.concurrent.ThreadPoolExecutor.runWorker(ThreadPoolExecutor.java:1130)
	at java.util.concurrent.ThreadPoolExecutor$Worker.run(ThreadPoolExecutor.java:615)
	at java.lang.Thread.run(Thread.java:745)


"jenkins.util.Timer [#4]" Id=415 Group=main WAITING on java.util.concurrent.locks.AbstractQueuedSynchronizer$ConditionObject@1880c23a
	at sun.misc.Unsafe.park(Native Method)
	-  waiting on java.util.concurrent.locks.AbstractQueuedSynchronizer$ConditionObject@1880c23a
	at java.util.concurrent.locks.LockSupport.park(LockSupport.java:186)
	at java.util.concurrent.locks.AbstractQueuedSynchronizer$ConditionObject.await(AbstractQueuedSynchronizer.java:2043)
	at java.util.concurrent.ScheduledThreadPoolExecutor$DelayedWorkQueue.take(ScheduledThreadPoolExecutor.java:1085)
	at java.util.concurrent.ScheduledThreadPoolExecutor$DelayedWorkQueue.take(ScheduledThreadPoolExecutor.java:807)
	at java.util.concurrent.ThreadPoolExecutor.getTask(ThreadPoolExecutor.java:1068)
	at java.util.concurrent.ThreadPoolExecutor.runWorker(ThreadPoolExecutor.java:1130)
	at java.util.concurrent.ThreadPoolExecutor$Worker.run(ThreadPoolExecutor.java:615)
	at java.lang.Thread.run(Thread.java:745)


"jenkins.util.Timer [#5]" Id=416 Group=main WAITING on java.util.concurrent.locks.AbstractQueuedSynchronizer$ConditionObject@1880c23a
	at sun.misc.Unsafe.park(Native Method)
	-  waiting on java.util.concurrent.locks.AbstractQueuedSynchronizer$ConditionObject@1880c23a
	at java.util.concurrent.locks.LockSupport.park(LockSupport.java:186)
	at java.util.concurrent.locks.AbstractQueuedSynchronizer$ConditionObject.await(AbstractQueuedSynchronizer.java:2043)
	at java.util.concurrent.ScheduledThreadPoolExecutor$DelayedWorkQueue.take(ScheduledThreadPoolExecutor.java:1085)
	at java.util.concurrent.ScheduledThreadPoolExecutor$DelayedWorkQueue.take(ScheduledThreadPoolExecutor.java:807)
	at java.util.concurrent.ThreadPoolExecutor.getTask(ThreadPoolExecutor.java:1068)
	at java.util.concurrent.ThreadPoolExecutor.runWorker(ThreadPoolExecutor.java:1130)
	at java.util.concurrent.ThreadPoolExecutor$Worker.run(ThreadPoolExecutor.java:615)
	at java.lang.Thread.run(Thread.java:745)


"jenkins.util.Timer [#6]" Id=417 Group=main WAITING on java.util.concurrent.locks.AbstractQueuedSynchronizer$ConditionObject@1880c23a
	at sun.misc.Unsafe.park(Native Method)
	-  waiting on java.util.concurrent.locks.AbstractQueuedSynchronizer$ConditionObject@1880c23a
	at java.util.concurrent.locks.LockSupport.park(LockSupport.java:186)
	at java.util.concurrent.locks.AbstractQueuedSynchronizer$ConditionObject.await(AbstractQueuedSynchronizer.java:2043)
	at java.util.concurrent.ScheduledThreadPoolExecutor$DelayedWorkQueue.take(ScheduledThreadPoolExecutor.java:1085)
	at java.util.concurrent.ScheduledThreadPoolExecutor$DelayedWorkQueue.take(ScheduledThreadPoolExecutor.java:807)
	at java.util.concurrent.ThreadPoolExecutor.getTask(ThreadPoolExecutor.java:1068)
	at java.util.concurrent.ThreadPoolExecutor.runWorker(ThreadPoolExecutor.java:1130)
	at java.util.concurrent.ThreadPoolExecutor$Worker.run(ThreadPoolExecutor.java:615)
	at java.lang.Thread.run(Thread.java:745)


"jenkins.util.Timer [#7]" Id=418 Group=main WAITING on java.util.concurrent.locks.AbstractQueuedSynchronizer$ConditionObject@1880c23a
	at sun.misc.Unsafe.park(Native Method)
	-  waiting on java.util.concurrent.locks.AbstractQueuedSynchronizer$ConditionObject@1880c23a
	at java.util.concurrent.locks.LockSupport.park(LockSupport.java:186)
	at java.util.concurrent.locks.AbstractQueuedSynchronizer$ConditionObject.await(AbstractQueuedSynchronizer.java:2043)
	at java.util.concurrent.ScheduledThreadPoolExecutor$DelayedWorkQueue.take(ScheduledThreadPoolExecutor.java:1085)
	at java.util.concurrent.ScheduledThreadPoolExecutor$DelayedWorkQueue.take(ScheduledThreadPoolExecutor.java:807)
	at java.util.concurrent.ThreadPoolExecutor.getTask(ThreadPoolExecutor.java:1068)
	at java.util.concurrent.ThreadPoolExecutor.runWorker(ThreadPoolExecutor.java:1130)
	at java.util.concurrent.ThreadPoolExecutor$Worker.run(ThreadPoolExecutor.java:615)
	at java.lang.Thread.run(Thread.java:745)


"jenkins.util.Timer [#8]" Id=419 Group=main WAITING on java.util.concurrent.locks.AbstractQueuedSynchronizer$ConditionObject@1880c23a
	at sun.misc.Unsafe.park(Native Method)
	-  waiting on java.util.concurrent.locks.AbstractQueuedSynchronizer$ConditionObject@1880c23a
	at java.util.concurrent.locks.LockSupport.park(LockSupport.java:186)
	at java.util.concurrent.locks.AbstractQueuedSynchronizer$ConditionObject.await(AbstractQueuedSynchronizer.java:2043)
	at java.util.concurrent.ScheduledThreadPoolExecutor$DelayedWorkQueue.take(ScheduledThreadPoolExecutor.java:1085)
	at java.util.concurrent.ScheduledThreadPoolExecutor$DelayedWorkQueue.take(ScheduledThreadPoolExecutor.java:807)
	at java.util.concurrent.ThreadPoolExecutor.getTask(ThreadPoolExecutor.java:1068)
	at java.util.concurrent.ThreadPoolExecutor.runWorker(ThreadPoolExecutor.java:1130)
	at java.util.concurrent.ThreadPoolExecutor$Worker.run(ThreadPoolExecutor.java:615)
	at java.lang.Thread.run(Thread.java:745)


"jenkins.util.Timer [#9]" Id=420 Group=main WAITING on java.util.concurrent.locks.AbstractQueuedSynchronizer$ConditionObject@1880c23a
	at sun.misc.Unsafe.park(Native Method)
	-  waiting on java.util.concurrent.locks.AbstractQueuedSynchronizer$ConditionObject@1880c23a
	at java.util.concurrent.locks.LockSupport.park(LockSupport.java:186)
	at java.util.concurrent.locks.AbstractQueuedSynchronizer$ConditionObject.await(AbstractQueuedSynchronizer.java:2043)
	at java.util.concurrent.ScheduledThreadPoolExecutor$DelayedWorkQueue.take(ScheduledThreadPoolExecutor.java:1085)
	at java.util.concurrent.ScheduledThreadPoolExecutor$DelayedWorkQueue.take(ScheduledThreadPoolExecutor.java:807)
	at java.util.concurrent.ThreadPoolExecutor.getTask(ThreadPoolExecutor.java:1068)
	at java.util.concurrent.ThreadPoolExecutor.runWorker(ThreadPoolExecutor.java:1130)
	at java.util.concurrent.ThreadPoolExecutor$Worker.run(ThreadPoolExecutor.java:615)
	at java.lang.Thread.run(Thread.java:745)


"Jetty Thread Pool" Id=428 Group=main RUNNABLE (in native)
	at java.net.SocketInputStream.socketRead0(Native Method)
	at java.net.SocketInputStream.read(SocketInputStream.java:152)
	at java.net.SocketInputStream.read(SocketInputStream.java:122)
	at org.mortbay.io.ByteArrayBuffer.readFrom(ByteArrayBuffer.java:382)
	at org.mortbay.io.bio.StreamEndPoint.fill(StreamEndPoint.java:114)
	at org.mortbay.jetty.bio.SocketConnector$Connection.fill(SocketConnector.java:198)
	at org.mortbay.jetty.HttpParser.parseNext(HttpParser.java:290)
	at org.mortbay.jetty.HttpParser.parseAvailable(HttpParser.java:212)
	at org.mortbay.jetty.HttpConnection.handle(HttpConnection.java:404)
	at org.mortbay.jetty.bio.SocketConnector$Connection.run(SocketConnector.java:228)
	at java.util.concurrent.Executors$RunnableAdapter.call(Executors.java:471)
	at java.util.concurrent.FutureTask.run(FutureTask.java:262)
	at java.util.concurrent.ThreadPoolExecutor.runWorker(ThreadPoolExecutor.java:1145)
	at java.util.concurrent.ThreadPoolExecutor$Worker.run(ThreadPoolExecutor.java:615)
	at java.lang.Thread.run(Thread.java:745)

	Number of locked synchronizers = 1
	- java.util.concurrent.ThreadPoolExecutor$Worker@1881c342


"Jetty Thread Pool - Acceptor0 SocketConnector@0.0.0.0:43204" Id=394 Group=main RUNNABLE (in native)
	at java.net.PlainSocketImpl.socketAccept(Native Method)
	at java.net.AbstractPlainSocketImpl.accept(AbstractPlainSocketImpl.java:398)
	at java.net.ServerSocket.implAccept(ServerSocket.java:530)
	at java.net.ServerSocket.accept(ServerSocket.java:498)
	at org.mortbay.jetty.bio.SocketConnector.accept(SocketConnector.java:99)
	at org.mortbay.jetty.AbstractConnector$Acceptor.run(AbstractConnector.java:708)
	at java.util.concurrent.Executors$RunnableAdapter.call(Executors.java:471)
	at java.util.concurrent.FutureTask.run(FutureTask.java:262)
	at java.util.concurrent.ThreadPoolExecutor.runWorker(ThreadPoolExecutor.java:1145)
	at java.util.concurrent.ThreadPoolExecutor$Worker.run(ThreadPoolExecutor.java:615)
	at java.lang.Thread.run(Thread.java:745)

	Number of locked synchronizers = 1
	- java.util.concurrent.ThreadPoolExecutor$Worker@2fb83f27


"MultiThreadedHttpConnectionManager cleanup" Id=61 Group=main WAITING on java.lang.ref.ReferenceQueue$Lock@6d46238
	at java.lang.Object.wait(Native Method)
	-  waiting on java.lang.ref.ReferenceQueue$Lock@6d46238
	at java.lang.ref.ReferenceQueue.remove(ReferenceQueue.java:135)
	at java.lang.ref.ReferenceQueue.remove(ReferenceQueue.java:151)
	at org.apache.commons.httpclient.MultiThreadedHttpConnectionManager$ReferenceQueueThread.run(MultiThreadedHttpConnectionManager.java:1122)


"TCP slave agent listener port=0" Id=422 Group=main RUNNABLE (in native)
	at sun.nio.ch.ServerSocketChannelImpl.accept0(Native Method)
	at sun.nio.ch.ServerSocketChannelImpl.accept(ServerSocketChannelImpl.java:241)
	-  locked java.lang.Object@5b1a4080
	at hudson.TcpSlaveAgentListener.run(TcpSlaveAgentListener.java:95)


"Timer-1" Id=48 Group=main TIMED_WAITING on java.util.TaskQueue@27e72138
	at java.lang.Object.wait(Native Method)
	-  waiting on java.util.TaskQueue@27e72138
	at java.util.TimerThread.mainLoop(Timer.java:552)
	at java.util.TimerThread.run(Timer.java:505)


"Timer-17" Id=393 Group=main TIMED_WAITING on java.util.TaskQueue@3ced176e
	at java.lang.Object.wait(Native Method)
	-  waiting on java.util.TaskQueue@3ced176e
	at java.util.TimerThread.mainLoop(Timer.java:552)
	at java.util.TimerThread.run(Timer.java:505)


"Timer-18" Id=427 Group=main TIMED_WAITING on java.util.TaskQueue@76b63491
	at java.lang.Object.wait(Native Method)
	-  waiting on java.util.TaskQueue@76b63491
	at java.util.TimerThread.mainLoop(Timer.java:552)
	at java.util.TimerThread.run(Timer.java:505)


"Finalizer" Id=3 Group=system WAITING on java.lang.ref.ReferenceQueue$Lock@382ca2aa
	at java.lang.Object.wait(Native Method)
	-  waiting on java.lang.ref.ReferenceQueue$Lock@382ca2aa
	at java.lang.ref.ReferenceQueue.remove(ReferenceQueue.java:135)
	at java.lang.ref.ReferenceQueue.remove(ReferenceQueue.java:151)
	at java.lang.ref.Finalizer$FinalizerThread.run(Finalizer.java:209)


"Java2D Disposer" Id=261 Group=system WAITING on java.lang.ref.ReferenceQueue$Lock@346e043f
	at java.lang.Object.wait(Native Method)
	-  waiting on java.lang.ref.ReferenceQueue$Lock@346e043f
	at java.lang.ref.ReferenceQueue.remove(ReferenceQueue.java:135)
	at java.lang.ref.ReferenceQueue.remove(ReferenceQueue.java:151)
	at sun.java2d.Disposer.run(Disposer.java:145)
	at java.lang.Thread.run(Thread.java:745)


"process reaper" Id=51 Group=system TIMED_WAITING on java.util.concurrent.SynchronousQueue$TransferStack@617c4e08
	at sun.misc.Unsafe.park(Native Method)
	-  waiting on java.util.concurrent.SynchronousQueue$TransferStack@617c4e08
	at java.util.concurrent.locks.LockSupport.parkNanos(LockSupport.java:226)
	at java.util.concurrent.SynchronousQueue$TransferStack.awaitFulfill(SynchronousQueue.java:460)
	at java.util.concurrent.SynchronousQueue$TransferStack.transfer(SynchronousQueue.java:359)
	at java.util.concurrent.SynchronousQueue.poll(SynchronousQueue.java:942)
	at java.util.concurrent.ThreadPoolExecutor.getTask(ThreadPoolExecutor.java:1068)
	at java.util.concurrent.ThreadPoolExecutor.runWorker(ThreadPoolExecutor.java:1130)
	at java.util.concurrent.ThreadPoolExecutor$Worker.run(ThreadPoolExecutor.java:615)
	at java.lang.Thread.run(Thread.java:745)


"Reference Handler" Id=2 Group=system WAITING on java.lang.ref.Reference$Lock@7a6b63b5
	at java.lang.Object.wait(Native Method)
	-  waiting on java.lang.ref.Reference$Lock@7a6b63b5
	at java.lang.Object.wait(Object.java:503)
	at java.lang.ref.Reference$ReferenceHandler.run(Reference.java:133)


"Signal Dispatcher" Id=4 Group=system RUNNABLE


]]></system-err>
  </testcase>
  <testcase name="testBrokenResultFile" classname="hudson.tasks.junit.TestResultPublishingTest" time="0.514"/>
</testsuite>