<?xml version='1.0' encoding='UTF-8'?>
<result plugin="junit@1.10-SNAPSHOT">
  <suites>
    <suite>
      <file>/var/jenkins_home/jobs/groupByError/workspace/TEST-InjectedTest.xml</file>
      <name>InjectedTest</name>
      <duration>1.9059999</duration>
      <cases>
        <case>
          <duration>0.081</duration>
          <className>org.jvnet.hudson.test.JellyTestSuiteBuilder$JellyCheck</className>
          <testName>lib/hudson/test/aggregated-failed-tests.jelly</testName>
          <skipped>false</skipped>
          <failedSince>0</failedSince>
        </case>
        <case>
          <duration>0.003</duration>
          <className>org.jvnet.hudson.test.JellyTestSuiteBuilder$JellyCheck</className>
          <testName>lib/hudson/test/test-result.jelly</testName>
          <skipped>false</skipped>
          <failedSince>0</failedSince>
        </case>
        <case>
          <duration>0.014</duration>
          <className>org.jvnet.hudson.test.JellyTestSuiteBuilder$JellyCheck</className>
          <testName>lib/hudson/test/failed-tests-group.jelly</testName>
          <skipped>false</skipped>
          <failedSince>0</failedSince>
        </case>
        <case>
          <duration>0.013</duration>
          <className>org.jvnet.hudson.test.JellyTestSuiteBuilder$JellyCheck</className>
          <testName>lib/hudson/test/failed-test.jelly</testName>
          <skipped>false</skipped>
          <failedSince>0</failedSince>
        </case>
        <case>
          <duration>0.096</duration>
          <className>org.jvnet.hudson.test.JellyTestSuiteBuilder$JellyCheck</className>
          <testName>hudson/tasks/test/TestResult/index.jelly</testName>
          <skipped>false</skipped>
          <failedSince>0</failedSince>
        </case>
        <case>
          <duration>0.151</duration>
          <className>org.jvnet.hudson.test.JellyTestSuiteBuilder$JellyCheck</className>
          <testName>hudson/tasks/test/TestObject/sidepanel.jelly</testName>
          <skipped>false</skipped>
          <failedSince>0</failedSince>
        </case>
        <case>
          <duration>0.004</duration>
          <className>org.jvnet.hudson.test.JellyTestSuiteBuilder$JellyCheck</className>
          <testName>hudson/tasks/test/TestResultProjectAction/floatingBox.jelly</testName>
          <skipped>false</skipped>
          <failedSince>0</failedSince>
        </case>
        <case>
          <duration>0.02</duration>
          <className>org.jvnet.hudson.test.JellyTestSuiteBuilder$JellyCheck</className>
          <testName>hudson/tasks/test/TestResultProjectAction/jobMain.jelly</testName>
          <skipped>false</skipped>
          <failedSince>0</failedSince>
        </case>
        <case>
          <duration>0.034</duration>
          <className>org.jvnet.hudson.test.JellyTestSuiteBuilder$JellyCheck</className>
          <testName>hudson/tasks/test/TestResultProjectAction/index.jelly</testName>
          <skipped>false</skipped>
          <failedSince>0</failedSince>
        </case>
        <case>
          <duration>0.015</duration>
          <className>org.jvnet.hudson.test.JellyTestSuiteBuilder$JellyCheck</className>
          <testName>hudson/tasks/test/MetaTabulatedResult/body.jelly</testName>
          <skipped>false</skipped>
          <failedSince>0</failedSince>
        </case>
        <case>
          <duration>0.005</duration>
          <className>org.jvnet.hudson.test.JellyTestSuiteBuilder$JellyCheck</className>
          <testName>hudson/tasks/test/MetaTabulatedResult/list.jelly</testName>
          <skipped>false</skipped>
          <failedSince>0</failedSince>
        </case>
        <case>
          <duration>0.052</duration>
          <className>org.jvnet.hudson.test.JellyTestSuiteBuilder$JellyCheck</className>
          <testName>hudson/tasks/test/AggregatedTestResultPublisher/TestResultAction/index.jelly</testName>
          <skipped>false</skipped>
          <failedSince>0</failedSince>
        </case>
        <case>
          <duration>0.094</duration>
          <className>org.jvnet.hudson.test.JellyTestSuiteBuilder$JellyCheck</className>
          <testName>hudson/tasks/test/AggregatedTestResultPublisher/config.jelly</testName>
          <skipped>false</skipped>
          <failedSince>0</failedSince>
        </case>
        <case>
          <duration>0.024</duration>
          <className>org.jvnet.hudson.test.JellyTestSuiteBuilder$JellyCheck</className>
          <testName>hudson/tasks/test/AggregatedTestResultPublisher/TestResultProjectAction/jobMain.jelly</testName>
          <skipped>false</skipped>
          <failedSince>0</failedSince>
        </case>
        <case>
          <duration>0.023</duration>
          <className>org.jvnet.hudson.test.JellyTestSuiteBuilder$JellyCheck</className>
          <testName>hudson/tasks/test/AbstractTestResultAction/summary.jelly</testName>
          <skipped>false</skipped>
          <failedSince>0</failedSince>
        </case>
        <case>
          <duration>0.045</duration>
          <className>org.jvnet.hudson.test.JellyTestSuiteBuilder$JellyCheck</className>
          <testName>hudson/tasks/junit/GroupByError/index.jelly</testName>
          <skipped>false</skipped>
          <failedSince>0</failedSince>
        </case>
        <case>
          <duration>0.004</duration>
          <className>org.jvnet.hudson.test.JellyTestSuiteBuilder$JellyCheck</className>
          <testName>hudson/tasks/junit/ClassResult/body.jelly</testName>
          <skipped>false</skipped>
          <failedSince>0</failedSince>
        </case>
        <case>
          <duration>0.004</duration>
          <className>org.jvnet.hudson.test.JellyTestSuiteBuilder$JellyCheck</className>
          <testName>hudson/tasks/junit/ClassResult/list.jelly</testName>
          <skipped>false</skipped>
          <failedSince>0</failedSince>
        </case>
        <case>
          <duration>0.01</duration>
          <className>org.jvnet.hudson.test.JellyTestSuiteBuilder$JellyCheck</className>
          <testName>hudson/tasks/junit/CaseResult/summary.jelly</testName>
          <skipped>false</skipped>
          <failedSince>0</failedSince>
        </case>
        <case>
          <duration>0.004</duration>
          <className>org.jvnet.hudson.test.JellyTestSuiteBuilder$JellyCheck</className>
          <testName>hudson/tasks/junit/CaseResult/list.jelly</testName>
          <skipped>false</skipped>
          <failedSince>0</failedSince>
        </case>
        <case>
          <duration>0.038</duration>
          <className>org.jvnet.hudson.test.JellyTestSuiteBuilder$JellyCheck</className>
          <testName>hudson/tasks/junit/CaseResult/index.jelly</testName>
          <skipped>false</skipped>
          <failedSince>0</failedSince>
        </case>
        <case>
          <duration>0.053</duration>
          <className>org.jvnet.hudson.test.JellyTestSuiteBuilder$JellyCheck</className>
          <testName>hudson/tasks/junit/JUnitResultArchiver/config.jelly</testName>
          <skipped>false</skipped>
          <failedSince>0</failedSince>
        </case>
        <case>
          <duration>0.029</duration>
          <className>org.jvnet.hudson.test.JellyTestSuiteBuilder$JellyCheck</className>
          <testName>hudson/tasks/junit/History/index.jelly</testName>
          <skipped>false</skipped>
          <failedSince>0</failedSince>
        </case>
        <case>
          <duration>0.001</duration>
          <className>org.jvnet.hudson.test.JellyTestSuiteBuilder$JellyCheck</className>
          <testName>index.jelly</testName>
          <skipped>false</skipped>
          <failedSince>0</failedSince>
        </case>
        <case>
          <duration>0.0</duration>
          <className>org.jvnet.hudson.test.junit.FailedTest</className>
          <testName>org.jvnet.hudson.test.JellyTestSuiteBuilder$JellyTestSuite</testName>
          <skipped>false</skipped>
          <failedSince>0</failedSince>
        </case>
        <case>
          <duration>1.089</duration>
          <className>org.jvnet.hudson.test.PluginAutomaticTestBuilder$CliSanityTest</className>
          <testName>testCliSanity</testName>
          <skipped>false</skipped>
          <failedSince>0</failedSince>
        </case>
      </cases>
    </suite>
    <suite>
      <file>/var/jenkins_home/jobs/groupByError/workspace/TEST-hudson.tasks.junit.CaseResultTest.xml</file>
      <name>hudson.tasks.junit.CaseResultTest</name>
      <duration>5.967</duration>
      <cases>
        <case>
          <duration>0.954</duration>
          <className>hudson.tasks.junit.CaseResultTest</className>
          <testName>testRemoteApiNameOnly</testName>
          <skipped>false</skipped>
          <errorStackTrace>com.gargoylesoftware.htmlunit.FailingHttpStatusCodeException: 404 Not Found for http://localhost:38580/job/test-remoteapi/1/testReport/org.twia.vendor/VendorManagerTest/testCreateAdjustingFirm/api/xml?depth=-10
	at com.gargoylesoftware.htmlunit.WebClient.throwFailingHttpStatusCodeExceptionIfNecessary(WebClient.java:549)
	at com.gargoylesoftware.htmlunit.WebClient.getPage(WebClient.java:333)
	at com.gargoylesoftware.htmlunit.WebClient.getPage(WebClient.java:389)
	at com.gargoylesoftware.htmlunit.WebClient.getPage(WebClient.java:374)
	at org.jvnet.hudson.test.HudsonTestCase$WebClient.goTo(HudsonTestCase.java:1821)
	at hudson.tasks.junit.CaseResultTest.testRemoteApiNameOnly(CaseResultTest.java:170)
</errorStackTrace>
          <errorDetails>404 Not Found for http://localhost:38580/job/test-remoteapi/1/testReport/org.twia.vendor/VendorManagerTest/testCreateAdjustingFirm/api/xml?depth=-10</errorDetails>
          <stdout>=== Starting CaseResultTest.testRemoteApiNameOnly
</stdout>
          <stderr>Dec 08, 2015 4:35:21 PM jenkins.InitReactorRunner$1 onAttained
INFO: Started initialization
Dec 08, 2015 4:35:21 PM jenkins.InitReactorRunner$1 onAttained
INFO: Listed all plugins
Dec 08, 2015 4:35:21 PM jenkins.InitReactorRunner$1 onAttained
INFO: Prepared all plugins
Dec 08, 2015 4:35:21 PM jenkins.InitReactorRunner$1 onAttained
INFO: Started all plugins
Dec 08, 2015 4:35:21 PM jenkins.InitReactorRunner$1 onAttained
INFO: Augmented all extensions
Dec 08, 2015 4:35:21 PM jenkins.InitReactorRunner$1 onAttained
INFO: Loaded all jobs
Dec 08, 2015 4:35:22 PM jenkins.InitReactorRunner$1 onAttained
INFO: Completed initialization
Dec 08, 2015 4:35:22 PM hudson.model.Run execute
INFO: test-remoteapi #1 main build action completed: SUCCESS
Dec 08, 2015 4:35:22 PM com.gargoylesoftware.htmlunit.WebClient printContentIfNecessary
INFO: statusCode=[404] contentType=[text/html]
Dec 08, 2015 4:35:22 PM com.gargoylesoftware.htmlunit.WebClient printContentIfNecessary
INFO: &lt;html&gt;&lt;body&gt;
&lt;h1&gt;404 Not Found&lt;/h1&gt;
&lt;p&gt;Stapler processed this HTTP request as follows, but couldn&apos;t find the resource to consume the request
&lt;pre&gt;
-&gt; evaluate(&amp;lt;hudson.model.Hudson@17644aea&gt; :hudson.model.Hudson,&quot;/job/test-remoteapi/1/testReport/org.twia.vendor/VendorManagerTest/testCreateAdjustingFirm/api/xml&quot;)
-&gt; evaluate(((StaplerProxy)&amp;lt;hudson.model.Hudson@17644aea&gt;).getTarget(),&quot;/job/test-remoteapi/1/testReport/org.twia.vendor/VendorManagerTest/testCreateAdjustingFirm/api/xml&quot;)
-&gt; evaluate(&amp;lt;hudson.model.Hudson@17644aea&gt;.getJob(&quot;test-remoteapi&quot;),&quot;/1/testReport/org.twia.vendor/VendorManagerTest/testCreateAdjustingFirm/api/xml&quot;)
-&gt; evaluate(&amp;lt;hudson.model.FreeStyleProject@588bfc3d[test-remoteapi]&gt; :hudson.model.FreeStyleProject,&quot;/1/testReport/org.twia.vendor/VendorManagerTest/testCreateAdjustingFirm/api/xml&quot;)
-&gt; evaluate(&amp;lt;hudson.model.FreeStyleProject@588bfc3d[test-remoteapi]&gt;.getDynamic(&quot;1&quot;,...),&quot;/testReport/org.twia.vendor/VendorManagerTest/testCreateAdjustingFirm/api/xml&quot;)
-&gt; evaluate(&amp;lt;test-remoteapi #1&gt; :hudson.model.FreeStyleBuild,&quot;/testReport/org.twia.vendor/VendorManagerTest/testCreateAdjustingFirm/api/xml&quot;)
-&gt; evaluate(&amp;lt;test-remoteapi #1&gt;.getDynamic(&quot;testReport&quot;,...),&quot;/org.twia.vendor/VendorManagerTest/testCreateAdjustingFirm/api/xml&quot;)
-&gt; evaluate(&amp;lt;hudson.tasks.junit.TestResultAction@123b5cd6&gt; :hudson.tasks.junit.TestResultAction,&quot;/org.twia.vendor/VendorManagerTest/testCreateAdjustingFirm/api/xml&quot;)
-&gt; evaluate(((StaplerProxy)&amp;lt;hudson.tasks.junit.TestResultAction@123b5cd6&gt;).getTarget(),&quot;/org.twia.vendor/VendorManagerTest/testCreateAdjustingFirm/api/xml&quot;)
-&gt; evaluate(&amp;lt;hudson.tasks.junit.TestResult@3e444a80&gt; :hudson.tasks.junit.TestResult,&quot;/org.twia.vendor/VendorManagerTest/testCreateAdjustingFirm/api/xml&quot;)
-&gt; evaluate(&amp;lt;hudson.tasks.junit.TestResult@3e444a80&gt;.getDynamic(&quot;org.twia.vendor&quot;,...),&quot;/VendorManagerTest/testCreateAdjustingFirm/api/xml&quot;)
-&gt; evaluate(&amp;lt;hudson.tasks.junit.PackageResult@7cb47aee&gt; :hudson.tasks.junit.PackageResult,&quot;/VendorManagerTest/testCreateAdjustingFirm/api/xml&quot;)
-&gt; evaluate(&amp;lt;hudson.tasks.junit.PackageResult@7cb47aee&gt;.getDynamic(&quot;VendorManagerTest&quot;,...),&quot;/testCreateAdjustingFirm/api/xml&quot;)
            hudson.tasks.junit.PackageResult@7cb47aee.getDynamic(&quot;VendorManagerTest&quot;,...)==null. Back tracking.
&lt;font color=red&gt;-&amp;gt; No matching rule was found on &amp;lt;hudson.tasks.junit.PackageResult@7cb47aee&amp;gt; for &quot;/VendorManagerTest/testCreateAdjustingFirm/api/xml&quot;&lt;/font&gt;
&lt;/pre&gt;
&lt;p&gt;&amp;lt;hudson.tasks.junit.PackageResult@7cb47aee&amp;gt; has the following URL mappings, in the order of preference:&lt;ol&gt;
&lt;li&gt;
hudson.tasks.test.TestObject.doSubmitDescription(...) for url=/submitDescription/...
&lt;li&gt;
TOKEN.groovy for url=/TOKEN
&lt;li&gt;
VIEW.jelly for url=/VIEW
&lt;li&gt;
hudson.tasks.junit.PackageResult.getFailedTestsSortedByAge() for url=/failedTestsSortedByAge/...
&lt;li&gt;
hudson.tasks.junit.PackageResult.getSafeName() for url=/safeName/...
&lt;li&gt;
hudson.tasks.junit.PackageResult.getPassedTests() for url=/passedTests/...
&lt;li&gt;
hudson.tasks.junit.PackageResult.getSkippedTests() for url=/skippedTests/...
&lt;li&gt;
hudson.tasks.junit.PackageResult.getPassCount() for url=/passCount/...
&lt;li&gt;
hudson.tasks.junit.PackageResult.getTitle() for url=/title/...
&lt;li&gt;
hudson.tasks.junit.PackageResult.getChildTitle() for url=/childTitle/...
&lt;li&gt;
hudson.tasks.junit.PackageResult.getRun() for url=/run/...
&lt;li&gt;
hudson.tasks.junit.PackageResult.getName() for url=/name/...
&lt;li&gt;
hudson.tasks.junit.PackageResult.getParent() for url=/parent/...
&lt;li&gt;
hudson.tasks.junit.PackageResult.getParent() for url=/parent/...
&lt;li&gt;
hudson.tasks.junit.PackageResult.getParent() for url=/parent/...
&lt;li&gt;
hudson.tasks.junit.PackageResult.getDisplayName() for url=/displayName/...
&lt;li&gt;
hudson.tasks.junit.PackageResult.getChildren() for url=/children/...
&lt;li&gt;
hudson.tasks.junit.PackageResult.getDuration() for url=/duration/...
&lt;li&gt;
hudson.tasks.junit.PackageResult.getFailedTests() for url=/failedTests/...
&lt;li&gt;
hudson.tasks.junit.PackageResult.getFailedTests() for url=/failedTests/...
&lt;li&gt;
hudson.tasks.junit.PackageResult.getFailCount() for url=/failCount/...
&lt;li&gt;
hudson.tasks.junit.PackageResult.getSkipCount() for url=/skipCount/...
&lt;li&gt;
hudson.tasks.test.TestResult.getParentAction() for url=/parentAction/...
&lt;li&gt;
hudson.tasks.test.TestResult.getBuildResult() for url=/buildResult/...
&lt;li&gt;
hudson.tasks.test.TestResult.getFailedSince() for url=/failedSince/...
&lt;li&gt;
hudson.tasks.test.TestResult.getFailedSinceRun() for url=/failedSinceRun/...
&lt;li&gt;
hudson.tasks.test.TestResult.getErrorStackTrace() for url=/errorStackTrace/...
&lt;li&gt;
hudson.tasks.test.TestResult.getErrorDetails() for url=/errorDetails/...
&lt;li&gt;
hudson.tasks.test.TestResult.getStdout() for url=/stdout/...
&lt;li&gt;
hudson.tasks.test.TestResult.getStderr() for url=/stderr/...
&lt;li&gt;
hudson.tasks.test.TestResult.getPreviousResult() for url=/previousResult/...
&lt;li&gt;
hudson.tasks.test.TestResult.getPreviousResult() for url=/previousResult/...
&lt;li&gt;
hudson.tasks.test.TestObject.getTopLevelTestResult() for url=/topLevelTestResult/...
&lt;li&gt;
hudson.tasks.test.TestObject.getTestActions() for url=/testActions/...
&lt;li&gt;
hudson.tasks.test.TestObject.getTestResult() for url=/testResult/...
&lt;li&gt;
hudson.tasks.test.TestObject.getGroupByError() for url=/groupByError/...
&lt;li&gt;
hudson.tasks.test.TestObject.getId() for url=/id/...
&lt;li&gt;
hudson.tasks.test.TestObject.getDescription() for url=/description/...
&lt;li&gt;
hudson.tasks.test.TestObject.getApi() for url=/api/...
&lt;li&gt;
hudson.tasks.test.TestObject.getFullName() for url=/fullName/...
&lt;li&gt;
hudson.tasks.test.TestObject.getFullDisplayName() for url=/fullDisplayName/...
&lt;li&gt;
hudson.tasks.test.TestObject.getSearchUrl() for url=/searchUrl/...
&lt;li&gt;
hudson.tasks.test.TestObject.getUrl() for url=/url/...
&lt;li&gt;
hudson.tasks.test.TestObject.getDurationString() for url=/durationString/...
&lt;li&gt;
hudson.tasks.test.TestObject.getTestResultAction() for url=/testResultAction/...
&lt;li&gt;
hudson.tasks.test.TestObject.getHistory() for url=/history/...
&lt;li&gt;
hudson.tasks.test.TestObject.getTotalCount() for url=/totalCount/...
&lt;li&gt;
hudson.tasks.junit.TestObject.getOwner() for url=/owner/...
&lt;li&gt;
hudson.model.AbstractModelObject.getSearchIndex() for url=/searchIndex/...
&lt;li&gt;
hudson.model.AbstractModelObject.getSearch() for url=/search/...
&lt;li&gt;
hudson.model.AbstractModelObject.getSearchName() for url=/searchName/...
&lt;li&gt;
java.lang.Object.getClass() for url=/class/...
&lt;li&gt;
hudson.tasks.junit.PackageResult.getClassResult(String) for url=/classResult/TOKEN/...
&lt;li&gt;
hudson.tasks.junit.PackageResult.getDynamic(String,StaplerRequest,StaplerResponse) for url=/TOKEN/...
&lt;/ol&gt;
&lt;/body&gt;&lt;/html&gt;

&quot;1471934777@qtp-2066775786-0&quot; Id=46 Group=main TIMED_WAITING on org.mortbay.thread.QueuedThreadPool$PoolThread@57bbf139
	at java.lang.Object.wait(Native Method)
	-  waiting on org.mortbay.thread.QueuedThreadPool$PoolThread@57bbf139
	at org.mortbay.thread.QueuedThreadPool$PoolThread.run(QueuedThreadPool.java:626)


&quot;1841649005@qtp-2066775786-1 - Acceptor0 SocketConnector@0.0.0.0:45441&quot; Id=47 Group=main RUNNABLE (in native)
	at java.net.PlainSocketImpl.socketAccept(Native Method)
	at java.net.AbstractPlainSocketImpl.accept(AbstractPlainSocketImpl.java:398)
	at java.net.ServerSocket.implAccept(ServerSocket.java:530)
	at java.net.ServerSocket.accept(ServerSocket.java:498)
	at org.mortbay.jetty.bio.SocketConnector.accept(SocketConnector.java:99)
	at org.mortbay.jetty.AbstractConnector$Acceptor.run(AbstractConnector.java:708)
	at org.mortbay.thread.QueuedThreadPool$PoolThread.run(QueuedThreadPool.java:582)


&quot;Computer.threadPoolForRemoting [#1]&quot; Id=45 Group=main TIMED_WAITING on java.util.concurrent.SynchronousQueue$TransferStack@74c4058b
	at sun.misc.Unsafe.park(Native Method)
	-  waiting on java.util.concurrent.SynchronousQueue$TransferStack@74c4058b
	at java.util.concurrent.locks.LockSupport.parkNanos(LockSupport.java:226)
	at java.util.concurrent.SynchronousQueue$TransferStack.awaitFulfill(SynchronousQueue.java:460)
	at java.util.concurrent.SynchronousQueue$TransferStack.transfer(SynchronousQueue.java:359)
	at java.util.concurrent.SynchronousQueue.poll(SynchronousQueue.java:942)
	at java.util.concurrent.ThreadPoolExecutor.getTask(ThreadPoolExecutor.java:1068)
	at java.util.concurrent.ThreadPoolExecutor.runWorker(ThreadPoolExecutor.java:1130)
	at java.util.concurrent.ThreadPoolExecutor$Worker.run(ThreadPoolExecutor.java:615)
	at java.lang.Thread.run(Thread.java:745)


&quot;Executing testRemoteApiNameOnly&quot; Id=1 Group=main RUNNABLE
	at sun.management.ThreadImpl.dumpThreads0(Native Method)
	at sun.management.ThreadImpl.dumpAllThreads(ThreadImpl.java:446)
	at hudson.Functions.getThreadInfos(Functions.java:1155)
	at org.jvnet.hudson.test.HudsonTestCase.runTest(HudsonTestCase.java:442)
	at junit.framework.TestCase.runBare(TestCase.java:141)
	at org.jvnet.hudson.test.HudsonTestCase.runBare(HudsonTestCase.java:293)
	at junit.framework.TestResult$1.protect(TestResult.java:122)
	at junit.framework.TestResult.runProtected(TestResult.java:142)
	at junit.framework.TestResult.run(TestResult.java:125)
	at junit.framework.TestCase.run(TestCase.java:129)
	at junit.framework.TestSuite.runTest(TestSuite.java:255)
	at junit.framework.TestSuite.run(TestSuite.java:250)
	at org.junit.internal.runners.JUnit38ClassRunner.run(JUnit38ClassRunner.java:84)
	at org.apache.maven.surefire.junit4.JUnit4Provider.execute(JUnit4Provider.java:264)
	at org.apache.maven.surefire.junit4.JUnit4Provider.executeTestSet(JUnit4Provider.java:153)
	at org.apache.maven.surefire.junit4.JUnit4Provider.invoke(JUnit4Provider.java:124)
	at org.apache.maven.surefire.booter.ForkedBooter.invokeProviderInSameClassLoader(ForkedBooter.java:200)
	at org.apache.maven.surefire.booter.ForkedBooter.runSuitesInProcess(ForkedBooter.java:153)
	at org.apache.maven.surefire.booter.ForkedBooter.main(ForkedBooter.java:103)


&quot;FilePath.localPool [#1]&quot; Id=138 Group=main TIMED_WAITING on java.util.concurrent.SynchronousQueue$TransferStack@1bd471e7
	at sun.misc.Unsafe.park(Native Method)
	-  waiting on java.util.concurrent.SynchronousQueue$TransferStack@1bd471e7
	at java.util.concurrent.locks.LockSupport.parkNanos(LockSupport.java:226)
	at java.util.concurrent.SynchronousQueue$TransferStack.awaitFulfill(SynchronousQueue.java:460)
	at java.util.concurrent.SynchronousQueue$TransferStack.transfer(SynchronousQueue.java:359)
	at java.util.concurrent.SynchronousQueue.poll(SynchronousQueue.java:942)
	at java.util.concurrent.ThreadPoolExecutor.getTask(ThreadPoolExecutor.java:1068)
	at java.util.concurrent.ThreadPoolExecutor.runWorker(ThreadPoolExecutor.java:1130)
	at java.util.concurrent.ThreadPoolExecutor$Worker.run(ThreadPoolExecutor.java:615)
	at java.lang.Thread.run(Thread.java:745)


&quot;FilePath.localPool [#2]&quot; Id=137 Group=main TIMED_WAITING on java.util.concurrent.SynchronousQueue$TransferStack@1bd471e7
	at sun.misc.Unsafe.park(Native Method)
	-  waiting on java.util.concurrent.SynchronousQueue$TransferStack@1bd471e7
	at java.util.concurrent.locks.LockSupport.parkNanos(LockSupport.java:226)
	at java.util.concurrent.SynchronousQueue$TransferStack.awaitFulfill(SynchronousQueue.java:460)
	at java.util.concurrent.SynchronousQueue$TransferStack.transfer(SynchronousQueue.java:359)
	at java.util.concurrent.SynchronousQueue.poll(SynchronousQueue.java:942)
	at java.util.concurrent.ThreadPoolExecutor.getTask(ThreadPoolExecutor.java:1068)
	at java.util.concurrent.ThreadPoolExecutor.runWorker(ThreadPoolExecutor.java:1130)
	at java.util.concurrent.ThreadPoolExecutor$Worker.run(ThreadPoolExecutor.java:615)
	at java.lang.Thread.run(Thread.java:745)


&quot;FilePath.localPool [#3]&quot; Id=139 Group=main TIMED_WAITING on java.util.concurrent.SynchronousQueue$TransferStack@1bd471e7
	at sun.misc.Unsafe.park(Native Method)
	-  waiting on java.util.concurrent.SynchronousQueue$TransferStack@1bd471e7
	at java.util.concurrent.locks.LockSupport.parkNanos(LockSupport.java:226)
	at java.util.concurrent.SynchronousQueue$TransferStack.awaitFulfill(SynchronousQueue.java:460)
	at java.util.concurrent.SynchronousQueue$TransferStack.transfer(SynchronousQueue.java:359)
	at java.util.concurrent.SynchronousQueue.poll(SynchronousQueue.java:942)
	at java.util.concurrent.ThreadPoolExecutor.getTask(ThreadPoolExecutor.java:1068)
	at java.util.concurrent.ThreadPoolExecutor.runWorker(ThreadPoolExecutor.java:1130)
	at java.util.concurrent.ThreadPoolExecutor$Worker.run(ThreadPoolExecutor.java:615)
	at java.lang.Thread.run(Thread.java:745)


&quot;FilePath.localPool [#4]&quot; Id=140 Group=main TIMED_WAITING on java.util.concurrent.SynchronousQueue$TransferStack@1bd471e7
	at sun.misc.Unsafe.park(Native Method)
	-  waiting on java.util.concurrent.SynchronousQueue$TransferStack@1bd471e7
	at java.util.concurrent.locks.LockSupport.parkNanos(LockSupport.java:226)
	at java.util.concurrent.SynchronousQueue$TransferStack.awaitFulfill(SynchronousQueue.java:460)
	at java.util.concurrent.SynchronousQueue$TransferStack.transfer(SynchronousQueue.java:359)
	at java.util.concurrent.SynchronousQueue.poll(SynchronousQueue.java:942)
	at java.util.concurrent.ThreadPoolExecutor.getTask(ThreadPoolExecutor.java:1068)
	at java.util.concurrent.ThreadPoolExecutor.runWorker(ThreadPoolExecutor.java:1130)
	at java.util.concurrent.ThreadPoolExecutor$Worker.run(ThreadPoolExecutor.java:615)
	at java.lang.Thread.run(Thread.java:745)


&quot;FilePath.localPool [#5]&quot; Id=141 Group=main TIMED_WAITING on java.util.concurrent.SynchronousQueue$TransferStack@1bd471e7
	at sun.misc.Unsafe.park(Native Method)
	-  waiting on java.util.concurrent.SynchronousQueue$TransferStack@1bd471e7
	at java.util.concurrent.locks.LockSupport.parkNanos(LockSupport.java:226)
	at java.util.concurrent.SynchronousQueue$TransferStack.awaitFulfill(SynchronousQueue.java:460)
	at java.util.concurrent.SynchronousQueue$TransferStack.transfer(SynchronousQueue.java:359)
	at java.util.concurrent.SynchronousQueue.poll(SynchronousQueue.java:942)
	at java.util.concurrent.ThreadPoolExecutor.getTask(ThreadPoolExecutor.java:1068)
	at java.util.concurrent.ThreadPoolExecutor.runWorker(ThreadPoolExecutor.java:1130)
	at java.util.concurrent.ThreadPoolExecutor$Worker.run(ThreadPoolExecutor.java:615)
	at java.lang.Thread.run(Thread.java:745)


&quot;Jenkins cron thread&quot; Id=410 Group=main WAITING on java.util.TaskQueue@1e705a84
	at java.lang.Object.wait(Native Method)
	-  waiting on java.util.TaskQueue@1e705a84
	at java.lang.Object.wait(Object.java:503)
	at java.util.TimerThread.mainLoop(Timer.java:526)
	at java.util.TimerThread.run(Timer.java:505)


&quot;Jenkins UDP 33849 monitoring thread&quot; Id=438 Group=main RUNNABLE (in native)
	at java.net.PlainDatagramSocketImpl.receive0(Native Method)
	-  locked java.net.PlainDatagramSocketImpl@5ccab207
	at java.net.AbstractPlainDatagramSocketImpl.receive(AbstractPlainDatagramSocketImpl.java:145)
	-  locked java.net.PlainDatagramSocketImpl@5ccab207
	at java.net.DatagramSocket.receive(DatagramSocket.java:786)
	-  locked java.net.DatagramPacket@1535d274
	-  locked java.net.MulticastSocket@8bc88d
	at hudson.UDPBroadcastThread.run(UDPBroadcastThread.java:82)


&quot;jenkins.util.Timer [#10]&quot; Id=436 Group=main WAITING on java.util.concurrent.locks.AbstractQueuedSynchronizer$ConditionObject@24f821c2
	at sun.misc.Unsafe.park(Native Method)
	-  waiting on java.util.concurrent.locks.AbstractQueuedSynchronizer$ConditionObject@24f821c2
	at java.util.concurrent.locks.LockSupport.park(LockSupport.java:186)
	at java.util.concurrent.locks.AbstractQueuedSynchronizer$ConditionObject.await(AbstractQueuedSynchronizer.java:2043)
	at java.util.concurrent.ScheduledThreadPoolExecutor$DelayedWorkQueue.take(ScheduledThreadPoolExecutor.java:1085)
	at java.util.concurrent.ScheduledThreadPoolExecutor$DelayedWorkQueue.take(ScheduledThreadPoolExecutor.java:807)
	at java.util.concurrent.ThreadPoolExecutor.getTask(ThreadPoolExecutor.java:1068)
	at java.util.concurrent.ThreadPoolExecutor.runWorker(ThreadPoolExecutor.java:1130)
	at java.util.concurrent.ThreadPoolExecutor$Worker.run(ThreadPoolExecutor.java:615)
	at java.lang.Thread.run(Thread.java:745)


&quot;jenkins.util.Timer [#1]&quot; Id=411 Group=main TIMED_WAITING on java.util.concurrent.locks.AbstractQueuedSynchronizer$ConditionObject@24f821c2
	at sun.misc.Unsafe.park(Native Method)
	-  waiting on java.util.concurrent.locks.AbstractQueuedSynchronizer$ConditionObject@24f821c2
	at java.util.concurrent.locks.LockSupport.parkNanos(LockSupport.java:226)
	at java.util.concurrent.locks.AbstractQueuedSynchronizer$ConditionObject.awaitNanos(AbstractQueuedSynchronizer.java:2082)
	at java.util.concurrent.ScheduledThreadPoolExecutor$DelayedWorkQueue.take(ScheduledThreadPoolExecutor.java:1090)
	at java.util.concurrent.ScheduledThreadPoolExecutor$DelayedWorkQueue.take(ScheduledThreadPoolExecutor.java:807)
	at java.util.concurrent.ThreadPoolExecutor.getTask(ThreadPoolExecutor.java:1068)
	at java.util.concurrent.ThreadPoolExecutor.runWorker(ThreadPoolExecutor.java:1130)
	at java.util.concurrent.ThreadPoolExecutor$Worker.run(ThreadPoolExecutor.java:615)
	at java.lang.Thread.run(Thread.java:745)


&quot;jenkins.util.Timer [#2]&quot; Id=428 Group=main WAITING on java.util.concurrent.locks.AbstractQueuedSynchronizer$ConditionObject@24f821c2
	at sun.misc.Unsafe.park(Native Method)
	-  waiting on java.util.concurrent.locks.AbstractQueuedSynchronizer$ConditionObject@24f821c2
	at java.util.concurrent.locks.LockSupport.park(LockSupport.java:186)
	at java.util.concurrent.locks.AbstractQueuedSynchronizer$ConditionObject.await(AbstractQueuedSynchronizer.java:2043)
	at java.util.concurrent.ScheduledThreadPoolExecutor$DelayedWorkQueue.take(ScheduledThreadPoolExecutor.java:1085)
	at java.util.concurrent.ScheduledThreadPoolExecutor$DelayedWorkQueue.take(ScheduledThreadPoolExecutor.java:807)
	at java.util.concurrent.ThreadPoolExecutor.getTask(ThreadPoolExecutor.java:1068)
	at java.util.concurrent.ThreadPoolExecutor.runWorker(ThreadPoolExecutor.java:1130)
	at java.util.concurrent.ThreadPoolExecutor$Worker.run(ThreadPoolExecutor.java:615)
	at java.lang.Thread.run(Thread.java:745)


&quot;jenkins.util.Timer [#3]&quot; Id=429 Group=main TIMED_WAITING on java.util.concurrent.locks.AbstractQueuedSynchronizer$ConditionObject@24f821c2
	at sun.misc.Unsafe.park(Native Method)
	-  waiting on java.util.concurrent.locks.AbstractQueuedSynchronizer$ConditionObject@24f821c2
	at java.util.concurrent.locks.LockSupport.parkNanos(LockSupport.java:226)
	at java.util.concurrent.locks.AbstractQueuedSynchronizer$ConditionObject.awaitNanos(AbstractQueuedSynchronizer.java:2082)
	at java.util.concurrent.ScheduledThreadPoolExecutor$DelayedWorkQueue.take(ScheduledThreadPoolExecutor.java:1090)
	at java.util.concurrent.ScheduledThreadPoolExecutor$DelayedWorkQueue.take(ScheduledThreadPoolExecutor.java:807)
	at java.util.concurrent.ThreadPoolExecutor.getTask(ThreadPoolExecutor.java:1068)
	at java.util.concurrent.ThreadPoolExecutor.runWorker(ThreadPoolExecutor.java:1130)
	at java.util.concurrent.ThreadPoolExecutor$Worker.run(ThreadPoolExecutor.java:615)
	at java.lang.Thread.run(Thread.java:745)


&quot;jenkins.util.Timer [#4]&quot; Id=430 Group=main WAITING on java.util.concurrent.locks.AbstractQueuedSynchronizer$ConditionObject@24f821c2
	at sun.misc.Unsafe.park(Native Method)
	-  waiting on java.util.concurrent.locks.AbstractQueuedSynchronizer$ConditionObject@24f821c2
	at java.util.concurrent.locks.LockSupport.park(LockSupport.java:186)
	at java.util.concurrent.locks.AbstractQueuedSynchronizer$ConditionObject.await(AbstractQueuedSynchronizer.java:2043)
	at java.util.concurrent.ScheduledThreadPoolExecutor$DelayedWorkQueue.take(ScheduledThreadPoolExecutor.java:1085)
	at java.util.concurrent.ScheduledThreadPoolExecutor$DelayedWorkQueue.take(ScheduledThreadPoolExecutor.java:807)
	at java.util.concurrent.ThreadPoolExecutor.getTask(ThreadPoolExecutor.java:1068)
	at java.util.concurrent.ThreadPoolExecutor.runWorker(ThreadPoolExecutor.java:1130)
	at java.util.concurrent.ThreadPoolExecutor$Worker.run(ThreadPoolExecutor.java:615)
	at java.lang.Thread.run(Thread.java:745)


&quot;jenkins.util.Timer [#5]&quot; Id=431 Group=main WAITING on java.util.concurrent.locks.AbstractQueuedSynchronizer$ConditionObject@24f821c2
	at sun.misc.Unsafe.park(Native Method)
	-  waiting on java.util.concurrent.locks.AbstractQueuedSynchronizer$ConditionObject@24f821c2
	at java.util.concurrent.locks.LockSupport.park(LockSupport.java:186)
	at java.util.concurrent.locks.AbstractQueuedSynchronizer$ConditionObject.await(AbstractQueuedSynchronizer.java:2043)
	at java.util.concurrent.ScheduledThreadPoolExecutor$DelayedWorkQueue.take(ScheduledThreadPoolExecutor.java:1085)
	at java.util.concurrent.ScheduledThreadPoolExecutor$DelayedWorkQueue.take(ScheduledThreadPoolExecutor.java:807)
	at java.util.concurrent.ThreadPoolExecutor.getTask(ThreadPoolExecutor.java:1068)
	at java.util.concurrent.ThreadPoolExecutor.runWorker(ThreadPoolExecutor.java:1130)
	at java.util.concurrent.ThreadPoolExecutor$Worker.run(ThreadPoolExecutor.java:615)
	at java.lang.Thread.run(Thread.java:745)


&quot;jenkins.util.Timer [#6]&quot; Id=432 Group=main WAITING on java.util.concurrent.locks.AbstractQueuedSynchronizer$ConditionObject@24f821c2
	at sun.misc.Unsafe.park(Native Method)
	-  waiting on java.util.concurrent.locks.AbstractQueuedSynchronizer$ConditionObject@24f821c2
	at java.util.concurrent.locks.LockSupport.park(LockSupport.java:186)
	at java.util.concurrent.locks.AbstractQueuedSynchronizer$ConditionObject.await(AbstractQueuedSynchronizer.java:2043)
	at java.util.concurrent.ScheduledThreadPoolExecutor$DelayedWorkQueue.take(ScheduledThreadPoolExecutor.java:1085)
	at java.util.concurrent.ScheduledThreadPoolExecutor$DelayedWorkQueue.take(ScheduledThreadPoolExecutor.java:807)
	at java.util.concurrent.ThreadPoolExecutor.getTask(ThreadPoolExecutor.java:1068)
	at java.util.concurrent.ThreadPoolExecutor.runWorker(ThreadPoolExecutor.java:1130)
	at java.util.concurrent.ThreadPoolExecutor$Worker.run(ThreadPoolExecutor.java:615)
	at java.lang.Thread.run(Thread.java:745)


&quot;jenkins.util.Timer [#7]&quot; Id=433 Group=main WAITING on java.util.concurrent.locks.AbstractQueuedSynchronizer$ConditionObject@24f821c2
	at sun.misc.Unsafe.park(Native Method)
	-  waiting on java.util.concurrent.locks.AbstractQueuedSynchronizer$ConditionObject@24f821c2
	at java.util.concurrent.locks.LockSupport.park(LockSupport.java:186)
	at java.util.concurrent.locks.AbstractQueuedSynchronizer$ConditionObject.await(AbstractQueuedSynchronizer.java:2043)
	at java.util.concurrent.ScheduledThreadPoolExecutor$DelayedWorkQueue.take(ScheduledThreadPoolExecutor.java:1085)
	at java.util.concurrent.ScheduledThreadPoolExecutor$DelayedWorkQueue.take(ScheduledThreadPoolExecutor.java:807)
	at java.util.concurrent.ThreadPoolExecutor.getTask(ThreadPoolExecutor.java:1068)
	at java.util.concurrent.ThreadPoolExecutor.runWorker(ThreadPoolExecutor.java:1130)
	at java.util.concurrent.ThreadPoolExecutor$Worker.run(ThreadPoolExecutor.java:615)
	at java.lang.Thread.run(Thread.java:745)


&quot;jenkins.util.Timer [#8]&quot; Id=434 Group=main WAITING on java.util.concurrent.locks.AbstractQueuedSynchronizer$ConditionObject@24f821c2
	at sun.misc.Unsafe.park(Native Method)
	-  waiting on java.util.concurrent.locks.AbstractQueuedSynchronizer$ConditionObject@24f821c2
	at java.util.concurrent.locks.LockSupport.park(LockSupport.java:186)
	at java.util.concurrent.locks.AbstractQueuedSynchronizer$ConditionObject.await(AbstractQueuedSynchronizer.java:2043)
	at java.util.concurrent.ScheduledThreadPoolExecutor$DelayedWorkQueue.take(ScheduledThreadPoolExecutor.java:1085)
	at java.util.concurrent.ScheduledThreadPoolExecutor$DelayedWorkQueue.take(ScheduledThreadPoolExecutor.java:807)
	at java.util.concurrent.ThreadPoolExecutor.getTask(ThreadPoolExecutor.java:1068)
	at java.util.concurrent.ThreadPoolExecutor.runWorker(ThreadPoolExecutor.java:1130)
	at java.util.concurrent.ThreadPoolExecutor$Worker.run(ThreadPoolExecutor.java:615)
	at java.lang.Thread.run(Thread.java:745)


&quot;jenkins.util.Timer [#9]&quot; Id=435 Group=main WAITING on java.util.concurrent.locks.AbstractQueuedSynchronizer$ConditionObject@24f821c2
	at sun.misc.Unsafe.park(Native Method)
	-  waiting on java.util.concurrent.locks.AbstractQueuedSynchronizer$ConditionObject@24f821c2
	at java.util.concurrent.locks.LockSupport.park(LockSupport.java:186)
	at java.util.concurrent.locks.AbstractQueuedSynchronizer$ConditionObject.await(AbstractQueuedSynchronizer.java:2043)
	at java.util.concurrent.ScheduledThreadPoolExecutor$DelayedWorkQueue.take(ScheduledThreadPoolExecutor.java:1085)
	at java.util.concurrent.ScheduledThreadPoolExecutor$DelayedWorkQueue.take(ScheduledThreadPoolExecutor.java:807)
	at java.util.concurrent.ThreadPoolExecutor.getTask(ThreadPoolExecutor.java:1068)
	at java.util.concurrent.ThreadPoolExecutor.runWorker(ThreadPoolExecutor.java:1130)
	at java.util.concurrent.ThreadPoolExecutor$Worker.run(ThreadPoolExecutor.java:615)
	at java.lang.Thread.run(Thread.java:745)


&quot;Jetty Thread Pool&quot; Id=446 Group=main RUNNABLE (in native)
	at java.net.SocketInputStream.socketRead0(Native Method)
	at java.net.SocketInputStream.read(SocketInputStream.java:152)
	at java.net.SocketInputStream.read(SocketInputStream.java:122)
	at org.mortbay.io.ByteArrayBuffer.readFrom(ByteArrayBuffer.java:382)
	at org.mortbay.io.bio.StreamEndPoint.fill(StreamEndPoint.java:114)
	at org.mortbay.jetty.bio.SocketConnector$Connection.fill(SocketConnector.java:198)
	at org.mortbay.jetty.HttpParser.parseNext(HttpParser.java:290)
	at org.mortbay.jetty.HttpParser.parseAvailable(HttpParser.java:212)
	at org.mortbay.jetty.HttpConnection.handle(HttpConnection.java:404)
	at org.mortbay.jetty.bio.SocketConnector$Connection.run(SocketConnector.java:228)
	at java.util.concurrent.Executors$RunnableAdapter.call(Executors.java:471)
	at java.util.concurrent.FutureTask.run(FutureTask.java:262)
	at java.util.concurrent.ThreadPoolExecutor.runWorker(ThreadPoolExecutor.java:1145)
	at java.util.concurrent.ThreadPoolExecutor$Worker.run(ThreadPoolExecutor.java:615)
	at java.lang.Thread.run(Thread.java:745)

	Number of locked synchronizers = 1
	- java.util.concurrent.ThreadPoolExecutor$Worker@6516a7fd


&quot;Jetty Thread Pool - Acceptor0 SocketConnector@0.0.0.0:38580&quot; Id=409 Group=main RUNNABLE (in native)
	at java.net.PlainSocketImpl.socketAccept(Native Method)
	at java.net.AbstractPlainSocketImpl.accept(AbstractPlainSocketImpl.java:398)
	at java.net.ServerSocket.implAccept(ServerSocket.java:530)
	at java.net.ServerSocket.accept(ServerSocket.java:498)
	at org.mortbay.jetty.bio.SocketConnector.accept(SocketConnector.java:99)
	at org.mortbay.jetty.AbstractConnector$Acceptor.run(AbstractConnector.java:708)
	at java.util.concurrent.Executors$RunnableAdapter.call(Executors.java:471)
	at java.util.concurrent.FutureTask.run(FutureTask.java:262)
	at java.util.concurrent.ThreadPoolExecutor.runWorker(ThreadPoolExecutor.java:1145)
	at java.util.concurrent.ThreadPoolExecutor$Worker.run(ThreadPoolExecutor.java:615)
	at java.lang.Thread.run(Thread.java:745)

	Number of locked synchronizers = 1
	- java.util.concurrent.ThreadPoolExecutor$Worker@645c3d98


&quot;MultiThreadedHttpConnectionManager cleanup&quot; Id=50 Group=main WAITING on java.lang.ref.ReferenceQueue$Lock@188202f7
	at java.lang.Object.wait(Native Method)
	-  waiting on java.lang.ref.ReferenceQueue$Lock@188202f7
	at java.lang.ref.ReferenceQueue.remove(ReferenceQueue.java:135)
	at java.lang.ref.ReferenceQueue.remove(ReferenceQueue.java:151)
	at org.apache.commons.httpclient.MultiThreadedHttpConnectionManager$ReferenceQueueThread.run(MultiThreadedHttpConnectionManager.java:1122)


&quot;TCP slave agent listener port=0&quot; Id=437 Group=main RUNNABLE (in native)
	at sun.nio.ch.ServerSocketChannelImpl.accept0(Native Method)
	at sun.nio.ch.ServerSocketChannelImpl.accept(ServerSocketChannelImpl.java:241)
	-  locked java.lang.Object@591ba142
	at hudson.TcpSlaveAgentListener.run(TcpSlaveAgentListener.java:95)


&quot;Timer-1&quot; Id=48 Group=main TIMED_WAITING on java.util.TaskQueue@7f90b2b2
	at java.lang.Object.wait(Native Method)
	-  waiting on java.util.TaskQueue@7f90b2b2
	at java.util.TimerThread.mainLoop(Timer.java:552)
	at java.util.TimerThread.run(Timer.java:505)


&quot;Timer-21&quot; Id=408 Group=main TIMED_WAITING on java.util.TaskQueue@62469fb8
	at java.lang.Object.wait(Native Method)
	-  waiting on java.util.TaskQueue@62469fb8
	at java.util.TimerThread.mainLoop(Timer.java:552)
	at java.util.TimerThread.run(Timer.java:505)


&quot;Timer-22&quot; Id=442 Group=main TIMED_WAITING on java.util.TaskQueue@26d680f
	at java.lang.Object.wait(Native Method)
	-  waiting on java.util.TaskQueue@26d680f
	at java.util.TimerThread.mainLoop(Timer.java:552)
	at java.util.TimerThread.run(Timer.java:505)


&quot;Finalizer&quot; Id=3 Group=system WAITING on java.lang.ref.ReferenceQueue$Lock@71482490
	at java.lang.Object.wait(Native Method)
	-  waiting on java.lang.ref.ReferenceQueue$Lock@71482490
	at java.lang.ref.ReferenceQueue.remove(ReferenceQueue.java:135)
	at java.lang.ref.ReferenceQueue.remove(ReferenceQueue.java:151)
	at java.lang.ref.Finalizer$FinalizerThread.run(Finalizer.java:209)


&quot;Reference Handler&quot; Id=2 Group=system WAITING on java.lang.ref.Reference$Lock@3758a40a
	at java.lang.Object.wait(Native Method)
	-  waiting on java.lang.ref.Reference$Lock@3758a40a
	at java.lang.Object.wait(Object.java:503)
	at java.lang.ref.Reference$ReferenceHandler.run(Reference.java:133)


&quot;Signal Dispatcher&quot; Id=4 Group=system RUNNABLE


</stderr>
          <failedSince>3</failedSince>
        </case>
        <case>
          <duration>0.638</duration>
          <className>hudson.tasks.junit.CaseResultTest</className>
          <testName>testRemoteApiNoDetails</testName>
          <skipped>false</skipped>
          <errorStackTrace>com.gargoylesoftware.htmlunit.FailingHttpStatusCodeException: 404 Not Found for http://localhost:34364/job/test-remoteapi/1/testReport/org.twia.vendor/VendorManagerTest/testCreateAdjustingFirm/api/xml?depth=-1
	at com.gargoylesoftware.htmlunit.WebClient.throwFailingHttpStatusCodeExceptionIfNecessary(WebClient.java:549)
	at com.gargoylesoftware.htmlunit.WebClient.getPage(WebClient.java:333)
	at com.gargoylesoftware.htmlunit.WebClient.getPage(WebClient.java:389)
	at com.gargoylesoftware.htmlunit.WebClient.getPage(WebClient.java:374)
	at org.jvnet.hudson.test.HudsonTestCase$WebClient.goTo(HudsonTestCase.java:1821)
	at hudson.tasks.junit.CaseResultTest.testRemoteApiNoDetails(CaseResultTest.java:152)
</errorStackTrace>
          <errorDetails>404 Not Found for http://localhost:34364/job/test-remoteapi/1/testReport/org.twia.vendor/VendorManagerTest/testCreateAdjustingFirm/api/xml?depth=-1</errorDetails>
          <stdout>=== Starting CaseResultTest.testRemoteApiNoDetails
</stdout>
          <stderr>Dec 08, 2015 4:35:22 PM jenkins.InitReactorRunner$1 onAttained
INFO: Started initialization
Dec 08, 2015 4:35:22 PM jenkins.InitReactorRunner$1 onAttained
INFO: Listed all plugins
Dec 08, 2015 4:35:22 PM jenkins.InitReactorRunner$1 onAttained
INFO: Prepared all plugins
Dec 08, 2015 4:35:22 PM jenkins.InitReactorRunner$1 onAttained
INFO: Started all plugins
Dec 08, 2015 4:35:22 PM jenkins.InitReactorRunner$1 onAttained
INFO: Augmented all extensions
Dec 08, 2015 4:35:22 PM jenkins.InitReactorRunner$1 onAttained
INFO: Loaded all jobs
Dec 08, 2015 4:35:23 PM jenkins.InitReactorRunner$1 onAttained
INFO: Completed initialization
Dec 08, 2015 4:35:23 PM hudson.model.Run execute
INFO: test-remoteapi #1 main build action completed: SUCCESS
Dec 08, 2015 4:35:23 PM com.gargoylesoftware.htmlunit.WebClient printContentIfNecessary
INFO: statusCode=[404] contentType=[text/html]
Dec 08, 2015 4:35:23 PM com.gargoylesoftware.htmlunit.WebClient printContentIfNecessary
INFO: &lt;html&gt;&lt;body&gt;
&lt;h1&gt;404 Not Found&lt;/h1&gt;
&lt;p&gt;Stapler processed this HTTP request as follows, but couldn&apos;t find the resource to consume the request
&lt;pre&gt;
-&gt; evaluate(&amp;lt;hudson.model.Hudson@7e832937&gt; :hudson.model.Hudson,&quot;/job/test-remoteapi/1/testReport/org.twia.vendor/VendorManagerTest/testCreateAdjustingFirm/api/xml&quot;)
-&gt; evaluate(((StaplerProxy)&amp;lt;hudson.model.Hudson@7e832937&gt;).getTarget(),&quot;/job/test-remoteapi/1/testReport/org.twia.vendor/VendorManagerTest/testCreateAdjustingFirm/api/xml&quot;)
-&gt; evaluate(&amp;lt;hudson.model.Hudson@7e832937&gt;.getJob(&quot;test-remoteapi&quot;),&quot;/1/testReport/org.twia.vendor/VendorManagerTest/testCreateAdjustingFirm/api/xml&quot;)
-&gt; evaluate(&amp;lt;hudson.model.FreeStyleProject@2d40ef52[test-remoteapi]&gt; :hudson.model.FreeStyleProject,&quot;/1/testReport/org.twia.vendor/VendorManagerTest/testCreateAdjustingFirm/api/xml&quot;)
-&gt; evaluate(&amp;lt;hudson.model.FreeStyleProject@2d40ef52[test-remoteapi]&gt;.getDynamic(&quot;1&quot;,...),&quot;/testReport/org.twia.vendor/VendorManagerTest/testCreateAdjustingFirm/api/xml&quot;)
-&gt; evaluate(&amp;lt;test-remoteapi #1&gt; :hudson.model.FreeStyleBuild,&quot;/testReport/org.twia.vendor/VendorManagerTest/testCreateAdjustingFirm/api/xml&quot;)
-&gt; evaluate(&amp;lt;test-remoteapi #1&gt;.getDynamic(&quot;testReport&quot;,...),&quot;/org.twia.vendor/VendorManagerTest/testCreateAdjustingFirm/api/xml&quot;)
-&gt; evaluate(&amp;lt;hudson.tasks.junit.TestResultAction@3c773ce2&gt; :hudson.tasks.junit.TestResultAction,&quot;/org.twia.vendor/VendorManagerTest/testCreateAdjustingFirm/api/xml&quot;)
-&gt; evaluate(((StaplerProxy)&amp;lt;hudson.tasks.junit.TestResultAction@3c773ce2&gt;).getTarget(),&quot;/org.twia.vendor/VendorManagerTest/testCreateAdjustingFirm/api/xml&quot;)
-&gt; evaluate(&amp;lt;hudson.tasks.junit.TestResult@55a911fd&gt; :hudson.tasks.junit.TestResult,&quot;/org.twia.vendor/VendorManagerTest/testCreateAdjustingFirm/api/xml&quot;)
-&gt; evaluate(&amp;lt;hudson.tasks.junit.TestResult@55a911fd&gt;.getDynamic(&quot;org.twia.vendor&quot;,...),&quot;/VendorManagerTest/testCreateAdjustingFirm/api/xml&quot;)
-&gt; evaluate(&amp;lt;hudson.tasks.junit.PackageResult@63a50890&gt; :hudson.tasks.junit.PackageResult,&quot;/VendorManagerTest/testCreateAdjustingFirm/api/xml&quot;)
-&gt; evaluate(&amp;lt;hudson.tasks.junit.PackageResult@63a50890&gt;.getDynamic(&quot;VendorManagerTest&quot;,...),&quot;/testCreateAdjustingFirm/api/xml&quot;)
            hudson.tasks.junit.PackageResult@63a50890.getDynamic(&quot;VendorManagerTest&quot;,...)==null. Back tracking.
&lt;font color=red&gt;-&amp;gt; No matching rule was found on &amp;lt;hudson.tasks.junit.PackageResult@63a50890&amp;gt; for &quot;/VendorManagerTest/testCreateAdjustingFirm/api/xml&quot;&lt;/font&gt;
&lt;/pre&gt;
&lt;p&gt;&amp;lt;hudson.tasks.junit.PackageResult@63a50890&amp;gt; has the following URL mappings, in the order of preference:&lt;ol&gt;
&lt;li&gt;
hudson.tasks.test.TestObject.doSubmitDescription(...) for url=/submitDescription/...
&lt;li&gt;
TOKEN.groovy for url=/TOKEN
&lt;li&gt;
VIEW.jelly for url=/VIEW
&lt;li&gt;
hudson.tasks.junit.PackageResult.getFailedTestsSortedByAge() for url=/failedTestsSortedByAge/...
&lt;li&gt;
hudson.tasks.junit.PackageResult.getSafeName() for url=/safeName/...
&lt;li&gt;
hudson.tasks.junit.PackageResult.getPassedTests() for url=/passedTests/...
&lt;li&gt;
hudson.tasks.junit.PackageResult.getSkippedTests() for url=/skippedTests/...
&lt;li&gt;
hudson.tasks.junit.PackageResult.getPassCount() for url=/passCount/...
&lt;li&gt;
hudson.tasks.junit.PackageResult.getTitle() for url=/title/...
&lt;li&gt;
hudson.tasks.junit.PackageResult.getChildTitle() for url=/childTitle/...
&lt;li&gt;
hudson.tasks.junit.PackageResult.getRun() for url=/run/...
&lt;li&gt;
hudson.tasks.junit.PackageResult.getName() for url=/name/...
&lt;li&gt;
hudson.tasks.junit.PackageResult.getParent() for url=/parent/...
&lt;li&gt;
hudson.tasks.junit.PackageResult.getParent() for url=/parent/...
&lt;li&gt;
hudson.tasks.junit.PackageResult.getParent() for url=/parent/...
&lt;li&gt;
hudson.tasks.junit.PackageResult.getDisplayName() for url=/displayName/...
&lt;li&gt;
hudson.tasks.junit.PackageResult.getChildren() for url=/children/...
&lt;li&gt;
hudson.tasks.junit.PackageResult.getDuration() for url=/duration/...
&lt;li&gt;
hudson.tasks.junit.PackageResult.getFailedTests() for url=/failedTests/...
&lt;li&gt;
hudson.tasks.junit.PackageResult.getFailedTests() for url=/failedTests/...
&lt;li&gt;
hudson.tasks.junit.PackageResult.getFailCount() for url=/failCount/...
&lt;li&gt;
hudson.tasks.junit.PackageResult.getSkipCount() for url=/skipCount/...
&lt;li&gt;
hudson.tasks.test.TestResult.getParentAction() for url=/parentAction/...
&lt;li&gt;
hudson.tasks.test.TestResult.getBuildResult() for url=/buildResult/...
&lt;li&gt;
hudson.tasks.test.TestResult.getFailedSince() for url=/failedSince/...
&lt;li&gt;
hudson.tasks.test.TestResult.getFailedSinceRun() for url=/failedSinceRun/...
&lt;li&gt;
hudson.tasks.test.TestResult.getErrorStackTrace() for url=/errorStackTrace/...
&lt;li&gt;
hudson.tasks.test.TestResult.getErrorDetails() for url=/errorDetails/...
&lt;li&gt;
hudson.tasks.test.TestResult.getStdout() for url=/stdout/...
&lt;li&gt;
hudson.tasks.test.TestResult.getStderr() for url=/stderr/...
&lt;li&gt;
hudson.tasks.test.TestResult.getPreviousResult() for url=/previousResult/...
&lt;li&gt;
hudson.tasks.test.TestResult.getPreviousResult() for url=/previousResult/...
&lt;li&gt;
hudson.tasks.test.TestObject.getTopLevelTestResult() for url=/topLevelTestResult/...
&lt;li&gt;
hudson.tasks.test.TestObject.getTestActions() for url=/testActions/...
&lt;li&gt;
hudson.tasks.test.TestObject.getTestResult() for url=/testResult/...
&lt;li&gt;
hudson.tasks.test.TestObject.getGroupByError() for url=/groupByError/...
&lt;li&gt;
hudson.tasks.test.TestObject.getId() for url=/id/...
&lt;li&gt;
hudson.tasks.test.TestObject.getDescription() for url=/description/...
&lt;li&gt;
hudson.tasks.test.TestObject.getApi() for url=/api/...
&lt;li&gt;
hudson.tasks.test.TestObject.getFullName() for url=/fullName/...
&lt;li&gt;
hudson.tasks.test.TestObject.getFullDisplayName() for url=/fullDisplayName/...
&lt;li&gt;
hudson.tasks.test.TestObject.getSearchUrl() for url=/searchUrl/...
&lt;li&gt;
hudson.tasks.test.TestObject.getUrl() for url=/url/...
&lt;li&gt;
hudson.tasks.test.TestObject.getDurationString() for url=/durationString/...
&lt;li&gt;
hudson.tasks.test.TestObject.getTestResultAction() for url=/testResultAction/...
&lt;li&gt;
hudson.tasks.test.TestObject.getHistory() for url=/history/...
&lt;li&gt;
hudson.tasks.test.TestObject.getTotalCount() for url=/totalCount/...
&lt;li&gt;
hudson.tasks.junit.TestObject.getOwner() for url=/owner/...
&lt;li&gt;
hudson.model.AbstractModelObject.getSearchIndex() for url=/searchIndex/...
&lt;li&gt;
hudson.model.AbstractModelObject.getSearch() for url=/search/...
&lt;li&gt;
hudson.model.AbstractModelObject.getSearchName() for url=/searchName/...
&lt;li&gt;
java.lang.Object.getClass() for url=/class/...
&lt;li&gt;
hudson.tasks.junit.PackageResult.getClassResult(String) for url=/classResult/TOKEN/...
&lt;li&gt;
hudson.tasks.junit.PackageResult.getDynamic(String,StaplerRequest,StaplerResponse) for url=/TOKEN/...
&lt;/ol&gt;
&lt;/body&gt;&lt;/html&gt;

&quot;1471934777@qtp-2066775786-0&quot; Id=46 Group=main TIMED_WAITING on org.mortbay.thread.QueuedThreadPool$PoolThread@57bbf139
	at java.lang.Object.wait(Native Method)
	-  waiting on org.mortbay.thread.QueuedThreadPool$PoolThread@57bbf139
	at org.mortbay.thread.QueuedThreadPool$PoolThread.run(QueuedThreadPool.java:626)


&quot;1841649005@qtp-2066775786-1 - Acceptor0 SocketConnector@0.0.0.0:45441&quot; Id=47 Group=main RUNNABLE (in native)
	at java.net.PlainSocketImpl.socketAccept(Native Method)
	at java.net.AbstractPlainSocketImpl.accept(AbstractPlainSocketImpl.java:398)
	at java.net.ServerSocket.implAccept(ServerSocket.java:530)
	at java.net.ServerSocket.accept(ServerSocket.java:498)
	at org.mortbay.jetty.bio.SocketConnector.accept(SocketConnector.java:99)
	at org.mortbay.jetty.AbstractConnector$Acceptor.run(AbstractConnector.java:708)
	at org.mortbay.thread.QueuedThreadPool$PoolThread.run(QueuedThreadPool.java:582)


&quot;Computer.threadPoolForRemoting [#1]&quot; Id=45 Group=main TIMED_WAITING on java.util.concurrent.SynchronousQueue$TransferStack@74c4058b
	at sun.misc.Unsafe.park(Native Method)
	-  waiting on java.util.concurrent.SynchronousQueue$TransferStack@74c4058b
	at java.util.concurrent.locks.LockSupport.parkNanos(LockSupport.java:226)
	at java.util.concurrent.SynchronousQueue$TransferStack.awaitFulfill(SynchronousQueue.java:460)
	at java.util.concurrent.SynchronousQueue$TransferStack.transfer(SynchronousQueue.java:359)
	at java.util.concurrent.SynchronousQueue.poll(SynchronousQueue.java:942)
	at java.util.concurrent.ThreadPoolExecutor.getTask(ThreadPoolExecutor.java:1068)
	at java.util.concurrent.ThreadPoolExecutor.runWorker(ThreadPoolExecutor.java:1130)
	at java.util.concurrent.ThreadPoolExecutor$Worker.run(ThreadPoolExecutor.java:615)
	at java.lang.Thread.run(Thread.java:745)


&quot;Executing testRemoteApiNoDetails&quot; Id=1 Group=main RUNNABLE
	at sun.management.ThreadImpl.dumpThreads0(Native Method)
	at sun.management.ThreadImpl.dumpAllThreads(ThreadImpl.java:446)
	at hudson.Functions.getThreadInfos(Functions.java:1155)
	at org.jvnet.hudson.test.HudsonTestCase.runTest(HudsonTestCase.java:442)
	at junit.framework.TestCase.runBare(TestCase.java:141)
	at org.jvnet.hudson.test.HudsonTestCase.runBare(HudsonTestCase.java:293)
	at junit.framework.TestResult$1.protect(TestResult.java:122)
	at junit.framework.TestResult.runProtected(TestResult.java:142)
	at junit.framework.TestResult.run(TestResult.java:125)
	at junit.framework.TestCase.run(TestCase.java:129)
	at junit.framework.TestSuite.runTest(TestSuite.java:255)
	at junit.framework.TestSuite.run(TestSuite.java:250)
	at org.junit.internal.runners.JUnit38ClassRunner.run(JUnit38ClassRunner.java:84)
	at org.apache.maven.surefire.junit4.JUnit4Provider.execute(JUnit4Provider.java:264)
	at org.apache.maven.surefire.junit4.JUnit4Provider.executeTestSet(JUnit4Provider.java:153)
	at org.apache.maven.surefire.junit4.JUnit4Provider.invoke(JUnit4Provider.java:124)
	at org.apache.maven.surefire.booter.ForkedBooter.invokeProviderInSameClassLoader(ForkedBooter.java:200)
	at org.apache.maven.surefire.booter.ForkedBooter.runSuitesInProcess(ForkedBooter.java:153)
	at org.apache.maven.surefire.booter.ForkedBooter.main(ForkedBooter.java:103)


&quot;FilePath.localPool [#1]&quot; Id=138 Group=main TIMED_WAITING on java.util.concurrent.SynchronousQueue$TransferStack@1bd471e7
	at sun.misc.Unsafe.park(Native Method)
	-  waiting on java.util.concurrent.SynchronousQueue$TransferStack@1bd471e7
	at java.util.concurrent.locks.LockSupport.parkNanos(LockSupport.java:226)
	at java.util.concurrent.SynchronousQueue$TransferStack.awaitFulfill(SynchronousQueue.java:460)
	at java.util.concurrent.SynchronousQueue$TransferStack.transfer(SynchronousQueue.java:359)
	at java.util.concurrent.SynchronousQueue.poll(SynchronousQueue.java:942)
	at java.util.concurrent.ThreadPoolExecutor.getTask(ThreadPoolExecutor.java:1068)
	at java.util.concurrent.ThreadPoolExecutor.runWorker(ThreadPoolExecutor.java:1130)
	at java.util.concurrent.ThreadPoolExecutor$Worker.run(ThreadPoolExecutor.java:615)
	at java.lang.Thread.run(Thread.java:745)


&quot;FilePath.localPool [#2]&quot; Id=137 Group=main TIMED_WAITING on java.util.concurrent.SynchronousQueue$TransferStack@1bd471e7
	at sun.misc.Unsafe.park(Native Method)
	-  waiting on java.util.concurrent.SynchronousQueue$TransferStack@1bd471e7
	at java.util.concurrent.locks.LockSupport.parkNanos(LockSupport.java:226)
	at java.util.concurrent.SynchronousQueue$TransferStack.awaitFulfill(SynchronousQueue.java:460)
	at java.util.concurrent.SynchronousQueue$TransferStack.transfer(SynchronousQueue.java:359)
	at java.util.concurrent.SynchronousQueue.poll(SynchronousQueue.java:942)
	at java.util.concurrent.ThreadPoolExecutor.getTask(ThreadPoolExecutor.java:1068)
	at java.util.concurrent.ThreadPoolExecutor.runWorker(ThreadPoolExecutor.java:1130)
	at java.util.concurrent.ThreadPoolExecutor$Worker.run(ThreadPoolExecutor.java:615)
	at java.lang.Thread.run(Thread.java:745)


&quot;FilePath.localPool [#3]&quot; Id=139 Group=main TIMED_WAITING on java.util.concurrent.SynchronousQueue$TransferStack@1bd471e7
	at sun.misc.Unsafe.park(Native Method)
	-  waiting on java.util.concurrent.SynchronousQueue$TransferStack@1bd471e7
	at java.util.concurrent.locks.LockSupport.parkNanos(LockSupport.java:226)
	at java.util.concurrent.SynchronousQueue$TransferStack.awaitFulfill(SynchronousQueue.java:460)
	at java.util.concurrent.SynchronousQueue$TransferStack.transfer(SynchronousQueue.java:359)
	at java.util.concurrent.SynchronousQueue.poll(SynchronousQueue.java:942)
	at java.util.concurrent.ThreadPoolExecutor.getTask(ThreadPoolExecutor.java:1068)
	at java.util.concurrent.ThreadPoolExecutor.runWorker(ThreadPoolExecutor.java:1130)
	at java.util.concurrent.ThreadPoolExecutor$Worker.run(ThreadPoolExecutor.java:615)
	at java.lang.Thread.run(Thread.java:745)


&quot;FilePath.localPool [#4]&quot; Id=140 Group=main TIMED_WAITING on java.util.concurrent.SynchronousQueue$TransferStack@1bd471e7
	at sun.misc.Unsafe.park(Native Method)
	-  waiting on java.util.concurrent.SynchronousQueue$TransferStack@1bd471e7
	at java.util.concurrent.locks.LockSupport.parkNanos(LockSupport.java:226)
	at java.util.concurrent.SynchronousQueue$TransferStack.awaitFulfill(SynchronousQueue.java:460)
	at java.util.concurrent.SynchronousQueue$TransferStack.transfer(SynchronousQueue.java:359)
	at java.util.concurrent.SynchronousQueue.poll(SynchronousQueue.java:942)
	at java.util.concurrent.ThreadPoolExecutor.getTask(ThreadPoolExecutor.java:1068)
	at java.util.concurrent.ThreadPoolExecutor.runWorker(ThreadPoolExecutor.java:1130)
	at java.util.concurrent.ThreadPoolExecutor$Worker.run(ThreadPoolExecutor.java:615)
	at java.lang.Thread.run(Thread.java:745)


&quot;FilePath.localPool [#5]&quot; Id=141 Group=main TIMED_WAITING on java.util.concurrent.SynchronousQueue$TransferStack@1bd471e7
	at sun.misc.Unsafe.park(Native Method)
	-  waiting on java.util.concurrent.SynchronousQueue$TransferStack@1bd471e7
	at java.util.concurrent.locks.LockSupport.parkNanos(LockSupport.java:226)
	at java.util.concurrent.SynchronousQueue$TransferStack.awaitFulfill(SynchronousQueue.java:460)
	at java.util.concurrent.SynchronousQueue$TransferStack.transfer(SynchronousQueue.java:359)
	at java.util.concurrent.SynchronousQueue.poll(SynchronousQueue.java:942)
	at java.util.concurrent.ThreadPoolExecutor.getTask(ThreadPoolExecutor.java:1068)
	at java.util.concurrent.ThreadPoolExecutor.runWorker(ThreadPoolExecutor.java:1130)
	at java.util.concurrent.ThreadPoolExecutor$Worker.run(ThreadPoolExecutor.java:615)
	at java.lang.Thread.run(Thread.java:745)


&quot;Jenkins cron thread&quot; Id=451 Group=main WAITING on java.util.TaskQueue@81c3431
	at java.lang.Object.wait(Native Method)
	-  waiting on java.util.TaskQueue@81c3431
	at java.lang.Object.wait(Object.java:503)
	at java.util.TimerThread.mainLoop(Timer.java:526)
	at java.util.TimerThread.run(Timer.java:505)


&quot;Jenkins UDP 33849 monitoring thread&quot; Id=479 Group=main RUNNABLE (in native)
	at java.net.PlainDatagramSocketImpl.receive0(Native Method)
	-  locked java.net.PlainDatagramSocketImpl@19a959ef
	at java.net.AbstractPlainDatagramSocketImpl.receive(AbstractPlainDatagramSocketImpl.java:145)
	-  locked java.net.PlainDatagramSocketImpl@19a959ef
	at java.net.DatagramSocket.receive(DatagramSocket.java:786)
	-  locked java.net.DatagramPacket@27f7ee30
	-  locked java.net.MulticastSocket@636a5d0
	at hudson.UDPBroadcastThread.run(UDPBroadcastThread.java:82)


&quot;jenkins.util.Timer [#10]&quot; Id=477 Group=main WAITING on java.util.concurrent.locks.AbstractQueuedSynchronizer$ConditionObject@57b473c3
	at sun.misc.Unsafe.park(Native Method)
	-  waiting on java.util.concurrent.locks.AbstractQueuedSynchronizer$ConditionObject@57b473c3
	at java.util.concurrent.locks.LockSupport.park(LockSupport.java:186)
	at java.util.concurrent.locks.AbstractQueuedSynchronizer$ConditionObject.await(AbstractQueuedSynchronizer.java:2043)
	at java.util.concurrent.ScheduledThreadPoolExecutor$DelayedWorkQueue.take(ScheduledThreadPoolExecutor.java:1085)
	at java.util.concurrent.ScheduledThreadPoolExecutor$DelayedWorkQueue.take(ScheduledThreadPoolExecutor.java:807)
	at java.util.concurrent.ThreadPoolExecutor.getTask(ThreadPoolExecutor.java:1068)
	at java.util.concurrent.ThreadPoolExecutor.runWorker(ThreadPoolExecutor.java:1130)
	at java.util.concurrent.ThreadPoolExecutor$Worker.run(ThreadPoolExecutor.java:615)
	at java.lang.Thread.run(Thread.java:745)


&quot;jenkins.util.Timer [#1]&quot; Id=452 Group=main TIMED_WAITING on java.util.concurrent.locks.AbstractQueuedSynchronizer$ConditionObject@57b473c3
	at sun.misc.Unsafe.park(Native Method)
	-  waiting on java.util.concurrent.locks.AbstractQueuedSynchronizer$ConditionObject@57b473c3
	at java.util.concurrent.locks.LockSupport.parkNanos(LockSupport.java:226)
	at java.util.concurrent.locks.AbstractQueuedSynchronizer$ConditionObject.awaitNanos(AbstractQueuedSynchronizer.java:2082)
	at java.util.concurrent.ScheduledThreadPoolExecutor$DelayedWorkQueue.take(ScheduledThreadPoolExecutor.java:1090)
	at java.util.concurrent.ScheduledThreadPoolExecutor$DelayedWorkQueue.take(ScheduledThreadPoolExecutor.java:807)
	at java.util.concurrent.ThreadPoolExecutor.getTask(ThreadPoolExecutor.java:1068)
	at java.util.concurrent.ThreadPoolExecutor.runWorker(ThreadPoolExecutor.java:1130)
	at java.util.concurrent.ThreadPoolExecutor$Worker.run(ThreadPoolExecutor.java:615)
	at java.lang.Thread.run(Thread.java:745)


&quot;jenkins.util.Timer [#2]&quot; Id=469 Group=main WAITING on java.util.concurrent.locks.AbstractQueuedSynchronizer$ConditionObject@57b473c3
	at sun.misc.Unsafe.park(Native Method)
	-  waiting on java.util.concurrent.locks.AbstractQueuedSynchronizer$ConditionObject@57b473c3
	at java.util.concurrent.locks.LockSupport.park(LockSupport.java:186)
	at java.util.concurrent.locks.AbstractQueuedSynchronizer$ConditionObject.await(AbstractQueuedSynchronizer.java:2043)
	at java.util.concurrent.ScheduledThreadPoolExecutor$DelayedWorkQueue.take(ScheduledThreadPoolExecutor.java:1085)
	at java.util.concurrent.ScheduledThreadPoolExecutor$DelayedWorkQueue.take(ScheduledThreadPoolExecutor.java:807)
	at java.util.concurrent.ThreadPoolExecutor.getTask(ThreadPoolExecutor.java:1068)
	at java.util.concurrent.ThreadPoolExecutor.runWorker(ThreadPoolExecutor.java:1130)
	at java.util.concurrent.ThreadPoolExecutor$Worker.run(ThreadPoolExecutor.java:615)
	at java.lang.Thread.run(Thread.java:745)


&quot;jenkins.util.Timer [#3]&quot; Id=470 Group=main WAITING on java.util.concurrent.locks.AbstractQueuedSynchronizer$ConditionObject@57b473c3
	at sun.misc.Unsafe.park(Native Method)
	-  waiting on java.util.concurrent.locks.AbstractQueuedSynchronizer$ConditionObject@57b473c3
	at java.util.concurrent.locks.LockSupport.park(LockSupport.java:186)
	at java.util.concurrent.locks.AbstractQueuedSynchronizer$ConditionObject.await(AbstractQueuedSynchronizer.java:2043)
	at java.util.concurrent.ScheduledThreadPoolExecutor$DelayedWorkQueue.take(ScheduledThreadPoolExecutor.java:1085)
	at java.util.concurrent.ScheduledThreadPoolExecutor$DelayedWorkQueue.take(ScheduledThreadPoolExecutor.java:807)
	at java.util.concurrent.ThreadPoolExecutor.getTask(ThreadPoolExecutor.java:1068)
	at java.util.concurrent.ThreadPoolExecutor.runWorker(ThreadPoolExecutor.java:1130)
	at java.util.concurrent.ThreadPoolExecutor$Worker.run(ThreadPoolExecutor.java:615)
	at java.lang.Thread.run(Thread.java:745)


&quot;jenkins.util.Timer [#4]&quot; Id=471 Group=main WAITING on java.util.concurrent.locks.AbstractQueuedSynchronizer$ConditionObject@57b473c3
	at sun.misc.Unsafe.park(Native Method)
	-  waiting on java.util.concurrent.locks.AbstractQueuedSynchronizer$ConditionObject@57b473c3
	at java.util.concurrent.locks.LockSupport.park(LockSupport.java:186)
	at java.util.concurrent.locks.AbstractQueuedSynchronizer$ConditionObject.await(AbstractQueuedSynchronizer.java:2043)
	at java.util.concurrent.ScheduledThreadPoolExecutor$DelayedWorkQueue.take(ScheduledThreadPoolExecutor.java:1085)
	at java.util.concurrent.ScheduledThreadPoolExecutor$DelayedWorkQueue.take(ScheduledThreadPoolExecutor.java:807)
	at java.util.concurrent.ThreadPoolExecutor.getTask(ThreadPoolExecutor.java:1068)
	at java.util.concurrent.ThreadPoolExecutor.runWorker(ThreadPoolExecutor.java:1130)
	at java.util.concurrent.ThreadPoolExecutor$Worker.run(ThreadPoolExecutor.java:615)
	at java.lang.Thread.run(Thread.java:745)


&quot;jenkins.util.Timer [#5]&quot; Id=472 Group=main WAITING on java.util.concurrent.locks.AbstractQueuedSynchronizer$ConditionObject@57b473c3
	at sun.misc.Unsafe.park(Native Method)
	-  waiting on java.util.concurrent.locks.AbstractQueuedSynchronizer$ConditionObject@57b473c3
	at java.util.concurrent.locks.LockSupport.park(LockSupport.java:186)
	at java.util.concurrent.locks.AbstractQueuedSynchronizer$ConditionObject.await(AbstractQueuedSynchronizer.java:2043)
	at java.util.concurrent.ScheduledThreadPoolExecutor$DelayedWorkQueue.take(ScheduledThreadPoolExecutor.java:1085)
	at java.util.concurrent.ScheduledThreadPoolExecutor$DelayedWorkQueue.take(ScheduledThreadPoolExecutor.java:807)
	at java.util.concurrent.ThreadPoolExecutor.getTask(ThreadPoolExecutor.java:1068)
	at java.util.concurrent.ThreadPoolExecutor.runWorker(ThreadPoolExecutor.java:1130)
	at java.util.concurrent.ThreadPoolExecutor$Worker.run(ThreadPoolExecutor.java:615)
	at java.lang.Thread.run(Thread.java:745)


&quot;jenkins.util.Timer [#6]&quot; Id=473 Group=main WAITING on java.util.concurrent.locks.AbstractQueuedSynchronizer$ConditionObject@57b473c3
	at sun.misc.Unsafe.park(Native Method)
	-  waiting on java.util.concurrent.locks.AbstractQueuedSynchronizer$ConditionObject@57b473c3
	at java.util.concurrent.locks.LockSupport.park(LockSupport.java:186)
	at java.util.concurrent.locks.AbstractQueuedSynchronizer$ConditionObject.await(AbstractQueuedSynchronizer.java:2043)
	at java.util.concurrent.ScheduledThreadPoolExecutor$DelayedWorkQueue.take(ScheduledThreadPoolExecutor.java:1085)
	at java.util.concurrent.ScheduledThreadPoolExecutor$DelayedWorkQueue.take(ScheduledThreadPoolExecutor.java:807)
	at java.util.concurrent.ThreadPoolExecutor.getTask(ThreadPoolExecutor.java:1068)
	at java.util.concurrent.ThreadPoolExecutor.runWorker(ThreadPoolExecutor.java:1130)
	at java.util.concurrent.ThreadPoolExecutor$Worker.run(ThreadPoolExecutor.java:615)
	at java.lang.Thread.run(Thread.java:745)


&quot;jenkins.util.Timer [#7]&quot; Id=474 Group=main WAITING on java.util.concurrent.locks.AbstractQueuedSynchronizer$ConditionObject@57b473c3
	at sun.misc.Unsafe.park(Native Method)
	-  waiting on java.util.concurrent.locks.AbstractQueuedSynchronizer$ConditionObject@57b473c3
	at java.util.concurrent.locks.LockSupport.park(LockSupport.java:186)
	at java.util.concurrent.locks.AbstractQueuedSynchronizer$ConditionObject.await(AbstractQueuedSynchronizer.java:2043)
	at java.util.concurrent.ScheduledThreadPoolExecutor$DelayedWorkQueue.take(ScheduledThreadPoolExecutor.java:1085)
	at java.util.concurrent.ScheduledThreadPoolExecutor$DelayedWorkQueue.take(ScheduledThreadPoolExecutor.java:807)
	at java.util.concurrent.ThreadPoolExecutor.getTask(ThreadPoolExecutor.java:1068)
	at java.util.concurrent.ThreadPoolExecutor.runWorker(ThreadPoolExecutor.java:1130)
	at java.util.concurrent.ThreadPoolExecutor$Worker.run(ThreadPoolExecutor.java:615)
	at java.lang.Thread.run(Thread.java:745)


&quot;jenkins.util.Timer [#8]&quot; Id=475 Group=main WAITING on java.util.concurrent.locks.AbstractQueuedSynchronizer$ConditionObject@57b473c3
	at sun.misc.Unsafe.park(Native Method)
	-  waiting on java.util.concurrent.locks.AbstractQueuedSynchronizer$ConditionObject@57b473c3
	at java.util.concurrent.locks.LockSupport.park(LockSupport.java:186)
	at java.util.concurrent.locks.AbstractQueuedSynchronizer$ConditionObject.await(AbstractQueuedSynchronizer.java:2043)
	at java.util.concurrent.ScheduledThreadPoolExecutor$DelayedWorkQueue.take(ScheduledThreadPoolExecutor.java:1085)
	at java.util.concurrent.ScheduledThreadPoolExecutor$DelayedWorkQueue.take(ScheduledThreadPoolExecutor.java:807)
	at java.util.concurrent.ThreadPoolExecutor.getTask(ThreadPoolExecutor.java:1068)
	at java.util.concurrent.ThreadPoolExecutor.runWorker(ThreadPoolExecutor.java:1130)
	at java.util.concurrent.ThreadPoolExecutor$Worker.run(ThreadPoolExecutor.java:615)
	at java.lang.Thread.run(Thread.java:745)


&quot;jenkins.util.Timer [#9]&quot; Id=476 Group=main WAITING on java.util.concurrent.locks.AbstractQueuedSynchronizer$ConditionObject@57b473c3
	at sun.misc.Unsafe.park(Native Method)
	-  waiting on java.util.concurrent.locks.AbstractQueuedSynchronizer$ConditionObject@57b473c3
	at java.util.concurrent.locks.LockSupport.park(LockSupport.java:186)
	at java.util.concurrent.locks.AbstractQueuedSynchronizer$ConditionObject.await(AbstractQueuedSynchronizer.java:2043)
	at java.util.concurrent.ScheduledThreadPoolExecutor$DelayedWorkQueue.take(ScheduledThreadPoolExecutor.java:1085)
	at java.util.concurrent.ScheduledThreadPoolExecutor$DelayedWorkQueue.take(ScheduledThreadPoolExecutor.java:807)
	at java.util.concurrent.ThreadPoolExecutor.getTask(ThreadPoolExecutor.java:1068)
	at java.util.concurrent.ThreadPoolExecutor.runWorker(ThreadPoolExecutor.java:1130)
	at java.util.concurrent.ThreadPoolExecutor$Worker.run(ThreadPoolExecutor.java:615)
	at java.lang.Thread.run(Thread.java:745)


&quot;Jetty Thread Pool&quot; Id=487 Group=main RUNNABLE
	at java.net.SocketOutputStream.socketWrite0(Native Method)
	at java.net.SocketOutputStream.socketWrite(SocketOutputStream.java:113)
	at java.net.SocketOutputStream.write(SocketOutputStream.java:159)
	at org.mortbay.io.ByteArrayBuffer.writeTo(ByteArrayBuffer.java:368)
	at org.mortbay.io.bio.StreamEndPoint.flush(StreamEndPoint.java:129)
	at org.mortbay.io.bio.StreamEndPoint.flush(StreamEndPoint.java:161)
	at org.mortbay.jetty.HttpGenerator.flush(HttpGenerator.java:714)
	at org.mortbay.jetty.HttpGenerator.complete(HttpGenerator.java:678)
	at org.mortbay.jetty.HttpConnection.completeResponse(HttpConnection.java:684)
	at org.mortbay.jetty.Response.complete(Response.java:1125)
	at org.mortbay.jetty.HttpConnection.handleRequest(HttpConnection.java:612)
	at org.mortbay.jetty.HttpConnection$RequestHandler.headerComplete(HttpConnection.java:928)
	at org.mortbay.jetty.HttpParser.parseNext(HttpParser.java:549)
	at org.mortbay.jetty.HttpParser.parseAvailable(HttpParser.java:212)
	at org.mortbay.jetty.HttpConnection.handle(HttpConnection.java:404)
	at org.mortbay.jetty.bio.SocketConnector$Connection.run(SocketConnector.java:228)
	at java.util.concurrent.Executors$RunnableAdapter.call(Executors.java:471)
	at java.util.concurrent.FutureTask.run(FutureTask.java:262)
	at java.util.concurrent.ThreadPoolExecutor.runWorker(ThreadPoolExecutor.java:1145)
	at java.util.concurrent.ThreadPoolExecutor$Worker.run(ThreadPoolExecutor.java:615)
	at java.lang.Thread.run(Thread.java:745)

	Number of locked synchronizers = 1
	- java.util.concurrent.ThreadPoolExecutor$Worker@57d5e568


&quot;Jetty Thread Pool - Acceptor0 SocketConnector@0.0.0.0:34364&quot; Id=450 Group=main RUNNABLE (in native)
	at java.net.PlainSocketImpl.socketAccept(Native Method)
	at java.net.AbstractPlainSocketImpl.accept(AbstractPlainSocketImpl.java:398)
	at java.net.ServerSocket.implAccept(ServerSocket.java:530)
	at java.net.ServerSocket.accept(ServerSocket.java:498)
	at org.mortbay.jetty.bio.SocketConnector.accept(SocketConnector.java:99)
	at org.mortbay.jetty.AbstractConnector$Acceptor.run(AbstractConnector.java:708)
	at java.util.concurrent.Executors$RunnableAdapter.call(Executors.java:471)
	at java.util.concurrent.FutureTask.run(FutureTask.java:262)
	at java.util.concurrent.ThreadPoolExecutor.runWorker(ThreadPoolExecutor.java:1145)
	at java.util.concurrent.ThreadPoolExecutor$Worker.run(ThreadPoolExecutor.java:615)
	at java.lang.Thread.run(Thread.java:745)

	Number of locked synchronizers = 1
	- java.util.concurrent.ThreadPoolExecutor$Worker@78dea6f4


&quot;MultiThreadedHttpConnectionManager cleanup&quot; Id=50 Group=main WAITING on java.lang.ref.ReferenceQueue$Lock@188202f7
	at java.lang.Object.wait(Native Method)
	-  waiting on java.lang.ref.ReferenceQueue$Lock@188202f7
	at java.lang.ref.ReferenceQueue.remove(ReferenceQueue.java:135)
	at java.lang.ref.ReferenceQueue.remove(ReferenceQueue.java:151)
	at org.apache.commons.httpclient.MultiThreadedHttpConnectionManager$ReferenceQueueThread.run(MultiThreadedHttpConnectionManager.java:1122)


&quot;TCP slave agent listener port=0&quot; Id=478 Group=main RUNNABLE (in native)
	at sun.nio.ch.ServerSocketChannelImpl.accept0(Native Method)
	at sun.nio.ch.ServerSocketChannelImpl.accept(ServerSocketChannelImpl.java:241)
	-  locked java.lang.Object@6dbffddf
	at hudson.TcpSlaveAgentListener.run(TcpSlaveAgentListener.java:95)


&quot;Timer-1&quot; Id=48 Group=main TIMED_WAITING on java.util.TaskQueue@7f90b2b2
	at java.lang.Object.wait(Native Method)
	-  waiting on java.util.TaskQueue@7f90b2b2
	at java.util.TimerThread.mainLoop(Timer.java:552)
	at java.util.TimerThread.run(Timer.java:505)


&quot;Timer-23&quot; Id=449 Group=main TIMED_WAITING on java.util.TaskQueue@73a6811f
	at java.lang.Object.wait(Native Method)
	-  waiting on java.util.TaskQueue@73a6811f
	at java.util.TimerThread.mainLoop(Timer.java:552)
	at java.util.TimerThread.run(Timer.java:505)


&quot;Timer-24&quot; Id=483 Group=main TIMED_WAITING on java.util.TaskQueue@5628f012
	at java.lang.Object.wait(Native Method)
	-  waiting on java.util.TaskQueue@5628f012
	at java.util.TimerThread.mainLoop(Timer.java:552)
	at java.util.TimerThread.run(Timer.java:505)


&quot;Finalizer&quot; Id=3 Group=system WAITING on java.lang.ref.ReferenceQueue$Lock@71482490
	at java.lang.Object.wait(Native Method)
	-  waiting on java.lang.ref.ReferenceQueue$Lock@71482490
	at java.lang.ref.ReferenceQueue.remove(ReferenceQueue.java:135)
	at java.lang.ref.ReferenceQueue.remove(ReferenceQueue.java:151)
	at java.lang.ref.Finalizer$FinalizerThread.run(Finalizer.java:209)


&quot;Reference Handler&quot; Id=2 Group=system WAITING on java.lang.ref.Reference$Lock@3758a40a
	at java.lang.Object.wait(Native Method)
	-  waiting on java.lang.ref.Reference$Lock@3758a40a
	at java.lang.Object.wait(Object.java:503)
	at java.lang.ref.Reference$ReferenceHandler.run(Reference.java:133)


&quot;Signal Dispatcher&quot; Id=4 Group=system RUNNABLE


</stderr>
          <failedSince>3</failedSince>
        </case>
        <case>
          <duration>0.646</duration>
          <className>hudson.tasks.junit.CaseResultTest</className>
          <testName>testRemoteApiDefaultVisibility</testName>
          <skipped>false</skipped>
          <errorStackTrace>com.gargoylesoftware.htmlunit.FailingHttpStatusCodeException: 404 Not Found for http://localhost:40910/job/test-remoteapi/1/testReport/org.twia.vendor/VendorManagerTest/testCreateAdjustingFirm/api/xml
	at com.gargoylesoftware.htmlunit.WebClient.throwFailingHttpStatusCodeExceptionIfNecessary(WebClient.java:549)
	at com.gargoylesoftware.htmlunit.WebClient.getPage(WebClient.java:333)
	at com.gargoylesoftware.htmlunit.WebClient.getPage(WebClient.java:389)
	at com.gargoylesoftware.htmlunit.WebClient.getPage(WebClient.java:374)
	at org.jvnet.hudson.test.HudsonTestCase$WebClient.goTo(HudsonTestCase.java:1821)
	at hudson.tasks.junit.CaseResultTest.testRemoteApiDefaultVisibility(CaseResultTest.java:134)
</errorStackTrace>
          <errorDetails>404 Not Found for http://localhost:40910/job/test-remoteapi/1/testReport/org.twia.vendor/VendorManagerTest/testCreateAdjustingFirm/api/xml</errorDetails>
          <stdout>=== Starting CaseResultTest.testRemoteApiDefaultVisibility
</stdout>
          <stderr>Dec 08, 2015 4:35:23 PM jenkins.InitReactorRunner$1 onAttained
INFO: Started initialization
Dec 08, 2015 4:35:23 PM jenkins.InitReactorRunner$1 onAttained
INFO: Listed all plugins
Dec 08, 2015 4:35:23 PM jenkins.InitReactorRunner$1 onAttained
INFO: Prepared all plugins
Dec 08, 2015 4:35:23 PM jenkins.InitReactorRunner$1 onAttained
INFO: Started all plugins
Dec 08, 2015 4:35:23 PM jenkins.InitReactorRunner$1 onAttained
INFO: Augmented all extensions
Dec 08, 2015 4:35:23 PM jenkins.InitReactorRunner$1 onAttained
INFO: Loaded all jobs
Dec 08, 2015 4:35:23 PM jenkins.InitReactorRunner$1 onAttained
INFO: Completed initialization
Dec 08, 2015 4:35:23 PM hudson.model.Run execute
INFO: test-remoteapi #1 main build action completed: SUCCESS
Dec 08, 2015 4:35:23 PM com.gargoylesoftware.htmlunit.WebClient printContentIfNecessary
INFO: statusCode=[404] contentType=[text/html]
Dec 08, 2015 4:35:23 PM com.gargoylesoftware.htmlunit.WebClient printContentIfNecessary
INFO: &lt;html&gt;&lt;body&gt;
&lt;h1&gt;404 Not Found&lt;/h1&gt;
&lt;p&gt;Stapler processed this HTTP request as follows, but couldn&apos;t find the resource to consume the request
&lt;pre&gt;
-&gt; evaluate(&amp;lt;hudson.model.Hudson@7cd26088&gt; :hudson.model.Hudson,&quot;/job/test-remoteapi/1/testReport/org.twia.vendor/VendorManagerTest/testCreateAdjustingFirm/api/xml&quot;)
-&gt; evaluate(((StaplerProxy)&amp;lt;hudson.model.Hudson@7cd26088&gt;).getTarget(),&quot;/job/test-remoteapi/1/testReport/org.twia.vendor/VendorManagerTest/testCreateAdjustingFirm/api/xml&quot;)
-&gt; evaluate(&amp;lt;hudson.model.Hudson@7cd26088&gt;.getJob(&quot;test-remoteapi&quot;),&quot;/1/testReport/org.twia.vendor/VendorManagerTest/testCreateAdjustingFirm/api/xml&quot;)
-&gt; evaluate(&amp;lt;hudson.model.FreeStyleProject@4735824e[test-remoteapi]&gt; :hudson.model.FreeStyleProject,&quot;/1/testReport/org.twia.vendor/VendorManagerTest/testCreateAdjustingFirm/api/xml&quot;)
-&gt; evaluate(&amp;lt;hudson.model.FreeStyleProject@4735824e[test-remoteapi]&gt;.getDynamic(&quot;1&quot;,...),&quot;/testReport/org.twia.vendor/VendorManagerTest/testCreateAdjustingFirm/api/xml&quot;)
-&gt; evaluate(&amp;lt;test-remoteapi #1&gt; :hudson.model.FreeStyleBuild,&quot;/testReport/org.twia.vendor/VendorManagerTest/testCreateAdjustingFirm/api/xml&quot;)
-&gt; evaluate(&amp;lt;test-remoteapi #1&gt;.getDynamic(&quot;testReport&quot;,...),&quot;/org.twia.vendor/VendorManagerTest/testCreateAdjustingFirm/api/xml&quot;)
-&gt; evaluate(&amp;lt;hudson.tasks.junit.TestResultAction@589b3e9c&gt; :hudson.tasks.junit.TestResultAction,&quot;/org.twia.vendor/VendorManagerTest/testCreateAdjustingFirm/api/xml&quot;)
-&gt; evaluate(((StaplerProxy)&amp;lt;hudson.tasks.junit.TestResultAction@589b3e9c&gt;).getTarget(),&quot;/org.twia.vendor/VendorManagerTest/testCreateAdjustingFirm/api/xml&quot;)
-&gt; evaluate(&amp;lt;hudson.tasks.junit.TestResult@482b3bca&gt; :hudson.tasks.junit.TestResult,&quot;/org.twia.vendor/VendorManagerTest/testCreateAdjustingFirm/api/xml&quot;)
-&gt; evaluate(&amp;lt;hudson.tasks.junit.TestResult@482b3bca&gt;.getDynamic(&quot;org.twia.vendor&quot;,...),&quot;/VendorManagerTest/testCreateAdjustingFirm/api/xml&quot;)
-&gt; evaluate(&amp;lt;hudson.tasks.junit.PackageResult@7efe765f&gt; :hudson.tasks.junit.PackageResult,&quot;/VendorManagerTest/testCreateAdjustingFirm/api/xml&quot;)
-&gt; evaluate(&amp;lt;hudson.tasks.junit.PackageResult@7efe765f&gt;.getDynamic(&quot;VendorManagerTest&quot;,...),&quot;/testCreateAdjustingFirm/api/xml&quot;)
            hudson.tasks.junit.PackageResult@7efe765f.getDynamic(&quot;VendorManagerTest&quot;,...)==null. Back tracking.
&lt;font color=red&gt;-&amp;gt; No matching rule was found on &amp;lt;hudson.tasks.junit.PackageResult@7efe765f&amp;gt; for &quot;/VendorManagerTest/testCreateAdjustingFirm/api/xml&quot;&lt;/font&gt;
&lt;/pre&gt;
&lt;p&gt;&amp;lt;hudson.tasks.junit.PackageResult@7efe765f&amp;gt; has the following URL mappings, in the order of preference:&lt;ol&gt;
&lt;li&gt;
hudson.tasks.test.TestObject.doSubmitDescription(...) for url=/submitDescription/...
&lt;li&gt;
TOKEN.groovy for url=/TOKEN
&lt;li&gt;
VIEW.jelly for url=/VIEW
&lt;li&gt;
hudson.tasks.junit.PackageResult.getFailedTestsSortedByAge() for url=/failedTestsSortedByAge/...
&lt;li&gt;
hudson.tasks.junit.PackageResult.getSafeName() for url=/safeName/...
&lt;li&gt;
hudson.tasks.junit.PackageResult.getPassedTests() for url=/passedTests/...
&lt;li&gt;
hudson.tasks.junit.PackageResult.getSkippedTests() for url=/skippedTests/...
&lt;li&gt;
hudson.tasks.junit.PackageResult.getPassCount() for url=/passCount/...
&lt;li&gt;
hudson.tasks.junit.PackageResult.getTitle() for url=/title/...
&lt;li&gt;
hudson.tasks.junit.PackageResult.getChildTitle() for url=/childTitle/...
&lt;li&gt;
hudson.tasks.junit.PackageResult.getRun() for url=/run/...
&lt;li&gt;
hudson.tasks.junit.PackageResult.getName() for url=/name/...
&lt;li&gt;
hudson.tasks.junit.PackageResult.getParent() for url=/parent/...
&lt;li&gt;
hudson.tasks.junit.PackageResult.getParent() for url=/parent/...
&lt;li&gt;
hudson.tasks.junit.PackageResult.getParent() for url=/parent/...
&lt;li&gt;
hudson.tasks.junit.PackageResult.getDisplayName() for url=/displayName/...
&lt;li&gt;
hudson.tasks.junit.PackageResult.getChildren() for url=/children/...
&lt;li&gt;
hudson.tasks.junit.PackageResult.getDuration() for url=/duration/...
&lt;li&gt;
hudson.tasks.junit.PackageResult.getFailedTests() for url=/failedTests/...
&lt;li&gt;
hudson.tasks.junit.PackageResult.getFailedTests() for url=/failedTests/...
&lt;li&gt;
hudson.tasks.junit.PackageResult.getFailCount() for url=/failCount/...
&lt;li&gt;
hudson.tasks.junit.PackageResult.getSkipCount() for url=/skipCount/...
&lt;li&gt;
hudson.tasks.test.TestResult.getParentAction() for url=/parentAction/...
&lt;li&gt;
hudson.tasks.test.TestResult.getBuildResult() for url=/buildResult/...
&lt;li&gt;
hudson.tasks.test.TestResult.getFailedSince() for url=/failedSince/...
&lt;li&gt;
hudson.tasks.test.TestResult.getFailedSinceRun() for url=/failedSinceRun/...
&lt;li&gt;
hudson.tasks.test.TestResult.getErrorStackTrace() for url=/errorStackTrace/...
&lt;li&gt;
hudson.tasks.test.TestResult.getErrorDetails() for url=/errorDetails/...
&lt;li&gt;
hudson.tasks.test.TestResult.getStdout() for url=/stdout/...
&lt;li&gt;
hudson.tasks.test.TestResult.getStderr() for url=/stderr/...
&lt;li&gt;
hudson.tasks.test.TestResult.getPreviousResult() for url=/previousResult/...
&lt;li&gt;
hudson.tasks.test.TestResult.getPreviousResult() for url=/previousResult/...
&lt;li&gt;
hudson.tasks.test.TestObject.getTopLevelTestResult() for url=/topLevelTestResult/...
&lt;li&gt;
hudson.tasks.test.TestObject.getTestActions() for url=/testActions/...
&lt;li&gt;
hudson.tasks.test.TestObject.getTestResult() for url=/testResult/...
&lt;li&gt;
hudson.tasks.test.TestObject.getGroupByError() for url=/groupByError/...
&lt;li&gt;
hudson.tasks.test.TestObject.getId() for url=/id/...
&lt;li&gt;
hudson.tasks.test.TestObject.getDescription() for url=/description/...
&lt;li&gt;
hudson.tasks.test.TestObject.getApi() for url=/api/...
&lt;li&gt;
hudson.tasks.test.TestObject.getFullName() for url=/fullName/...
&lt;li&gt;
hudson.tasks.test.TestObject.getFullDisplayName() for url=/fullDisplayName/...
&lt;li&gt;
hudson.tasks.test.TestObject.getSearchUrl() for url=/searchUrl/...
&lt;li&gt;
hudson.tasks.test.TestObject.getUrl() for url=/url/...
&lt;li&gt;
hudson.tasks.test.TestObject.getDurationString() for url=/durationString/...
&lt;li&gt;
hudson.tasks.test.TestObject.getTestResultAction() for url=/testResultAction/...
&lt;li&gt;
hudson.tasks.test.TestObject.getHistory() for url=/history/...
&lt;li&gt;
hudson.tasks.test.TestObject.getTotalCount() for url=/totalCount/...
&lt;li&gt;
hudson.tasks.junit.TestObject.getOwner() for url=/owner/...
&lt;li&gt;
hudson.model.AbstractModelObject.getSearchIndex() for url=/searchIndex/...
&lt;li&gt;
hudson.model.AbstractModelObject.getSearch() for url=/search/...
&lt;li&gt;
hudson.model.AbstractModelObject.getSearchName() for url=/searchName/...
&lt;li&gt;
java.lang.Object.getClass() for url=/class/...
&lt;li&gt;
hudson.tasks.junit.PackageResult.getClassResult(String) for url=/classResult/TOKEN/...
&lt;li&gt;
hudson.tasks.junit.PackageResult.getDynamic(String,StaplerRequest,StaplerResponse) for url=/TOKEN/...
&lt;/ol&gt;
&lt;/body&gt;&lt;/html&gt;

&quot;1471934777@qtp-2066775786-0&quot; Id=46 Group=main TIMED_WAITING on org.mortbay.thread.QueuedThreadPool$PoolThread@57bbf139
	at java.lang.Object.wait(Native Method)
	-  waiting on org.mortbay.thread.QueuedThreadPool$PoolThread@57bbf139
	at org.mortbay.thread.QueuedThreadPool$PoolThread.run(QueuedThreadPool.java:626)


&quot;1841649005@qtp-2066775786-1 - Acceptor0 SocketConnector@0.0.0.0:45441&quot; Id=47 Group=main RUNNABLE (in native)
	at java.net.PlainSocketImpl.socketAccept(Native Method)
	at java.net.AbstractPlainSocketImpl.accept(AbstractPlainSocketImpl.java:398)
	at java.net.ServerSocket.implAccept(ServerSocket.java:530)
	at java.net.ServerSocket.accept(ServerSocket.java:498)
	at org.mortbay.jetty.bio.SocketConnector.accept(SocketConnector.java:99)
	at org.mortbay.jetty.AbstractConnector$Acceptor.run(AbstractConnector.java:708)
	at org.mortbay.thread.QueuedThreadPool$PoolThread.run(QueuedThreadPool.java:582)


&quot;Computer.threadPoolForRemoting [#1]&quot; Id=45 Group=main TIMED_WAITING on java.util.concurrent.SynchronousQueue$TransferStack@74c4058b
	at sun.misc.Unsafe.park(Native Method)
	-  waiting on java.util.concurrent.SynchronousQueue$TransferStack@74c4058b
	at java.util.concurrent.locks.LockSupport.parkNanos(LockSupport.java:226)
	at java.util.concurrent.SynchronousQueue$TransferStack.awaitFulfill(SynchronousQueue.java:460)
	at java.util.concurrent.SynchronousQueue$TransferStack.transfer(SynchronousQueue.java:359)
	at java.util.concurrent.SynchronousQueue.poll(SynchronousQueue.java:942)
	at java.util.concurrent.ThreadPoolExecutor.getTask(ThreadPoolExecutor.java:1068)
	at java.util.concurrent.ThreadPoolExecutor.runWorker(ThreadPoolExecutor.java:1130)
	at java.util.concurrent.ThreadPoolExecutor$Worker.run(ThreadPoolExecutor.java:615)
	at java.lang.Thread.run(Thread.java:745)


&quot;Executing testRemoteApiDefaultVisibility&quot; Id=1 Group=main RUNNABLE
	at sun.management.ThreadImpl.dumpThreads0(Native Method)
	at sun.management.ThreadImpl.dumpAllThreads(ThreadImpl.java:446)
	at hudson.Functions.getThreadInfos(Functions.java:1155)
	at org.jvnet.hudson.test.HudsonTestCase.runTest(HudsonTestCase.java:442)
	at junit.framework.TestCase.runBare(TestCase.java:141)
	at org.jvnet.hudson.test.HudsonTestCase.runBare(HudsonTestCase.java:293)
	at junit.framework.TestResult$1.protect(TestResult.java:122)
	at junit.framework.TestResult.runProtected(TestResult.java:142)
	at junit.framework.TestResult.run(TestResult.java:125)
	at junit.framework.TestCase.run(TestCase.java:129)
	at junit.framework.TestSuite.runTest(TestSuite.java:255)
	at junit.framework.TestSuite.run(TestSuite.java:250)
	at org.junit.internal.runners.JUnit38ClassRunner.run(JUnit38ClassRunner.java:84)
	at org.apache.maven.surefire.junit4.JUnit4Provider.execute(JUnit4Provider.java:264)
	at org.apache.maven.surefire.junit4.JUnit4Provider.executeTestSet(JUnit4Provider.java:153)
	at org.apache.maven.surefire.junit4.JUnit4Provider.invoke(JUnit4Provider.java:124)
	at org.apache.maven.surefire.booter.ForkedBooter.invokeProviderInSameClassLoader(ForkedBooter.java:200)
	at org.apache.maven.surefire.booter.ForkedBooter.runSuitesInProcess(ForkedBooter.java:153)
	at org.apache.maven.surefire.booter.ForkedBooter.main(ForkedBooter.java:103)


&quot;FilePath.localPool [#1]&quot; Id=138 Group=main TIMED_WAITING on java.util.concurrent.SynchronousQueue$TransferStack@1bd471e7
	at sun.misc.Unsafe.park(Native Method)
	-  waiting on java.util.concurrent.SynchronousQueue$TransferStack@1bd471e7
	at java.util.concurrent.locks.LockSupport.parkNanos(LockSupport.java:226)
	at java.util.concurrent.SynchronousQueue$TransferStack.awaitFulfill(SynchronousQueue.java:460)
	at java.util.concurrent.SynchronousQueue$TransferStack.transfer(SynchronousQueue.java:359)
	at java.util.concurrent.SynchronousQueue.poll(SynchronousQueue.java:942)
	at java.util.concurrent.ThreadPoolExecutor.getTask(ThreadPoolExecutor.java:1068)
	at java.util.concurrent.ThreadPoolExecutor.runWorker(ThreadPoolExecutor.java:1130)
	at java.util.concurrent.ThreadPoolExecutor$Worker.run(ThreadPoolExecutor.java:615)
	at java.lang.Thread.run(Thread.java:745)


&quot;FilePath.localPool [#2]&quot; Id=137 Group=main TIMED_WAITING on java.util.concurrent.SynchronousQueue$TransferStack@1bd471e7
	at sun.misc.Unsafe.park(Native Method)
	-  waiting on java.util.concurrent.SynchronousQueue$TransferStack@1bd471e7
	at java.util.concurrent.locks.LockSupport.parkNanos(LockSupport.java:226)
	at java.util.concurrent.SynchronousQueue$TransferStack.awaitFulfill(SynchronousQueue.java:460)
	at java.util.concurrent.SynchronousQueue$TransferStack.transfer(SynchronousQueue.java:359)
	at java.util.concurrent.SynchronousQueue.poll(SynchronousQueue.java:942)
	at java.util.concurrent.ThreadPoolExecutor.getTask(ThreadPoolExecutor.java:1068)
	at java.util.concurrent.ThreadPoolExecutor.runWorker(ThreadPoolExecutor.java:1130)
	at java.util.concurrent.ThreadPoolExecutor$Worker.run(ThreadPoolExecutor.java:615)
	at java.lang.Thread.run(Thread.java:745)


&quot;FilePath.localPool [#3]&quot; Id=139 Group=main TIMED_WAITING on java.util.concurrent.SynchronousQueue$TransferStack@1bd471e7
	at sun.misc.Unsafe.park(Native Method)
	-  waiting on java.util.concurrent.SynchronousQueue$TransferStack@1bd471e7
	at java.util.concurrent.locks.LockSupport.parkNanos(LockSupport.java:226)
	at java.util.concurrent.SynchronousQueue$TransferStack.awaitFulfill(SynchronousQueue.java:460)
	at java.util.concurrent.SynchronousQueue$TransferStack.transfer(SynchronousQueue.java:359)
	at java.util.concurrent.SynchronousQueue.poll(SynchronousQueue.java:942)
	at java.util.concurrent.ThreadPoolExecutor.getTask(ThreadPoolExecutor.java:1068)
	at java.util.concurrent.ThreadPoolExecutor.runWorker(ThreadPoolExecutor.java:1130)
	at java.util.concurrent.ThreadPoolExecutor$Worker.run(ThreadPoolExecutor.java:615)
	at java.lang.Thread.run(Thread.java:745)


&quot;FilePath.localPool [#4]&quot; Id=140 Group=main TIMED_WAITING on java.util.concurrent.SynchronousQueue$TransferStack@1bd471e7
	at sun.misc.Unsafe.park(Native Method)
	-  waiting on java.util.concurrent.SynchronousQueue$TransferStack@1bd471e7
	at java.util.concurrent.locks.LockSupport.parkNanos(LockSupport.java:226)
	at java.util.concurrent.SynchronousQueue$TransferStack.awaitFulfill(SynchronousQueue.java:460)
	at java.util.concurrent.SynchronousQueue$TransferStack.transfer(SynchronousQueue.java:359)
	at java.util.concurrent.SynchronousQueue.poll(SynchronousQueue.java:942)
	at java.util.concurrent.ThreadPoolExecutor.getTask(ThreadPoolExecutor.java:1068)
	at java.util.concurrent.ThreadPoolExecutor.runWorker(ThreadPoolExecutor.java:1130)
	at java.util.concurrent.ThreadPoolExecutor$Worker.run(ThreadPoolExecutor.java:615)
	at java.lang.Thread.run(Thread.java:745)


&quot;FilePath.localPool [#5]&quot; Id=141 Group=main TIMED_WAITING on java.util.concurrent.SynchronousQueue$TransferStack@1bd471e7
	at sun.misc.Unsafe.park(Native Method)
	-  waiting on java.util.concurrent.SynchronousQueue$TransferStack@1bd471e7
	at java.util.concurrent.locks.LockSupport.parkNanos(LockSupport.java:226)
	at java.util.concurrent.SynchronousQueue$TransferStack.awaitFulfill(SynchronousQueue.java:460)
	at java.util.concurrent.SynchronousQueue$TransferStack.transfer(SynchronousQueue.java:359)
	at java.util.concurrent.SynchronousQueue.poll(SynchronousQueue.java:942)
	at java.util.concurrent.ThreadPoolExecutor.getTask(ThreadPoolExecutor.java:1068)
	at java.util.concurrent.ThreadPoolExecutor.runWorker(ThreadPoolExecutor.java:1130)
	at java.util.concurrent.ThreadPoolExecutor$Worker.run(ThreadPoolExecutor.java:615)
	at java.lang.Thread.run(Thread.java:745)


&quot;Jenkins cron thread&quot; Id=492 Group=main WAITING on java.util.TaskQueue@378b29ff
	at java.lang.Object.wait(Native Method)
	-  waiting on java.util.TaskQueue@378b29ff
	at java.lang.Object.wait(Object.java:503)
	at java.util.TimerThread.mainLoop(Timer.java:526)
	at java.util.TimerThread.run(Timer.java:505)


&quot;Jenkins UDP 33849 monitoring thread&quot; Id=520 Group=main RUNNABLE (in native)
	at java.net.PlainDatagramSocketImpl.receive0(Native Method)
	-  locked java.net.PlainDatagramSocketImpl@93c84da
	at java.net.AbstractPlainDatagramSocketImpl.receive(AbstractPlainDatagramSocketImpl.java:145)
	-  locked java.net.PlainDatagramSocketImpl@93c84da
	at java.net.DatagramSocket.receive(DatagramSocket.java:786)
	-  locked java.net.DatagramPacket@17857b44
	-  locked java.net.MulticastSocket@3c5fb96c
	at hudson.UDPBroadcastThread.run(UDPBroadcastThread.java:82)


&quot;jenkins.util.Timer [#10]&quot; Id=518 Group=main WAITING on java.util.concurrent.locks.AbstractQueuedSynchronizer$ConditionObject@4e5909b0
	at sun.misc.Unsafe.park(Native Method)
	-  waiting on java.util.concurrent.locks.AbstractQueuedSynchronizer$ConditionObject@4e5909b0
	at java.util.concurrent.locks.LockSupport.park(LockSupport.java:186)
	at java.util.concurrent.locks.AbstractQueuedSynchronizer$ConditionObject.await(AbstractQueuedSynchronizer.java:2043)
	at java.util.concurrent.ScheduledThreadPoolExecutor$DelayedWorkQueue.take(ScheduledThreadPoolExecutor.java:1085)
	at java.util.concurrent.ScheduledThreadPoolExecutor$DelayedWorkQueue.take(ScheduledThreadPoolExecutor.java:807)
	at java.util.concurrent.ThreadPoolExecutor.getTask(ThreadPoolExecutor.java:1068)
	at java.util.concurrent.ThreadPoolExecutor.runWorker(ThreadPoolExecutor.java:1130)
	at java.util.concurrent.ThreadPoolExecutor$Worker.run(ThreadPoolExecutor.java:615)
	at java.lang.Thread.run(Thread.java:745)


&quot;jenkins.util.Timer [#1]&quot; Id=493 Group=main TIMED_WAITING on java.util.concurrent.locks.AbstractQueuedSynchronizer$ConditionObject@4e5909b0
	at sun.misc.Unsafe.park(Native Method)
	-  waiting on java.util.concurrent.locks.AbstractQueuedSynchronizer$ConditionObject@4e5909b0
	at java.util.concurrent.locks.LockSupport.parkNanos(LockSupport.java:226)
	at java.util.concurrent.locks.AbstractQueuedSynchronizer$ConditionObject.awaitNanos(AbstractQueuedSynchronizer.java:2082)
	at java.util.concurrent.ScheduledThreadPoolExecutor$DelayedWorkQueue.take(ScheduledThreadPoolExecutor.java:1090)
	at java.util.concurrent.ScheduledThreadPoolExecutor$DelayedWorkQueue.take(ScheduledThreadPoolExecutor.java:807)
	at java.util.concurrent.ThreadPoolExecutor.getTask(ThreadPoolExecutor.java:1068)
	at java.util.concurrent.ThreadPoolExecutor.runWorker(ThreadPoolExecutor.java:1130)
	at java.util.concurrent.ThreadPoolExecutor$Worker.run(ThreadPoolExecutor.java:615)
	at java.lang.Thread.run(Thread.java:745)


&quot;jenkins.util.Timer [#2]&quot; Id=510 Group=main TIMED_WAITING on java.util.concurrent.locks.AbstractQueuedSynchronizer$ConditionObject@4e5909b0
	at sun.misc.Unsafe.park(Native Method)
	-  waiting on java.util.concurrent.locks.AbstractQueuedSynchronizer$ConditionObject@4e5909b0
	at java.util.concurrent.locks.LockSupport.parkNanos(LockSupport.java:226)
	at java.util.concurrent.locks.AbstractQueuedSynchronizer$ConditionObject.awaitNanos(AbstractQueuedSynchronizer.java:2082)
	at java.util.concurrent.ScheduledThreadPoolExecutor$DelayedWorkQueue.take(ScheduledThreadPoolExecutor.java:1090)
	at java.util.concurrent.ScheduledThreadPoolExecutor$DelayedWorkQueue.take(ScheduledThreadPoolExecutor.java:807)
	at java.util.concurrent.ThreadPoolExecutor.getTask(ThreadPoolExecutor.java:1068)
	at java.util.concurrent.ThreadPoolExecutor.runWorker(ThreadPoolExecutor.java:1130)
	at java.util.concurrent.ThreadPoolExecutor$Worker.run(ThreadPoolExecutor.java:615)
	at java.lang.Thread.run(Thread.java:745)


&quot;jenkins.util.Timer [#3]&quot; Id=511 Group=main TIMED_WAITING on java.util.concurrent.locks.AbstractQueuedSynchronizer$ConditionObject@4e5909b0
	at sun.misc.Unsafe.park(Native Method)
	-  waiting on java.util.concurrent.locks.AbstractQueuedSynchronizer$ConditionObject@4e5909b0
	at java.util.concurrent.locks.LockSupport.parkNanos(LockSupport.java:226)
	at java.util.concurrent.locks.AbstractQueuedSynchronizer$ConditionObject.awaitNanos(AbstractQueuedSynchronizer.java:2082)
	at java.util.concurrent.ScheduledThreadPoolExecutor$DelayedWorkQueue.take(ScheduledThreadPoolExecutor.java:1090)
	at java.util.concurrent.ScheduledThreadPoolExecutor$DelayedWorkQueue.take(ScheduledThreadPoolExecutor.java:807)
	at java.util.concurrent.ThreadPoolExecutor.getTask(ThreadPoolExecutor.java:1068)
	at java.util.concurrent.ThreadPoolExecutor.runWorker(ThreadPoolExecutor.java:1130)
	at java.util.concurrent.ThreadPoolExecutor$Worker.run(ThreadPoolExecutor.java:615)
	at java.lang.Thread.run(Thread.java:745)


&quot;jenkins.util.Timer [#4]&quot; Id=512 Group=main WAITING on java.util.concurrent.locks.AbstractQueuedSynchronizer$ConditionObject@4e5909b0
	at sun.misc.Unsafe.park(Native Method)
	-  waiting on java.util.concurrent.locks.AbstractQueuedSynchronizer$ConditionObject@4e5909b0
	at java.util.concurrent.locks.LockSupport.park(LockSupport.java:186)
	at java.util.concurrent.locks.AbstractQueuedSynchronizer$ConditionObject.await(AbstractQueuedSynchronizer.java:2043)
	at java.util.concurrent.ScheduledThreadPoolExecutor$DelayedWorkQueue.take(ScheduledThreadPoolExecutor.java:1085)
	at java.util.concurrent.ScheduledThreadPoolExecutor$DelayedWorkQueue.take(ScheduledThreadPoolExecutor.java:807)
	at java.util.concurrent.ThreadPoolExecutor.getTask(ThreadPoolExecutor.java:1068)
	at java.util.concurrent.ThreadPoolExecutor.runWorker(ThreadPoolExecutor.java:1130)
	at java.util.concurrent.ThreadPoolExecutor$Worker.run(ThreadPoolExecutor.java:615)
	at java.lang.Thread.run(Thread.java:745)


&quot;jenkins.util.Timer [#5]&quot; Id=513 Group=main WAITING on java.util.concurrent.locks.AbstractQueuedSynchronizer$ConditionObject@4e5909b0
	at sun.misc.Unsafe.park(Native Method)
	-  waiting on java.util.concurrent.locks.AbstractQueuedSynchronizer$ConditionObject@4e5909b0
	at java.util.concurrent.locks.LockSupport.park(LockSupport.java:186)
	at java.util.concurrent.locks.AbstractQueuedSynchronizer$ConditionObject.await(AbstractQueuedSynchronizer.java:2043)
	at java.util.concurrent.ScheduledThreadPoolExecutor$DelayedWorkQueue.take(ScheduledThreadPoolExecutor.java:1085)
	at java.util.concurrent.ScheduledThreadPoolExecutor$DelayedWorkQueue.take(ScheduledThreadPoolExecutor.java:807)
	at java.util.concurrent.ThreadPoolExecutor.getTask(ThreadPoolExecutor.java:1068)
	at java.util.concurrent.ThreadPoolExecutor.runWorker(ThreadPoolExecutor.java:1130)
	at java.util.concurrent.ThreadPoolExecutor$Worker.run(ThreadPoolExecutor.java:615)
	at java.lang.Thread.run(Thread.java:745)


&quot;jenkins.util.Timer [#6]&quot; Id=514 Group=main WAITING on java.util.concurrent.locks.AbstractQueuedSynchronizer$ConditionObject@4e5909b0
	at sun.misc.Unsafe.park(Native Method)
	-  waiting on java.util.concurrent.locks.AbstractQueuedSynchronizer$ConditionObject@4e5909b0
	at java.util.concurrent.locks.LockSupport.park(LockSupport.java:186)
	at java.util.concurrent.locks.AbstractQueuedSynchronizer$ConditionObject.await(AbstractQueuedSynchronizer.java:2043)
	at java.util.concurrent.ScheduledThreadPoolExecutor$DelayedWorkQueue.take(ScheduledThreadPoolExecutor.java:1085)
	at java.util.concurrent.ScheduledThreadPoolExecutor$DelayedWorkQueue.take(ScheduledThreadPoolExecutor.java:807)
	at java.util.concurrent.ThreadPoolExecutor.getTask(ThreadPoolExecutor.java:1068)
	at java.util.concurrent.ThreadPoolExecutor.runWorker(ThreadPoolExecutor.java:1130)
	at java.util.concurrent.ThreadPoolExecutor$Worker.run(ThreadPoolExecutor.java:615)
	at java.lang.Thread.run(Thread.java:745)


&quot;jenkins.util.Timer [#7]&quot; Id=515 Group=main WAITING on java.util.concurrent.locks.AbstractQueuedSynchronizer$ConditionObject@4e5909b0
	at sun.misc.Unsafe.park(Native Method)
	-  waiting on java.util.concurrent.locks.AbstractQueuedSynchronizer$ConditionObject@4e5909b0
	at java.util.concurrent.locks.LockSupport.park(LockSupport.java:186)
	at java.util.concurrent.locks.AbstractQueuedSynchronizer$ConditionObject.await(AbstractQueuedSynchronizer.java:2043)
	at java.util.concurrent.ScheduledThreadPoolExecutor$DelayedWorkQueue.take(ScheduledThreadPoolExecutor.java:1085)
	at java.util.concurrent.ScheduledThreadPoolExecutor$DelayedWorkQueue.take(ScheduledThreadPoolExecutor.java:807)
	at java.util.concurrent.ThreadPoolExecutor.getTask(ThreadPoolExecutor.java:1068)
	at java.util.concurrent.ThreadPoolExecutor.runWorker(ThreadPoolExecutor.java:1130)
	at java.util.concurrent.ThreadPoolExecutor$Worker.run(ThreadPoolExecutor.java:615)
	at java.lang.Thread.run(Thread.java:745)


&quot;jenkins.util.Timer [#8]&quot; Id=516 Group=main WAITING on java.util.concurrent.locks.AbstractQueuedSynchronizer$ConditionObject@4e5909b0
	at sun.misc.Unsafe.park(Native Method)
	-  waiting on java.util.concurrent.locks.AbstractQueuedSynchronizer$ConditionObject@4e5909b0
	at java.util.concurrent.locks.LockSupport.park(LockSupport.java:186)
	at java.util.concurrent.locks.AbstractQueuedSynchronizer$ConditionObject.await(AbstractQueuedSynchronizer.java:2043)
	at java.util.concurrent.ScheduledThreadPoolExecutor$DelayedWorkQueue.take(ScheduledThreadPoolExecutor.java:1085)
	at java.util.concurrent.ScheduledThreadPoolExecutor$DelayedWorkQueue.take(ScheduledThreadPoolExecutor.java:807)
	at java.util.concurrent.ThreadPoolExecutor.getTask(ThreadPoolExecutor.java:1068)
	at java.util.concurrent.ThreadPoolExecutor.runWorker(ThreadPoolExecutor.java:1130)
	at java.util.concurrent.ThreadPoolExecutor$Worker.run(ThreadPoolExecutor.java:615)
	at java.lang.Thread.run(Thread.java:745)


&quot;jenkins.util.Timer [#9]&quot; Id=517 Group=main WAITING on java.util.concurrent.locks.AbstractQueuedSynchronizer$ConditionObject@4e5909b0
	at sun.misc.Unsafe.park(Native Method)
	-  waiting on java.util.concurrent.locks.AbstractQueuedSynchronizer$ConditionObject@4e5909b0
	at java.util.concurrent.locks.LockSupport.park(LockSupport.java:186)
	at java.util.concurrent.locks.AbstractQueuedSynchronizer$ConditionObject.await(AbstractQueuedSynchronizer.java:2043)
	at java.util.concurrent.ScheduledThreadPoolExecutor$DelayedWorkQueue.take(ScheduledThreadPoolExecutor.java:1085)
	at java.util.concurrent.ScheduledThreadPoolExecutor$DelayedWorkQueue.take(ScheduledThreadPoolExecutor.java:807)
	at java.util.concurrent.ThreadPoolExecutor.getTask(ThreadPoolExecutor.java:1068)
	at java.util.concurrent.ThreadPoolExecutor.runWorker(ThreadPoolExecutor.java:1130)
	at java.util.concurrent.ThreadPoolExecutor$Worker.run(ThreadPoolExecutor.java:615)
	at java.lang.Thread.run(Thread.java:745)


&quot;Jetty Thread Pool&quot; Id=528 Group=main RUNNABLE (in native)
	at java.net.SocketInputStream.socketRead0(Native Method)
	at java.net.SocketInputStream.read(SocketInputStream.java:152)
	at java.net.SocketInputStream.read(SocketInputStream.java:122)
	at org.mortbay.io.ByteArrayBuffer.readFrom(ByteArrayBuffer.java:382)
	at org.mortbay.io.bio.StreamEndPoint.fill(StreamEndPoint.java:114)
	at org.mortbay.jetty.bio.SocketConnector$Connection.fill(SocketConnector.java:198)
	at org.mortbay.jetty.HttpParser.parseNext(HttpParser.java:290)
	at org.mortbay.jetty.HttpParser.parseAvailable(HttpParser.java:212)
	at org.mortbay.jetty.HttpConnection.handle(HttpConnection.java:404)
	at org.mortbay.jetty.bio.SocketConnector$Connection.run(SocketConnector.java:228)
	at java.util.concurrent.Executors$RunnableAdapter.call(Executors.java:471)
	at java.util.concurrent.FutureTask.run(FutureTask.java:262)
	at java.util.concurrent.ThreadPoolExecutor.runWorker(ThreadPoolExecutor.java:1145)
	at java.util.concurrent.ThreadPoolExecutor$Worker.run(ThreadPoolExecutor.java:615)
	at java.lang.Thread.run(Thread.java:745)

	Number of locked synchronizers = 1
	- java.util.concurrent.ThreadPoolExecutor$Worker@7ce663d


&quot;Jetty Thread Pool - Acceptor0 SocketConnector@0.0.0.0:40910&quot; Id=491 Group=main RUNNABLE (in native)
	at java.net.PlainSocketImpl.socketAccept(Native Method)
	at java.net.AbstractPlainSocketImpl.accept(AbstractPlainSocketImpl.java:398)
	at java.net.ServerSocket.implAccept(ServerSocket.java:530)
	at java.net.ServerSocket.accept(ServerSocket.java:498)
	at org.mortbay.jetty.bio.SocketConnector.accept(SocketConnector.java:99)
	at org.mortbay.jetty.AbstractConnector$Acceptor.run(AbstractConnector.java:708)
	at java.util.concurrent.Executors$RunnableAdapter.call(Executors.java:471)
	at java.util.concurrent.FutureTask.run(FutureTask.java:262)
	at java.util.concurrent.ThreadPoolExecutor.runWorker(ThreadPoolExecutor.java:1145)
	at java.util.concurrent.ThreadPoolExecutor$Worker.run(ThreadPoolExecutor.java:615)
	at java.lang.Thread.run(Thread.java:745)

	Number of locked synchronizers = 1
	- java.util.concurrent.ThreadPoolExecutor$Worker@28b7f1f6


&quot;MultiThreadedHttpConnectionManager cleanup&quot; Id=50 Group=main WAITING on java.lang.ref.ReferenceQueue$Lock@188202f7
	at java.lang.Object.wait(Native Method)
	-  waiting on java.lang.ref.ReferenceQueue$Lock@188202f7
	at java.lang.ref.ReferenceQueue.remove(ReferenceQueue.java:135)
	at java.lang.ref.ReferenceQueue.remove(ReferenceQueue.java:151)
	at org.apache.commons.httpclient.MultiThreadedHttpConnectionManager$ReferenceQueueThread.run(MultiThreadedHttpConnectionManager.java:1122)


&quot;TCP slave agent listener port=0&quot; Id=519 Group=main RUNNABLE (in native)
	at sun.nio.ch.ServerSocketChannelImpl.accept0(Native Method)
	at sun.nio.ch.ServerSocketChannelImpl.accept(ServerSocketChannelImpl.java:241)
	-  locked java.lang.Object@3086806b
	at hudson.TcpSlaveAgentListener.run(TcpSlaveAgentListener.java:95)


&quot;Timer-1&quot; Id=48 Group=main TIMED_WAITING on java.util.TaskQueue@7f90b2b2
	at java.lang.Object.wait(Native Method)
	-  waiting on java.util.TaskQueue@7f90b2b2
	at java.util.TimerThread.mainLoop(Timer.java:552)
	at java.util.TimerThread.run(Timer.java:505)


&quot;Timer-25&quot; Id=490 Group=main TIMED_WAITING on java.util.TaskQueue@117240d6
	at java.lang.Object.wait(Native Method)
	-  waiting on java.util.TaskQueue@117240d6
	at java.util.TimerThread.mainLoop(Timer.java:552)
	at java.util.TimerThread.run(Timer.java:505)


&quot;Timer-26&quot; Id=524 Group=main TIMED_WAITING on java.util.TaskQueue@20f262ec
	at java.lang.Object.wait(Native Method)
	-  waiting on java.util.TaskQueue@20f262ec
	at java.util.TimerThread.mainLoop(Timer.java:552)
	at java.util.TimerThread.run(Timer.java:505)


&quot;Finalizer&quot; Id=3 Group=system WAITING on java.lang.ref.ReferenceQueue$Lock@71482490
	at java.lang.Object.wait(Native Method)
	-  waiting on java.lang.ref.ReferenceQueue$Lock@71482490
	at java.lang.ref.ReferenceQueue.remove(ReferenceQueue.java:135)
	at java.lang.ref.ReferenceQueue.remove(ReferenceQueue.java:151)
	at java.lang.ref.Finalizer$FinalizerThread.run(Finalizer.java:209)


&quot;Reference Handler&quot; Id=2 Group=system WAITING on java.lang.ref.Reference$Lock@3758a40a
	at java.lang.Object.wait(Native Method)
	-  waiting on java.lang.ref.Reference$Lock@3758a40a
	at java.lang.Object.wait(Object.java:503)
	at java.lang.ref.Reference$ReferenceHandler.run(Reference.java:133)


&quot;Signal Dispatcher&quot; Id=4 Group=system RUNNABLE


</stderr>
          <failedSince>3</failedSince>
        </case>
        <case>
          <duration>0.61</duration>
          <className>hudson.tasks.junit.CaseResultTest</className>
          <testName>testContentType</testName>
          <skipped>false</skipped>
          <errorStackTrace>com.gargoylesoftware.htmlunit.FailingHttpStatusCodeException: 404 Not Found for http://localhost:41785/job/foo/1/testReport/org.twia.vendor/VendorManagerTest/testCreateAdjustingFirm/
	at com.gargoylesoftware.htmlunit.WebClient.throwFailingHttpStatusCodeExceptionIfNecessary(WebClient.java:549)
	at com.gargoylesoftware.htmlunit.WebClient.getPage(WebClient.java:333)
	at com.gargoylesoftware.htmlunit.WebClient.getPage(WebClient.java:389)
	at com.gargoylesoftware.htmlunit.WebClient.getPage(WebClient.java:374)
	at org.jvnet.hudson.test.HudsonTestCase$WebClient.goTo(HudsonTestCase.java:1821)
	at hudson.tasks.junit.CaseResultTest.testContentType(CaseResultTest.java:192)
</errorStackTrace>
          <errorDetails>404 Not Found for http://localhost:41785/job/foo/1/testReport/org.twia.vendor/VendorManagerTest/testCreateAdjustingFirm/</errorDetails>
          <stdout>=== Starting CaseResultTest.testContentType
</stdout>
          <stderr>Dec 08, 2015 4:35:24 PM jenkins.InitReactorRunner$1 onAttained
INFO: Started initialization
Dec 08, 2015 4:35:24 PM jenkins.InitReactorRunner$1 onAttained
INFO: Listed all plugins
Dec 08, 2015 4:35:24 PM jenkins.InitReactorRunner$1 onAttained
INFO: Prepared all plugins
Dec 08, 2015 4:35:24 PM jenkins.InitReactorRunner$1 onAttained
INFO: Started all plugins
Dec 08, 2015 4:35:24 PM jenkins.InitReactorRunner$1 onAttained
INFO: Augmented all extensions
Dec 08, 2015 4:35:24 PM jenkins.InitReactorRunner$1 onAttained
INFO: Loaded all jobs
Dec 08, 2015 4:35:24 PM jenkins.InitReactorRunner$1 onAttained
INFO: Completed initialization
Dec 08, 2015 4:35:24 PM hudson.model.Run execute
INFO: foo #1 main build action completed: SUCCESS
Dec 08, 2015 4:35:24 PM com.gargoylesoftware.htmlunit.WebClient printContentIfNecessary
INFO: statusCode=[404] contentType=[text/html]
Dec 08, 2015 4:35:24 PM com.gargoylesoftware.htmlunit.WebClient printContentIfNecessary
INFO: &lt;html&gt;&lt;body&gt;
&lt;h1&gt;404 Not Found&lt;/h1&gt;
&lt;p&gt;Stapler processed this HTTP request as follows, but couldn&apos;t find the resource to consume the request
&lt;pre&gt;
-&gt; evaluate(&amp;lt;hudson.model.Hudson@3eea5140&gt; :hudson.model.Hudson,&quot;/job/foo/1/testReport/org.twia.vendor/VendorManagerTest/testCreateAdjustingFirm&quot;)
-&gt; evaluate(((StaplerProxy)&amp;lt;hudson.model.Hudson@3eea5140&gt;).getTarget(),&quot;/job/foo/1/testReport/org.twia.vendor/VendorManagerTest/testCreateAdjustingFirm&quot;)
-&gt; evaluate(&amp;lt;hudson.model.Hudson@3eea5140&gt;.getJob(&quot;foo&quot;),&quot;/1/testReport/org.twia.vendor/VendorManagerTest/testCreateAdjustingFirm&quot;)
-&gt; evaluate(&amp;lt;hudson.model.FreeStyleProject@4f025f06[foo]&gt; :hudson.model.FreeStyleProject,&quot;/1/testReport/org.twia.vendor/VendorManagerTest/testCreateAdjustingFirm&quot;)
-&gt; evaluate(&amp;lt;hudson.model.FreeStyleProject@4f025f06[foo]&gt;.getDynamic(&quot;1&quot;,...),&quot;/testReport/org.twia.vendor/VendorManagerTest/testCreateAdjustingFirm&quot;)
-&gt; evaluate(&amp;lt;foo #1&gt; :hudson.model.FreeStyleBuild,&quot;/testReport/org.twia.vendor/VendorManagerTest/testCreateAdjustingFirm&quot;)
-&gt; evaluate(&amp;lt;foo #1&gt;.getDynamic(&quot;testReport&quot;,...),&quot;/org.twia.vendor/VendorManagerTest/testCreateAdjustingFirm&quot;)
-&gt; evaluate(&amp;lt;hudson.tasks.junit.TestResultAction@1c7e9976&gt; :hudson.tasks.junit.TestResultAction,&quot;/org.twia.vendor/VendorManagerTest/testCreateAdjustingFirm&quot;)
-&gt; evaluate(((StaplerProxy)&amp;lt;hudson.tasks.junit.TestResultAction@1c7e9976&gt;).getTarget(),&quot;/org.twia.vendor/VendorManagerTest/testCreateAdjustingFirm&quot;)
-&gt; evaluate(&amp;lt;hudson.tasks.junit.TestResult@3d14b8c7&gt; :hudson.tasks.junit.TestResult,&quot;/org.twia.vendor/VendorManagerTest/testCreateAdjustingFirm&quot;)
-&gt; evaluate(&amp;lt;hudson.tasks.junit.TestResult@3d14b8c7&gt;.getDynamic(&quot;org.twia.vendor&quot;,...),&quot;/VendorManagerTest/testCreateAdjustingFirm&quot;)
-&gt; evaluate(&amp;lt;hudson.tasks.junit.PackageResult@1856c543&gt; :hudson.tasks.junit.PackageResult,&quot;/VendorManagerTest/testCreateAdjustingFirm&quot;)
-&gt; evaluate(&amp;lt;hudson.tasks.junit.PackageResult@1856c543&gt;.getDynamic(&quot;VendorManagerTest&quot;,...),&quot;/testCreateAdjustingFirm&quot;)
            hudson.tasks.junit.PackageResult@1856c543.getDynamic(&quot;VendorManagerTest&quot;,...)==null. Back tracking.
&lt;font color=red&gt;-&amp;gt; No matching rule was found on &amp;lt;hudson.tasks.junit.PackageResult@1856c543&amp;gt; for &quot;/VendorManagerTest/testCreateAdjustingFirm&quot;&lt;/font&gt;
&lt;/pre&gt;
&lt;p&gt;&amp;lt;hudson.tasks.junit.PackageResult@1856c543&amp;gt; has the following URL mappings, in the order of preference:&lt;ol&gt;
&lt;li&gt;
hudson.tasks.test.TestObject.doSubmitDescription(...) for url=/submitDescription/...
&lt;li&gt;
TOKEN.groovy for url=/TOKEN
&lt;li&gt;
VIEW.jelly for url=/VIEW
&lt;li&gt;
hudson.tasks.junit.PackageResult.getFailedTestsSortedByAge() for url=/failedTestsSortedByAge/...
&lt;li&gt;
hudson.tasks.junit.PackageResult.getSafeName() for url=/safeName/...
&lt;li&gt;
hudson.tasks.junit.PackageResult.getPassedTests() for url=/passedTests/...
&lt;li&gt;
hudson.tasks.junit.PackageResult.getSkippedTests() for url=/skippedTests/...
&lt;li&gt;
hudson.tasks.junit.PackageResult.getPassCount() for url=/passCount/...
&lt;li&gt;
hudson.tasks.junit.PackageResult.getTitle() for url=/title/...
&lt;li&gt;
hudson.tasks.junit.PackageResult.getChildTitle() for url=/childTitle/...
&lt;li&gt;
hudson.tasks.junit.PackageResult.getRun() for url=/run/...
&lt;li&gt;
hudson.tasks.junit.PackageResult.getName() for url=/name/...
&lt;li&gt;
hudson.tasks.junit.PackageResult.getParent() for url=/parent/...
&lt;li&gt;
hudson.tasks.junit.PackageResult.getParent() for url=/parent/...
&lt;li&gt;
hudson.tasks.junit.PackageResult.getParent() for url=/parent/...
&lt;li&gt;
hudson.tasks.junit.PackageResult.getDisplayName() for url=/displayName/...
&lt;li&gt;
hudson.tasks.junit.PackageResult.getChildren() for url=/children/...
&lt;li&gt;
hudson.tasks.junit.PackageResult.getDuration() for url=/duration/...
&lt;li&gt;
hudson.tasks.junit.PackageResult.getFailedTests() for url=/failedTests/...
&lt;li&gt;
hudson.tasks.junit.PackageResult.getFailedTests() for url=/failedTests/...
&lt;li&gt;
hudson.tasks.junit.PackageResult.getFailCount() for url=/failCount/...
&lt;li&gt;
hudson.tasks.junit.PackageResult.getSkipCount() for url=/skipCount/...
&lt;li&gt;
hudson.tasks.test.TestResult.getParentAction() for url=/parentAction/...
&lt;li&gt;
hudson.tasks.test.TestResult.getBuildResult() for url=/buildResult/...
&lt;li&gt;
hudson.tasks.test.TestResult.getFailedSince() for url=/failedSince/...
&lt;li&gt;
hudson.tasks.test.TestResult.getFailedSinceRun() for url=/failedSinceRun/...
&lt;li&gt;
hudson.tasks.test.TestResult.getErrorStackTrace() for url=/errorStackTrace/...
&lt;li&gt;
hudson.tasks.test.TestResult.getErrorDetails() for url=/errorDetails/...
&lt;li&gt;
hudson.tasks.test.TestResult.getStdout() for url=/stdout/...
&lt;li&gt;
hudson.tasks.test.TestResult.getStderr() for url=/stderr/...
&lt;li&gt;
hudson.tasks.test.TestResult.getPreviousResult() for url=/previousResult/...
&lt;li&gt;
hudson.tasks.test.TestResult.getPreviousResult() for url=/previousResult/...
&lt;li&gt;
hudson.tasks.test.TestObject.getTopLevelTestResult() for url=/topLevelTestResult/...
&lt;li&gt;
hudson.tasks.test.TestObject.getTestActions() for url=/testActions/...
&lt;li&gt;
hudson.tasks.test.TestObject.getTestResult() for url=/testResult/...
&lt;li&gt;
hudson.tasks.test.TestObject.getGroupByError() for url=/groupByError/...
&lt;li&gt;
hudson.tasks.test.TestObject.getId() for url=/id/...
&lt;li&gt;
hudson.tasks.test.TestObject.getDescription() for url=/description/...
&lt;li&gt;
hudson.tasks.test.TestObject.getApi() for url=/api/...
&lt;li&gt;
hudson.tasks.test.TestObject.getFullName() for url=/fullName/...
&lt;li&gt;
hudson.tasks.test.TestObject.getFullDisplayName() for url=/fullDisplayName/...
&lt;li&gt;
hudson.tasks.test.TestObject.getSearchUrl() for url=/searchUrl/...
&lt;li&gt;
hudson.tasks.test.TestObject.getUrl() for url=/url/...
&lt;li&gt;
hudson.tasks.test.TestObject.getDurationString() for url=/durationString/...
&lt;li&gt;
hudson.tasks.test.TestObject.getTestResultAction() for url=/testResultAction/...
&lt;li&gt;
hudson.tasks.test.TestObject.getHistory() for url=/history/...
&lt;li&gt;
hudson.tasks.test.TestObject.getTotalCount() for url=/totalCount/...
&lt;li&gt;
hudson.tasks.junit.TestObject.getOwner() for url=/owner/...
&lt;li&gt;
hudson.model.AbstractModelObject.getSearchIndex() for url=/searchIndex/...
&lt;li&gt;
hudson.model.AbstractModelObject.getSearch() for url=/search/...
&lt;li&gt;
hudson.model.AbstractModelObject.getSearchName() for url=/searchName/...
&lt;li&gt;
java.lang.Object.getClass() for url=/class/...
&lt;li&gt;
hudson.tasks.junit.PackageResult.getClassResult(String) for url=/classResult/TOKEN/...
&lt;li&gt;
hudson.tasks.junit.PackageResult.getDynamic(String,StaplerRequest,StaplerResponse) for url=/TOKEN/...
&lt;/ol&gt;
&lt;/body&gt;&lt;/html&gt;

&quot;1471934777@qtp-2066775786-0&quot; Id=46 Group=main TIMED_WAITING on org.mortbay.thread.QueuedThreadPool$PoolThread@57bbf139
	at java.lang.Object.wait(Native Method)
	-  waiting on org.mortbay.thread.QueuedThreadPool$PoolThread@57bbf139
	at org.mortbay.thread.QueuedThreadPool$PoolThread.run(QueuedThreadPool.java:626)


&quot;1841649005@qtp-2066775786-1 - Acceptor0 SocketConnector@0.0.0.0:45441&quot; Id=47 Group=main RUNNABLE (in native)
	at java.net.PlainSocketImpl.socketAccept(Native Method)
	at java.net.AbstractPlainSocketImpl.accept(AbstractPlainSocketImpl.java:398)
	at java.net.ServerSocket.implAccept(ServerSocket.java:530)
	at java.net.ServerSocket.accept(ServerSocket.java:498)
	at org.mortbay.jetty.bio.SocketConnector.accept(SocketConnector.java:99)
	at org.mortbay.jetty.AbstractConnector$Acceptor.run(AbstractConnector.java:708)
	at org.mortbay.thread.QueuedThreadPool$PoolThread.run(QueuedThreadPool.java:582)


&quot;Computer.threadPoolForRemoting [#1]&quot; Id=45 Group=main TIMED_WAITING on java.util.concurrent.SynchronousQueue$TransferStack@74c4058b
	at sun.misc.Unsafe.park(Native Method)
	-  waiting on java.util.concurrent.SynchronousQueue$TransferStack@74c4058b
	at java.util.concurrent.locks.LockSupport.parkNanos(LockSupport.java:226)
	at java.util.concurrent.SynchronousQueue$TransferStack.awaitFulfill(SynchronousQueue.java:460)
	at java.util.concurrent.SynchronousQueue$TransferStack.transfer(SynchronousQueue.java:359)
	at java.util.concurrent.SynchronousQueue.poll(SynchronousQueue.java:942)
	at java.util.concurrent.ThreadPoolExecutor.getTask(ThreadPoolExecutor.java:1068)
	at java.util.concurrent.ThreadPoolExecutor.runWorker(ThreadPoolExecutor.java:1130)
	at java.util.concurrent.ThreadPoolExecutor$Worker.run(ThreadPoolExecutor.java:615)
	at java.lang.Thread.run(Thread.java:745)


&quot;Executing testContentType&quot; Id=1 Group=main RUNNABLE
	at sun.management.ThreadImpl.dumpThreads0(Native Method)
	at sun.management.ThreadImpl.dumpAllThreads(ThreadImpl.java:446)
	at hudson.Functions.getThreadInfos(Functions.java:1155)
	at org.jvnet.hudson.test.HudsonTestCase.runTest(HudsonTestCase.java:442)
	at junit.framework.TestCase.runBare(TestCase.java:141)
	at org.jvnet.hudson.test.HudsonTestCase.runBare(HudsonTestCase.java:293)
	at junit.framework.TestResult$1.protect(TestResult.java:122)
	at junit.framework.TestResult.runProtected(TestResult.java:142)
	at junit.framework.TestResult.run(TestResult.java:125)
	at junit.framework.TestCase.run(TestCase.java:129)
	at junit.framework.TestSuite.runTest(TestSuite.java:255)
	at junit.framework.TestSuite.run(TestSuite.java:250)
	at org.junit.internal.runners.JUnit38ClassRunner.run(JUnit38ClassRunner.java:84)
	at org.apache.maven.surefire.junit4.JUnit4Provider.execute(JUnit4Provider.java:264)
	at org.apache.maven.surefire.junit4.JUnit4Provider.executeTestSet(JUnit4Provider.java:153)
	at org.apache.maven.surefire.junit4.JUnit4Provider.invoke(JUnit4Provider.java:124)
	at org.apache.maven.surefire.booter.ForkedBooter.invokeProviderInSameClassLoader(ForkedBooter.java:200)
	at org.apache.maven.surefire.booter.ForkedBooter.runSuitesInProcess(ForkedBooter.java:153)
	at org.apache.maven.surefire.booter.ForkedBooter.main(ForkedBooter.java:103)


&quot;FilePath.localPool [#1]&quot; Id=138 Group=main TIMED_WAITING on java.util.concurrent.SynchronousQueue$TransferStack@1bd471e7
	at sun.misc.Unsafe.park(Native Method)
	-  waiting on java.util.concurrent.SynchronousQueue$TransferStack@1bd471e7
	at java.util.concurrent.locks.LockSupport.parkNanos(LockSupport.java:226)
	at java.util.concurrent.SynchronousQueue$TransferStack.awaitFulfill(SynchronousQueue.java:460)
	at java.util.concurrent.SynchronousQueue$TransferStack.transfer(SynchronousQueue.java:359)
	at java.util.concurrent.SynchronousQueue.poll(SynchronousQueue.java:942)
	at java.util.concurrent.ThreadPoolExecutor.getTask(ThreadPoolExecutor.java:1068)
	at java.util.concurrent.ThreadPoolExecutor.runWorker(ThreadPoolExecutor.java:1130)
	at java.util.concurrent.ThreadPoolExecutor$Worker.run(ThreadPoolExecutor.java:615)
	at java.lang.Thread.run(Thread.java:745)


&quot;FilePath.localPool [#2]&quot; Id=137 Group=main TIMED_WAITING on java.util.concurrent.SynchronousQueue$TransferStack@1bd471e7
	at sun.misc.Unsafe.park(Native Method)
	-  waiting on java.util.concurrent.SynchronousQueue$TransferStack@1bd471e7
	at java.util.concurrent.locks.LockSupport.parkNanos(LockSupport.java:226)
	at java.util.concurrent.SynchronousQueue$TransferStack.awaitFulfill(SynchronousQueue.java:460)
	at java.util.concurrent.SynchronousQueue$TransferStack.transfer(SynchronousQueue.java:359)
	at java.util.concurrent.SynchronousQueue.poll(SynchronousQueue.java:942)
	at java.util.concurrent.ThreadPoolExecutor.getTask(ThreadPoolExecutor.java:1068)
	at java.util.concurrent.ThreadPoolExecutor.runWorker(ThreadPoolExecutor.java:1130)
	at java.util.concurrent.ThreadPoolExecutor$Worker.run(ThreadPoolExecutor.java:615)
	at java.lang.Thread.run(Thread.java:745)


&quot;FilePath.localPool [#3]&quot; Id=139 Group=main TIMED_WAITING on java.util.concurrent.SynchronousQueue$TransferStack@1bd471e7
	at sun.misc.Unsafe.park(Native Method)
	-  waiting on java.util.concurrent.SynchronousQueue$TransferStack@1bd471e7
	at java.util.concurrent.locks.LockSupport.parkNanos(LockSupport.java:226)
	at java.util.concurrent.SynchronousQueue$TransferStack.awaitFulfill(SynchronousQueue.java:460)
	at java.util.concurrent.SynchronousQueue$TransferStack.transfer(SynchronousQueue.java:359)
	at java.util.concurrent.SynchronousQueue.poll(SynchronousQueue.java:942)
	at java.util.concurrent.ThreadPoolExecutor.getTask(ThreadPoolExecutor.java:1068)
	at java.util.concurrent.ThreadPoolExecutor.runWorker(ThreadPoolExecutor.java:1130)
	at java.util.concurrent.ThreadPoolExecutor$Worker.run(ThreadPoolExecutor.java:615)
	at java.lang.Thread.run(Thread.java:745)


&quot;FilePath.localPool [#4]&quot; Id=140 Group=main TIMED_WAITING on java.util.concurrent.SynchronousQueue$TransferStack@1bd471e7
	at sun.misc.Unsafe.park(Native Method)
	-  waiting on java.util.concurrent.SynchronousQueue$TransferStack@1bd471e7
	at java.util.concurrent.locks.LockSupport.parkNanos(LockSupport.java:226)
	at java.util.concurrent.SynchronousQueue$TransferStack.awaitFulfill(SynchronousQueue.java:460)
	at java.util.concurrent.SynchronousQueue$TransferStack.transfer(SynchronousQueue.java:359)
	at java.util.concurrent.SynchronousQueue.poll(SynchronousQueue.java:942)
	at java.util.concurrent.ThreadPoolExecutor.getTask(ThreadPoolExecutor.java:1068)
	at java.util.concurrent.ThreadPoolExecutor.runWorker(ThreadPoolExecutor.java:1130)
	at java.util.concurrent.ThreadPoolExecutor$Worker.run(ThreadPoolExecutor.java:615)
	at java.lang.Thread.run(Thread.java:745)


&quot;FilePath.localPool [#5]&quot; Id=141 Group=main TIMED_WAITING on java.util.concurrent.SynchronousQueue$TransferStack@1bd471e7
	at sun.misc.Unsafe.park(Native Method)
	-  waiting on java.util.concurrent.SynchronousQueue$TransferStack@1bd471e7
	at java.util.concurrent.locks.LockSupport.parkNanos(LockSupport.java:226)
	at java.util.concurrent.SynchronousQueue$TransferStack.awaitFulfill(SynchronousQueue.java:460)
	at java.util.concurrent.SynchronousQueue$TransferStack.transfer(SynchronousQueue.java:359)
	at java.util.concurrent.SynchronousQueue.poll(SynchronousQueue.java:942)
	at java.util.concurrent.ThreadPoolExecutor.getTask(ThreadPoolExecutor.java:1068)
	at java.util.concurrent.ThreadPoolExecutor.runWorker(ThreadPoolExecutor.java:1130)
	at java.util.concurrent.ThreadPoolExecutor$Worker.run(ThreadPoolExecutor.java:615)
	at java.lang.Thread.run(Thread.java:745)


&quot;Jenkins cron thread&quot; Id=533 Group=main WAITING on java.util.TaskQueue@15c56b24
	at java.lang.Object.wait(Native Method)
	-  waiting on java.util.TaskQueue@15c56b24
	at java.lang.Object.wait(Object.java:503)
	at java.util.TimerThread.mainLoop(Timer.java:526)
	at java.util.TimerThread.run(Timer.java:505)


&quot;Jenkins UDP 33849 monitoring thread&quot; Id=561 Group=main RUNNABLE (in native)
	at java.net.PlainDatagramSocketImpl.receive0(Native Method)
	-  locked java.net.PlainDatagramSocketImpl@48bc6b39
	at java.net.AbstractPlainDatagramSocketImpl.receive(AbstractPlainDatagramSocketImpl.java:145)
	-  locked java.net.PlainDatagramSocketImpl@48bc6b39
	at java.net.DatagramSocket.receive(DatagramSocket.java:786)
	-  locked java.net.DatagramPacket@64e32491
	-  locked java.net.MulticastSocket@7c75df55
	at hudson.UDPBroadcastThread.run(UDPBroadcastThread.java:82)


&quot;jenkins.util.Timer [#10]&quot; Id=559 Group=main WAITING on java.util.concurrent.locks.AbstractQueuedSynchronizer$ConditionObject@70fd8b50
	at sun.misc.Unsafe.park(Native Method)
	-  waiting on java.util.concurrent.locks.AbstractQueuedSynchronizer$ConditionObject@70fd8b50
	at java.util.concurrent.locks.LockSupport.park(LockSupport.java:186)
	at java.util.concurrent.locks.AbstractQueuedSynchronizer$ConditionObject.await(AbstractQueuedSynchronizer.java:2043)
	at java.util.concurrent.ScheduledThreadPoolExecutor$DelayedWorkQueue.take(ScheduledThreadPoolExecutor.java:1085)
	at java.util.concurrent.ScheduledThreadPoolExecutor$DelayedWorkQueue.take(ScheduledThreadPoolExecutor.java:807)
	at java.util.concurrent.ThreadPoolExecutor.getTask(ThreadPoolExecutor.java:1068)
	at java.util.concurrent.ThreadPoolExecutor.runWorker(ThreadPoolExecutor.java:1130)
	at java.util.concurrent.ThreadPoolExecutor$Worker.run(ThreadPoolExecutor.java:615)
	at java.lang.Thread.run(Thread.java:745)


&quot;jenkins.util.Timer [#1]&quot; Id=534 Group=main TIMED_WAITING on java.util.concurrent.locks.AbstractQueuedSynchronizer$ConditionObject@70fd8b50
	at sun.misc.Unsafe.park(Native Method)
	-  waiting on java.util.concurrent.locks.AbstractQueuedSynchronizer$ConditionObject@70fd8b50
	at java.util.concurrent.locks.LockSupport.parkNanos(LockSupport.java:226)
	at java.util.concurrent.locks.AbstractQueuedSynchronizer$ConditionObject.awaitNanos(AbstractQueuedSynchronizer.java:2082)
	at java.util.concurrent.ScheduledThreadPoolExecutor$DelayedWorkQueue.take(ScheduledThreadPoolExecutor.java:1090)
	at java.util.concurrent.ScheduledThreadPoolExecutor$DelayedWorkQueue.take(ScheduledThreadPoolExecutor.java:807)
	at java.util.concurrent.ThreadPoolExecutor.getTask(ThreadPoolExecutor.java:1068)
	at java.util.concurrent.ThreadPoolExecutor.runWorker(ThreadPoolExecutor.java:1130)
	at java.util.concurrent.ThreadPoolExecutor$Worker.run(ThreadPoolExecutor.java:615)
	at java.lang.Thread.run(Thread.java:745)


&quot;jenkins.util.Timer [#2]&quot; Id=551 Group=main WAITING on java.util.concurrent.locks.AbstractQueuedSynchronizer$ConditionObject@70fd8b50
	at sun.misc.Unsafe.park(Native Method)
	-  waiting on java.util.concurrent.locks.AbstractQueuedSynchronizer$ConditionObject@70fd8b50
	at java.util.concurrent.locks.LockSupport.park(LockSupport.java:186)
	at java.util.concurrent.locks.AbstractQueuedSynchronizer$ConditionObject.await(AbstractQueuedSynchronizer.java:2043)
	at java.util.concurrent.ScheduledThreadPoolExecutor$DelayedWorkQueue.take(ScheduledThreadPoolExecutor.java:1085)
	at java.util.concurrent.ScheduledThreadPoolExecutor$DelayedWorkQueue.take(ScheduledThreadPoolExecutor.java:807)
	at java.util.concurrent.ThreadPoolExecutor.getTask(ThreadPoolExecutor.java:1068)
	at java.util.concurrent.ThreadPoolExecutor.runWorker(ThreadPoolExecutor.java:1130)
	at java.util.concurrent.ThreadPoolExecutor$Worker.run(ThreadPoolExecutor.java:615)
	at java.lang.Thread.run(Thread.java:745)


&quot;jenkins.util.Timer [#3]&quot; Id=552 Group=main TIMED_WAITING on java.util.concurrent.locks.AbstractQueuedSynchronizer$ConditionObject@70fd8b50
	at sun.misc.Unsafe.park(Native Method)
	-  waiting on java.util.concurrent.locks.AbstractQueuedSynchronizer$ConditionObject@70fd8b50
	at java.util.concurrent.locks.LockSupport.parkNanos(LockSupport.java:226)
	at java.util.concurrent.locks.AbstractQueuedSynchronizer$ConditionObject.awaitNanos(AbstractQueuedSynchronizer.java:2082)
	at java.util.concurrent.ScheduledThreadPoolExecutor$DelayedWorkQueue.take(ScheduledThreadPoolExecutor.java:1090)
	at java.util.concurrent.ScheduledThreadPoolExecutor$DelayedWorkQueue.take(ScheduledThreadPoolExecutor.java:807)
	at java.util.concurrent.ThreadPoolExecutor.getTask(ThreadPoolExecutor.java:1068)
	at java.util.concurrent.ThreadPoolExecutor.runWorker(ThreadPoolExecutor.java:1130)
	at java.util.concurrent.ThreadPoolExecutor$Worker.run(ThreadPoolExecutor.java:615)
	at java.lang.Thread.run(Thread.java:745)


&quot;jenkins.util.Timer [#4]&quot; Id=553 Group=main WAITING on java.util.concurrent.locks.AbstractQueuedSynchronizer$ConditionObject@70fd8b50
	at sun.misc.Unsafe.park(Native Method)
	-  waiting on java.util.concurrent.locks.AbstractQueuedSynchronizer$ConditionObject@70fd8b50
	at java.util.concurrent.locks.LockSupport.park(LockSupport.java:186)
	at java.util.concurrent.locks.AbstractQueuedSynchronizer$ConditionObject.await(AbstractQueuedSynchronizer.java:2043)
	at java.util.concurrent.ScheduledThreadPoolExecutor$DelayedWorkQueue.take(ScheduledThreadPoolExecutor.java:1085)
	at java.util.concurrent.ScheduledThreadPoolExecutor$DelayedWorkQueue.take(ScheduledThreadPoolExecutor.java:807)
	at java.util.concurrent.ThreadPoolExecutor.getTask(ThreadPoolExecutor.java:1068)
	at java.util.concurrent.ThreadPoolExecutor.runWorker(ThreadPoolExecutor.java:1130)
	at java.util.concurrent.ThreadPoolExecutor$Worker.run(ThreadPoolExecutor.java:615)
	at java.lang.Thread.run(Thread.java:745)


&quot;jenkins.util.Timer [#5]&quot; Id=554 Group=main WAITING on java.util.concurrent.locks.AbstractQueuedSynchronizer$ConditionObject@70fd8b50
	at sun.misc.Unsafe.park(Native Method)
	-  waiting on java.util.concurrent.locks.AbstractQueuedSynchronizer$ConditionObject@70fd8b50
	at java.util.concurrent.locks.LockSupport.park(LockSupport.java:186)
	at java.util.concurrent.locks.AbstractQueuedSynchronizer$ConditionObject.await(AbstractQueuedSynchronizer.java:2043)
	at java.util.concurrent.ScheduledThreadPoolExecutor$DelayedWorkQueue.take(ScheduledThreadPoolExecutor.java:1085)
	at java.util.concurrent.ScheduledThreadPoolExecutor$DelayedWorkQueue.take(ScheduledThreadPoolExecutor.java:807)
	at java.util.concurrent.ThreadPoolExecutor.getTask(ThreadPoolExecutor.java:1068)
	at java.util.concurrent.ThreadPoolExecutor.runWorker(ThreadPoolExecutor.java:1130)
	at java.util.concurrent.ThreadPoolExecutor$Worker.run(ThreadPoolExecutor.java:615)
	at java.lang.Thread.run(Thread.java:745)


&quot;jenkins.util.Timer [#6]&quot; Id=555 Group=main WAITING on java.util.concurrent.locks.AbstractQueuedSynchronizer$ConditionObject@70fd8b50
	at sun.misc.Unsafe.park(Native Method)
	-  waiting on java.util.concurrent.locks.AbstractQueuedSynchronizer$ConditionObject@70fd8b50
	at java.util.concurrent.locks.LockSupport.park(LockSupport.java:186)
	at java.util.concurrent.locks.AbstractQueuedSynchronizer$ConditionObject.await(AbstractQueuedSynchronizer.java:2043)
	at java.util.concurrent.ScheduledThreadPoolExecutor$DelayedWorkQueue.take(ScheduledThreadPoolExecutor.java:1085)
	at java.util.concurrent.ScheduledThreadPoolExecutor$DelayedWorkQueue.take(ScheduledThreadPoolExecutor.java:807)
	at java.util.concurrent.ThreadPoolExecutor.getTask(ThreadPoolExecutor.java:1068)
	at java.util.concurrent.ThreadPoolExecutor.runWorker(ThreadPoolExecutor.java:1130)
	at java.util.concurrent.ThreadPoolExecutor$Worker.run(ThreadPoolExecutor.java:615)
	at java.lang.Thread.run(Thread.java:745)


&quot;jenkins.util.Timer [#7]&quot; Id=556 Group=main WAITING on java.util.concurrent.locks.AbstractQueuedSynchronizer$ConditionObject@70fd8b50
	at sun.misc.Unsafe.park(Native Method)
	-  waiting on java.util.concurrent.locks.AbstractQueuedSynchronizer$ConditionObject@70fd8b50
	at java.util.concurrent.locks.LockSupport.park(LockSupport.java:186)
	at java.util.concurrent.locks.AbstractQueuedSynchronizer$ConditionObject.await(AbstractQueuedSynchronizer.java:2043)
	at java.util.concurrent.ScheduledThreadPoolExecutor$DelayedWorkQueue.take(ScheduledThreadPoolExecutor.java:1085)
	at java.util.concurrent.ScheduledThreadPoolExecutor$DelayedWorkQueue.take(ScheduledThreadPoolExecutor.java:807)
	at java.util.concurrent.ThreadPoolExecutor.getTask(ThreadPoolExecutor.java:1068)
	at java.util.concurrent.ThreadPoolExecutor.runWorker(ThreadPoolExecutor.java:1130)
	at java.util.concurrent.ThreadPoolExecutor$Worker.run(ThreadPoolExecutor.java:615)
	at java.lang.Thread.run(Thread.java:745)


&quot;jenkins.util.Timer [#8]&quot; Id=557 Group=main WAITING on java.util.concurrent.locks.AbstractQueuedSynchronizer$ConditionObject@70fd8b50
	at sun.misc.Unsafe.park(Native Method)
	-  waiting on java.util.concurrent.locks.AbstractQueuedSynchronizer$ConditionObject@70fd8b50
	at java.util.concurrent.locks.LockSupport.park(LockSupport.java:186)
	at java.util.concurrent.locks.AbstractQueuedSynchronizer$ConditionObject.await(AbstractQueuedSynchronizer.java:2043)
	at java.util.concurrent.ScheduledThreadPoolExecutor$DelayedWorkQueue.take(ScheduledThreadPoolExecutor.java:1085)
	at java.util.concurrent.ScheduledThreadPoolExecutor$DelayedWorkQueue.take(ScheduledThreadPoolExecutor.java:807)
	at java.util.concurrent.ThreadPoolExecutor.getTask(ThreadPoolExecutor.java:1068)
	at java.util.concurrent.ThreadPoolExecutor.runWorker(ThreadPoolExecutor.java:1130)
	at java.util.concurrent.ThreadPoolExecutor$Worker.run(ThreadPoolExecutor.java:615)
	at java.lang.Thread.run(Thread.java:745)


&quot;jenkins.util.Timer [#9]&quot; Id=558 Group=main WAITING on java.util.concurrent.locks.AbstractQueuedSynchronizer$ConditionObject@70fd8b50
	at sun.misc.Unsafe.park(Native Method)
	-  waiting on java.util.concurrent.locks.AbstractQueuedSynchronizer$ConditionObject@70fd8b50
	at java.util.concurrent.locks.LockSupport.park(LockSupport.java:186)
	at java.util.concurrent.locks.AbstractQueuedSynchronizer$ConditionObject.await(AbstractQueuedSynchronizer.java:2043)
	at java.util.concurrent.ScheduledThreadPoolExecutor$DelayedWorkQueue.take(ScheduledThreadPoolExecutor.java:1085)
	at java.util.concurrent.ScheduledThreadPoolExecutor$DelayedWorkQueue.take(ScheduledThreadPoolExecutor.java:807)
	at java.util.concurrent.ThreadPoolExecutor.getTask(ThreadPoolExecutor.java:1068)
	at java.util.concurrent.ThreadPoolExecutor.runWorker(ThreadPoolExecutor.java:1130)
	at java.util.concurrent.ThreadPoolExecutor$Worker.run(ThreadPoolExecutor.java:615)
	at java.lang.Thread.run(Thread.java:745)


&quot;Jetty Thread Pool&quot; Id=569 Group=main RUNNABLE (in native)
	at java.net.SocketInputStream.socketRead0(Native Method)
	at java.net.SocketInputStream.read(SocketInputStream.java:152)
	at java.net.SocketInputStream.read(SocketInputStream.java:122)
	at org.mortbay.io.ByteArrayBuffer.readFrom(ByteArrayBuffer.java:382)
	at org.mortbay.io.bio.StreamEndPoint.fill(StreamEndPoint.java:114)
	at org.mortbay.jetty.bio.SocketConnector$Connection.fill(SocketConnector.java:198)
	at org.mortbay.jetty.HttpParser.parseNext(HttpParser.java:290)
	at org.mortbay.jetty.HttpParser.parseAvailable(HttpParser.java:212)
	at org.mortbay.jetty.HttpConnection.handle(HttpConnection.java:404)
	at org.mortbay.jetty.bio.SocketConnector$Connection.run(SocketConnector.java:228)
	at java.util.concurrent.Executors$RunnableAdapter.call(Executors.java:471)
	at java.util.concurrent.FutureTask.run(FutureTask.java:262)
	at java.util.concurrent.ThreadPoolExecutor.runWorker(ThreadPoolExecutor.java:1145)
	at java.util.concurrent.ThreadPoolExecutor$Worker.run(ThreadPoolExecutor.java:615)
	at java.lang.Thread.run(Thread.java:745)

	Number of locked synchronizers = 1
	- java.util.concurrent.ThreadPoolExecutor$Worker@71f58b61


&quot;Jetty Thread Pool - Acceptor0 SocketConnector@0.0.0.0:41785&quot; Id=532 Group=main RUNNABLE (in native)
	at java.net.PlainSocketImpl.socketAccept(Native Method)
	at java.net.AbstractPlainSocketImpl.accept(AbstractPlainSocketImpl.java:398)
	at java.net.ServerSocket.implAccept(ServerSocket.java:530)
	at java.net.ServerSocket.accept(ServerSocket.java:498)
	at org.mortbay.jetty.bio.SocketConnector.accept(SocketConnector.java:99)
	at org.mortbay.jetty.AbstractConnector$Acceptor.run(AbstractConnector.java:708)
	at java.util.concurrent.Executors$RunnableAdapter.call(Executors.java:471)
	at java.util.concurrent.FutureTask.run(FutureTask.java:262)
	at java.util.concurrent.ThreadPoolExecutor.runWorker(ThreadPoolExecutor.java:1145)
	at java.util.concurrent.ThreadPoolExecutor$Worker.run(ThreadPoolExecutor.java:615)
	at java.lang.Thread.run(Thread.java:745)

	Number of locked synchronizers = 1
	- java.util.concurrent.ThreadPoolExecutor$Worker@c7206a0


&quot;MultiThreadedHttpConnectionManager cleanup&quot; Id=50 Group=main WAITING on java.lang.ref.ReferenceQueue$Lock@188202f7
	at java.lang.Object.wait(Native Method)
	-  waiting on java.lang.ref.ReferenceQueue$Lock@188202f7
	at java.lang.ref.ReferenceQueue.remove(ReferenceQueue.java:135)
	at java.lang.ref.ReferenceQueue.remove(ReferenceQueue.java:151)
	at org.apache.commons.httpclient.MultiThreadedHttpConnectionManager$ReferenceQueueThread.run(MultiThreadedHttpConnectionManager.java:1122)


&quot;TCP slave agent listener port=0&quot; Id=560 Group=main RUNNABLE (in native)
	at sun.nio.ch.ServerSocketChannelImpl.accept0(Native Method)
	at sun.nio.ch.ServerSocketChannelImpl.accept(ServerSocketChannelImpl.java:241)
	-  locked java.lang.Object@1e998549
	at hudson.TcpSlaveAgentListener.run(TcpSlaveAgentListener.java:95)


&quot;Timer-1&quot; Id=48 Group=main TIMED_WAITING on java.util.TaskQueue@7f90b2b2
	at java.lang.Object.wait(Native Method)
	-  waiting on java.util.TaskQueue@7f90b2b2
	at java.util.TimerThread.mainLoop(Timer.java:552)
	at java.util.TimerThread.run(Timer.java:505)


&quot;Timer-27&quot; Id=531 Group=main TIMED_WAITING on java.util.TaskQueue@53fd13a6
	at java.lang.Object.wait(Native Method)
	-  waiting on java.util.TaskQueue@53fd13a6
	at java.util.TimerThread.mainLoop(Timer.java:552)
	at java.util.TimerThread.run(Timer.java:505)


&quot;Timer-28&quot; Id=565 Group=main TIMED_WAITING on java.util.TaskQueue@47da3c89
	at java.lang.Object.wait(Native Method)
	-  waiting on java.util.TaskQueue@47da3c89
	at java.util.TimerThread.mainLoop(Timer.java:552)
	at java.util.TimerThread.run(Timer.java:505)


&quot;Finalizer&quot; Id=3 Group=system WAITING on java.lang.ref.ReferenceQueue$Lock@71482490
	at java.lang.Object.wait(Native Method)
	-  waiting on java.lang.ref.ReferenceQueue$Lock@71482490
	at java.lang.ref.ReferenceQueue.remove(ReferenceQueue.java:135)
	at java.lang.ref.ReferenceQueue.remove(ReferenceQueue.java:151)
	at java.lang.ref.Finalizer$FinalizerThread.run(Finalizer.java:209)


&quot;Reference Handler&quot; Id=2 Group=system WAITING on java.lang.ref.Reference$Lock@3758a40a
	at java.lang.Object.wait(Native Method)
	-  waiting on java.lang.ref.Reference$Lock@3758a40a
	at java.lang.Object.wait(Object.java:503)
	at java.lang.ref.Reference$ReferenceHandler.run(Reference.java:133)


&quot;Signal Dispatcher&quot; Id=4 Group=system RUNNABLE


</stderr>
          <failedSince>3</failedSince>
        </case>
        <case>
          <duration>2.426</duration>
          <className>hudson.tasks.junit.CaseResultTest</className>
          <testName>testFreestyleErrorMsgAndStacktraceRender</testName>
          <skipped>false</skipped>
          <failedSince>0</failedSince>
        </case>
        <case>
          <duration>0.693</duration>
          <className>hudson.tasks.junit.CaseResultTest</className>
          <testName>testIssue20090516</testName>
          <skipped>false</skipped>
          <failedSince>0</failedSince>
        </case>
      </cases>
    </suite>
    <suite>
      <file>/var/jenkins_home/jobs/groupByError/workspace/TEST-hudson.tasks.junit.CaseResultUnitTest.xml</file>
      <name>hudson.tasks.junit.CaseResultUnitTest</name>
      <duration>0.001</duration>
      <cases>
        <case>
          <duration>0.001</duration>
          <className>hudson.tasks.junit.CaseResultUnitTest</className>
          <testName>testLocalizationOfStatus</testName>
          <skipped>false</skipped>
          <failedSince>0</failedSince>
        </case>
      </cases>
    </suite>
    <suite>
      <file>/var/jenkins_home/jobs/groupByError/workspace/TEST-hudson.tasks.junit.ClassResultTest.xml</file>
      <name>hudson.tasks.junit.ClassResultTest</name>
      <duration>0.0</duration>
      <cases>
        <case>
          <duration>0.0</duration>
          <className>hudson.tasks.junit.ClassResultTest</className>
          <testName>testFindCorrespondingResultWhereClassResultNameIsLastInCaseResultName</testName>
          <skipped>false</skipped>
          <failedSince>0</failedSince>
        </case>
        <case>
          <duration>0.0</duration>
          <className>hudson.tasks.junit.ClassResultTest</className>
          <testName>testFindCorrespondingResultWhereClassResultNameIsNotSubstring</testName>
          <skipped>false</skipped>
          <failedSince>0</failedSince>
        </case>
        <case>
          <duration>0.0</duration>
          <className>hudson.tasks.junit.ClassResultTest</className>
          <testName>testFindCorrespondingResult</testName>
          <skipped>false</skipped>
          <failedSince>0</failedSince>
        </case>
      </cases>
    </suite>
    <suite>
      <file>/var/jenkins_home/jobs/groupByError/workspace/TEST-hudson.tasks.junit.GroupTest.xml</file>
      <name>hudson.tasks.junit.GroupTest</name>
      <duration>0.555</duration>
      <cases>
        <case>
          <duration>0.555</duration>
          <className>hudson.tasks.junit.GroupTest</className>
          <testName>testFreestyleErrorMsgAndStacktraceRender</testName>
          <skipped>false</skipped>
          <failedSince>0</failedSince>
        </case>
      </cases>
    </suite>
    <suite>
      <file>/var/jenkins_home/jobs/groupByError/workspace/TEST-hudson.tasks.junit.HistoryTest.xml</file>
      <name>hudson.tasks.junit.HistoryTest</name>
      <duration>0.582</duration>
      <cases>
        <case>
          <duration>0.582</duration>
          <className>hudson.tasks.junit.HistoryTest</className>
          <testName>testFailedSince</testName>
          <skipped>false</skipped>
          <errorStackTrace>junit.framework.AssertionFailedError: null
	at junit.framework.Assert.fail(Assert.java:55)
	at junit.framework.Assert.assertTrue(Assert.java:22)
	at junit.framework.Assert.assertNotNull(Assert.java:256)
	at junit.framework.Assert.assertNotNull(Assert.java:248)
	at junit.framework.TestCase.assertNotNull(TestCase.java:417)
	at hudson.tasks.junit.HistoryTest.testFailedSince(HistoryTest.java:81)
</errorStackTrace>
          <stdout>=== Starting HistoryTest.testFailedSince
</stdout>
          <stderr>Dec 08, 2015 4:35:21 PM jenkins.InitReactorRunner$1 onAttained
INFO: Started initialization
Dec 08, 2015 4:35:21 PM jenkins.InitReactorRunner$1 onAttained
INFO: Listed all plugins
Dec 08, 2015 4:35:21 PM jenkins.InitReactorRunner$1 onAttained
INFO: Prepared all plugins
Dec 08, 2015 4:35:21 PM jenkins.InitReactorRunner$1 onAttained
INFO: Started all plugins
Dec 08, 2015 4:35:21 PM jenkins.InitReactorRunner$1 onAttained
INFO: Augmented all extensions
Dec 08, 2015 4:35:21 PM jenkins.InitReactorRunner$1 onAttained
INFO: Loaded all jobs
Dec 08, 2015 4:35:21 PM jenkins.InitReactorRunner$1 onAttained
INFO: Completed initialization
&quot;1471934777@qtp-2066775786-0&quot; Id=46 Group=main TIMED_WAITING on org.mortbay.thread.QueuedThreadPool$PoolThread@57bbf139
	at java.lang.Object.wait(Native Method)
	-  waiting on org.mortbay.thread.QueuedThreadPool$PoolThread@57bbf139
	at org.mortbay.thread.QueuedThreadPool$PoolThread.run(QueuedThreadPool.java:626)


&quot;1841649005@qtp-2066775786-1 - Acceptor0 SocketConnector@0.0.0.0:45441&quot; Id=47 Group=main RUNNABLE (in native)
	at java.net.PlainSocketImpl.socketAccept(Native Method)
	at java.net.AbstractPlainSocketImpl.accept(AbstractPlainSocketImpl.java:398)
	at java.net.ServerSocket.implAccept(ServerSocket.java:530)
	at java.net.ServerSocket.accept(ServerSocket.java:498)
	at org.mortbay.jetty.bio.SocketConnector.accept(SocketConnector.java:99)
	at org.mortbay.jetty.AbstractConnector$Acceptor.run(AbstractConnector.java:708)
	at org.mortbay.thread.QueuedThreadPool$PoolThread.run(QueuedThreadPool.java:582)


&quot;Computer.threadPoolForRemoting [#1]&quot; Id=45 Group=main TIMED_WAITING on java.util.concurrent.SynchronousQueue$TransferStack@74c4058b
	at sun.misc.Unsafe.park(Native Method)
	-  waiting on java.util.concurrent.SynchronousQueue$TransferStack@74c4058b
	at java.util.concurrent.locks.LockSupport.parkNanos(LockSupport.java:226)
	at java.util.concurrent.SynchronousQueue$TransferStack.awaitFulfill(SynchronousQueue.java:460)
	at java.util.concurrent.SynchronousQueue$TransferStack.transfer(SynchronousQueue.java:359)
	at java.util.concurrent.SynchronousQueue.poll(SynchronousQueue.java:942)
	at java.util.concurrent.ThreadPoolExecutor.getTask(ThreadPoolExecutor.java:1068)
	at java.util.concurrent.ThreadPoolExecutor.runWorker(ThreadPoolExecutor.java:1130)
	at java.util.concurrent.ThreadPoolExecutor$Worker.run(ThreadPoolExecutor.java:615)
	at java.lang.Thread.run(Thread.java:745)


&quot;Executing testFailedSince&quot; Id=1 Group=main RUNNABLE
	at sun.management.ThreadImpl.dumpThreads0(Native Method)
	at sun.management.ThreadImpl.dumpAllThreads(ThreadImpl.java:446)
	at hudson.Functions.getThreadInfos(Functions.java:1155)
	at org.jvnet.hudson.test.HudsonTestCase.runTest(HudsonTestCase.java:442)
	at junit.framework.TestCase.runBare(TestCase.java:141)
	at org.jvnet.hudson.test.HudsonTestCase.runBare(HudsonTestCase.java:293)
	at junit.framework.TestResult$1.protect(TestResult.java:122)
	at junit.framework.TestResult.runProtected(TestResult.java:142)
	at junit.framework.TestResult.run(TestResult.java:125)
	at junit.framework.TestCase.run(TestCase.java:129)
	at junit.framework.TestSuite.runTest(TestSuite.java:255)
	at junit.framework.TestSuite.run(TestSuite.java:250)
	at org.junit.internal.runners.JUnit38ClassRunner.run(JUnit38ClassRunner.java:84)
	at org.apache.maven.surefire.junit4.JUnit4Provider.execute(JUnit4Provider.java:264)
	at org.apache.maven.surefire.junit4.JUnit4Provider.executeTestSet(JUnit4Provider.java:153)
	at org.apache.maven.surefire.junit4.JUnit4Provider.invoke(JUnit4Provider.java:124)
	at org.apache.maven.surefire.booter.ForkedBooter.invokeProviderInSameClassLoader(ForkedBooter.java:200)
	at org.apache.maven.surefire.booter.ForkedBooter.runSuitesInProcess(ForkedBooter.java:153)
	at org.apache.maven.surefire.booter.ForkedBooter.main(ForkedBooter.java:103)


&quot;FilePath.localPool [#1]&quot; Id=138 Group=main TIMED_WAITING on java.util.concurrent.SynchronousQueue$TransferStack@1bd471e7
	at sun.misc.Unsafe.park(Native Method)
	-  waiting on java.util.concurrent.SynchronousQueue$TransferStack@1bd471e7
	at java.util.concurrent.locks.LockSupport.parkNanos(LockSupport.java:226)
	at java.util.concurrent.SynchronousQueue$TransferStack.awaitFulfill(SynchronousQueue.java:460)
	at java.util.concurrent.SynchronousQueue$TransferStack.transfer(SynchronousQueue.java:359)
	at java.util.concurrent.SynchronousQueue.poll(SynchronousQueue.java:942)
	at java.util.concurrent.ThreadPoolExecutor.getTask(ThreadPoolExecutor.java:1068)
	at java.util.concurrent.ThreadPoolExecutor.runWorker(ThreadPoolExecutor.java:1130)
	at java.util.concurrent.ThreadPoolExecutor$Worker.run(ThreadPoolExecutor.java:615)
	at java.lang.Thread.run(Thread.java:745)


&quot;FilePath.localPool [#2]&quot; Id=137 Group=main TIMED_WAITING on java.util.concurrent.SynchronousQueue$TransferStack@1bd471e7
	at sun.misc.Unsafe.park(Native Method)
	-  waiting on java.util.concurrent.SynchronousQueue$TransferStack@1bd471e7
	at java.util.concurrent.locks.LockSupport.parkNanos(LockSupport.java:226)
	at java.util.concurrent.SynchronousQueue$TransferStack.awaitFulfill(SynchronousQueue.java:460)
	at java.util.concurrent.SynchronousQueue$TransferStack.transfer(SynchronousQueue.java:359)
	at java.util.concurrent.SynchronousQueue.poll(SynchronousQueue.java:942)
	at java.util.concurrent.ThreadPoolExecutor.getTask(ThreadPoolExecutor.java:1068)
	at java.util.concurrent.ThreadPoolExecutor.runWorker(ThreadPoolExecutor.java:1130)
	at java.util.concurrent.ThreadPoolExecutor$Worker.run(ThreadPoolExecutor.java:615)
	at java.lang.Thread.run(Thread.java:745)


&quot;FilePath.localPool [#3]&quot; Id=139 Group=main TIMED_WAITING on java.util.concurrent.SynchronousQueue$TransferStack@1bd471e7
	at sun.misc.Unsafe.park(Native Method)
	-  waiting on java.util.concurrent.SynchronousQueue$TransferStack@1bd471e7
	at java.util.concurrent.locks.LockSupport.parkNanos(LockSupport.java:226)
	at java.util.concurrent.SynchronousQueue$TransferStack.awaitFulfill(SynchronousQueue.java:460)
	at java.util.concurrent.SynchronousQueue$TransferStack.transfer(SynchronousQueue.java:359)
	at java.util.concurrent.SynchronousQueue.poll(SynchronousQueue.java:942)
	at java.util.concurrent.ThreadPoolExecutor.getTask(ThreadPoolExecutor.java:1068)
	at java.util.concurrent.ThreadPoolExecutor.runWorker(ThreadPoolExecutor.java:1130)
	at java.util.concurrent.ThreadPoolExecutor$Worker.run(ThreadPoolExecutor.java:615)
	at java.lang.Thread.run(Thread.java:745)


&quot;FilePath.localPool [#4]&quot; Id=140 Group=main TIMED_WAITING on java.util.concurrent.SynchronousQueue$TransferStack@1bd471e7
	at sun.misc.Unsafe.park(Native Method)
	-  waiting on java.util.concurrent.SynchronousQueue$TransferStack@1bd471e7
	at java.util.concurrent.locks.LockSupport.parkNanos(LockSupport.java:226)
	at java.util.concurrent.SynchronousQueue$TransferStack.awaitFulfill(SynchronousQueue.java:460)
	at java.util.concurrent.SynchronousQueue$TransferStack.transfer(SynchronousQueue.java:359)
	at java.util.concurrent.SynchronousQueue.poll(SynchronousQueue.java:942)
	at java.util.concurrent.ThreadPoolExecutor.getTask(ThreadPoolExecutor.java:1068)
	at java.util.concurrent.ThreadPoolExecutor.runWorker(ThreadPoolExecutor.java:1130)
	at java.util.concurrent.ThreadPoolExecutor$Worker.run(ThreadPoolExecutor.java:615)
	at java.lang.Thread.run(Thread.java:745)


&quot;FilePath.localPool [#5]&quot; Id=141 Group=main TIMED_WAITING on java.util.concurrent.SynchronousQueue$TransferStack@1bd471e7
	at sun.misc.Unsafe.park(Native Method)
	-  waiting on java.util.concurrent.SynchronousQueue$TransferStack@1bd471e7
	at java.util.concurrent.locks.LockSupport.parkNanos(LockSupport.java:226)
	at java.util.concurrent.SynchronousQueue$TransferStack.awaitFulfill(SynchronousQueue.java:460)
	at java.util.concurrent.SynchronousQueue$TransferStack.transfer(SynchronousQueue.java:359)
	at java.util.concurrent.SynchronousQueue.poll(SynchronousQueue.java:942)
	at java.util.concurrent.ThreadPoolExecutor.getTask(ThreadPoolExecutor.java:1068)
	at java.util.concurrent.ThreadPoolExecutor.runWorker(ThreadPoolExecutor.java:1130)
	at java.util.concurrent.ThreadPoolExecutor$Worker.run(ThreadPoolExecutor.java:615)
	at java.lang.Thread.run(Thread.java:745)


&quot;Jenkins cron thread&quot; Id=373 Group=main WAITING on java.util.TaskQueue@1e43456
	at java.lang.Object.wait(Native Method)
	-  waiting on java.util.TaskQueue@1e43456
	at java.lang.Object.wait(Object.java:503)
	at java.util.TimerThread.mainLoop(Timer.java:526)
	at java.util.TimerThread.run(Timer.java:505)


&quot;Jenkins UDP 33849 monitoring thread&quot; Id=401 Group=main RUNNABLE (in native)
	at java.net.PlainDatagramSocketImpl.receive0(Native Method)
	-  locked java.net.PlainDatagramSocketImpl@41574dd9
	at java.net.AbstractPlainDatagramSocketImpl.receive(AbstractPlainDatagramSocketImpl.java:145)
	-  locked java.net.PlainDatagramSocketImpl@41574dd9
	at java.net.DatagramSocket.receive(DatagramSocket.java:786)
	-  locked java.net.DatagramPacket@76d1b910
	-  locked java.net.MulticastSocket@42cd0661
	at hudson.UDPBroadcastThread.run(UDPBroadcastThread.java:82)


&quot;jenkins.util.Timer [#10]&quot; Id=399 Group=main WAITING on java.util.concurrent.locks.AbstractQueuedSynchronizer$ConditionObject@445469a6
	at sun.misc.Unsafe.park(Native Method)
	-  waiting on java.util.concurrent.locks.AbstractQueuedSynchronizer$ConditionObject@445469a6
	at java.util.concurrent.locks.LockSupport.park(LockSupport.java:186)
	at java.util.concurrent.locks.AbstractQueuedSynchronizer$ConditionObject.await(AbstractQueuedSynchronizer.java:2043)
	at java.util.concurrent.ScheduledThreadPoolExecutor$DelayedWorkQueue.take(ScheduledThreadPoolExecutor.java:1085)
	at java.util.concurrent.ScheduledThreadPoolExecutor$DelayedWorkQueue.take(ScheduledThreadPoolExecutor.java:807)
	at java.util.concurrent.ThreadPoolExecutor.getTask(ThreadPoolExecutor.java:1068)
	at java.util.concurrent.ThreadPoolExecutor.runWorker(ThreadPoolExecutor.java:1130)
	at java.util.concurrent.ThreadPoolExecutor$Worker.run(ThreadPoolExecutor.java:615)
	at java.lang.Thread.run(Thread.java:745)


&quot;jenkins.util.Timer [#1]&quot; Id=374 Group=main TIMED_WAITING on java.util.concurrent.locks.AbstractQueuedSynchronizer$ConditionObject@445469a6
	at sun.misc.Unsafe.park(Native Method)
	-  waiting on java.util.concurrent.locks.AbstractQueuedSynchronizer$ConditionObject@445469a6
	at java.util.concurrent.locks.LockSupport.parkNanos(LockSupport.java:226)
	at java.util.concurrent.locks.AbstractQueuedSynchronizer$ConditionObject.awaitNanos(AbstractQueuedSynchronizer.java:2082)
	at java.util.concurrent.ScheduledThreadPoolExecutor$DelayedWorkQueue.take(ScheduledThreadPoolExecutor.java:1090)
	at java.util.concurrent.ScheduledThreadPoolExecutor$DelayedWorkQueue.take(ScheduledThreadPoolExecutor.java:807)
	at java.util.concurrent.ThreadPoolExecutor.getTask(ThreadPoolExecutor.java:1068)
	at java.util.concurrent.ThreadPoolExecutor.runWorker(ThreadPoolExecutor.java:1130)
	at java.util.concurrent.ThreadPoolExecutor$Worker.run(ThreadPoolExecutor.java:615)
	at java.lang.Thread.run(Thread.java:745)


&quot;jenkins.util.Timer [#2]&quot; Id=391 Group=main WAITING on java.util.concurrent.locks.AbstractQueuedSynchronizer$ConditionObject@445469a6
	at sun.misc.Unsafe.park(Native Method)
	-  waiting on java.util.concurrent.locks.AbstractQueuedSynchronizer$ConditionObject@445469a6
	at java.util.concurrent.locks.LockSupport.park(LockSupport.java:186)
	at java.util.concurrent.locks.AbstractQueuedSynchronizer$ConditionObject.await(AbstractQueuedSynchronizer.java:2043)
	at java.util.concurrent.ScheduledThreadPoolExecutor$DelayedWorkQueue.take(ScheduledThreadPoolExecutor.java:1085)
	at java.util.concurrent.ScheduledThreadPoolExecutor$DelayedWorkQueue.take(ScheduledThreadPoolExecutor.java:807)
	at java.util.concurrent.ThreadPoolExecutor.getTask(ThreadPoolExecutor.java:1068)
	at java.util.concurrent.ThreadPoolExecutor.runWorker(ThreadPoolExecutor.java:1130)
	at java.util.concurrent.ThreadPoolExecutor$Worker.run(ThreadPoolExecutor.java:615)
	at java.lang.Thread.run(Thread.java:745)


&quot;jenkins.util.Timer [#3]&quot; Id=392 Group=main WAITING on java.util.concurrent.locks.AbstractQueuedSynchronizer$ConditionObject@445469a6
	at sun.misc.Unsafe.park(Native Method)
	-  waiting on java.util.concurrent.locks.AbstractQueuedSynchronizer$ConditionObject@445469a6
	at java.util.concurrent.locks.LockSupport.park(LockSupport.java:186)
	at java.util.concurrent.locks.AbstractQueuedSynchronizer$ConditionObject.await(AbstractQueuedSynchronizer.java:2043)
	at java.util.concurrent.ScheduledThreadPoolExecutor$DelayedWorkQueue.take(ScheduledThreadPoolExecutor.java:1085)
	at java.util.concurrent.ScheduledThreadPoolExecutor$DelayedWorkQueue.take(ScheduledThreadPoolExecutor.java:807)
	at java.util.concurrent.ThreadPoolExecutor.getTask(ThreadPoolExecutor.java:1068)
	at java.util.concurrent.ThreadPoolExecutor.runWorker(ThreadPoolExecutor.java:1130)
	at java.util.concurrent.ThreadPoolExecutor$Worker.run(ThreadPoolExecutor.java:615)
	at java.lang.Thread.run(Thread.java:745)


&quot;jenkins.util.Timer [#4]&quot; Id=393 Group=main WAITING on java.util.concurrent.locks.AbstractQueuedSynchronizer$ConditionObject@445469a6
	at sun.misc.Unsafe.park(Native Method)
	-  waiting on java.util.concurrent.locks.AbstractQueuedSynchronizer$ConditionObject@445469a6
	at java.util.concurrent.locks.LockSupport.park(LockSupport.java:186)
	at java.util.concurrent.locks.AbstractQueuedSynchronizer$ConditionObject.await(AbstractQueuedSynchronizer.java:2043)
	at java.util.concurrent.ScheduledThreadPoolExecutor$DelayedWorkQueue.take(ScheduledThreadPoolExecutor.java:1085)
	at java.util.concurrent.ScheduledThreadPoolExecutor$DelayedWorkQueue.take(ScheduledThreadPoolExecutor.java:807)
	at java.util.concurrent.ThreadPoolExecutor.getTask(ThreadPoolExecutor.java:1068)
	at java.util.concurrent.ThreadPoolExecutor.runWorker(ThreadPoolExecutor.java:1130)
	at java.util.concurrent.ThreadPoolExecutor$Worker.run(ThreadPoolExecutor.java:615)
	at java.lang.Thread.run(Thread.java:745)


&quot;jenkins.util.Timer [#5]&quot; Id=394 Group=main WAITING on java.util.concurrent.locks.AbstractQueuedSynchronizer$ConditionObject@445469a6
	at sun.misc.Unsafe.park(Native Method)
	-  waiting on java.util.concurrent.locks.AbstractQueuedSynchronizer$ConditionObject@445469a6
	at java.util.concurrent.locks.LockSupport.park(LockSupport.java:186)
	at java.util.concurrent.locks.AbstractQueuedSynchronizer$ConditionObject.await(AbstractQueuedSynchronizer.java:2043)
	at java.util.concurrent.ScheduledThreadPoolExecutor$DelayedWorkQueue.take(ScheduledThreadPoolExecutor.java:1085)
	at java.util.concurrent.ScheduledThreadPoolExecutor$DelayedWorkQueue.take(ScheduledThreadPoolExecutor.java:807)
	at java.util.concurrent.ThreadPoolExecutor.getTask(ThreadPoolExecutor.java:1068)
	at java.util.concurrent.ThreadPoolExecutor.runWorker(ThreadPoolExecutor.java:1130)
	at java.util.concurrent.ThreadPoolExecutor$Worker.run(ThreadPoolExecutor.java:615)
	at java.lang.Thread.run(Thread.java:745)


&quot;jenkins.util.Timer [#6]&quot; Id=395 Group=main WAITING on java.util.concurrent.locks.AbstractQueuedSynchronizer$ConditionObject@445469a6
	at sun.misc.Unsafe.park(Native Method)
	-  waiting on java.util.concurrent.locks.AbstractQueuedSynchronizer$ConditionObject@445469a6
	at java.util.concurrent.locks.LockSupport.park(LockSupport.java:186)
	at java.util.concurrent.locks.AbstractQueuedSynchronizer$ConditionObject.await(AbstractQueuedSynchronizer.java:2043)
	at java.util.concurrent.ScheduledThreadPoolExecutor$DelayedWorkQueue.take(ScheduledThreadPoolExecutor.java:1085)
	at java.util.concurrent.ScheduledThreadPoolExecutor$DelayedWorkQueue.take(ScheduledThreadPoolExecutor.java:807)
	at java.util.concurrent.ThreadPoolExecutor.getTask(ThreadPoolExecutor.java:1068)
	at java.util.concurrent.ThreadPoolExecutor.runWorker(ThreadPoolExecutor.java:1130)
	at java.util.concurrent.ThreadPoolExecutor$Worker.run(ThreadPoolExecutor.java:615)
	at java.lang.Thread.run(Thread.java:745)


&quot;jenkins.util.Timer [#7]&quot; Id=396 Group=main WAITING on java.util.concurrent.locks.AbstractQueuedSynchronizer$ConditionObject@445469a6
	at sun.misc.Unsafe.park(Native Method)
	-  waiting on java.util.concurrent.locks.AbstractQueuedSynchronizer$ConditionObject@445469a6
	at java.util.concurrent.locks.LockSupport.park(LockSupport.java:186)
	at java.util.concurrent.locks.AbstractQueuedSynchronizer$ConditionObject.await(AbstractQueuedSynchronizer.java:2043)
	at java.util.concurrent.ScheduledThreadPoolExecutor$DelayedWorkQueue.take(ScheduledThreadPoolExecutor.java:1085)
	at java.util.concurrent.ScheduledThreadPoolExecutor$DelayedWorkQueue.take(ScheduledThreadPoolExecutor.java:807)
	at java.util.concurrent.ThreadPoolExecutor.getTask(ThreadPoolExecutor.java:1068)
	at java.util.concurrent.ThreadPoolExecutor.runWorker(ThreadPoolExecutor.java:1130)
	at java.util.concurrent.ThreadPoolExecutor$Worker.run(ThreadPoolExecutor.java:615)
	at java.lang.Thread.run(Thread.java:745)


&quot;jenkins.util.Timer [#8]&quot; Id=397 Group=main WAITING on java.util.concurrent.locks.AbstractQueuedSynchronizer$ConditionObject@445469a6
	at sun.misc.Unsafe.park(Native Method)
	-  waiting on java.util.concurrent.locks.AbstractQueuedSynchronizer$ConditionObject@445469a6
	at java.util.concurrent.locks.LockSupport.park(LockSupport.java:186)
	at java.util.concurrent.locks.AbstractQueuedSynchronizer$ConditionObject.await(AbstractQueuedSynchronizer.java:2043)
	at java.util.concurrent.ScheduledThreadPoolExecutor$DelayedWorkQueue.take(ScheduledThreadPoolExecutor.java:1085)
	at java.util.concurrent.ScheduledThreadPoolExecutor$DelayedWorkQueue.take(ScheduledThreadPoolExecutor.java:807)
	at java.util.concurrent.ThreadPoolExecutor.getTask(ThreadPoolExecutor.java:1068)
	at java.util.concurrent.ThreadPoolExecutor.runWorker(ThreadPoolExecutor.java:1130)
	at java.util.concurrent.ThreadPoolExecutor$Worker.run(ThreadPoolExecutor.java:615)
	at java.lang.Thread.run(Thread.java:745)


&quot;jenkins.util.Timer [#9]&quot; Id=398 Group=main WAITING on java.util.concurrent.locks.AbstractQueuedSynchronizer$ConditionObject@445469a6
	at sun.misc.Unsafe.park(Native Method)
	-  waiting on java.util.concurrent.locks.AbstractQueuedSynchronizer$ConditionObject@445469a6
	at java.util.concurrent.locks.LockSupport.park(LockSupport.java:186)
	at java.util.concurrent.locks.AbstractQueuedSynchronizer$ConditionObject.await(AbstractQueuedSynchronizer.java:2043)
	at java.util.concurrent.ScheduledThreadPoolExecutor$DelayedWorkQueue.take(ScheduledThreadPoolExecutor.java:1085)
	at java.util.concurrent.ScheduledThreadPoolExecutor$DelayedWorkQueue.take(ScheduledThreadPoolExecutor.java:807)
	at java.util.concurrent.ThreadPoolExecutor.getTask(ThreadPoolExecutor.java:1068)
	at java.util.concurrent.ThreadPoolExecutor.runWorker(ThreadPoolExecutor.java:1130)
	at java.util.concurrent.ThreadPoolExecutor$Worker.run(ThreadPoolExecutor.java:615)
	at java.lang.Thread.run(Thread.java:745)


&quot;Jetty Thread Pool - Acceptor0 SocketConnector@0.0.0.0:59612&quot; Id=372 Group=main RUNNABLE (in native)
	at java.net.PlainSocketImpl.socketAccept(Native Method)
	at java.net.AbstractPlainSocketImpl.accept(AbstractPlainSocketImpl.java:398)
	at java.net.ServerSocket.implAccept(ServerSocket.java:530)
	at java.net.ServerSocket.accept(ServerSocket.java:498)
	at org.mortbay.jetty.bio.SocketConnector.accept(SocketConnector.java:99)
	at org.mortbay.jetty.AbstractConnector$Acceptor.run(AbstractConnector.java:708)
	at java.util.concurrent.Executors$RunnableAdapter.call(Executors.java:471)
	at java.util.concurrent.FutureTask.run(FutureTask.java:262)
	at java.util.concurrent.ThreadPoolExecutor.runWorker(ThreadPoolExecutor.java:1145)
	at java.util.concurrent.ThreadPoolExecutor$Worker.run(ThreadPoolExecutor.java:615)
	at java.lang.Thread.run(Thread.java:745)

	Number of locked synchronizers = 1
	- java.util.concurrent.ThreadPoolExecutor$Worker@1aea6837


&quot;MultiThreadedHttpConnectionManager cleanup&quot; Id=50 Group=main WAITING on java.lang.ref.ReferenceQueue$Lock@188202f7
	at java.lang.Object.wait(Native Method)
	-  waiting on java.lang.ref.ReferenceQueue$Lock@188202f7
	at java.lang.ref.ReferenceQueue.remove(ReferenceQueue.java:135)
	at java.lang.ref.ReferenceQueue.remove(ReferenceQueue.java:151)
	at org.apache.commons.httpclient.MultiThreadedHttpConnectionManager$ReferenceQueueThread.run(MultiThreadedHttpConnectionManager.java:1122)


&quot;TCP slave agent listener port=0&quot; Id=400 Group=main RUNNABLE (in native)
	at sun.nio.ch.ServerSocketChannelImpl.accept0(Native Method)
	at sun.nio.ch.ServerSocketChannelImpl.accept(ServerSocketChannelImpl.java:241)
	-  locked java.lang.Object@225dec8a
	at hudson.TcpSlaveAgentListener.run(TcpSlaveAgentListener.java:95)


&quot;Timer-1&quot; Id=48 Group=main TIMED_WAITING on java.util.TaskQueue@7f90b2b2
	at java.lang.Object.wait(Native Method)
	-  waiting on java.util.TaskQueue@7f90b2b2
	at java.util.TimerThread.mainLoop(Timer.java:552)
	at java.util.TimerThread.run(Timer.java:505)


&quot;Timer-19&quot; Id=371 Group=main TIMED_WAITING on java.util.TaskQueue@2d27fb12
	at java.lang.Object.wait(Native Method)
	-  waiting on java.util.TaskQueue@2d27fb12
	at java.util.TimerThread.mainLoop(Timer.java:552)
	at java.util.TimerThread.run(Timer.java:505)


&quot;Timer-20&quot; Id=405 Group=main TIMED_WAITING on java.util.TaskQueue@5dc4968
	at java.lang.Object.wait(Native Method)
	-  waiting on java.util.TaskQueue@5dc4968
	at java.util.TimerThread.mainLoop(Timer.java:552)
	at java.util.TimerThread.run(Timer.java:505)


&quot;Finalizer&quot; Id=3 Group=system WAITING on java.lang.ref.ReferenceQueue$Lock@71482490
	at java.lang.Object.wait(Native Method)
	-  waiting on java.lang.ref.ReferenceQueue$Lock@71482490
	at java.lang.ref.ReferenceQueue.remove(ReferenceQueue.java:135)
	at java.lang.ref.ReferenceQueue.remove(ReferenceQueue.java:151)
	at java.lang.ref.Finalizer$FinalizerThread.run(Finalizer.java:209)


&quot;Reference Handler&quot; Id=2 Group=system WAITING on java.lang.ref.Reference$Lock@3758a40a
	at java.lang.Object.wait(Native Method)
	-  waiting on java.lang.ref.Reference$Lock@3758a40a
	at java.lang.Object.wait(Object.java:503)
	at java.lang.ref.Reference$ReferenceHandler.run(Reference.java:133)


&quot;Signal Dispatcher&quot; Id=4 Group=system RUNNABLE


</stderr>
          <failedSince>3</failedSince>
        </case>
      </cases>
    </suite>
    <suite>
      <file>/var/jenkins_home/jobs/groupByError/workspace/TEST-hudson.tasks.junit.JUnitParserTest.xml</file>
      <name>hudson.tasks.junit.JUnitParserTest</name>
      <duration>0.736</duration>
      <cases>
        <case>
          <duration>0.736</duration>
          <className>hudson.tasks.junit.JUnitParserTest</className>
          <testName>testJustParsing</testName>
          <skipped>false</skipped>
          <errorStackTrace>junit.framework.AssertionFailedError: expecting many passes expected:&lt;131&gt; but was:&lt;999&gt;
	at junit.framework.Assert.fail(Assert.java:57)
	at junit.framework.Assert.failNotEquals(Assert.java:329)
	at junit.framework.Assert.assertEquals(Assert.java:78)
	at junit.framework.Assert.assertEquals(Assert.java:234)
	at junit.framework.TestCase.assertEquals(TestCase.java:401)
	at hudson.tasks.junit.JUnitParserTest.testJustParsing(JUnitParserTest.java:106)
</errorStackTrace>
          <errorDetails>expecting many passes expected:&lt;131&gt; but was:&lt;999&gt;</errorDetails>
          <stdout>=== Starting JUnitParserTest.testJustParsing
in perform...
...touched everything
back from parse
We passed some assertions in the JUnitParserTestBuilder
</stdout>
          <stderr>Dec 08, 2015 4:35:28 PM jenkins.InitReactorRunner$1 onAttained
INFO: Started initialization
Dec 08, 2015 4:35:28 PM jenkins.InitReactorRunner$1 onAttained
INFO: Listed all plugins
Dec 08, 2015 4:35:28 PM jenkins.InitReactorRunner$1 onAttained
INFO: Prepared all plugins
Dec 08, 2015 4:35:28 PM jenkins.InitReactorRunner$1 onAttained
INFO: Started all plugins
Dec 08, 2015 4:35:28 PM jenkins.InitReactorRunner$1 onAttained
INFO: Augmented all extensions
Dec 08, 2015 4:35:28 PM jenkins.InitReactorRunner$1 onAttained
INFO: Loaded all jobs
Dec 08, 2015 4:35:28 PM jenkins.InitReactorRunner$1 onAttained
INFO: Completed initialization
Dec 08, 2015 4:35:28 PM hudson.model.Run execute
INFO: junit_parser_test #1 main build action completed: SUCCESS
&quot;204358921@qtp-340795669-1 - Acceptor0 SocketConnector@0.0.0.0:49701&quot; Id=47 Group=main RUNNABLE (in native)
	at java.net.PlainSocketImpl.socketAccept(Native Method)
	at java.net.AbstractPlainSocketImpl.accept(AbstractPlainSocketImpl.java:398)
	at java.net.ServerSocket.implAccept(ServerSocket.java:530)
	at java.net.ServerSocket.accept(ServerSocket.java:498)
	at org.mortbay.jetty.bio.SocketConnector.accept(SocketConnector.java:99)
	at org.mortbay.jetty.AbstractConnector$Acceptor.run(AbstractConnector.java:708)
	at org.mortbay.thread.QueuedThreadPool$PoolThread.run(QueuedThreadPool.java:582)


&quot;595748250@qtp-340795669-0&quot; Id=46 Group=main TIMED_WAITING on org.mortbay.thread.QueuedThreadPool$PoolThread@2382659a
	at java.lang.Object.wait(Native Method)
	-  waiting on org.mortbay.thread.QueuedThreadPool$PoolThread@2382659a
	at org.mortbay.thread.QueuedThreadPool$PoolThread.run(QueuedThreadPool.java:626)


&quot;Computer.threadPoolForRemoting [#1]&quot; Id=45 Group=main TIMED_WAITING on java.util.concurrent.SynchronousQueue$TransferStack@3735f7ff
	at sun.misc.Unsafe.park(Native Method)
	-  waiting on java.util.concurrent.SynchronousQueue$TransferStack@3735f7ff
	at java.util.concurrent.locks.LockSupport.parkNanos(LockSupport.java:226)
	at java.util.concurrent.SynchronousQueue$TransferStack.awaitFulfill(SynchronousQueue.java:460)
	at java.util.concurrent.SynchronousQueue$TransferStack.transfer(SynchronousQueue.java:359)
	at java.util.concurrent.SynchronousQueue.poll(SynchronousQueue.java:942)
	at java.util.concurrent.ThreadPoolExecutor.getTask(ThreadPoolExecutor.java:1068)
	at java.util.concurrent.ThreadPoolExecutor.runWorker(ThreadPoolExecutor.java:1130)
	at java.util.concurrent.ThreadPoolExecutor$Worker.run(ThreadPoolExecutor.java:615)
	at java.lang.Thread.run(Thread.java:745)


&quot;Executing testJustParsing&quot; Id=1 Group=main RUNNABLE
	at sun.management.ThreadImpl.dumpThreads0(Native Method)
	at sun.management.ThreadImpl.dumpAllThreads(ThreadImpl.java:446)
	at hudson.Functions.getThreadInfos(Functions.java:1155)
	at org.jvnet.hudson.test.HudsonTestCase.runTest(HudsonTestCase.java:442)
	at junit.framework.TestCase.runBare(TestCase.java:141)
	at org.jvnet.hudson.test.HudsonTestCase.runBare(HudsonTestCase.java:293)
	at junit.framework.TestResult$1.protect(TestResult.java:122)
	at junit.framework.TestResult.runProtected(TestResult.java:142)
	at junit.framework.TestResult.run(TestResult.java:125)
	at junit.framework.TestCase.run(TestCase.java:129)
	at junit.framework.TestSuite.runTest(TestSuite.java:255)
	at junit.framework.TestSuite.run(TestSuite.java:250)
	at org.junit.internal.runners.JUnit38ClassRunner.run(JUnit38ClassRunner.java:84)
	at org.apache.maven.surefire.junit4.JUnit4Provider.execute(JUnit4Provider.java:264)
	at org.apache.maven.surefire.junit4.JUnit4Provider.executeTestSet(JUnit4Provider.java:153)
	at org.apache.maven.surefire.junit4.JUnit4Provider.invoke(JUnit4Provider.java:124)
	at org.apache.maven.surefire.booter.ForkedBooter.invokeProviderInSameClassLoader(ForkedBooter.java:200)
	at org.apache.maven.surefire.booter.ForkedBooter.runSuitesInProcess(ForkedBooter.java:153)
	at org.apache.maven.surefire.booter.ForkedBooter.main(ForkedBooter.java:103)


&quot;FilePath.localPool [#1]&quot; Id=68 Group=main TIMED_WAITING on java.util.concurrent.SynchronousQueue$TransferStack@4c7aa0d2
	at sun.misc.Unsafe.park(Native Method)
	-  waiting on java.util.concurrent.SynchronousQueue$TransferStack@4c7aa0d2
	at java.util.concurrent.locks.LockSupport.parkNanos(LockSupport.java:226)
	at java.util.concurrent.SynchronousQueue$TransferStack.awaitFulfill(SynchronousQueue.java:460)
	at java.util.concurrent.SynchronousQueue$TransferStack.transfer(SynchronousQueue.java:359)
	at java.util.concurrent.SynchronousQueue.poll(SynchronousQueue.java:942)
	at java.util.concurrent.ThreadPoolExecutor.getTask(ThreadPoolExecutor.java:1068)
	at java.util.concurrent.ThreadPoolExecutor.runWorker(ThreadPoolExecutor.java:1130)
	at java.util.concurrent.ThreadPoolExecutor$Worker.run(ThreadPoolExecutor.java:615)
	at java.lang.Thread.run(Thread.java:745)


&quot;FilePath.localPool [#2]&quot; Id=69 Group=main TIMED_WAITING on java.util.concurrent.SynchronousQueue$TransferStack@4c7aa0d2
	at sun.misc.Unsafe.park(Native Method)
	-  waiting on java.util.concurrent.SynchronousQueue$TransferStack@4c7aa0d2
	at java.util.concurrent.locks.LockSupport.parkNanos(LockSupport.java:226)
	at java.util.concurrent.SynchronousQueue$TransferStack.awaitFulfill(SynchronousQueue.java:460)
	at java.util.concurrent.SynchronousQueue$TransferStack.transfer(SynchronousQueue.java:359)
	at java.util.concurrent.SynchronousQueue.poll(SynchronousQueue.java:942)
	at java.util.concurrent.ThreadPoolExecutor.getTask(ThreadPoolExecutor.java:1068)
	at java.util.concurrent.ThreadPoolExecutor.runWorker(ThreadPoolExecutor.java:1130)
	at java.util.concurrent.ThreadPoolExecutor$Worker.run(ThreadPoolExecutor.java:615)
	at java.lang.Thread.run(Thread.java:745)


&quot;FilePath.localPool [#3]&quot; Id=70 Group=main TIMED_WAITING on java.util.concurrent.SynchronousQueue$TransferStack@4c7aa0d2
	at sun.misc.Unsafe.park(Native Method)
	-  waiting on java.util.concurrent.SynchronousQueue$TransferStack@4c7aa0d2
	at java.util.concurrent.locks.LockSupport.parkNanos(LockSupport.java:226)
	at java.util.concurrent.SynchronousQueue$TransferStack.awaitFulfill(SynchronousQueue.java:460)
	at java.util.concurrent.SynchronousQueue$TransferStack.transfer(SynchronousQueue.java:359)
	at java.util.concurrent.SynchronousQueue.poll(SynchronousQueue.java:942)
	at java.util.concurrent.ThreadPoolExecutor.getTask(ThreadPoolExecutor.java:1068)
	at java.util.concurrent.ThreadPoolExecutor.runWorker(ThreadPoolExecutor.java:1130)
	at java.util.concurrent.ThreadPoolExecutor$Worker.run(ThreadPoolExecutor.java:615)
	at java.lang.Thread.run(Thread.java:745)


&quot;FilePath.localPool [#4]&quot; Id=71 Group=main TIMED_WAITING on java.util.concurrent.SynchronousQueue$TransferStack@4c7aa0d2
	at sun.misc.Unsafe.park(Native Method)
	-  waiting on java.util.concurrent.SynchronousQueue$TransferStack@4c7aa0d2
	at java.util.concurrent.locks.LockSupport.parkNanos(LockSupport.java:226)
	at java.util.concurrent.SynchronousQueue$TransferStack.awaitFulfill(SynchronousQueue.java:460)
	at java.util.concurrent.SynchronousQueue$TransferStack.transfer(SynchronousQueue.java:359)
	at java.util.concurrent.SynchronousQueue.poll(SynchronousQueue.java:942)
	at java.util.concurrent.ThreadPoolExecutor.getTask(ThreadPoolExecutor.java:1068)
	at java.util.concurrent.ThreadPoolExecutor.runWorker(ThreadPoolExecutor.java:1130)
	at java.util.concurrent.ThreadPoolExecutor$Worker.run(ThreadPoolExecutor.java:615)
	at java.lang.Thread.run(Thread.java:745)


&quot;FilePath.localPool [#5]&quot; Id=72 Group=main TIMED_WAITING on java.util.concurrent.SynchronousQueue$TransferStack@4c7aa0d2
	at sun.misc.Unsafe.park(Native Method)
	-  waiting on java.util.concurrent.SynchronousQueue$TransferStack@4c7aa0d2
	at java.util.concurrent.locks.LockSupport.parkNanos(LockSupport.java:226)
	at java.util.concurrent.SynchronousQueue$TransferStack.awaitFulfill(SynchronousQueue.java:460)
	at java.util.concurrent.SynchronousQueue$TransferStack.transfer(SynchronousQueue.java:359)
	at java.util.concurrent.SynchronousQueue.poll(SynchronousQueue.java:942)
	at java.util.concurrent.ThreadPoolExecutor.getTask(ThreadPoolExecutor.java:1068)
	at java.util.concurrent.ThreadPoolExecutor.runWorker(ThreadPoolExecutor.java:1130)
	at java.util.concurrent.ThreadPoolExecutor$Worker.run(ThreadPoolExecutor.java:615)
	at java.lang.Thread.run(Thread.java:745)


&quot;Jenkins cron thread&quot; Id=186 Group=main WAITING on java.util.TaskQueue@4a54c699
	at java.lang.Object.wait(Native Method)
	-  waiting on java.util.TaskQueue@4a54c699
	at java.lang.Object.wait(Object.java:503)
	at java.util.TimerThread.mainLoop(Timer.java:526)
	at java.util.TimerThread.run(Timer.java:505)


&quot;Jenkins UDP 33849 monitoring thread&quot; Id=214 Group=main RUNNABLE (in native)
	at java.net.PlainDatagramSocketImpl.receive0(Native Method)
	-  locked java.net.PlainDatagramSocketImpl@16321271
	at java.net.AbstractPlainDatagramSocketImpl.receive(AbstractPlainDatagramSocketImpl.java:145)
	-  locked java.net.PlainDatagramSocketImpl@16321271
	at java.net.DatagramSocket.receive(DatagramSocket.java:786)
	-  locked java.net.DatagramPacket@3ab25e9e
	-  locked java.net.MulticastSocket@1461f52d
	at hudson.UDPBroadcastThread.run(UDPBroadcastThread.java:82)


&quot;jenkins.util.Timer [#10]&quot; Id=212 Group=main WAITING on java.util.concurrent.locks.AbstractQueuedSynchronizer$ConditionObject@28105d2b
	at sun.misc.Unsafe.park(Native Method)
	-  waiting on java.util.concurrent.locks.AbstractQueuedSynchronizer$ConditionObject@28105d2b
	at java.util.concurrent.locks.LockSupport.park(LockSupport.java:186)
	at java.util.concurrent.locks.AbstractQueuedSynchronizer$ConditionObject.await(AbstractQueuedSynchronizer.java:2043)
	at java.util.concurrent.ScheduledThreadPoolExecutor$DelayedWorkQueue.take(ScheduledThreadPoolExecutor.java:1085)
	at java.util.concurrent.ScheduledThreadPoolExecutor$DelayedWorkQueue.take(ScheduledThreadPoolExecutor.java:807)
	at java.util.concurrent.ThreadPoolExecutor.getTask(ThreadPoolExecutor.java:1068)
	at java.util.concurrent.ThreadPoolExecutor.runWorker(ThreadPoolExecutor.java:1130)
	at java.util.concurrent.ThreadPoolExecutor$Worker.run(ThreadPoolExecutor.java:615)
	at java.lang.Thread.run(Thread.java:745)


&quot;jenkins.util.Timer [#1]&quot; Id=187 Group=main TIMED_WAITING on java.util.concurrent.locks.AbstractQueuedSynchronizer$ConditionObject@28105d2b
	at sun.misc.Unsafe.park(Native Method)
	-  waiting on java.util.concurrent.locks.AbstractQueuedSynchronizer$ConditionObject@28105d2b
	at java.util.concurrent.locks.LockSupport.parkNanos(LockSupport.java:226)
	at java.util.concurrent.locks.AbstractQueuedSynchronizer$ConditionObject.awaitNanos(AbstractQueuedSynchronizer.java:2082)
	at java.util.concurrent.ScheduledThreadPoolExecutor$DelayedWorkQueue.take(ScheduledThreadPoolExecutor.java:1090)
	at java.util.concurrent.ScheduledThreadPoolExecutor$DelayedWorkQueue.take(ScheduledThreadPoolExecutor.java:807)
	at java.util.concurrent.ThreadPoolExecutor.getTask(ThreadPoolExecutor.java:1068)
	at java.util.concurrent.ThreadPoolExecutor.runWorker(ThreadPoolExecutor.java:1130)
	at java.util.concurrent.ThreadPoolExecutor$Worker.run(ThreadPoolExecutor.java:615)
	at java.lang.Thread.run(Thread.java:745)


&quot;jenkins.util.Timer [#2]&quot; Id=204 Group=main WAITING on java.util.concurrent.locks.AbstractQueuedSynchronizer$ConditionObject@28105d2b
	at sun.misc.Unsafe.park(Native Method)
	-  waiting on java.util.concurrent.locks.AbstractQueuedSynchronizer$ConditionObject@28105d2b
	at java.util.concurrent.locks.LockSupport.park(LockSupport.java:186)
	at java.util.concurrent.locks.AbstractQueuedSynchronizer$ConditionObject.await(AbstractQueuedSynchronizer.java:2043)
	at java.util.concurrent.ScheduledThreadPoolExecutor$DelayedWorkQueue.take(ScheduledThreadPoolExecutor.java:1085)
	at java.util.concurrent.ScheduledThreadPoolExecutor$DelayedWorkQueue.take(ScheduledThreadPoolExecutor.java:807)
	at java.util.concurrent.ThreadPoolExecutor.getTask(ThreadPoolExecutor.java:1068)
	at java.util.concurrent.ThreadPoolExecutor.runWorker(ThreadPoolExecutor.java:1130)
	at java.util.concurrent.ThreadPoolExecutor$Worker.run(ThreadPoolExecutor.java:615)
	at java.lang.Thread.run(Thread.java:745)


&quot;jenkins.util.Timer [#3]&quot; Id=205 Group=main WAITING on java.util.concurrent.locks.AbstractQueuedSynchronizer$ConditionObject@28105d2b
	at sun.misc.Unsafe.park(Native Method)
	-  waiting on java.util.concurrent.locks.AbstractQueuedSynchronizer$ConditionObject@28105d2b
	at java.util.concurrent.locks.LockSupport.park(LockSupport.java:186)
	at java.util.concurrent.locks.AbstractQueuedSynchronizer$ConditionObject.await(AbstractQueuedSynchronizer.java:2043)
	at java.util.concurrent.ScheduledThreadPoolExecutor$DelayedWorkQueue.take(ScheduledThreadPoolExecutor.java:1085)
	at java.util.concurrent.ScheduledThreadPoolExecutor$DelayedWorkQueue.take(ScheduledThreadPoolExecutor.java:807)
	at java.util.concurrent.ThreadPoolExecutor.getTask(ThreadPoolExecutor.java:1068)
	at java.util.concurrent.ThreadPoolExecutor.runWorker(ThreadPoolExecutor.java:1130)
	at java.util.concurrent.ThreadPoolExecutor$Worker.run(ThreadPoolExecutor.java:615)
	at java.lang.Thread.run(Thread.java:745)


&quot;jenkins.util.Timer [#4]&quot; Id=206 Group=main WAITING on java.util.concurrent.locks.AbstractQueuedSynchronizer$ConditionObject@28105d2b
	at sun.misc.Unsafe.park(Native Method)
	-  waiting on java.util.concurrent.locks.AbstractQueuedSynchronizer$ConditionObject@28105d2b
	at java.util.concurrent.locks.LockSupport.park(LockSupport.java:186)
	at java.util.concurrent.locks.AbstractQueuedSynchronizer$ConditionObject.await(AbstractQueuedSynchronizer.java:2043)
	at java.util.concurrent.ScheduledThreadPoolExecutor$DelayedWorkQueue.take(ScheduledThreadPoolExecutor.java:1085)
	at java.util.concurrent.ScheduledThreadPoolExecutor$DelayedWorkQueue.take(ScheduledThreadPoolExecutor.java:807)
	at java.util.concurrent.ThreadPoolExecutor.getTask(ThreadPoolExecutor.java:1068)
	at java.util.concurrent.ThreadPoolExecutor.runWorker(ThreadPoolExecutor.java:1130)
	at java.util.concurrent.ThreadPoolExecutor$Worker.run(ThreadPoolExecutor.java:615)
	at java.lang.Thread.run(Thread.java:745)


&quot;jenkins.util.Timer [#5]&quot; Id=207 Group=main WAITING on java.util.concurrent.locks.AbstractQueuedSynchronizer$ConditionObject@28105d2b
	at sun.misc.Unsafe.park(Native Method)
	-  waiting on java.util.concurrent.locks.AbstractQueuedSynchronizer$ConditionObject@28105d2b
	at java.util.concurrent.locks.LockSupport.park(LockSupport.java:186)
	at java.util.concurrent.locks.AbstractQueuedSynchronizer$ConditionObject.await(AbstractQueuedSynchronizer.java:2043)
	at java.util.concurrent.ScheduledThreadPoolExecutor$DelayedWorkQueue.take(ScheduledThreadPoolExecutor.java:1085)
	at java.util.concurrent.ScheduledThreadPoolExecutor$DelayedWorkQueue.take(ScheduledThreadPoolExecutor.java:807)
	at java.util.concurrent.ThreadPoolExecutor.getTask(ThreadPoolExecutor.java:1068)
	at java.util.concurrent.ThreadPoolExecutor.runWorker(ThreadPoolExecutor.java:1130)
	at java.util.concurrent.ThreadPoolExecutor$Worker.run(ThreadPoolExecutor.java:615)
	at java.lang.Thread.run(Thread.java:745)


&quot;jenkins.util.Timer [#6]&quot; Id=208 Group=main WAITING on java.util.concurrent.locks.AbstractQueuedSynchronizer$ConditionObject@28105d2b
	at sun.misc.Unsafe.park(Native Method)
	-  waiting on java.util.concurrent.locks.AbstractQueuedSynchronizer$ConditionObject@28105d2b
	at java.util.concurrent.locks.LockSupport.park(LockSupport.java:186)
	at java.util.concurrent.locks.AbstractQueuedSynchronizer$ConditionObject.await(AbstractQueuedSynchronizer.java:2043)
	at java.util.concurrent.ScheduledThreadPoolExecutor$DelayedWorkQueue.take(ScheduledThreadPoolExecutor.java:1085)
	at java.util.concurrent.ScheduledThreadPoolExecutor$DelayedWorkQueue.take(ScheduledThreadPoolExecutor.java:807)
	at java.util.concurrent.ThreadPoolExecutor.getTask(ThreadPoolExecutor.java:1068)
	at java.util.concurrent.ThreadPoolExecutor.runWorker(ThreadPoolExecutor.java:1130)
	at java.util.concurrent.ThreadPoolExecutor$Worker.run(ThreadPoolExecutor.java:615)
	at java.lang.Thread.run(Thread.java:745)


&quot;jenkins.util.Timer [#7]&quot; Id=209 Group=main WAITING on java.util.concurrent.locks.AbstractQueuedSynchronizer$ConditionObject@28105d2b
	at sun.misc.Unsafe.park(Native Method)
	-  waiting on java.util.concurrent.locks.AbstractQueuedSynchronizer$ConditionObject@28105d2b
	at java.util.concurrent.locks.LockSupport.park(LockSupport.java:186)
	at java.util.concurrent.locks.AbstractQueuedSynchronizer$ConditionObject.await(AbstractQueuedSynchronizer.java:2043)
	at java.util.concurrent.ScheduledThreadPoolExecutor$DelayedWorkQueue.take(ScheduledThreadPoolExecutor.java:1085)
	at java.util.concurrent.ScheduledThreadPoolExecutor$DelayedWorkQueue.take(ScheduledThreadPoolExecutor.java:807)
	at java.util.concurrent.ThreadPoolExecutor.getTask(ThreadPoolExecutor.java:1068)
	at java.util.concurrent.ThreadPoolExecutor.runWorker(ThreadPoolExecutor.java:1130)
	at java.util.concurrent.ThreadPoolExecutor$Worker.run(ThreadPoolExecutor.java:615)
	at java.lang.Thread.run(Thread.java:745)


&quot;jenkins.util.Timer [#8]&quot; Id=210 Group=main WAITING on java.util.concurrent.locks.AbstractQueuedSynchronizer$ConditionObject@28105d2b
	at sun.misc.Unsafe.park(Native Method)
	-  waiting on java.util.concurrent.locks.AbstractQueuedSynchronizer$ConditionObject@28105d2b
	at java.util.concurrent.locks.LockSupport.park(LockSupport.java:186)
	at java.util.concurrent.locks.AbstractQueuedSynchronizer$ConditionObject.await(AbstractQueuedSynchronizer.java:2043)
	at java.util.concurrent.ScheduledThreadPoolExecutor$DelayedWorkQueue.take(ScheduledThreadPoolExecutor.java:1085)
	at java.util.concurrent.ScheduledThreadPoolExecutor$DelayedWorkQueue.take(ScheduledThreadPoolExecutor.java:807)
	at java.util.concurrent.ThreadPoolExecutor.getTask(ThreadPoolExecutor.java:1068)
	at java.util.concurrent.ThreadPoolExecutor.runWorker(ThreadPoolExecutor.java:1130)
	at java.util.concurrent.ThreadPoolExecutor$Worker.run(ThreadPoolExecutor.java:615)
	at java.lang.Thread.run(Thread.java:745)


&quot;jenkins.util.Timer [#9]&quot; Id=211 Group=main WAITING on java.util.concurrent.locks.AbstractQueuedSynchronizer$ConditionObject@28105d2b
	at sun.misc.Unsafe.park(Native Method)
	-  waiting on java.util.concurrent.locks.AbstractQueuedSynchronizer$ConditionObject@28105d2b
	at java.util.concurrent.locks.LockSupport.park(LockSupport.java:186)
	at java.util.concurrent.locks.AbstractQueuedSynchronizer$ConditionObject.await(AbstractQueuedSynchronizer.java:2043)
	at java.util.concurrent.ScheduledThreadPoolExecutor$DelayedWorkQueue.take(ScheduledThreadPoolExecutor.java:1085)
	at java.util.concurrent.ScheduledThreadPoolExecutor$DelayedWorkQueue.take(ScheduledThreadPoolExecutor.java:807)
	at java.util.concurrent.ThreadPoolExecutor.getTask(ThreadPoolExecutor.java:1068)
	at java.util.concurrent.ThreadPoolExecutor.runWorker(ThreadPoolExecutor.java:1130)
	at java.util.concurrent.ThreadPoolExecutor$Worker.run(ThreadPoolExecutor.java:615)
	at java.lang.Thread.run(Thread.java:745)


&quot;Jetty Thread Pool - Acceptor0 SocketConnector@0.0.0.0:33012&quot; Id=185 Group=main RUNNABLE (in native)
	at java.net.PlainSocketImpl.socketAccept(Native Method)
	at java.net.AbstractPlainSocketImpl.accept(AbstractPlainSocketImpl.java:398)
	at java.net.ServerSocket.implAccept(ServerSocket.java:530)
	at java.net.ServerSocket.accept(ServerSocket.java:498)
	at org.mortbay.jetty.bio.SocketConnector.accept(SocketConnector.java:99)
	at org.mortbay.jetty.AbstractConnector$Acceptor.run(AbstractConnector.java:708)
	at java.util.concurrent.Executors$RunnableAdapter.call(Executors.java:471)
	at java.util.concurrent.FutureTask.run(FutureTask.java:262)
	at java.util.concurrent.ThreadPoolExecutor.runWorker(ThreadPoolExecutor.java:1145)
	at java.util.concurrent.ThreadPoolExecutor$Worker.run(ThreadPoolExecutor.java:615)
	at java.lang.Thread.run(Thread.java:745)

	Number of locked synchronizers = 1
	- java.util.concurrent.ThreadPoolExecutor$Worker@76dae0e9


&quot;MultiThreadedHttpConnectionManager cleanup&quot; Id=61 Group=main WAITING on java.lang.ref.ReferenceQueue$Lock@6d46238
	at java.lang.Object.wait(Native Method)
	-  waiting on java.lang.ref.ReferenceQueue$Lock@6d46238
	at java.lang.ref.ReferenceQueue.remove(ReferenceQueue.java:135)
	at java.lang.ref.ReferenceQueue.remove(ReferenceQueue.java:151)
	at org.apache.commons.httpclient.MultiThreadedHttpConnectionManager$ReferenceQueueThread.run(MultiThreadedHttpConnectionManager.java:1122)


&quot;TCP slave agent listener port=0&quot; Id=213 Group=main RUNNABLE (in native)
	at sun.nio.ch.ServerSocketChannelImpl.accept0(Native Method)
	at sun.nio.ch.ServerSocketChannelImpl.accept(ServerSocketChannelImpl.java:241)
	-  locked java.lang.Object@2b2767cf
	at hudson.TcpSlaveAgentListener.run(TcpSlaveAgentListener.java:95)


&quot;Timer-1&quot; Id=48 Group=main TIMED_WAITING on java.util.TaskQueue@27e72138
	at java.lang.Object.wait(Native Method)
	-  waiting on java.util.TaskQueue@27e72138
	at java.util.TimerThread.mainLoop(Timer.java:552)
	at java.util.TimerThread.run(Timer.java:505)


&quot;Timer-7&quot; Id=184 Group=main TIMED_WAITING on java.util.TaskQueue@3ba8cef
	at java.lang.Object.wait(Native Method)
	-  waiting on java.util.TaskQueue@3ba8cef
	at java.util.TimerThread.mainLoop(Timer.java:552)
	at java.util.TimerThread.run(Timer.java:505)


&quot;Timer-8&quot; Id=218 Group=main TIMED_WAITING on java.util.TaskQueue@5fcf1beb
	at java.lang.Object.wait(Native Method)
	-  waiting on java.util.TaskQueue@5fcf1beb
	at java.util.TimerThread.mainLoop(Timer.java:552)
	at java.util.TimerThread.run(Timer.java:505)


&quot;Finalizer&quot; Id=3 Group=system WAITING on java.lang.ref.ReferenceQueue$Lock@382ca2aa
	at java.lang.Object.wait(Native Method)
	-  waiting on java.lang.ref.ReferenceQueue$Lock@382ca2aa
	at java.lang.ref.ReferenceQueue.remove(ReferenceQueue.java:135)
	at java.lang.ref.ReferenceQueue.remove(ReferenceQueue.java:151)
	at java.lang.ref.Finalizer$FinalizerThread.run(Finalizer.java:209)


&quot;process reaper&quot; Id=51 Group=system TIMED_WAITING on java.util.concurrent.SynchronousQueue$TransferStack@617c4e08
	at sun.misc.Unsafe.park(Native Method)
	-  waiting on java.util.concurrent.SynchronousQueue$TransferStack@617c4e08
	at java.util.concurrent.locks.LockSupport.parkNanos(LockSupport.java:226)
	at java.util.concurrent.SynchronousQueue$TransferStack.awaitFulfill(SynchronousQueue.java:460)
	at java.util.concurrent.SynchronousQueue$TransferStack.transfer(SynchronousQueue.java:359)
	at java.util.concurrent.SynchronousQueue.poll(SynchronousQueue.java:942)
	at java.util.concurrent.ThreadPoolExecutor.getTask(ThreadPoolExecutor.java:1068)
	at java.util.concurrent.ThreadPoolExecutor.runWorker(ThreadPoolExecutor.java:1130)
	at java.util.concurrent.ThreadPoolExecutor$Worker.run(ThreadPoolExecutor.java:615)
	at java.lang.Thread.run(Thread.java:745)


&quot;Reference Handler&quot; Id=2 Group=system WAITING on java.lang.ref.Reference$Lock@7a6b63b5
	at java.lang.Object.wait(Native Method)
	-  waiting on java.lang.ref.Reference$Lock@7a6b63b5
	at java.lang.Object.wait(Object.java:503)
	at java.lang.ref.Reference$ReferenceHandler.run(Reference.java:133)


&quot;Signal Dispatcher&quot; Id=4 Group=system RUNNABLE


</stderr>
          <failedSince>3</failedSince>
        </case>
      </cases>
    </suite>
    <suite>
      <file>/var/jenkins_home/jobs/groupByError/workspace/TEST-hudson.tasks.junit.JUnitResultArchiverTest.xml</file>
      <name>hudson.tasks.junit.JUnitResultArchiverTest</name>
      <duration>29.165</duration>
      <cases>
        <case>
          <duration>0.755</duration>
          <className>hudson.tasks.junit.JUnitResultArchiverTest</className>
          <testName>persistence</testName>
          <skipped>false</skipped>
          <errorStackTrace>java.lang.AssertionError: should have 132 total tests expected:&lt;132&gt; but was:&lt;1007&gt;
	at org.junit.Assert.fail(Assert.java:88)
	at org.junit.Assert.failNotEquals(Assert.java:743)
	at org.junit.Assert.assertEquals(Assert.java:118)
	at org.junit.Assert.assertEquals(Assert.java:555)
	at hudson.tasks.junit.JUnitResultArchiverTest.assertTestResults(JUnitResultArchiverTest.java:132)
	at hudson.tasks.junit.JUnitResultArchiverTest.persistence(JUnitResultArchiverTest.java:144)
</errorStackTrace>
          <errorDetails>should have 132 total tests expected:&lt;132&gt; but was:&lt;1007&gt;</errorDetails>
          <stdout>=== Starting persistence(hudson.tasks.junit.JUnitResultArchiverTest)
</stdout>
          <stderr>Dec 08, 2015 4:35:27 PM org.jvnet.hudson.test.JenkinsRule createWebServer
INFO: Running on http://localhost:57548/jenkins/
Dec 08, 2015 4:35:27 PM jenkins.InitReactorRunner$1 onAttained
INFO: Started initialization
Dec 08, 2015 4:35:27 PM jenkins.InitReactorRunner$1 onAttained
INFO: Listed all plugins
Dec 08, 2015 4:35:27 PM jenkins.InitReactorRunner$1 onAttained
INFO: Prepared all plugins
Dec 08, 2015 4:35:28 PM jenkins.InitReactorRunner$1 onAttained
INFO: Started all plugins
Dec 08, 2015 4:35:28 PM jenkins.InitReactorRunner$1 onAttained
INFO: Augmented all extensions
Dec 08, 2015 4:35:28 PM jenkins.InitReactorRunner$1 onAttained
INFO: Loaded all jobs
Dec 08, 2015 4:35:28 PM jenkins.InitReactorRunner$1 onAttained
INFO: Completed initialization
Dec 08, 2015 4:35:28 PM hudson.model.Run execute
INFO: junit #1 main build action completed: SUCCESS
Dec 08, 2015 4:35:28 PM jenkins.InitReactorRunner$1 onAttained
INFO: Started initialization
Dec 08, 2015 4:35:28 PM jenkins.InitReactorRunner$1 onAttained
INFO: Listed all plugins
Dec 08, 2015 4:35:28 PM jenkins.InitReactorRunner$1 onAttained
INFO: Prepared all plugins
Dec 08, 2015 4:35:28 PM jenkins.InitReactorRunner$1 onAttained
INFO: Started all plugins
Dec 08, 2015 4:35:28 PM jenkins.InitReactorRunner$1 onAttained
INFO: Augmented all extensions
Dec 08, 2015 4:35:28 PM jenkins.InitReactorRunner$1 onAttained
INFO: Loaded all jobs
Dec 08, 2015 4:35:28 PM jenkins.InitReactorRunner$1 onAttained
INFO: Completed initialization
</stderr>
          <failedSince>3</failedSince>
        </case>
        <case>
          <duration>0.517</duration>
          <className>hudson.tasks.junit.JUnitResultArchiverTest</className>
          <testName>basic</testName>
          <skipped>false</skipped>
          <errorStackTrace>java.lang.AssertionError: should have 132 total tests expected:&lt;132&gt; but was:&lt;1007&gt;
	at org.junit.Assert.fail(Assert.java:88)
	at org.junit.Assert.failNotEquals(Assert.java:743)
	at org.junit.Assert.assertEquals(Assert.java:118)
	at org.junit.Assert.assertEquals(Assert.java:555)
	at hudson.tasks.junit.JUnitResultArchiverTest.assertTestResults(JUnitResultArchiverTest.java:132)
	at hudson.tasks.junit.JUnitResultArchiverTest.basic(JUnitResultArchiverTest.java:94)
</errorStackTrace>
          <errorDetails>should have 132 total tests expected:&lt;132&gt; but was:&lt;1007&gt;</errorDetails>
          <stdout>=== Starting basic(hudson.tasks.junit.JUnitResultArchiverTest)
</stdout>
          <stderr>Dec 08, 2015 4:35:28 PM org.jvnet.hudson.test.JenkinsRule createWebServer
INFO: Running on http://localhost:38279/jenkins/
Dec 08, 2015 4:35:28 PM jenkins.InitReactorRunner$1 onAttained
INFO: Started initialization
Dec 08, 2015 4:35:28 PM jenkins.InitReactorRunner$1 onAttained
INFO: Listed all plugins
Dec 08, 2015 4:35:28 PM jenkins.InitReactorRunner$1 onAttained
INFO: Prepared all plugins
Dec 08, 2015 4:35:28 PM jenkins.InitReactorRunner$1 onAttained
INFO: Started all plugins
Dec 08, 2015 4:35:28 PM jenkins.InitReactorRunner$1 onAttained
INFO: Augmented all extensions
Dec 08, 2015 4:35:28 PM jenkins.InitReactorRunner$1 onAttained
INFO: Loaded all jobs
Dec 08, 2015 4:35:29 PM jenkins.InitReactorRunner$1 onAttained
INFO: Completed initialization
Dec 08, 2015 4:35:29 PM hudson.model.Run execute
INFO: junit #1 main build action completed: SUCCESS
</stderr>
          <failedSince>3</failedSince>
        </case>
        <case>
          <duration>5.806</duration>
          <className>hudson.tasks.junit.JUnitResultArchiverTest</className>
          <testName>slave</testName>
          <skipped>false</skipped>
          <errorStackTrace>java.lang.AssertionError: should have 132 total tests expected:&lt;132&gt; but was:&lt;1007&gt;
	at org.junit.Assert.fail(Assert.java:88)
	at org.junit.Assert.failNotEquals(Assert.java:743)
	at org.junit.Assert.assertEquals(Assert.java:118)
	at org.junit.Assert.assertEquals(Assert.java:555)
	at hudson.tasks.junit.JUnitResultArchiverTest.assertTestResults(JUnitResultArchiverTest.java:132)
	at hudson.tasks.junit.JUnitResultArchiverTest.basic(JUnitResultArchiverTest.java:94)
	at hudson.tasks.junit.JUnitResultArchiverTest.slave(JUnitResultArchiverTest.java:119)
</errorStackTrace>
          <errorDetails>should have 132 total tests expected:&lt;132&gt; but was:&lt;1007&gt;</errorDetails>
          <stdout>=== Starting slave(hudson.tasks.junit.JUnitResultArchiverTest)
</stdout>
          <stderr>Dec 08, 2015 4:35:29 PM org.jvnet.hudson.test.JenkinsRule createWebServer
INFO: Running on http://localhost:51331/jenkins/
Dec 08, 2015 4:35:29 PM jenkins.InitReactorRunner$1 onAttained
INFO: Started initialization
Dec 08, 2015 4:35:29 PM jenkins.InitReactorRunner$1 onAttained
INFO: Listed all plugins
Dec 08, 2015 4:35:29 PM jenkins.InitReactorRunner$1 onAttained
INFO: Prepared all plugins
Dec 08, 2015 4:35:29 PM jenkins.InitReactorRunner$1 onAttained
INFO: Started all plugins
Dec 08, 2015 4:35:29 PM jenkins.InitReactorRunner$1 onAttained
INFO: Augmented all extensions
Dec 08, 2015 4:35:29 PM jenkins.InitReactorRunner$1 onAttained
INFO: Loaded all jobs
Dec 08, 2015 4:35:30 PM jenkins.InitReactorRunner$1 onAttained
INFO: Completed initialization
Dec 08, 2015 4:35:31 PM hudson.slaves.CommandLauncher launch
INFO: slave agent launched for slave0
Dec 08, 2015 4:35:32 PM hudson.model.Run execute
INFO: junit #1 main build action completed: SUCCESS
Note: known to randomly fail: TimeoutException from basic
</stderr>
          <failedSince>3</failedSince>
        </case>
        <case>
          <duration>7.112</duration>
          <className>hudson.tasks.junit.JUnitResultArchiverTest</className>
          <testName>setDescription</testName>
          <skipped>false</skipped>
          <failedSince>0</failedSince>
        </case>
        <case>
          <duration>8.565</duration>
          <className>hudson.tasks.junit.JUnitResultArchiverTest</className>
          <testName>configRoundTrip</testName>
          <skipped>false</skipped>
          <failedSince>0</failedSince>
        </case>
        <case>
          <duration>3.634</duration>
          <className>hudson.tasks.junit.JUnitResultArchiverTest</className>
          <testName>repeatedArchivingSlave</testName>
          <skipped>false</skipped>
          <errorStackTrace>java.lang.AssertionError: should have 8 total tests expected:&lt;8&gt; but was:&lt;1007&gt;
	at org.junit.Assert.fail(Assert.java:88)
	at org.junit.Assert.failNotEquals(Assert.java:743)
	at org.junit.Assert.assertEquals(Assert.java:118)
	at org.junit.Assert.assertEquals(Assert.java:555)
	at hudson.tasks.junit.JUnitResultArchiverTest.doRepeatedArchiving(JUnitResultArchiverTest.java:215)
	at hudson.tasks.junit.JUnitResultArchiverTest.repeatedArchivingSlave(JUnitResultArchiverTest.java:197)
</errorStackTrace>
          <errorDetails>should have 8 total tests expected:&lt;8&gt; but was:&lt;1007&gt;</errorDetails>
          <stdout>=== Starting repeatedArchivingSlave(hudson.tasks.junit.JUnitResultArchiverTest)
</stdout>
          <stderr>Dec 08, 2015 4:35:50 PM org.jvnet.hudson.test.JenkinsRule createWebServer
INFO: Running on http://localhost:41017/jenkins/
Dec 08, 2015 4:35:50 PM jenkins.InitReactorRunner$1 onAttained
INFO: Started initialization
Dec 08, 2015 4:35:50 PM jenkins.InitReactorRunner$1 onAttained
INFO: Listed all plugins
Dec 08, 2015 4:35:50 PM jenkins.InitReactorRunner$1 onAttained
INFO: Prepared all plugins
Dec 08, 2015 4:35:50 PM jenkins.InitReactorRunner$1 onAttained
INFO: Started all plugins
Dec 08, 2015 4:35:50 PM jenkins.InitReactorRunner$1 onAttained
INFO: Augmented all extensions
Dec 08, 2015 4:35:50 PM jenkins.InitReactorRunner$1 onAttained
INFO: Loaded all jobs
Dec 08, 2015 4:35:51 PM jenkins.InitReactorRunner$1 onAttained
INFO: Completed initialization
Dec 08, 2015 4:35:52 PM hudson.slaves.CommandLauncher launch
INFO: slave agent launched for slave0
Dec 08, 2015 4:35:54 PM hudson.model.Run execute
INFO: junit #1 main build action completed: UNSTABLE
</stderr>
          <failedSince>3</failedSince>
        </case>
        <case>
          <duration>2.32</duration>
          <className>hudson.tasks.junit.JUnitResultArchiverTest</className>
          <testName>specialCharsInRelativePath</testName>
          <skipped>false</skipped>
          <errorStackTrace>java.lang.NullPointerException: null
	at hudson.tasks.junit.JUnitResultArchiverTest.specialCharsInRelativePath(JUnitResultArchiverTest.java:307)
</errorStackTrace>
          <stdout>=== Starting specialCharsInRelativePath(hudson.tasks.junit.JUnitResultArchiverTest)
</stdout>
          <stderr>Dec 08, 2015 4:35:54 PM org.jvnet.hudson.test.JenkinsRule createWebServer
INFO: Running on http://localhost:40830/jenkins/
Dec 08, 2015 4:35:54 PM jenkins.InitReactorRunner$1 onAttained
INFO: Started initialization
Dec 08, 2015 4:35:54 PM jenkins.InitReactorRunner$1 onAttained
INFO: Listed all plugins
Dec 08, 2015 4:35:54 PM jenkins.InitReactorRunner$1 onAttained
INFO: Prepared all plugins
Dec 08, 2015 4:35:54 PM jenkins.InitReactorRunner$1 onAttained
INFO: Started all plugins
Dec 08, 2015 4:35:54 PM jenkins.InitReactorRunner$1 onAttained
INFO: Augmented all extensions
Dec 08, 2015 4:35:54 PM jenkins.InitReactorRunner$1 onAttained
INFO: Loaded all jobs
Dec 08, 2015 4:35:54 PM jenkins.InitReactorRunner$1 onAttained
INFO: Completed initialization
Dec 08, 2015 4:35:54 PM hudson.model.Run execute
INFO: test1/a=&lt;|#) #1 main build action completed: SUCCESS
Dec 08, 2015 4:35:55 PM hudson.model.Run execute
INFO: test1 #1 main build action completed: UNSTABLE
</stderr>
          <failedSince>3</failedSince>
        </case>
        <case>
          <duration>0.456</duration>
          <className>hudson.tasks.junit.JUnitResultArchiverTest</className>
          <testName>repeatedArchiving</testName>
          <skipped>false</skipped>
          <errorStackTrace>java.lang.AssertionError: should have 8 total tests expected:&lt;8&gt; but was:&lt;1007&gt;
	at org.junit.Assert.fail(Assert.java:88)
	at org.junit.Assert.failNotEquals(Assert.java:743)
	at org.junit.Assert.assertEquals(Assert.java:118)
	at org.junit.Assert.assertEquals(Assert.java:555)
	at hudson.tasks.junit.JUnitResultArchiverTest.doRepeatedArchiving(JUnitResultArchiverTest.java:215)
	at hudson.tasks.junit.JUnitResultArchiverTest.repeatedArchiving(JUnitResultArchiverTest.java:194)
</errorStackTrace>
          <errorDetails>should have 8 total tests expected:&lt;8&gt; but was:&lt;1007&gt;</errorDetails>
          <stdout>=== Starting repeatedArchiving(hudson.tasks.junit.JUnitResultArchiverTest)
</stdout>
          <stderr>Dec 08, 2015 4:35:56 PM org.jvnet.hudson.test.JenkinsRule createWebServer
INFO: Running on http://localhost:51520/jenkins/
Dec 08, 2015 4:35:56 PM jenkins.InitReactorRunner$1 onAttained
INFO: Started initialization
Dec 08, 2015 4:35:56 PM jenkins.InitReactorRunner$1 onAttained
INFO: Listed all plugins
Dec 08, 2015 4:35:56 PM jenkins.InitReactorRunner$1 onAttained
INFO: Prepared all plugins
Dec 08, 2015 4:35:56 PM jenkins.InitReactorRunner$1 onAttained
INFO: Started all plugins
Dec 08, 2015 4:35:56 PM jenkins.InitReactorRunner$1 onAttained
INFO: Augmented all extensions
Dec 08, 2015 4:35:56 PM jenkins.InitReactorRunner$1 onAttained
INFO: Loaded all jobs
Dec 08, 2015 4:35:56 PM jenkins.InitReactorRunner$1 onAttained
INFO: Completed initialization
Dec 08, 2015 4:35:56 PM hudson.model.Run execute
INFO: junit #1 main build action completed: UNSTABLE
</stderr>
          <failedSince>3</failedSince>
        </case>
      </cases>
    </suite>
    <suite>
      <file>/var/jenkins_home/jobs/groupByError/workspace/TEST-hudson.tasks.junit.SuiteResult2Test.xml</file>
      <name>hudson.tasks.junit.SuiteResult2Test</name>
      <duration>0.066</duration>
      <cases>
        <case>
          <duration>0.066</duration>
          <className>hudson.tasks.junit.SuiteResult2Test</className>
          <testName>sizeSurefire</testName>
          <skipped>false</skipped>
          <errorStackTrace>java.lang.AssertionError: expected:&lt;1&gt; but was:&lt;0&gt;
	at org.junit.Assert.fail(Assert.java:88)
	at org.junit.Assert.failNotEquals(Assert.java:743)
	at org.junit.Assert.assertEquals(Assert.java:118)
	at org.junit.Assert.assertEquals(Assert.java:555)
	at org.junit.Assert.assertEquals(Assert.java:542)
	at hudson.tasks.junit.SuiteResult2Test.parseOne(SuiteResult2Test.java:101)
	at hudson.tasks.junit.SuiteResult2Test.sizeSurefire(SuiteResult2Test.java:88)
</errorStackTrace>
          <errorDetails>expected:&lt;1&gt; but was:&lt;0&gt;</errorDetails>
          <failedSince>3</failedSince>
        </case>
      </cases>
    </suite>
    <suite>
      <file>/var/jenkins_home/jobs/groupByError/workspace/TEST-hudson.tasks.junit.SuiteResultTest.xml</file>
      <name>hudson.tasks.junit.SuiteResultTest</name>
      <duration>0.083000004</duration>
      <cases>
        <case>
          <duration>0.002</duration>
          <className>hudson.tasks.junit.SuiteResultTest</className>
          <testName>testSuiteResultPersistence</testName>
          <skipped>false</skipped>
          <errorStackTrace>junit.framework.AssertionFailedError: expected:&lt;1&gt; but was:&lt;0&gt;
	at junit.framework.Assert.fail(Assert.java:57)
	at junit.framework.Assert.failNotEquals(Assert.java:329)
	at junit.framework.Assert.assertEquals(Assert.java:78)
	at junit.framework.Assert.assertEquals(Assert.java:234)
	at junit.framework.Assert.assertEquals(Assert.java:241)
	at junit.framework.TestCase.assertEquals(TestCase.java:409)
	at hudson.tasks.junit.SuiteResultTest.parseOne(SuiteResultTest.java:57)
	at hudson.tasks.junit.SuiteResultTest.testSuiteResultPersistence(SuiteResultTest.java:128)
</errorStackTrace>
          <errorDetails>expected:&lt;1&gt; but was:&lt;0&gt;</errorDetails>
          <failedSince>3</failedSince>
        </case>
        <case>
          <duration>0.003</duration>
          <className>hudson.tasks.junit.SuiteResultTest</className>
          <testName>testSuiteStdioTrimmingSurefire</testName>
          <skipped>false</skipped>
          <errorStackTrace>junit.framework.AssertionFailedError: expected:&lt;1&gt; but was:&lt;0&gt;
	at junit.framework.Assert.fail(Assert.java:57)
	at junit.framework.Assert.failNotEquals(Assert.java:329)
	at junit.framework.Assert.assertEquals(Assert.java:78)
	at junit.framework.Assert.assertEquals(Assert.java:234)
	at junit.framework.Assert.assertEquals(Assert.java:241)
	at junit.framework.TestCase.assertEquals(TestCase.java:409)
	at hudson.tasks.junit.SuiteResultTest.parseOne(SuiteResultTest.java:57)
	at hudson.tasks.junit.SuiteResultTest.testSuiteStdioTrimmingSurefire(SuiteResultTest.java:241)
</errorStackTrace>
          <errorDetails>expected:&lt;1&gt; but was:&lt;0&gt;</errorDetails>
          <failedSince>3</failedSince>
        </case>
        <case>
          <duration>0.001</duration>
          <className>hudson.tasks.junit.SuiteResultTest</className>
          <testName>testErrorDetails</testName>
          <skipped>false</skipped>
          <failedSince>0</failedSince>
        </case>
        <case>
          <duration>0.001</duration>
          <className>hudson.tasks.junit.SuiteResultTest</className>
          <testName>testParseNestedTestSuites</testName>
          <skipped>false</skipped>
          <errorStackTrace>junit.framework.AssertionFailedError: expected:&lt;3&gt; but was:&lt;0&gt;
	at junit.framework.Assert.fail(Assert.java:57)
	at junit.framework.Assert.failNotEquals(Assert.java:329)
	at junit.framework.Assert.assertEquals(Assert.java:78)
	at junit.framework.Assert.assertEquals(Assert.java:234)
	at junit.framework.Assert.assertEquals(Assert.java:241)
	at junit.framework.TestCase.assertEquals(TestCase.java:409)
	at hudson.tasks.junit.SuiteResultTest.testParseNestedTestSuites(SuiteResultTest.java:311)
</errorStackTrace>
          <errorDetails>expected:&lt;3&gt; but was:&lt;0&gt;</errorDetails>
          <failedSince>3</failedSince>
        </case>
        <case>
          <duration>0.002</duration>
          <className>hudson.tasks.junit.SuiteResultTest</className>
          <testName>testSuiteStdioTrimming</testName>
          <skipped>false</skipped>
          <errorStackTrace>junit.framework.AssertionFailedError: expected:&lt;1&gt; but was:&lt;0&gt;
	at junit.framework.Assert.fail(Assert.java:57)
	at junit.framework.Assert.failNotEquals(Assert.java:329)
	at junit.framework.Assert.assertEquals(Assert.java:78)
	at junit.framework.Assert.assertEquals(Assert.java:234)
	at junit.framework.Assert.assertEquals(Assert.java:241)
	at junit.framework.TestCase.assertEquals(TestCase.java:409)
	at hudson.tasks.junit.SuiteResultTest.parseOne(SuiteResultTest.java:57)
	at hudson.tasks.junit.SuiteResultTest.testSuiteStdioTrimming(SuiteResultTest.java:174)
</errorStackTrace>
          <errorDetails>expected:&lt;1&gt; but was:&lt;0&gt;</errorDetails>
          <failedSince>3</failedSince>
        </case>
        <case>
          <duration>0.001</duration>
          <className>hudson.tasks.junit.SuiteResultTest</className>
          <testName>testErrorInTestInitialization</testName>
          <skipped>false</skipped>
          <failedSince>0</failedSince>
        </case>
        <case>
          <duration>0.001</duration>
          <className>hudson.tasks.junit.SuiteResultTest</className>
          <testName>testIssue1233</testName>
          <skipped>false</skipped>
          <errorStackTrace>junit.framework.AssertionFailedError: expected:&lt;1&gt; but was:&lt;0&gt;
	at junit.framework.Assert.fail(Assert.java:57)
	at junit.framework.Assert.failNotEquals(Assert.java:329)
	at junit.framework.Assert.assertEquals(Assert.java:78)
	at junit.framework.Assert.assertEquals(Assert.java:234)
	at junit.framework.Assert.assertEquals(Assert.java:241)
	at junit.framework.TestCase.assertEquals(TestCase.java:409)
	at hudson.tasks.junit.SuiteResultTest.parseOne(SuiteResultTest.java:57)
	at hudson.tasks.junit.SuiteResultTest.testIssue1233(SuiteResultTest.java:67)
</errorStackTrace>
          <errorDetails>expected:&lt;1&gt; but was:&lt;0&gt;</errorDetails>
          <failedSince>3</failedSince>
        </case>
        <case>
          <duration>0.001</duration>
          <className>hudson.tasks.junit.SuiteResultTest</className>
          <testName>testIssue1463</testName>
          <skipped>false</skipped>
          <errorStackTrace>junit.framework.AssertionFailedError: expected:&lt;1&gt; but was:&lt;0&gt;
	at junit.framework.Assert.fail(Assert.java:57)
	at junit.framework.Assert.failNotEquals(Assert.java:329)
	at junit.framework.Assert.assertEquals(Assert.java:78)
	at junit.framework.Assert.assertEquals(Assert.java:234)
	at junit.framework.Assert.assertEquals(Assert.java:241)
	at junit.framework.TestCase.assertEquals(TestCase.java:409)
	at hudson.tasks.junit.SuiteResultTest.parseOne(SuiteResultTest.java:57)
	at hudson.tasks.junit.SuiteResultTest.testIssue1463(SuiteResultTest.java:81)
</errorStackTrace>
          <errorDetails>expected:&lt;1&gt; but was:&lt;0&gt;</errorDetails>
          <failedSince>3</failedSince>
        </case>
        <case>
          <duration>0.026</duration>
          <className>hudson.tasks.junit.SuiteResultTest</className>
          <testName>testIssue1472</testName>
          <skipped>false</skipped>
          <errorStackTrace>junit.framework.AssertionFailedError: null
	at junit.framework.Assert.fail(Assert.java:55)
	at junit.framework.Assert.assertTrue(Assert.java:22)
	at junit.framework.Assert.assertTrue(Assert.java:31)
	at junit.framework.TestCase.assertTrue(TestCase.java:201)
	at hudson.tasks.junit.SuiteResultTest.testIssue1472(SuiteResultTest.java:101)
</errorStackTrace>
          <failedSince>3</failedSince>
        </case>
        <case>
          <duration>0.001</duration>
          <className>hudson.tasks.junit.SuiteResultTest</className>
          <testName>testIssue2874</testName>
          <skipped>false</skipped>
          <errorStackTrace>junit.framework.AssertionFailedError: expected:&lt;1&gt; but was:&lt;0&gt;
	at junit.framework.Assert.fail(Assert.java:57)
	at junit.framework.Assert.failNotEquals(Assert.java:329)
	at junit.framework.Assert.assertEquals(Assert.java:78)
	at junit.framework.Assert.assertEquals(Assert.java:234)
	at junit.framework.Assert.assertEquals(Assert.java:241)
	at junit.framework.TestCase.assertEquals(TestCase.java:409)
	at hudson.tasks.junit.SuiteResultTest.parseOne(SuiteResultTest.java:57)
	at hudson.tasks.junit.SuiteResultTest.testIssue2874(SuiteResultTest.java:112)
</errorStackTrace>
          <errorDetails>expected:&lt;1&gt; but was:&lt;0&gt;</errorDetails>
          <failedSince>3</failedSince>
        </case>
        <case>
          <duration>0.037</duration>
          <className>hudson.tasks.junit.SuiteResultTest</className>
          <testName>testSuiteStdioTrimmingOnFail</testName>
          <skipped>false</skipped>
          <errorStackTrace>junit.framework.AssertionFailedError: expected:&lt;1&gt; but was:&lt;0&gt;
	at junit.framework.Assert.fail(Assert.java:57)
	at junit.framework.Assert.failNotEquals(Assert.java:329)
	at junit.framework.Assert.assertEquals(Assert.java:78)
	at junit.framework.Assert.assertEquals(Assert.java:234)
	at junit.framework.Assert.assertEquals(Assert.java:241)
	at junit.framework.TestCase.assertEquals(TestCase.java:409)
	at hudson.tasks.junit.SuiteResultTest.parseOne(SuiteResultTest.java:57)
	at hudson.tasks.junit.SuiteResultTest.testSuiteStdioTrimmingOnFail(SuiteResultTest.java:204)
</errorStackTrace>
          <errorDetails>expected:&lt;1&gt; but was:&lt;0&gt;</errorDetails>
          <failedSince>3</failedSince>
        </case>
        <case>
          <duration>0.007</duration>
          <className>hudson.tasks.junit.SuiteResultTest</className>
          <testName>testSuiteStdioTrimmingSurefireOnFail</testName>
          <skipped>false</skipped>
          <errorStackTrace>junit.framework.AssertionFailedError: expected:&lt;1&gt; but was:&lt;0&gt;
	at junit.framework.Assert.fail(Assert.java:57)
	at junit.framework.Assert.failNotEquals(Assert.java:329)
	at junit.framework.Assert.assertEquals(Assert.java:78)
	at junit.framework.Assert.assertEquals(Assert.java:234)
	at junit.framework.Assert.assertEquals(Assert.java:241)
	at junit.framework.TestCase.assertEquals(TestCase.java:409)
	at hudson.tasks.junit.SuiteResultTest.parseOne(SuiteResultTest.java:57)
	at hudson.tasks.junit.SuiteResultTest.testSuiteStdioTrimmingSurefireOnFail(SuiteResultTest.java:281)
</errorStackTrace>
          <errorDetails>expected:&lt;1&gt; but was:&lt;0&gt;</errorDetails>
          <failedSince>3</failedSince>
        </case>
      </cases>
    </suite>
    <suite>
      <file>/var/jenkins_home/jobs/groupByError/workspace/TEST-hudson.tasks.junit.TestNameTransformerTest.xml</file>
      <name>hudson.tasks.junit.TestNameTransformerTest</name>
      <duration>1.289</duration>
      <cases>
        <case>
          <duration>1.289</duration>
          <className>hudson.tasks.junit.TestNameTransformerTest</className>
          <testName>testNameIsTransformed</testName>
          <skipped>false</skipped>
          <failedSince>0</failedSince>
        </case>
      </cases>
    </suite>
    <suite>
      <file>/var/jenkins_home/jobs/groupByError/workspace/TEST-hudson.tasks.junit.TestResultLinksTest.xml</file>
      <name>hudson.tasks.junit.TestResultLinksTest</name>
      <duration>3.812</duration>
      <cases>
        <case>
          <duration>0.421</duration>
          <className>hudson.tasks.junit.TestResultLinksTest</className>
          <testName>testNonDescendantRelativePath</testName>
          <skipped>false</skipped>
          <failedSince>0</failedSince>
        </case>
        <case>
          <duration>3.391</duration>
          <className>hudson.tasks.junit.TestResultLinksTest</className>
          <testName>testFailureLinks</testName>
          <skipped>false</skipped>
          <failedSince>0</failedSince>
        </case>
      </cases>
    </suite>
    <suite>
      <file>/var/jenkins_home/jobs/groupByError/workspace/TEST-hudson.tasks.junit.TestResultPublishingTest.xml</file>
      <name>hudson.tasks.junit.TestResultPublishingTest</name>
      <duration>12.705999</duration>
      <cases>
        <case>
          <duration>3.035</duration>
          <className>hudson.tasks.junit.TestResultPublishingTest</className>
          <testName>testOpenJUnitPublishing</testName>
          <skipped>false</skipped>
          <errorStackTrace>junit.framework.ComparisonFailure: xpath value should match for /testResult/passCount expected:&lt;[4]&gt; but was:&lt;[999]&gt;
	at junit.framework.Assert.assertEquals(Assert.java:100)
	at junit.framework.TestCase.assertEquals(TestCase.java:261)
	at org.jvnet.hudson.test.HudsonTestCase.assertXPathValue(HudsonTestCase.java:1040)
	at hudson.tasks.junit.TestResultPublishingTest.testOpenJUnitPublishing(TestResultPublishingTest.java:144)
</errorStackTrace>
          <errorDetails>xpath value should match for /testResult/passCount expected:&lt;[4]&gt; but was:&lt;[999]&gt;</errorDetails>
          <stdout>=== Starting TestResultPublishingTest.testOpenJUnitPublishing
</stdout>
          <stderr>Dec 08, 2015 4:35:29 PM jenkins.InitReactorRunner$1 onAttained
INFO: Started initialization
Dec 08, 2015 4:35:29 PM jenkins.InitReactorRunner$1 onAttained
INFO: Listed all plugins
Dec 08, 2015 4:35:29 PM jenkins.InitReactorRunner$1 onAttained
INFO: Prepared all plugins
Dec 08, 2015 4:35:29 PM jenkins.InitReactorRunner$1 onAttained
INFO: Started all plugins
Dec 08, 2015 4:35:29 PM jenkins.InitReactorRunner$1 onAttained
INFO: Augmented all extensions
Dec 08, 2015 4:35:29 PM jenkins.InitReactorRunner$1 onAttained
INFO: Loaded all jobs
Dec 08, 2015 4:35:29 PM jenkins.InitReactorRunner$1 onAttained
INFO: Completed initialization
Dec 08, 2015 4:35:30 PM com.gargoylesoftware.htmlunit.DefaultCssErrorHandler error
WARNING: CSS error: http://localhost:39298/static/8fb1c0bc/css/style.css [274:26] Error in expression. Invalid token &quot;=&quot;. Was expecting one of: &lt;S&gt;, &lt;COMMA&gt;, &quot;/&quot;, &lt;PLUS&gt;, &quot;-&quot;, &lt;HASH&gt;, &lt;STRING&gt;, &quot;)&quot;, &lt;URI&gt;, &quot;inherit&quot;, &lt;EMS&gt;, &lt;EXS&gt;, &lt;LENGTH_PX&gt;, &lt;LENGTH_CM&gt;, &lt;LENGTH_MM&gt;, &lt;LENGTH_IN&gt;, &lt;LENGTH_PT&gt;, &lt;LENGTH_PC&gt;, &lt;ANGLE_DEG&gt;, &lt;ANGLE_RAD&gt;, &lt;ANGLE_GRAD&gt;, &lt;TIME_MS&gt;, &lt;TIME_S&gt;, &lt;FREQ_HZ&gt;, &lt;FREQ_KHZ&gt;, &lt;DIMENSION&gt;, &lt;PERCENTAGE&gt;, &lt;NUMBER&gt;, &lt;FUNCTION&gt;, &lt;IDENT&gt;.
Dec 08, 2015 4:35:30 PM com.gargoylesoftware.htmlunit.DefaultCssErrorHandler error
WARNING: CSS error: http://localhost:39298/static/8fb1c0bc/css/style.css [274:31] Error in style rule. Invalid token &quot; &quot;. Was expecting one of: &quot;}&quot;, &quot;;&quot;.
Dec 08, 2015 4:35:30 PM com.gargoylesoftware.htmlunit.DefaultCssErrorHandler warning
WARNING: CSS warning: http://localhost:39298/static/8fb1c0bc/css/style.css [274:31] Ignoring the following declarations in this rule.
Dec 08, 2015 4:35:30 PM com.gargoylesoftware.htmlunit.DefaultCssErrorHandler error
WARNING: CSS error: http://localhost:39298/static/8fb1c0bc/css/style.css [397:30] Error in style rule. Invalid token &quot;~&quot;. Was expecting one of: &lt;S&gt;, &lt;LBRACE&gt;, &lt;COMMA&gt;, &lt;PLUS&gt;, &lt;GREATER&gt;, &lt;IDENT&gt;, &quot;*&quot;, &lt;HASH&gt;, &quot;.&quot;, &quot;[&quot;, &quot;:&quot;.
Dec 08, 2015 4:35:30 PM com.gargoylesoftware.htmlunit.DefaultCssErrorHandler warning
WARNING: CSS warning: http://localhost:39298/static/8fb1c0bc/css/style.css [397:30] Ignoring the following declarations in this rule.
Dec 08, 2015 4:35:30 PM com.gargoylesoftware.htmlunit.DefaultCssErrorHandler error
WARNING: CSS error: http://localhost:39298/static/8fb1c0bc/css/style.css [674:26] Error in expression. Invalid token &quot;=&quot;. Was expecting one of: &lt;S&gt;, &lt;COMMA&gt;, &quot;/&quot;, &lt;PLUS&gt;, &quot;-&quot;, &lt;HASH&gt;, &lt;STRING&gt;, &quot;)&quot;, &lt;URI&gt;, &quot;inherit&quot;, &lt;EMS&gt;, &lt;EXS&gt;, &lt;LENGTH_PX&gt;, &lt;LENGTH_CM&gt;, &lt;LENGTH_MM&gt;, &lt;LENGTH_IN&gt;, &lt;LENGTH_PT&gt;, &lt;LENGTH_PC&gt;, &lt;ANGLE_DEG&gt;, &lt;ANGLE_RAD&gt;, &lt;ANGLE_GRAD&gt;, &lt;TIME_MS&gt;, &lt;TIME_S&gt;, &lt;FREQ_HZ&gt;, &lt;FREQ_KHZ&gt;, &lt;DIMENSION&gt;, &lt;PERCENTAGE&gt;, &lt;NUMBER&gt;, &lt;FUNCTION&gt;, &lt;IDENT&gt;.
Dec 08, 2015 4:35:30 PM com.gargoylesoftware.htmlunit.DefaultCssErrorHandler error
WARNING: CSS error: http://localhost:39298/static/8fb1c0bc/css/style.css [674:31] Error in style rule. Invalid token &quot;\n&quot;. Was expecting one of: &quot;}&quot;, &quot;;&quot;.
Dec 08, 2015 4:35:30 PM com.gargoylesoftware.htmlunit.DefaultCssErrorHandler warning
WARNING: CSS warning: http://localhost:39298/static/8fb1c0bc/css/style.css [674:31] Ignoring the following declarations in this rule.
Dec 08, 2015 4:35:30 PM com.gargoylesoftware.htmlunit.DefaultCssErrorHandler error
WARNING: CSS error: http://localhost:39298/static/8fb1c0bc/css/style.css [1365:5] Error in style rule. Invalid token &quot;/&quot;. Was expecting one of: &lt;S&gt;, &quot;}&quot;, &quot;;&quot;, &lt;IDENT&gt;.
Dec 08, 2015 4:35:30 PM com.gargoylesoftware.htmlunit.DefaultCssErrorHandler warning
WARNING: CSS warning: http://localhost:39298/static/8fb1c0bc/css/style.css [1365:5] Ignoring the following declarations in this rule.
Dec 08, 2015 4:35:30 PM com.gargoylesoftware.htmlunit.DefaultCssErrorHandler error
WARNING: CSS error: http://localhost:39298/static/8fb1c0bc/css/style.css [1436:3] Error in style rule. Invalid token &quot;*&quot;. Was expecting one of: &lt;S&gt;, &quot;}&quot;, &quot;;&quot;, &lt;IDENT&gt;.
Dec 08, 2015 4:35:30 PM com.gargoylesoftware.htmlunit.DefaultCssErrorHandler warning
WARNING: CSS warning: http://localhost:39298/static/8fb1c0bc/css/style.css [1436:3] Ignoring the following declarations in this rule.
Dec 08, 2015 4:35:30 PM com.gargoylesoftware.htmlunit.DefaultCssErrorHandler error
WARNING: CSS error: http://localhost:39298/static/8fb1c0bc/css/responsive-grid.css [29:8] Error in media list. Invalid token &quot;(&quot;. Was expecting one of: &lt;S&gt;, &lt;IDENT&gt;.
Dec 08, 2015 4:35:30 PM com.gargoylesoftware.htmlunit.DefaultCssErrorHandler error
WARNING: CSS error: http://localhost:39298/static/8fb1c0bc/css/responsive-grid.css [34:8] Error in media list. Invalid token &quot;(&quot;. Was expecting one of: &lt;S&gt;, &lt;IDENT&gt;.
Dec 08, 2015 4:35:30 PM com.gargoylesoftware.htmlunit.DefaultCssErrorHandler error
WARNING: CSS error: http://localhost:39298/static/8fb1c0bc/css/responsive-grid.css [39:8] Error in media list. Invalid token &quot;(&quot;. Was expecting one of: &lt;S&gt;, &lt;IDENT&gt;.
Dec 08, 2015 4:35:30 PM com.gargoylesoftware.htmlunit.DefaultCssErrorHandler error
WARNING: CSS error: http://localhost:39298/static/8fb1c0bc/css/responsive-grid.css [360:8] Error in media list. Invalid token &quot;(&quot;. Was expecting one of: &lt;S&gt;, &lt;IDENT&gt;.
Dec 08, 2015 4:35:30 PM com.gargoylesoftware.htmlunit.DefaultCssErrorHandler error
WARNING: CSS error: http://localhost:39298/static/8fb1c0bc/css/responsive-grid.css [662:8] Error in media list. Invalid token &quot;(&quot;. Was expecting one of: &lt;S&gt;, &lt;IDENT&gt;.
Dec 08, 2015 4:35:30 PM com.gargoylesoftware.htmlunit.DefaultCssErrorHandler error
WARNING: CSS error: http://localhost:39298/static/8fb1c0bc/css/responsive-grid.css [964:8] Error in media list. Invalid token &quot;(&quot;. Was expecting one of: &lt;S&gt;, &lt;IDENT&gt;.
Dec 08, 2015 4:35:30 PM com.gargoylesoftware.htmlunit.DefaultCssErrorHandler error
WARNING: CSS error: http://localhost:39298/static/8fb1c0bc/css/responsive-grid.css [1270:8] Error in media list. Invalid token &quot;(&quot;. Was expecting one of: &lt;S&gt;, &lt;IDENT&gt;.
Dec 08, 2015 4:35:30 PM com.gargoylesoftware.htmlunit.DefaultCssErrorHandler error
WARNING: CSS error: http://localhost:39298/static/8fb1c0bc/css/responsive-grid.css [1281:8] Error in media list. Invalid token &quot;(&quot;. Was expecting one of: &lt;S&gt;, &lt;IDENT&gt;.
Dec 08, 2015 4:35:30 PM com.gargoylesoftware.htmlunit.DefaultCssErrorHandler error
WARNING: CSS error: http://localhost:39298/static/8fb1c0bc/css/responsive-grid.css [1595:1] Error in style sheet. Invalid token &quot;@-ms-viewport&quot;. Was expecting one of: &lt;EOF&gt;, &lt;S&gt;, &quot;.&quot;, &quot;:&quot;, &quot;*&quot;, &quot;[&quot;, &lt;HASH&gt;, &quot;&lt;!--&quot;, &quot;--&gt;&quot;, &quot;@import&quot;, &quot;@page&quot;, &quot;@media&quot;, &lt;IDENT&gt;.
&quot;204358921@qtp-340795669-1 - Acceptor0 SocketConnector@0.0.0.0:49701&quot; Id=47 Group=main RUNNABLE (in native)
	at java.net.PlainSocketImpl.socketAccept(Native Method)
	at java.net.AbstractPlainSocketImpl.accept(AbstractPlainSocketImpl.java:398)
	at java.net.ServerSocket.implAccept(ServerSocket.java:530)
	at java.net.ServerSocket.accept(ServerSocket.java:498)
	at org.mortbay.jetty.bio.SocketConnector.accept(SocketConnector.java:99)
	at org.mortbay.jetty.AbstractConnector$Acceptor.run(AbstractConnector.java:708)
	at org.mortbay.thread.QueuedThreadPool$PoolThread.run(QueuedThreadPool.java:582)


&quot;595748250@qtp-340795669-0&quot; Id=46 Group=main TIMED_WAITING on org.mortbay.thread.QueuedThreadPool$PoolThread@2382659a
	at java.lang.Object.wait(Native Method)
	-  waiting on org.mortbay.thread.QueuedThreadPool$PoolThread@2382659a
	at org.mortbay.thread.QueuedThreadPool$PoolThread.run(QueuedThreadPool.java:626)


&quot;Computer.threadPoolForRemoting [#1]&quot; Id=45 Group=main TIMED_WAITING on java.util.concurrent.SynchronousQueue$TransferStack@3735f7ff
	at sun.misc.Unsafe.park(Native Method)
	-  waiting on java.util.concurrent.SynchronousQueue$TransferStack@3735f7ff
	at java.util.concurrent.locks.LockSupport.parkNanos(LockSupport.java:226)
	at java.util.concurrent.SynchronousQueue$TransferStack.awaitFulfill(SynchronousQueue.java:460)
	at java.util.concurrent.SynchronousQueue$TransferStack.transfer(SynchronousQueue.java:359)
	at java.util.concurrent.SynchronousQueue.poll(SynchronousQueue.java:942)
	at java.util.concurrent.ThreadPoolExecutor.getTask(ThreadPoolExecutor.java:1068)
	at java.util.concurrent.ThreadPoolExecutor.runWorker(ThreadPoolExecutor.java:1130)
	at java.util.concurrent.ThreadPoolExecutor$Worker.run(ThreadPoolExecutor.java:615)
	at java.lang.Thread.run(Thread.java:745)


&quot;Executing testOpenJUnitPublishing&quot; Id=1 Group=main RUNNABLE
	at sun.management.ThreadImpl.dumpThreads0(Native Method)
	at sun.management.ThreadImpl.dumpAllThreads(ThreadImpl.java:446)
	at hudson.Functions.getThreadInfos(Functions.java:1155)
	at org.jvnet.hudson.test.HudsonTestCase.runTest(HudsonTestCase.java:442)
	at junit.framework.TestCase.runBare(TestCase.java:141)
	at org.jvnet.hudson.test.HudsonTestCase.runBare(HudsonTestCase.java:293)
	at junit.framework.TestResult$1.protect(TestResult.java:122)
	at junit.framework.TestResult.runProtected(TestResult.java:142)
	at junit.framework.TestResult.run(TestResult.java:125)
	at junit.framework.TestCase.run(TestCase.java:129)
	at junit.framework.TestSuite.runTest(TestSuite.java:255)
	at junit.framework.TestSuite.run(TestSuite.java:250)
	at org.junit.internal.runners.JUnit38ClassRunner.run(JUnit38ClassRunner.java:84)
	at org.apache.maven.surefire.junit4.JUnit4Provider.execute(JUnit4Provider.java:264)
	at org.apache.maven.surefire.junit4.JUnit4Provider.executeTestSet(JUnit4Provider.java:153)
	at org.apache.maven.surefire.junit4.JUnit4Provider.invoke(JUnit4Provider.java:124)
	at org.apache.maven.surefire.booter.ForkedBooter.invokeProviderInSameClassLoader(ForkedBooter.java:200)
	at org.apache.maven.surefire.booter.ForkedBooter.runSuitesInProcess(ForkedBooter.java:153)
	at org.apache.maven.surefire.booter.ForkedBooter.main(ForkedBooter.java:103)


&quot;FilePath.localPool [#1]&quot; Id=68 Group=main TIMED_WAITING on java.util.concurrent.SynchronousQueue$TransferStack@4c7aa0d2
	at sun.misc.Unsafe.park(Native Method)
	-  waiting on java.util.concurrent.SynchronousQueue$TransferStack@4c7aa0d2
	at java.util.concurrent.locks.LockSupport.parkNanos(LockSupport.java:226)
	at java.util.concurrent.SynchronousQueue$TransferStack.awaitFulfill(SynchronousQueue.java:460)
	at java.util.concurrent.SynchronousQueue$TransferStack.transfer(SynchronousQueue.java:359)
	at java.util.concurrent.SynchronousQueue.poll(SynchronousQueue.java:942)
	at java.util.concurrent.ThreadPoolExecutor.getTask(ThreadPoolExecutor.java:1068)
	at java.util.concurrent.ThreadPoolExecutor.runWorker(ThreadPoolExecutor.java:1130)
	at java.util.concurrent.ThreadPoolExecutor$Worker.run(ThreadPoolExecutor.java:615)
	at java.lang.Thread.run(Thread.java:745)


&quot;FilePath.localPool [#2]&quot; Id=69 Group=main TIMED_WAITING on java.util.concurrent.SynchronousQueue$TransferStack@4c7aa0d2
	at sun.misc.Unsafe.park(Native Method)
	-  waiting on java.util.concurrent.SynchronousQueue$TransferStack@4c7aa0d2
	at java.util.concurrent.locks.LockSupport.parkNanos(LockSupport.java:226)
	at java.util.concurrent.SynchronousQueue$TransferStack.awaitFulfill(SynchronousQueue.java:460)
	at java.util.concurrent.SynchronousQueue$TransferStack.transfer(SynchronousQueue.java:359)
	at java.util.concurrent.SynchronousQueue.poll(SynchronousQueue.java:942)
	at java.util.concurrent.ThreadPoolExecutor.getTask(ThreadPoolExecutor.java:1068)
	at java.util.concurrent.ThreadPoolExecutor.runWorker(ThreadPoolExecutor.java:1130)
	at java.util.concurrent.ThreadPoolExecutor$Worker.run(ThreadPoolExecutor.java:615)
	at java.lang.Thread.run(Thread.java:745)


&quot;FilePath.localPool [#3]&quot; Id=70 Group=main TIMED_WAITING on java.util.concurrent.SynchronousQueue$TransferStack@4c7aa0d2
	at sun.misc.Unsafe.park(Native Method)
	-  waiting on java.util.concurrent.SynchronousQueue$TransferStack@4c7aa0d2
	at java.util.concurrent.locks.LockSupport.parkNanos(LockSupport.java:226)
	at java.util.concurrent.SynchronousQueue$TransferStack.awaitFulfill(SynchronousQueue.java:460)
	at java.util.concurrent.SynchronousQueue$TransferStack.transfer(SynchronousQueue.java:359)
	at java.util.concurrent.SynchronousQueue.poll(SynchronousQueue.java:942)
	at java.util.concurrent.ThreadPoolExecutor.getTask(ThreadPoolExecutor.java:1068)
	at java.util.concurrent.ThreadPoolExecutor.runWorker(ThreadPoolExecutor.java:1130)
	at java.util.concurrent.ThreadPoolExecutor$Worker.run(ThreadPoolExecutor.java:615)
	at java.lang.Thread.run(Thread.java:745)


&quot;FilePath.localPool [#4]&quot; Id=71 Group=main TIMED_WAITING on java.util.concurrent.SynchronousQueue$TransferStack@4c7aa0d2
	at sun.misc.Unsafe.park(Native Method)
	-  waiting on java.util.concurrent.SynchronousQueue$TransferStack@4c7aa0d2
	at java.util.concurrent.locks.LockSupport.parkNanos(LockSupport.java:226)
	at java.util.concurrent.SynchronousQueue$TransferStack.awaitFulfill(SynchronousQueue.java:460)
	at java.util.concurrent.SynchronousQueue$TransferStack.transfer(SynchronousQueue.java:359)
	at java.util.concurrent.SynchronousQueue.poll(SynchronousQueue.java:942)
	at java.util.concurrent.ThreadPoolExecutor.getTask(ThreadPoolExecutor.java:1068)
	at java.util.concurrent.ThreadPoolExecutor.runWorker(ThreadPoolExecutor.java:1130)
	at java.util.concurrent.ThreadPoolExecutor$Worker.run(ThreadPoolExecutor.java:615)
	at java.lang.Thread.run(Thread.java:745)


&quot;FilePath.localPool [#5]&quot; Id=72 Group=main TIMED_WAITING on java.util.concurrent.SynchronousQueue$TransferStack@4c7aa0d2
	at sun.misc.Unsafe.park(Native Method)
	-  waiting on java.util.concurrent.SynchronousQueue$TransferStack@4c7aa0d2
	at java.util.concurrent.locks.LockSupport.parkNanos(LockSupport.java:226)
	at java.util.concurrent.SynchronousQueue$TransferStack.awaitFulfill(SynchronousQueue.java:460)
	at java.util.concurrent.SynchronousQueue$TransferStack.transfer(SynchronousQueue.java:359)
	at java.util.concurrent.SynchronousQueue.poll(SynchronousQueue.java:942)
	at java.util.concurrent.ThreadPoolExecutor.getTask(ThreadPoolExecutor.java:1068)
	at java.util.concurrent.ThreadPoolExecutor.runWorker(ThreadPoolExecutor.java:1130)
	at java.util.concurrent.ThreadPoolExecutor$Worker.run(ThreadPoolExecutor.java:615)
	at java.lang.Thread.run(Thread.java:745)


&quot;JavaScript Job Thread 7&quot; Id=260 Group=main TIMED_WAITING on java.util.concurrent.locks.AbstractQueuedSynchronizer$ConditionObject@22d8defd
	at sun.misc.Unsafe.park(Native Method)
	-  waiting on java.util.concurrent.locks.AbstractQueuedSynchronizer$ConditionObject@22d8defd
	at java.util.concurrent.locks.LockSupport.parkNanos(LockSupport.java:226)
	at java.util.concurrent.locks.AbstractQueuedSynchronizer$ConditionObject.awaitNanos(AbstractQueuedSynchronizer.java:2082)
	at java.util.concurrent.ScheduledThreadPoolExecutor$DelayedWorkQueue.take(ScheduledThreadPoolExecutor.java:1090)
	at java.util.concurrent.ScheduledThreadPoolExecutor$DelayedWorkQueue.take(ScheduledThreadPoolExecutor.java:807)
	at java.util.concurrent.ThreadPoolExecutor.getTask(ThreadPoolExecutor.java:1068)
	at java.util.concurrent.ThreadPoolExecutor.runWorker(ThreadPoolExecutor.java:1130)
	at java.util.concurrent.ThreadPoolExecutor$Worker.run(ThreadPoolExecutor.java:615)
	at java.lang.Thread.run(Thread.java:745)


&quot;Jenkins cron thread&quot; Id=226 Group=main WAITING on java.util.TaskQueue@40fd348f
	at java.lang.Object.wait(Native Method)
	-  waiting on java.util.TaskQueue@40fd348f
	at java.lang.Object.wait(Object.java:503)
	at java.util.TimerThread.mainLoop(Timer.java:526)
	at java.util.TimerThread.run(Timer.java:505)


&quot;Jenkins UDP 33849 monitoring thread&quot; Id=254 Group=main RUNNABLE (in native)
	at java.net.PlainDatagramSocketImpl.receive0(Native Method)
	-  locked java.net.PlainDatagramSocketImpl@2cc2acad
	at java.net.AbstractPlainDatagramSocketImpl.receive(AbstractPlainDatagramSocketImpl.java:145)
	-  locked java.net.PlainDatagramSocketImpl@2cc2acad
	at java.net.DatagramSocket.receive(DatagramSocket.java:786)
	-  locked java.net.DatagramPacket@6ce50087
	-  locked java.net.MulticastSocket@2e85d6eb
	at hudson.UDPBroadcastThread.run(UDPBroadcastThread.java:82)


&quot;jenkins.util.Timer [#10]&quot; Id=252 Group=main WAITING on java.util.concurrent.locks.AbstractQueuedSynchronizer$ConditionObject@7d412947
	at sun.misc.Unsafe.park(Native Method)
	-  waiting on java.util.concurrent.locks.AbstractQueuedSynchronizer$ConditionObject@7d412947
	at java.util.concurrent.locks.LockSupport.park(LockSupport.java:186)
	at java.util.concurrent.locks.AbstractQueuedSynchronizer$ConditionObject.await(AbstractQueuedSynchronizer.java:2043)
	at java.util.concurrent.ScheduledThreadPoolExecutor$DelayedWorkQueue.take(ScheduledThreadPoolExecutor.java:1085)
	at java.util.concurrent.ScheduledThreadPoolExecutor$DelayedWorkQueue.take(ScheduledThreadPoolExecutor.java:807)
	at java.util.concurrent.ThreadPoolExecutor.getTask(ThreadPoolExecutor.java:1068)
	at java.util.concurrent.ThreadPoolExecutor.runWorker(ThreadPoolExecutor.java:1130)
	at java.util.concurrent.ThreadPoolExecutor$Worker.run(ThreadPoolExecutor.java:615)
	at java.lang.Thread.run(Thread.java:745)


&quot;jenkins.util.Timer [#1]&quot; Id=227 Group=main WAITING on java.util.concurrent.locks.AbstractQueuedSynchronizer$ConditionObject@7d412947
	at sun.misc.Unsafe.park(Native Method)
	-  waiting on java.util.concurrent.locks.AbstractQueuedSynchronizer$ConditionObject@7d412947
	at java.util.concurrent.locks.LockSupport.park(LockSupport.java:186)
	at java.util.concurrent.locks.AbstractQueuedSynchronizer$ConditionObject.await(AbstractQueuedSynchronizer.java:2043)
	at java.util.concurrent.ScheduledThreadPoolExecutor$DelayedWorkQueue.take(ScheduledThreadPoolExecutor.java:1085)
	at java.util.concurrent.ScheduledThreadPoolExecutor$DelayedWorkQueue.take(ScheduledThreadPoolExecutor.java:807)
	at java.util.concurrent.ThreadPoolExecutor.getTask(ThreadPoolExecutor.java:1068)
	at java.util.concurrent.ThreadPoolExecutor.runWorker(ThreadPoolExecutor.java:1130)
	at java.util.concurrent.ThreadPoolExecutor$Worker.run(ThreadPoolExecutor.java:615)
	at java.lang.Thread.run(Thread.java:745)


&quot;jenkins.util.Timer [#2]&quot; Id=244 Group=main TIMED_WAITING on java.util.concurrent.locks.AbstractQueuedSynchronizer$ConditionObject@7d412947
	at sun.misc.Unsafe.park(Native Method)
	-  waiting on java.util.concurrent.locks.AbstractQueuedSynchronizer$ConditionObject@7d412947
	at java.util.concurrent.locks.LockSupport.parkNanos(LockSupport.java:226)
	at java.util.concurrent.locks.AbstractQueuedSynchronizer$ConditionObject.awaitNanos(AbstractQueuedSynchronizer.java:2082)
	at java.util.concurrent.ScheduledThreadPoolExecutor$DelayedWorkQueue.take(ScheduledThreadPoolExecutor.java:1090)
	at java.util.concurrent.ScheduledThreadPoolExecutor$DelayedWorkQueue.take(ScheduledThreadPoolExecutor.java:807)
	at java.util.concurrent.ThreadPoolExecutor.getTask(ThreadPoolExecutor.java:1068)
	at java.util.concurrent.ThreadPoolExecutor.runWorker(ThreadPoolExecutor.java:1130)
	at java.util.concurrent.ThreadPoolExecutor$Worker.run(ThreadPoolExecutor.java:615)
	at java.lang.Thread.run(Thread.java:745)


&quot;jenkins.util.Timer [#3]&quot; Id=245 Group=main WAITING on java.util.concurrent.locks.AbstractQueuedSynchronizer$ConditionObject@7d412947
	at sun.misc.Unsafe.park(Native Method)
	-  waiting on java.util.concurrent.locks.AbstractQueuedSynchronizer$ConditionObject@7d412947
	at java.util.concurrent.locks.LockSupport.park(LockSupport.java:186)
	at java.util.concurrent.locks.AbstractQueuedSynchronizer$ConditionObject.await(AbstractQueuedSynchronizer.java:2043)
	at java.util.concurrent.ScheduledThreadPoolExecutor$DelayedWorkQueue.take(ScheduledThreadPoolExecutor.java:1085)
	at java.util.concurrent.ScheduledThreadPoolExecutor$DelayedWorkQueue.take(ScheduledThreadPoolExecutor.java:807)
	at java.util.concurrent.ThreadPoolExecutor.getTask(ThreadPoolExecutor.java:1068)
	at java.util.concurrent.ThreadPoolExecutor.runWorker(ThreadPoolExecutor.java:1130)
	at java.util.concurrent.ThreadPoolExecutor$Worker.run(ThreadPoolExecutor.java:615)
	at java.lang.Thread.run(Thread.java:745)


&quot;jenkins.util.Timer [#4]&quot; Id=246 Group=main WAITING on java.util.concurrent.locks.AbstractQueuedSynchronizer$ConditionObject@7d412947
	at sun.misc.Unsafe.park(Native Method)
	-  waiting on java.util.concurrent.locks.AbstractQueuedSynchronizer$ConditionObject@7d412947
	at java.util.concurrent.locks.LockSupport.park(LockSupport.java:186)
	at java.util.concurrent.locks.AbstractQueuedSynchronizer$ConditionObject.await(AbstractQueuedSynchronizer.java:2043)
	at java.util.concurrent.ScheduledThreadPoolExecutor$DelayedWorkQueue.take(ScheduledThreadPoolExecutor.java:1085)
	at java.util.concurrent.ScheduledThreadPoolExecutor$DelayedWorkQueue.take(ScheduledThreadPoolExecutor.java:807)
	at java.util.concurrent.ThreadPoolExecutor.getTask(ThreadPoolExecutor.java:1068)
	at java.util.concurrent.ThreadPoolExecutor.runWorker(ThreadPoolExecutor.java:1130)
	at java.util.concurrent.ThreadPoolExecutor$Worker.run(ThreadPoolExecutor.java:615)
	at java.lang.Thread.run(Thread.java:745)


&quot;jenkins.util.Timer [#5]&quot; Id=247 Group=main WAITING on java.util.concurrent.locks.AbstractQueuedSynchronizer$ConditionObject@7d412947
	at sun.misc.Unsafe.park(Native Method)
	-  waiting on java.util.concurrent.locks.AbstractQueuedSynchronizer$ConditionObject@7d412947
	at java.util.concurrent.locks.LockSupport.park(LockSupport.java:186)
	at java.util.concurrent.locks.AbstractQueuedSynchronizer$ConditionObject.await(AbstractQueuedSynchronizer.java:2043)
	at java.util.concurrent.ScheduledThreadPoolExecutor$DelayedWorkQueue.take(ScheduledThreadPoolExecutor.java:1085)
	at java.util.concurrent.ScheduledThreadPoolExecutor$DelayedWorkQueue.take(ScheduledThreadPoolExecutor.java:807)
	at java.util.concurrent.ThreadPoolExecutor.getTask(ThreadPoolExecutor.java:1068)
	at java.util.concurrent.ThreadPoolExecutor.runWorker(ThreadPoolExecutor.java:1130)
	at java.util.concurrent.ThreadPoolExecutor$Worker.run(ThreadPoolExecutor.java:615)
	at java.lang.Thread.run(Thread.java:745)


&quot;jenkins.util.Timer [#6]&quot; Id=248 Group=main WAITING on java.util.concurrent.locks.AbstractQueuedSynchronizer$ConditionObject@7d412947
	at sun.misc.Unsafe.park(Native Method)
	-  waiting on java.util.concurrent.locks.AbstractQueuedSynchronizer$ConditionObject@7d412947
	at java.util.concurrent.locks.LockSupport.park(LockSupport.java:186)
	at java.util.concurrent.locks.AbstractQueuedSynchronizer$ConditionObject.await(AbstractQueuedSynchronizer.java:2043)
	at java.util.concurrent.ScheduledThreadPoolExecutor$DelayedWorkQueue.take(ScheduledThreadPoolExecutor.java:1085)
	at java.util.concurrent.ScheduledThreadPoolExecutor$DelayedWorkQueue.take(ScheduledThreadPoolExecutor.java:807)
	at java.util.concurrent.ThreadPoolExecutor.getTask(ThreadPoolExecutor.java:1068)
	at java.util.concurrent.ThreadPoolExecutor.runWorker(ThreadPoolExecutor.java:1130)
	at java.util.concurrent.ThreadPoolExecutor$Worker.run(ThreadPoolExecutor.java:615)
	at java.lang.Thread.run(Thread.java:745)


&quot;jenkins.util.Timer [#7]&quot; Id=249 Group=main WAITING on java.util.concurrent.locks.AbstractQueuedSynchronizer$ConditionObject@7d412947
	at sun.misc.Unsafe.park(Native Method)
	-  waiting on java.util.concurrent.locks.AbstractQueuedSynchronizer$ConditionObject@7d412947
	at java.util.concurrent.locks.LockSupport.park(LockSupport.java:186)
	at java.util.concurrent.locks.AbstractQueuedSynchronizer$ConditionObject.await(AbstractQueuedSynchronizer.java:2043)
	at java.util.concurrent.ScheduledThreadPoolExecutor$DelayedWorkQueue.take(ScheduledThreadPoolExecutor.java:1085)
	at java.util.concurrent.ScheduledThreadPoolExecutor$DelayedWorkQueue.take(ScheduledThreadPoolExecutor.java:807)
	at java.util.concurrent.ThreadPoolExecutor.getTask(ThreadPoolExecutor.java:1068)
	at java.util.concurrent.ThreadPoolExecutor.runWorker(ThreadPoolExecutor.java:1130)
	at java.util.concurrent.ThreadPoolExecutor$Worker.run(ThreadPoolExecutor.java:615)
	at java.lang.Thread.run(Thread.java:745)


&quot;jenkins.util.Timer [#8]&quot; Id=250 Group=main WAITING on java.util.concurrent.locks.AbstractQueuedSynchronizer$ConditionObject@7d412947
	at sun.misc.Unsafe.park(Native Method)
	-  waiting on java.util.concurrent.locks.AbstractQueuedSynchronizer$ConditionObject@7d412947
	at java.util.concurrent.locks.LockSupport.park(LockSupport.java:186)
	at java.util.concurrent.locks.AbstractQueuedSynchronizer$ConditionObject.await(AbstractQueuedSynchronizer.java:2043)
	at java.util.concurrent.ScheduledThreadPoolExecutor$DelayedWorkQueue.take(ScheduledThreadPoolExecutor.java:1085)
	at java.util.concurrent.ScheduledThreadPoolExecutor$DelayedWorkQueue.take(ScheduledThreadPoolExecutor.java:807)
	at java.util.concurrent.ThreadPoolExecutor.getTask(ThreadPoolExecutor.java:1068)
	at java.util.concurrent.ThreadPoolExecutor.runWorker(ThreadPoolExecutor.java:1130)
	at java.util.concurrent.ThreadPoolExecutor$Worker.run(ThreadPoolExecutor.java:615)
	at java.lang.Thread.run(Thread.java:745)


&quot;jenkins.util.Timer [#9]&quot; Id=251 Group=main WAITING on java.util.concurrent.locks.AbstractQueuedSynchronizer$ConditionObject@7d412947
	at sun.misc.Unsafe.park(Native Method)
	-  waiting on java.util.concurrent.locks.AbstractQueuedSynchronizer$ConditionObject@7d412947
	at java.util.concurrent.locks.LockSupport.park(LockSupport.java:186)
	at java.util.concurrent.locks.AbstractQueuedSynchronizer$ConditionObject.await(AbstractQueuedSynchronizer.java:2043)
	at java.util.concurrent.ScheduledThreadPoolExecutor$DelayedWorkQueue.take(ScheduledThreadPoolExecutor.java:1085)
	at java.util.concurrent.ScheduledThreadPoolExecutor$DelayedWorkQueue.take(ScheduledThreadPoolExecutor.java:807)
	at java.util.concurrent.ThreadPoolExecutor.getTask(ThreadPoolExecutor.java:1068)
	at java.util.concurrent.ThreadPoolExecutor.runWorker(ThreadPoolExecutor.java:1130)
	at java.util.concurrent.ThreadPoolExecutor$Worker.run(ThreadPoolExecutor.java:615)
	at java.lang.Thread.run(Thread.java:745)


&quot;Jetty Thread Pool&quot; Id=259 Group=main RUNNABLE (in native)
	at java.net.SocketInputStream.socketRead0(Native Method)
	at java.net.SocketInputStream.read(SocketInputStream.java:152)
	at java.net.SocketInputStream.read(SocketInputStream.java:122)
	at org.mortbay.io.ByteArrayBuffer.readFrom(ByteArrayBuffer.java:382)
	at org.mortbay.io.bio.StreamEndPoint.fill(StreamEndPoint.java:114)
	at org.mortbay.jetty.bio.SocketConnector$Connection.fill(SocketConnector.java:198)
	at org.mortbay.jetty.HttpParser.parseNext(HttpParser.java:290)
	at org.mortbay.jetty.HttpParser.parseAvailable(HttpParser.java:212)
	at org.mortbay.jetty.HttpConnection.handle(HttpConnection.java:404)
	at org.mortbay.jetty.bio.SocketConnector$Connection.run(SocketConnector.java:228)
	at java.util.concurrent.Executors$RunnableAdapter.call(Executors.java:471)
	at java.util.concurrent.FutureTask.run(FutureTask.java:262)
	at java.util.concurrent.ThreadPoolExecutor.runWorker(ThreadPoolExecutor.java:1145)
	at java.util.concurrent.ThreadPoolExecutor$Worker.run(ThreadPoolExecutor.java:615)
	at java.lang.Thread.run(Thread.java:745)

	Number of locked synchronizers = 1
	- java.util.concurrent.ThreadPoolExecutor$Worker@60c821c4


&quot;Jetty Thread Pool - Acceptor0 SocketConnector@0.0.0.0:39298&quot; Id=225 Group=main RUNNABLE (in native)
	at java.net.PlainSocketImpl.socketAccept(Native Method)
	at java.net.AbstractPlainSocketImpl.accept(AbstractPlainSocketImpl.java:398)
	at java.net.ServerSocket.implAccept(ServerSocket.java:530)
	at java.net.ServerSocket.accept(ServerSocket.java:498)
	at org.mortbay.jetty.bio.SocketConnector.accept(SocketConnector.java:99)
	at org.mortbay.jetty.AbstractConnector$Acceptor.run(AbstractConnector.java:708)
	at java.util.concurrent.Executors$RunnableAdapter.call(Executors.java:471)
	at java.util.concurrent.FutureTask.run(FutureTask.java:262)
	at java.util.concurrent.ThreadPoolExecutor.runWorker(ThreadPoolExecutor.java:1145)
	at java.util.concurrent.ThreadPoolExecutor$Worker.run(ThreadPoolExecutor.java:615)
	at java.lang.Thread.run(Thread.java:745)

	Number of locked synchronizers = 1
	- java.util.concurrent.ThreadPoolExecutor$Worker@4048868b


&quot;MultiThreadedHttpConnectionManager cleanup&quot; Id=61 Group=main WAITING on java.lang.ref.ReferenceQueue$Lock@6d46238
	at java.lang.Object.wait(Native Method)
	-  waiting on java.lang.ref.ReferenceQueue$Lock@6d46238
	at java.lang.ref.ReferenceQueue.remove(ReferenceQueue.java:135)
	at java.lang.ref.ReferenceQueue.remove(ReferenceQueue.java:151)
	at org.apache.commons.httpclient.MultiThreadedHttpConnectionManager$ReferenceQueueThread.run(MultiThreadedHttpConnectionManager.java:1122)


&quot;TCP slave agent listener port=0&quot; Id=253 Group=main RUNNABLE (in native)
	at sun.nio.ch.ServerSocketChannelImpl.accept0(Native Method)
	at sun.nio.ch.ServerSocketChannelImpl.accept(ServerSocketChannelImpl.java:241)
	-  locked java.lang.Object@54e0f629
	at hudson.TcpSlaveAgentListener.run(TcpSlaveAgentListener.java:95)


&quot;Timer-1&quot; Id=48 Group=main TIMED_WAITING on java.util.TaskQueue@27e72138
	at java.lang.Object.wait(Native Method)
	-  waiting on java.util.TaskQueue@27e72138
	at java.util.TimerThread.mainLoop(Timer.java:552)
	at java.util.TimerThread.run(Timer.java:505)


&quot;Timer-10&quot; Id=258 Group=main TIMED_WAITING on java.util.TaskQueue@4c17c5ea
	at java.lang.Object.wait(Native Method)
	-  waiting on java.util.TaskQueue@4c17c5ea
	at java.util.TimerThread.mainLoop(Timer.java:552)
	at java.util.TimerThread.run(Timer.java:505)


&quot;Timer-9&quot; Id=224 Group=main TIMED_WAITING on java.util.TaskQueue@2f85b99e
	at java.lang.Object.wait(Native Method)
	-  waiting on java.util.TaskQueue@2f85b99e
	at java.util.TimerThread.mainLoop(Timer.java:552)
	at java.util.TimerThread.run(Timer.java:505)


&quot;Finalizer&quot; Id=3 Group=system WAITING on java.lang.ref.ReferenceQueue$Lock@382ca2aa
	at java.lang.Object.wait(Native Method)
	-  waiting on java.lang.ref.ReferenceQueue$Lock@382ca2aa
	at java.lang.ref.ReferenceQueue.remove(ReferenceQueue.java:135)
	at java.lang.ref.ReferenceQueue.remove(ReferenceQueue.java:151)
	at java.lang.ref.Finalizer$FinalizerThread.run(Finalizer.java:209)


&quot;Java2D Disposer&quot; Id=261 Group=system WAITING on java.lang.ref.ReferenceQueue$Lock@346e043f
	at java.lang.Object.wait(Native Method)
	-  waiting on java.lang.ref.ReferenceQueue$Lock@346e043f
	at java.lang.ref.ReferenceQueue.remove(ReferenceQueue.java:135)
	at java.lang.ref.ReferenceQueue.remove(ReferenceQueue.java:151)
	at sun.java2d.Disposer.run(Disposer.java:145)
	at java.lang.Thread.run(Thread.java:745)


&quot;process reaper&quot; Id=51 Group=system TIMED_WAITING on java.util.concurrent.SynchronousQueue$TransferStack@617c4e08
	at sun.misc.Unsafe.park(Native Method)
	-  waiting on java.util.concurrent.SynchronousQueue$TransferStack@617c4e08
	at java.util.concurrent.locks.LockSupport.parkNanos(LockSupport.java:226)
	at java.util.concurrent.SynchronousQueue$TransferStack.awaitFulfill(SynchronousQueue.java:460)
	at java.util.concurrent.SynchronousQueue$TransferStack.transfer(SynchronousQueue.java:359)
	at java.util.concurrent.SynchronousQueue.poll(SynchronousQueue.java:942)
	at java.util.concurrent.ThreadPoolExecutor.getTask(ThreadPoolExecutor.java:1068)
	at java.util.concurrent.ThreadPoolExecutor.runWorker(ThreadPoolExecutor.java:1130)
	at java.util.concurrent.ThreadPoolExecutor$Worker.run(ThreadPoolExecutor.java:615)
	at java.lang.Thread.run(Thread.java:745)


&quot;Reference Handler&quot; Id=2 Group=system WAITING on java.lang.ref.Reference$Lock@7a6b63b5
	at java.lang.Object.wait(Native Method)
	-  waiting on java.lang.ref.Reference$Lock@7a6b63b5
	at java.lang.Object.wait(Object.java:503)
	at java.lang.ref.Reference$ReferenceHandler.run(Reference.java:133)


&quot;Signal Dispatcher&quot; Id=4 Group=system RUNNABLE


</stderr>
          <failedSince>3</failedSince>
        </case>
        <case>
          <duration>1.715</duration>
          <className>hudson.tasks.junit.TestResultPublishingTest</className>
          <testName>testInterBuildDiffs</testName>
          <skipped>false</skipped>
          <failedSince>0</failedSince>
        </case>
        <case>
          <duration>0.669</duration>
          <className>hudson.tasks.junit.TestResultPublishingTest</className>
          <testName>testBasic</testName>
          <skipped>false</skipped>
          <errorStackTrace>junit.framework.AssertionFailedError: should have 132 total tests expected:&lt;132&gt; but was:&lt;1007&gt;
	at junit.framework.Assert.fail(Assert.java:57)
	at junit.framework.Assert.failNotEquals(Assert.java:329)
	at junit.framework.Assert.assertEquals(Assert.java:78)
	at junit.framework.Assert.assertEquals(Assert.java:234)
	at junit.framework.TestCase.assertEquals(TestCase.java:401)
	at hudson.tasks.junit.TestResultPublishingTest.assertTestResults(TestResultPublishingTest.java:373)
	at hudson.tasks.junit.TestResultPublishingTest.testBasic(TestResultPublishingTest.java:70)
</errorStackTrace>
          <errorDetails>should have 132 total tests expected:&lt;132&gt; but was:&lt;1007&gt;</errorDetails>
          <stdout>=== Starting TestResultPublishingTest.testBasic
</stdout>
          <stderr>Dec 08, 2015 4:35:33 PM jenkins.InitReactorRunner$1 onAttained
INFO: Started initialization
Dec 08, 2015 4:35:33 PM jenkins.InitReactorRunner$1 onAttained
INFO: Listed all plugins
Dec 08, 2015 4:35:33 PM jenkins.InitReactorRunner$1 onAttained
INFO: Prepared all plugins
Dec 08, 2015 4:35:33 PM jenkins.InitReactorRunner$1 onAttained
INFO: Started all plugins
Dec 08, 2015 4:35:33 PM jenkins.InitReactorRunner$1 onAttained
INFO: Augmented all extensions
Dec 08, 2015 4:35:34 PM jenkins.InitReactorRunner$1 onAttained
INFO: Loaded all jobs
Dec 08, 2015 4:35:34 PM jenkins.InitReactorRunner$1 onAttained
INFO: Completed initialization
Dec 08, 2015 4:35:34 PM hudson.model.Run execute
INFO: percival #1 main build action completed: SUCCESS
&quot;204358921@qtp-340795669-1 - Acceptor0 SocketConnector@0.0.0.0:49701&quot; Id=47 Group=main RUNNABLE (in native)
	at java.net.PlainSocketImpl.socketAccept(Native Method)
	at java.net.AbstractPlainSocketImpl.accept(AbstractPlainSocketImpl.java:398)
	at java.net.ServerSocket.implAccept(ServerSocket.java:530)
	at java.net.ServerSocket.accept(ServerSocket.java:498)
	at org.mortbay.jetty.bio.SocketConnector.accept(SocketConnector.java:99)
	at org.mortbay.jetty.AbstractConnector$Acceptor.run(AbstractConnector.java:708)
	at org.mortbay.thread.QueuedThreadPool$PoolThread.run(QueuedThreadPool.java:582)


&quot;595748250@qtp-340795669-0&quot; Id=46 Group=main TIMED_WAITING on org.mortbay.thread.QueuedThreadPool$PoolThread@2382659a
	at java.lang.Object.wait(Native Method)
	-  waiting on org.mortbay.thread.QueuedThreadPool$PoolThread@2382659a
	at org.mortbay.thread.QueuedThreadPool$PoolThread.run(QueuedThreadPool.java:626)


&quot;Computer.threadPoolForRemoting [#1]&quot; Id=45 Group=main TIMED_WAITING on java.util.concurrent.SynchronousQueue$TransferStack@3735f7ff
	at sun.misc.Unsafe.park(Native Method)
	-  waiting on java.util.concurrent.SynchronousQueue$TransferStack@3735f7ff
	at java.util.concurrent.locks.LockSupport.parkNanos(LockSupport.java:226)
	at java.util.concurrent.SynchronousQueue$TransferStack.awaitFulfill(SynchronousQueue.java:460)
	at java.util.concurrent.SynchronousQueue$TransferStack.transfer(SynchronousQueue.java:359)
	at java.util.concurrent.SynchronousQueue.poll(SynchronousQueue.java:942)
	at java.util.concurrent.ThreadPoolExecutor.getTask(ThreadPoolExecutor.java:1068)
	at java.util.concurrent.ThreadPoolExecutor.runWorker(ThreadPoolExecutor.java:1130)
	at java.util.concurrent.ThreadPoolExecutor$Worker.run(ThreadPoolExecutor.java:615)
	at java.lang.Thread.run(Thread.java:745)


&quot;Executing testBasic&quot; Id=1 Group=main RUNNABLE
	at sun.management.ThreadImpl.dumpThreads0(Native Method)
	at sun.management.ThreadImpl.dumpAllThreads(ThreadImpl.java:446)
	at hudson.Functions.getThreadInfos(Functions.java:1155)
	at org.jvnet.hudson.test.HudsonTestCase.runTest(HudsonTestCase.java:442)
	at junit.framework.TestCase.runBare(TestCase.java:141)
	at org.jvnet.hudson.test.HudsonTestCase.runBare(HudsonTestCase.java:293)
	at junit.framework.TestResult$1.protect(TestResult.java:122)
	at junit.framework.TestResult.runProtected(TestResult.java:142)
	at junit.framework.TestResult.run(TestResult.java:125)
	at junit.framework.TestCase.run(TestCase.java:129)
	at junit.framework.TestSuite.runTest(TestSuite.java:255)
	at junit.framework.TestSuite.run(TestSuite.java:250)
	at org.junit.internal.runners.JUnit38ClassRunner.run(JUnit38ClassRunner.java:84)
	at org.apache.maven.surefire.junit4.JUnit4Provider.execute(JUnit4Provider.java:264)
	at org.apache.maven.surefire.junit4.JUnit4Provider.executeTestSet(JUnit4Provider.java:153)
	at org.apache.maven.surefire.junit4.JUnit4Provider.invoke(JUnit4Provider.java:124)
	at org.apache.maven.surefire.booter.ForkedBooter.invokeProviderInSameClassLoader(ForkedBooter.java:200)
	at org.apache.maven.surefire.booter.ForkedBooter.runSuitesInProcess(ForkedBooter.java:153)
	at org.apache.maven.surefire.booter.ForkedBooter.main(ForkedBooter.java:103)


&quot;FilePath.localPool [#1]&quot; Id=68 Group=main TIMED_WAITING on java.util.concurrent.SynchronousQueue$TransferStack@4c7aa0d2
	at sun.misc.Unsafe.park(Native Method)
	-  waiting on java.util.concurrent.SynchronousQueue$TransferStack@4c7aa0d2
	at java.util.concurrent.locks.LockSupport.parkNanos(LockSupport.java:226)
	at java.util.concurrent.SynchronousQueue$TransferStack.awaitFulfill(SynchronousQueue.java:460)
	at java.util.concurrent.SynchronousQueue$TransferStack.transfer(SynchronousQueue.java:359)
	at java.util.concurrent.SynchronousQueue.poll(SynchronousQueue.java:942)
	at java.util.concurrent.ThreadPoolExecutor.getTask(ThreadPoolExecutor.java:1068)
	at java.util.concurrent.ThreadPoolExecutor.runWorker(ThreadPoolExecutor.java:1130)
	at java.util.concurrent.ThreadPoolExecutor$Worker.run(ThreadPoolExecutor.java:615)
	at java.lang.Thread.run(Thread.java:745)


&quot;FilePath.localPool [#2]&quot; Id=69 Group=main TIMED_WAITING on java.util.concurrent.SynchronousQueue$TransferStack@4c7aa0d2
	at sun.misc.Unsafe.park(Native Method)
	-  waiting on java.util.concurrent.SynchronousQueue$TransferStack@4c7aa0d2
	at java.util.concurrent.locks.LockSupport.parkNanos(LockSupport.java:226)
	at java.util.concurrent.SynchronousQueue$TransferStack.awaitFulfill(SynchronousQueue.java:460)
	at java.util.concurrent.SynchronousQueue$TransferStack.transfer(SynchronousQueue.java:359)
	at java.util.concurrent.SynchronousQueue.poll(SynchronousQueue.java:942)
	at java.util.concurrent.ThreadPoolExecutor.getTask(ThreadPoolExecutor.java:1068)
	at java.util.concurrent.ThreadPoolExecutor.runWorker(ThreadPoolExecutor.java:1130)
	at java.util.concurrent.ThreadPoolExecutor$Worker.run(ThreadPoolExecutor.java:615)
	at java.lang.Thread.run(Thread.java:745)


&quot;FilePath.localPool [#3]&quot; Id=70 Group=main TIMED_WAITING on java.util.concurrent.SynchronousQueue$TransferStack@4c7aa0d2
	at sun.misc.Unsafe.park(Native Method)
	-  waiting on java.util.concurrent.SynchronousQueue$TransferStack@4c7aa0d2
	at java.util.concurrent.locks.LockSupport.parkNanos(LockSupport.java:226)
	at java.util.concurrent.SynchronousQueue$TransferStack.awaitFulfill(SynchronousQueue.java:460)
	at java.util.concurrent.SynchronousQueue$TransferStack.transfer(SynchronousQueue.java:359)
	at java.util.concurrent.SynchronousQueue.poll(SynchronousQueue.java:942)
	at java.util.concurrent.ThreadPoolExecutor.getTask(ThreadPoolExecutor.java:1068)
	at java.util.concurrent.ThreadPoolExecutor.runWorker(ThreadPoolExecutor.java:1130)
	at java.util.concurrent.ThreadPoolExecutor$Worker.run(ThreadPoolExecutor.java:615)
	at java.lang.Thread.run(Thread.java:745)


&quot;FilePath.localPool [#4]&quot; Id=71 Group=main TIMED_WAITING on java.util.concurrent.SynchronousQueue$TransferStack@4c7aa0d2
	at sun.misc.Unsafe.park(Native Method)
	-  waiting on java.util.concurrent.SynchronousQueue$TransferStack@4c7aa0d2
	at java.util.concurrent.locks.LockSupport.parkNanos(LockSupport.java:226)
	at java.util.concurrent.SynchronousQueue$TransferStack.awaitFulfill(SynchronousQueue.java:460)
	at java.util.concurrent.SynchronousQueue$TransferStack.transfer(SynchronousQueue.java:359)
	at java.util.concurrent.SynchronousQueue.poll(SynchronousQueue.java:942)
	at java.util.concurrent.ThreadPoolExecutor.getTask(ThreadPoolExecutor.java:1068)
	at java.util.concurrent.ThreadPoolExecutor.runWorker(ThreadPoolExecutor.java:1130)
	at java.util.concurrent.ThreadPoolExecutor$Worker.run(ThreadPoolExecutor.java:615)
	at java.lang.Thread.run(Thread.java:745)


&quot;FilePath.localPool [#5]&quot; Id=72 Group=main TIMED_WAITING on java.util.concurrent.SynchronousQueue$TransferStack@4c7aa0d2
	at sun.misc.Unsafe.park(Native Method)
	-  waiting on java.util.concurrent.SynchronousQueue$TransferStack@4c7aa0d2
	at java.util.concurrent.locks.LockSupport.parkNanos(LockSupport.java:226)
	at java.util.concurrent.SynchronousQueue$TransferStack.awaitFulfill(SynchronousQueue.java:460)
	at java.util.concurrent.SynchronousQueue$TransferStack.transfer(SynchronousQueue.java:359)
	at java.util.concurrent.SynchronousQueue.poll(SynchronousQueue.java:942)
	at java.util.concurrent.ThreadPoolExecutor.getTask(ThreadPoolExecutor.java:1068)
	at java.util.concurrent.ThreadPoolExecutor.runWorker(ThreadPoolExecutor.java:1130)
	at java.util.concurrent.ThreadPoolExecutor$Worker.run(ThreadPoolExecutor.java:615)
	at java.lang.Thread.run(Thread.java:745)


&quot;Jenkins cron thread&quot; Id=306 Group=main WAITING on java.util.TaskQueue@ab94a59
	at java.lang.Object.wait(Native Method)
	-  waiting on java.util.TaskQueue@ab94a59
	at java.lang.Object.wait(Object.java:503)
	at java.util.TimerThread.mainLoop(Timer.java:526)
	at java.util.TimerThread.run(Timer.java:505)


&quot;Jenkins UDP 33849 monitoring thread&quot; Id=334 Group=main RUNNABLE (in native)
	at java.net.PlainDatagramSocketImpl.receive0(Native Method)
	-  locked java.net.PlainDatagramSocketImpl@305aa6b3
	at java.net.AbstractPlainDatagramSocketImpl.receive(AbstractPlainDatagramSocketImpl.java:145)
	-  locked java.net.PlainDatagramSocketImpl@305aa6b3
	at java.net.DatagramSocket.receive(DatagramSocket.java:786)
	-  locked java.net.DatagramPacket@5355f1a7
	-  locked java.net.MulticastSocket@2f6c35af
	at hudson.UDPBroadcastThread.run(UDPBroadcastThread.java:82)


&quot;jenkins.util.Timer [#10]&quot; Id=332 Group=main WAITING on java.util.concurrent.locks.AbstractQueuedSynchronizer$ConditionObject@7f8f1534
	at sun.misc.Unsafe.park(Native Method)
	-  waiting on java.util.concurrent.locks.AbstractQueuedSynchronizer$ConditionObject@7f8f1534
	at java.util.concurrent.locks.LockSupport.park(LockSupport.java:186)
	at java.util.concurrent.locks.AbstractQueuedSynchronizer$ConditionObject.await(AbstractQueuedSynchronizer.java:2043)
	at java.util.concurrent.ScheduledThreadPoolExecutor$DelayedWorkQueue.take(ScheduledThreadPoolExecutor.java:1085)
	at java.util.concurrent.ScheduledThreadPoolExecutor$DelayedWorkQueue.take(ScheduledThreadPoolExecutor.java:807)
	at java.util.concurrent.ThreadPoolExecutor.getTask(ThreadPoolExecutor.java:1068)
	at java.util.concurrent.ThreadPoolExecutor.runWorker(ThreadPoolExecutor.java:1130)
	at java.util.concurrent.ThreadPoolExecutor$Worker.run(ThreadPoolExecutor.java:615)
	at java.lang.Thread.run(Thread.java:745)


&quot;jenkins.util.Timer [#1]&quot; Id=307 Group=main WAITING on java.util.concurrent.locks.AbstractQueuedSynchronizer$ConditionObject@7f8f1534
	at sun.misc.Unsafe.park(Native Method)
	-  waiting on java.util.concurrent.locks.AbstractQueuedSynchronizer$ConditionObject@7f8f1534
	at java.util.concurrent.locks.LockSupport.park(LockSupport.java:186)
	at java.util.concurrent.locks.AbstractQueuedSynchronizer$ConditionObject.await(AbstractQueuedSynchronizer.java:2043)
	at java.util.concurrent.ScheduledThreadPoolExecutor$DelayedWorkQueue.take(ScheduledThreadPoolExecutor.java:1085)
	at java.util.concurrent.ScheduledThreadPoolExecutor$DelayedWorkQueue.take(ScheduledThreadPoolExecutor.java:807)
	at java.util.concurrent.ThreadPoolExecutor.getTask(ThreadPoolExecutor.java:1068)
	at java.util.concurrent.ThreadPoolExecutor.runWorker(ThreadPoolExecutor.java:1130)
	at java.util.concurrent.ThreadPoolExecutor$Worker.run(ThreadPoolExecutor.java:615)
	at java.lang.Thread.run(Thread.java:745)


&quot;jenkins.util.Timer [#2]&quot; Id=324 Group=main WAITING on java.util.concurrent.locks.AbstractQueuedSynchronizer$ConditionObject@7f8f1534
	at sun.misc.Unsafe.park(Native Method)
	-  waiting on java.util.concurrent.locks.AbstractQueuedSynchronizer$ConditionObject@7f8f1534
	at java.util.concurrent.locks.LockSupport.park(LockSupport.java:186)
	at java.util.concurrent.locks.AbstractQueuedSynchronizer$ConditionObject.await(AbstractQueuedSynchronizer.java:2043)
	at java.util.concurrent.ScheduledThreadPoolExecutor$DelayedWorkQueue.take(ScheduledThreadPoolExecutor.java:1085)
	at java.util.concurrent.ScheduledThreadPoolExecutor$DelayedWorkQueue.take(ScheduledThreadPoolExecutor.java:807)
	at java.util.concurrent.ThreadPoolExecutor.getTask(ThreadPoolExecutor.java:1068)
	at java.util.concurrent.ThreadPoolExecutor.runWorker(ThreadPoolExecutor.java:1130)
	at java.util.concurrent.ThreadPoolExecutor$Worker.run(ThreadPoolExecutor.java:615)
	at java.lang.Thread.run(Thread.java:745)


&quot;jenkins.util.Timer [#3]&quot; Id=325 Group=main TIMED_WAITING on java.util.concurrent.locks.AbstractQueuedSynchronizer$ConditionObject@7f8f1534
	at sun.misc.Unsafe.park(Native Method)
	-  waiting on java.util.concurrent.locks.AbstractQueuedSynchronizer$ConditionObject@7f8f1534
	at java.util.concurrent.locks.LockSupport.parkNanos(LockSupport.java:226)
	at java.util.concurrent.locks.AbstractQueuedSynchronizer$ConditionObject.awaitNanos(AbstractQueuedSynchronizer.java:2082)
	at java.util.concurrent.ScheduledThreadPoolExecutor$DelayedWorkQueue.take(ScheduledThreadPoolExecutor.java:1090)
	at java.util.concurrent.ScheduledThreadPoolExecutor$DelayedWorkQueue.take(ScheduledThreadPoolExecutor.java:807)
	at java.util.concurrent.ThreadPoolExecutor.getTask(ThreadPoolExecutor.java:1068)
	at java.util.concurrent.ThreadPoolExecutor.runWorker(ThreadPoolExecutor.java:1130)
	at java.util.concurrent.ThreadPoolExecutor$Worker.run(ThreadPoolExecutor.java:615)
	at java.lang.Thread.run(Thread.java:745)


&quot;jenkins.util.Timer [#4]&quot; Id=326 Group=main WAITING on java.util.concurrent.locks.AbstractQueuedSynchronizer$ConditionObject@7f8f1534
	at sun.misc.Unsafe.park(Native Method)
	-  waiting on java.util.concurrent.locks.AbstractQueuedSynchronizer$ConditionObject@7f8f1534
	at java.util.concurrent.locks.LockSupport.park(LockSupport.java:186)
	at java.util.concurrent.locks.AbstractQueuedSynchronizer$ConditionObject.await(AbstractQueuedSynchronizer.java:2043)
	at java.util.concurrent.ScheduledThreadPoolExecutor$DelayedWorkQueue.take(ScheduledThreadPoolExecutor.java:1085)
	at java.util.concurrent.ScheduledThreadPoolExecutor$DelayedWorkQueue.take(ScheduledThreadPoolExecutor.java:807)
	at java.util.concurrent.ThreadPoolExecutor.getTask(ThreadPoolExecutor.java:1068)
	at java.util.concurrent.ThreadPoolExecutor.runWorker(ThreadPoolExecutor.java:1130)
	at java.util.concurrent.ThreadPoolExecutor$Worker.run(ThreadPoolExecutor.java:615)
	at java.lang.Thread.run(Thread.java:745)


&quot;jenkins.util.Timer [#5]&quot; Id=327 Group=main WAITING on java.util.concurrent.locks.AbstractQueuedSynchronizer$ConditionObject@7f8f1534
	at sun.misc.Unsafe.park(Native Method)
	-  waiting on java.util.concurrent.locks.AbstractQueuedSynchronizer$ConditionObject@7f8f1534
	at java.util.concurrent.locks.LockSupport.park(LockSupport.java:186)
	at java.util.concurrent.locks.AbstractQueuedSynchronizer$ConditionObject.await(AbstractQueuedSynchronizer.java:2043)
	at java.util.concurrent.ScheduledThreadPoolExecutor$DelayedWorkQueue.take(ScheduledThreadPoolExecutor.java:1085)
	at java.util.concurrent.ScheduledThreadPoolExecutor$DelayedWorkQueue.take(ScheduledThreadPoolExecutor.java:807)
	at java.util.concurrent.ThreadPoolExecutor.getTask(ThreadPoolExecutor.java:1068)
	at java.util.concurrent.ThreadPoolExecutor.runWorker(ThreadPoolExecutor.java:1130)
	at java.util.concurrent.ThreadPoolExecutor$Worker.run(ThreadPoolExecutor.java:615)
	at java.lang.Thread.run(Thread.java:745)


&quot;jenkins.util.Timer [#6]&quot; Id=328 Group=main WAITING on java.util.concurrent.locks.AbstractQueuedSynchronizer$ConditionObject@7f8f1534
	at sun.misc.Unsafe.park(Native Method)
	-  waiting on java.util.concurrent.locks.AbstractQueuedSynchronizer$ConditionObject@7f8f1534
	at java.util.concurrent.locks.LockSupport.park(LockSupport.java:186)
	at java.util.concurrent.locks.AbstractQueuedSynchronizer$ConditionObject.await(AbstractQueuedSynchronizer.java:2043)
	at java.util.concurrent.ScheduledThreadPoolExecutor$DelayedWorkQueue.take(ScheduledThreadPoolExecutor.java:1085)
	at java.util.concurrent.ScheduledThreadPoolExecutor$DelayedWorkQueue.take(ScheduledThreadPoolExecutor.java:807)
	at java.util.concurrent.ThreadPoolExecutor.getTask(ThreadPoolExecutor.java:1068)
	at java.util.concurrent.ThreadPoolExecutor.runWorker(ThreadPoolExecutor.java:1130)
	at java.util.concurrent.ThreadPoolExecutor$Worker.run(ThreadPoolExecutor.java:615)
	at java.lang.Thread.run(Thread.java:745)


&quot;jenkins.util.Timer [#7]&quot; Id=329 Group=main TIMED_WAITING on java.util.concurrent.locks.AbstractQueuedSynchronizer$ConditionObject@7f8f1534
	at sun.misc.Unsafe.park(Native Method)
	-  waiting on java.util.concurrent.locks.AbstractQueuedSynchronizer$ConditionObject@7f8f1534
	at java.util.concurrent.locks.LockSupport.parkNanos(LockSupport.java:226)
	at java.util.concurrent.locks.AbstractQueuedSynchronizer$ConditionObject.awaitNanos(AbstractQueuedSynchronizer.java:2082)
	at java.util.concurrent.ScheduledThreadPoolExecutor$DelayedWorkQueue.take(ScheduledThreadPoolExecutor.java:1090)
	at java.util.concurrent.ScheduledThreadPoolExecutor$DelayedWorkQueue.take(ScheduledThreadPoolExecutor.java:807)
	at java.util.concurrent.ThreadPoolExecutor.getTask(ThreadPoolExecutor.java:1068)
	at java.util.concurrent.ThreadPoolExecutor.runWorker(ThreadPoolExecutor.java:1130)
	at java.util.concurrent.ThreadPoolExecutor$Worker.run(ThreadPoolExecutor.java:615)
	at java.lang.Thread.run(Thread.java:745)


&quot;jenkins.util.Timer [#8]&quot; Id=330 Group=main WAITING on java.util.concurrent.locks.AbstractQueuedSynchronizer$ConditionObject@7f8f1534
	at sun.misc.Unsafe.park(Native Method)
	-  waiting on java.util.concurrent.locks.AbstractQueuedSynchronizer$ConditionObject@7f8f1534
	at java.util.concurrent.locks.LockSupport.park(LockSupport.java:186)
	at java.util.concurrent.locks.AbstractQueuedSynchronizer$ConditionObject.await(AbstractQueuedSynchronizer.java:2043)
	at java.util.concurrent.ScheduledThreadPoolExecutor$DelayedWorkQueue.take(ScheduledThreadPoolExecutor.java:1085)
	at java.util.concurrent.ScheduledThreadPoolExecutor$DelayedWorkQueue.take(ScheduledThreadPoolExecutor.java:807)
	at java.util.concurrent.ThreadPoolExecutor.getTask(ThreadPoolExecutor.java:1068)
	at java.util.concurrent.ThreadPoolExecutor.runWorker(ThreadPoolExecutor.java:1130)
	at java.util.concurrent.ThreadPoolExecutor$Worker.run(ThreadPoolExecutor.java:615)
	at java.lang.Thread.run(Thread.java:745)


&quot;jenkins.util.Timer [#9]&quot; Id=331 Group=main WAITING on java.util.concurrent.locks.AbstractQueuedSynchronizer$ConditionObject@7f8f1534
	at sun.misc.Unsafe.park(Native Method)
	-  waiting on java.util.concurrent.locks.AbstractQueuedSynchronizer$ConditionObject@7f8f1534
	at java.util.concurrent.locks.LockSupport.park(LockSupport.java:186)
	at java.util.concurrent.locks.AbstractQueuedSynchronizer$ConditionObject.await(AbstractQueuedSynchronizer.java:2043)
	at java.util.concurrent.ScheduledThreadPoolExecutor$DelayedWorkQueue.take(ScheduledThreadPoolExecutor.java:1085)
	at java.util.concurrent.ScheduledThreadPoolExecutor$DelayedWorkQueue.take(ScheduledThreadPoolExecutor.java:807)
	at java.util.concurrent.ThreadPoolExecutor.getTask(ThreadPoolExecutor.java:1068)
	at java.util.concurrent.ThreadPoolExecutor.runWorker(ThreadPoolExecutor.java:1130)
	at java.util.concurrent.ThreadPoolExecutor$Worker.run(ThreadPoolExecutor.java:615)
	at java.lang.Thread.run(Thread.java:745)


&quot;Jetty Thread Pool - Acceptor0 SocketConnector@0.0.0.0:46583&quot; Id=305 Group=main RUNNABLE (in native)
	at java.net.PlainSocketImpl.socketAccept(Native Method)
	at java.net.AbstractPlainSocketImpl.accept(AbstractPlainSocketImpl.java:398)
	at java.net.ServerSocket.implAccept(ServerSocket.java:530)
	at java.net.ServerSocket.accept(ServerSocket.java:498)
	at org.mortbay.jetty.bio.SocketConnector.accept(SocketConnector.java:99)
	at org.mortbay.jetty.AbstractConnector$Acceptor.run(AbstractConnector.java:708)
	at java.util.concurrent.Executors$RunnableAdapter.call(Executors.java:471)
	at java.util.concurrent.FutureTask.run(FutureTask.java:262)
	at java.util.concurrent.ThreadPoolExecutor.runWorker(ThreadPoolExecutor.java:1145)
	at java.util.concurrent.ThreadPoolExecutor$Worker.run(ThreadPoolExecutor.java:615)
	at java.lang.Thread.run(Thread.java:745)

	Number of locked synchronizers = 1
	- java.util.concurrent.ThreadPoolExecutor$Worker@1ed01425


&quot;MultiThreadedHttpConnectionManager cleanup&quot; Id=61 Group=main WAITING on java.lang.ref.ReferenceQueue$Lock@6d46238
	at java.lang.Object.wait(Native Method)
	-  waiting on java.lang.ref.ReferenceQueue$Lock@6d46238
	at java.lang.ref.ReferenceQueue.remove(ReferenceQueue.java:135)
	at java.lang.ref.ReferenceQueue.remove(ReferenceQueue.java:151)
	at org.apache.commons.httpclient.MultiThreadedHttpConnectionManager$ReferenceQueueThread.run(MultiThreadedHttpConnectionManager.java:1122)


&quot;TCP slave agent listener port=0&quot; Id=333 Group=main RUNNABLE (in native)
	at sun.nio.ch.ServerSocketChannelImpl.accept0(Native Method)
	at sun.nio.ch.ServerSocketChannelImpl.accept(ServerSocketChannelImpl.java:241)
	-  locked java.lang.Object@69388c7b
	at hudson.TcpSlaveAgentListener.run(TcpSlaveAgentListener.java:95)


&quot;Timer-1&quot; Id=48 Group=main TIMED_WAITING on java.util.TaskQueue@27e72138
	at java.lang.Object.wait(Native Method)
	-  waiting on java.util.TaskQueue@27e72138
	at java.util.TimerThread.mainLoop(Timer.java:552)
	at java.util.TimerThread.run(Timer.java:505)


&quot;Timer-13&quot; Id=304 Group=main TIMED_WAITING on java.util.TaskQueue@ac01e8f
	at java.lang.Object.wait(Native Method)
	-  waiting on java.util.TaskQueue@ac01e8f
	at java.util.TimerThread.mainLoop(Timer.java:552)
	at java.util.TimerThread.run(Timer.java:505)


&quot;Timer-14&quot; Id=338 Group=main TIMED_WAITING on java.util.TaskQueue@bf1cf35
	at java.lang.Object.wait(Native Method)
	-  waiting on java.util.TaskQueue@bf1cf35
	at java.util.TimerThread.mainLoop(Timer.java:552)
	at java.util.TimerThread.run(Timer.java:505)


&quot;Finalizer&quot; Id=3 Group=system WAITING on java.lang.ref.ReferenceQueue$Lock@382ca2aa
	at java.lang.Object.wait(Native Method)
	-  waiting on java.lang.ref.ReferenceQueue$Lock@382ca2aa
	at java.lang.ref.ReferenceQueue.remove(ReferenceQueue.java:135)
	at java.lang.ref.ReferenceQueue.remove(ReferenceQueue.java:151)
	at java.lang.ref.Finalizer$FinalizerThread.run(Finalizer.java:209)


&quot;Java2D Disposer&quot; Id=261 Group=system WAITING on java.lang.ref.ReferenceQueue$Lock@346e043f
	at java.lang.Object.wait(Native Method)
	-  waiting on java.lang.ref.ReferenceQueue$Lock@346e043f
	at java.lang.ref.ReferenceQueue.remove(ReferenceQueue.java:135)
	at java.lang.ref.ReferenceQueue.remove(ReferenceQueue.java:151)
	at sun.java2d.Disposer.run(Disposer.java:145)
	at java.lang.Thread.run(Thread.java:745)


&quot;process reaper&quot; Id=51 Group=system TIMED_WAITING on java.util.concurrent.SynchronousQueue$TransferStack@617c4e08
	at sun.misc.Unsafe.park(Native Method)
	-  waiting on java.util.concurrent.SynchronousQueue$TransferStack@617c4e08
	at java.util.concurrent.locks.LockSupport.parkNanos(LockSupport.java:226)
	at java.util.concurrent.SynchronousQueue$TransferStack.awaitFulfill(SynchronousQueue.java:460)
	at java.util.concurrent.SynchronousQueue$TransferStack.transfer(SynchronousQueue.java:359)
	at java.util.concurrent.SynchronousQueue.poll(SynchronousQueue.java:942)
	at java.util.concurrent.ThreadPoolExecutor.getTask(ThreadPoolExecutor.java:1068)
	at java.util.concurrent.ThreadPoolExecutor.runWorker(ThreadPoolExecutor.java:1130)
	at java.util.concurrent.ThreadPoolExecutor$Worker.run(ThreadPoolExecutor.java:615)
	at java.lang.Thread.run(Thread.java:745)


&quot;Reference Handler&quot; Id=2 Group=system WAITING on java.lang.ref.Reference$Lock@7a6b63b5
	at java.lang.Object.wait(Native Method)
	-  waiting on java.lang.ref.Reference$Lock@7a6b63b5
	at java.lang.Object.wait(Object.java:503)
	at java.lang.ref.Reference$ReferenceHandler.run(Reference.java:133)


&quot;Signal Dispatcher&quot; Id=4 Group=system RUNNABLE


&quot;Thread-62&quot; Id=341 Group=? RUNNABLE


</stderr>
          <failedSince>3</failedSince>
        </case>
        <case>
          <duration>5.071</duration>
          <className>hudson.tasks.junit.TestResultPublishingTest</className>
          <testName>testSlave</testName>
          <skipped>false</skipped>
          <errorStackTrace>junit.framework.AssertionFailedError: should have 132 total tests expected:&lt;132&gt; but was:&lt;1007&gt;
	at junit.framework.Assert.fail(Assert.java:57)
	at junit.framework.Assert.failNotEquals(Assert.java:329)
	at junit.framework.Assert.assertEquals(Assert.java:78)
	at junit.framework.Assert.assertEquals(Assert.java:234)
	at junit.framework.TestCase.assertEquals(TestCase.java:401)
	at hudson.tasks.junit.TestResultPublishingTest.assertTestResults(TestResultPublishingTest.java:373)
	at hudson.tasks.junit.TestResultPublishingTest.testBasic(TestResultPublishingTest.java:70)
	at hudson.tasks.junit.TestResultPublishingTest.testSlave(TestResultPublishingTest.java:93)
</errorStackTrace>
          <errorDetails>should have 132 total tests expected:&lt;132&gt; but was:&lt;1007&gt;</errorDetails>
          <stdout>=== Starting TestResultPublishingTest.testSlave
</stdout>
          <stderr>Dec 08, 2015 4:35:34 PM jenkins.InitReactorRunner$1 onAttained
INFO: Started initialization
Dec 08, 2015 4:35:34 PM jenkins.InitReactorRunner$1 onAttained
INFO: Listed all plugins
Dec 08, 2015 4:35:34 PM jenkins.InitReactorRunner$1 onAttained
INFO: Prepared all plugins
Dec 08, 2015 4:35:34 PM jenkins.InitReactorRunner$1 onAttained
INFO: Started all plugins
Dec 08, 2015 4:35:34 PM jenkins.InitReactorRunner$1 onAttained
INFO: Augmented all extensions
Dec 08, 2015 4:35:34 PM jenkins.InitReactorRunner$1 onAttained
INFO: Loaded all jobs
Dec 08, 2015 4:35:34 PM jenkins.InitReactorRunner$1 onAttained
INFO: Completed initialization
Dec 08, 2015 4:35:35 PM hudson.slaves.CommandLauncher launch
INFO: slave agent launched for slave0
Dec 08, 2015 4:35:37 PM hudson.model.Run execute
INFO: percival #1 main build action completed: SUCCESS
&quot;204358921@qtp-340795669-1 - Acceptor0 SocketConnector@0.0.0.0:49701&quot; Id=47 Group=main RUNNABLE (in native)
	at java.net.PlainSocketImpl.socketAccept(Native Method)
	at java.net.AbstractPlainSocketImpl.accept(AbstractPlainSocketImpl.java:398)
	at java.net.ServerSocket.implAccept(ServerSocket.java:530)
	at java.net.ServerSocket.accept(ServerSocket.java:498)
	at org.mortbay.jetty.bio.SocketConnector.accept(SocketConnector.java:99)
	at org.mortbay.jetty.AbstractConnector$Acceptor.run(AbstractConnector.java:708)
	at org.mortbay.thread.QueuedThreadPool$PoolThread.run(QueuedThreadPool.java:582)


&quot;595748250@qtp-340795669-0&quot; Id=46 Group=main TIMED_WAITING on org.mortbay.thread.QueuedThreadPool$PoolThread@2382659a
	at java.lang.Object.wait(Native Method)
	-  waiting on org.mortbay.thread.QueuedThreadPool$PoolThread@2382659a
	at org.mortbay.thread.QueuedThreadPool$PoolThread.run(QueuedThreadPool.java:626)


&quot;Channel reader thread: slave0&quot; Id=382 Group=main RUNNABLE (in native)
	at java.io.FileInputStream.readBytes(Native Method)
	at java.io.FileInputStream.read(FileInputStream.java:272)
	at java.io.BufferedInputStream.fill(BufferedInputStream.java:235)
	at java.io.BufferedInputStream.read(BufferedInputStream.java:254)
	-  locked java.lang.UNIXProcess$ProcessPipeInputStream@39b6185
	at hudson.remoting.FlightRecorderInputStream.read(FlightRecorderInputStream.java:82)
	at hudson.remoting.ChunkedInputStream.readHeader(ChunkedInputStream.java:72)
	at hudson.remoting.ChunkedInputStream.readUntilBreak(ChunkedInputStream.java:103)
	at hudson.remoting.ChunkedCommandTransport.readBlock(ChunkedCommandTransport.java:33)
	at hudson.remoting.AbstractSynchronousByteArrayCommandTransport.read(AbstractSynchronousByteArrayCommandTransport.java:34)
	at hudson.remoting.SynchronousCommandTransport$ReaderThread.run(SynchronousCommandTransport.java:48)


&quot;Computer.threadPoolForRemoting [#1]&quot; Id=45 Group=main TIMED_WAITING on java.util.concurrent.SynchronousQueue$TransferStack@3735f7ff
	at sun.misc.Unsafe.park(Native Method)
	-  waiting on java.util.concurrent.SynchronousQueue$TransferStack@3735f7ff
	at java.util.concurrent.locks.LockSupport.parkNanos(LockSupport.java:226)
	at java.util.concurrent.SynchronousQueue$TransferStack.awaitFulfill(SynchronousQueue.java:460)
	at java.util.concurrent.SynchronousQueue$TransferStack.transfer(SynchronousQueue.java:359)
	at java.util.concurrent.SynchronousQueue.poll(SynchronousQueue.java:942)
	at java.util.concurrent.ThreadPoolExecutor.getTask(ThreadPoolExecutor.java:1068)
	at java.util.concurrent.ThreadPoolExecutor.runWorker(ThreadPoolExecutor.java:1130)
	at java.util.concurrent.ThreadPoolExecutor$Worker.run(ThreadPoolExecutor.java:615)
	at java.lang.Thread.run(Thread.java:745)


&quot;Computer.threadPoolForRemoting [#2]&quot; Id=383 Group=main TIMED_WAITING on java.util.concurrent.SynchronousQueue$TransferStack@3735f7ff
	at sun.misc.Unsafe.park(Native Method)
	-  waiting on java.util.concurrent.SynchronousQueue$TransferStack@3735f7ff
	at java.util.concurrent.locks.LockSupport.parkNanos(LockSupport.java:226)
	at java.util.concurrent.SynchronousQueue$TransferStack.awaitFulfill(SynchronousQueue.java:460)
	at java.util.concurrent.SynchronousQueue$TransferStack.transfer(SynchronousQueue.java:359)
	at java.util.concurrent.SynchronousQueue.poll(SynchronousQueue.java:942)
	at java.util.concurrent.ThreadPoolExecutor.getTask(ThreadPoolExecutor.java:1068)
	at java.util.concurrent.ThreadPoolExecutor.runWorker(ThreadPoolExecutor.java:1130)
	at java.util.concurrent.ThreadPoolExecutor$Worker.run(ThreadPoolExecutor.java:615)
	at java.lang.Thread.run(Thread.java:745)


&quot;Computer.threadPoolForRemoting [#3]&quot; Id=385 Group=main TIMED_WAITING on java.util.concurrent.SynchronousQueue$TransferStack@3735f7ff
	at sun.misc.Unsafe.park(Native Method)
	-  waiting on java.util.concurrent.SynchronousQueue$TransferStack@3735f7ff
	at java.util.concurrent.locks.LockSupport.parkNanos(LockSupport.java:226)
	at java.util.concurrent.SynchronousQueue$TransferStack.awaitFulfill(SynchronousQueue.java:460)
	at java.util.concurrent.SynchronousQueue$TransferStack.transfer(SynchronousQueue.java:359)
	at java.util.concurrent.SynchronousQueue.poll(SynchronousQueue.java:942)
	at java.util.concurrent.ThreadPoolExecutor.getTask(ThreadPoolExecutor.java:1068)
	at java.util.concurrent.ThreadPoolExecutor.runWorker(ThreadPoolExecutor.java:1130)
	at java.util.concurrent.ThreadPoolExecutor$Worker.run(ThreadPoolExecutor.java:615)
	at java.lang.Thread.run(Thread.java:745)


&quot;Executing testSlave&quot; Id=1 Group=main RUNNABLE
	at sun.management.ThreadImpl.dumpThreads0(Native Method)
	at sun.management.ThreadImpl.dumpAllThreads(ThreadImpl.java:446)
	at hudson.Functions.getThreadInfos(Functions.java:1155)
	at org.jvnet.hudson.test.HudsonTestCase.runTest(HudsonTestCase.java:442)
	at junit.framework.TestCase.runBare(TestCase.java:141)
	at org.jvnet.hudson.test.HudsonTestCase.runBare(HudsonTestCase.java:293)
	at junit.framework.TestResult$1.protect(TestResult.java:122)
	at junit.framework.TestResult.runProtected(TestResult.java:142)
	at junit.framework.TestResult.run(TestResult.java:125)
	at junit.framework.TestCase.run(TestCase.java:129)
	at junit.framework.TestSuite.runTest(TestSuite.java:255)
	at junit.framework.TestSuite.run(TestSuite.java:250)
	at org.junit.internal.runners.JUnit38ClassRunner.run(JUnit38ClassRunner.java:84)
	at org.apache.maven.surefire.junit4.JUnit4Provider.execute(JUnit4Provider.java:264)
	at org.apache.maven.surefire.junit4.JUnit4Provider.executeTestSet(JUnit4Provider.java:153)
	at org.apache.maven.surefire.junit4.JUnit4Provider.invoke(JUnit4Provider.java:124)
	at org.apache.maven.surefire.booter.ForkedBooter.invokeProviderInSameClassLoader(ForkedBooter.java:200)
	at org.apache.maven.surefire.booter.ForkedBooter.runSuitesInProcess(ForkedBooter.java:153)
	at org.apache.maven.surefire.booter.ForkedBooter.main(ForkedBooter.java:103)


&quot;FilePath.localPool [#1]&quot; Id=68 Group=main TIMED_WAITING on java.util.concurrent.SynchronousQueue$TransferStack@4c7aa0d2
	at sun.misc.Unsafe.park(Native Method)
	-  waiting on java.util.concurrent.SynchronousQueue$TransferStack@4c7aa0d2
	at java.util.concurrent.locks.LockSupport.parkNanos(LockSupport.java:226)
	at java.util.concurrent.SynchronousQueue$TransferStack.awaitFulfill(SynchronousQueue.java:460)
	at java.util.concurrent.SynchronousQueue$TransferStack.transfer(SynchronousQueue.java:359)
	at java.util.concurrent.SynchronousQueue.poll(SynchronousQueue.java:942)
	at java.util.concurrent.ThreadPoolExecutor.getTask(ThreadPoolExecutor.java:1068)
	at java.util.concurrent.ThreadPoolExecutor.runWorker(ThreadPoolExecutor.java:1130)
	at java.util.concurrent.ThreadPoolExecutor$Worker.run(ThreadPoolExecutor.java:615)
	at java.lang.Thread.run(Thread.java:745)


&quot;FilePath.localPool [#2]&quot; Id=69 Group=main TIMED_WAITING on java.util.concurrent.SynchronousQueue$TransferStack@4c7aa0d2
	at sun.misc.Unsafe.park(Native Method)
	-  waiting on java.util.concurrent.SynchronousQueue$TransferStack@4c7aa0d2
	at java.util.concurrent.locks.LockSupport.parkNanos(LockSupport.java:226)
	at java.util.concurrent.SynchronousQueue$TransferStack.awaitFulfill(SynchronousQueue.java:460)
	at java.util.concurrent.SynchronousQueue$TransferStack.transfer(SynchronousQueue.java:359)
	at java.util.concurrent.SynchronousQueue.poll(SynchronousQueue.java:942)
	at java.util.concurrent.ThreadPoolExecutor.getTask(ThreadPoolExecutor.java:1068)
	at java.util.concurrent.ThreadPoolExecutor.runWorker(ThreadPoolExecutor.java:1130)
	at java.util.concurrent.ThreadPoolExecutor$Worker.run(ThreadPoolExecutor.java:615)
	at java.lang.Thread.run(Thread.java:745)


&quot;FilePath.localPool [#3]&quot; Id=70 Group=main TIMED_WAITING on java.util.concurrent.SynchronousQueue$TransferStack@4c7aa0d2
	at sun.misc.Unsafe.park(Native Method)
	-  waiting on java.util.concurrent.SynchronousQueue$TransferStack@4c7aa0d2
	at java.util.concurrent.locks.LockSupport.parkNanos(LockSupport.java:226)
	at java.util.concurrent.SynchronousQueue$TransferStack.awaitFulfill(SynchronousQueue.java:460)
	at java.util.concurrent.SynchronousQueue$TransferStack.transfer(SynchronousQueue.java:359)
	at java.util.concurrent.SynchronousQueue.poll(SynchronousQueue.java:942)
	at java.util.concurrent.ThreadPoolExecutor.getTask(ThreadPoolExecutor.java:1068)
	at java.util.concurrent.ThreadPoolExecutor.runWorker(ThreadPoolExecutor.java:1130)
	at java.util.concurrent.ThreadPoolExecutor$Worker.run(ThreadPoolExecutor.java:615)
	at java.lang.Thread.run(Thread.java:745)


&quot;FilePath.localPool [#4]&quot; Id=71 Group=main TIMED_WAITING on java.util.concurrent.SynchronousQueue$TransferStack@4c7aa0d2
	at sun.misc.Unsafe.park(Native Method)
	-  waiting on java.util.concurrent.SynchronousQueue$TransferStack@4c7aa0d2
	at java.util.concurrent.locks.LockSupport.parkNanos(LockSupport.java:226)
	at java.util.concurrent.SynchronousQueue$TransferStack.awaitFulfill(SynchronousQueue.java:460)
	at java.util.concurrent.SynchronousQueue$TransferStack.transfer(SynchronousQueue.java:359)
	at java.util.concurrent.SynchronousQueue.poll(SynchronousQueue.java:942)
	at java.util.concurrent.ThreadPoolExecutor.getTask(ThreadPoolExecutor.java:1068)
	at java.util.concurrent.ThreadPoolExecutor.runWorker(ThreadPoolExecutor.java:1130)
	at java.util.concurrent.ThreadPoolExecutor$Worker.run(ThreadPoolExecutor.java:615)
	at java.lang.Thread.run(Thread.java:745)


&quot;FilePath.localPool [#5]&quot; Id=72 Group=main TIMED_WAITING on java.util.concurrent.SynchronousQueue$TransferStack@4c7aa0d2
	at sun.misc.Unsafe.park(Native Method)
	-  waiting on java.util.concurrent.SynchronousQueue$TransferStack@4c7aa0d2
	at java.util.concurrent.locks.LockSupport.parkNanos(LockSupport.java:226)
	at java.util.concurrent.SynchronousQueue$TransferStack.awaitFulfill(SynchronousQueue.java:460)
	at java.util.concurrent.SynchronousQueue$TransferStack.transfer(SynchronousQueue.java:359)
	at java.util.concurrent.SynchronousQueue.poll(SynchronousQueue.java:942)
	at java.util.concurrent.ThreadPoolExecutor.getTask(ThreadPoolExecutor.java:1068)
	at java.util.concurrent.ThreadPoolExecutor.runWorker(ThreadPoolExecutor.java:1130)
	at java.util.concurrent.ThreadPoolExecutor$Worker.run(ThreadPoolExecutor.java:615)
	at java.lang.Thread.run(Thread.java:745)


&quot;Jenkins cron thread&quot; Id=346 Group=main WAITING on java.util.TaskQueue@25be2bab
	at java.lang.Object.wait(Native Method)
	-  waiting on java.util.TaskQueue@25be2bab
	at java.lang.Object.wait(Object.java:503)
	at java.util.TimerThread.mainLoop(Timer.java:526)
	at java.util.TimerThread.run(Timer.java:505)


&quot;Jenkins UDP 33849 monitoring thread&quot; Id=374 Group=main RUNNABLE (in native)
	at java.net.PlainDatagramSocketImpl.receive0(Native Method)
	-  locked java.net.PlainDatagramSocketImpl@7857a0af
	at java.net.AbstractPlainDatagramSocketImpl.receive(AbstractPlainDatagramSocketImpl.java:145)
	-  locked java.net.PlainDatagramSocketImpl@7857a0af
	at java.net.DatagramSocket.receive(DatagramSocket.java:786)
	-  locked java.net.DatagramPacket@770448bf
	-  locked java.net.MulticastSocket@3a4430a4
	at hudson.UDPBroadcastThread.run(UDPBroadcastThread.java:82)


&quot;jenkins.util.Timer [#10]&quot; Id=372 Group=main WAITING on java.util.concurrent.locks.AbstractQueuedSynchronizer$ConditionObject@3df8fd4e
	at sun.misc.Unsafe.park(Native Method)
	-  waiting on java.util.concurrent.locks.AbstractQueuedSynchronizer$ConditionObject@3df8fd4e
	at java.util.concurrent.locks.LockSupport.park(LockSupport.java:186)
	at java.util.concurrent.locks.AbstractQueuedSynchronizer$ConditionObject.await(AbstractQueuedSynchronizer.java:2043)
	at java.util.concurrent.ScheduledThreadPoolExecutor$DelayedWorkQueue.take(ScheduledThreadPoolExecutor.java:1085)
	at java.util.concurrent.ScheduledThreadPoolExecutor$DelayedWorkQueue.take(ScheduledThreadPoolExecutor.java:807)
	at java.util.concurrent.ThreadPoolExecutor.getTask(ThreadPoolExecutor.java:1068)
	at java.util.concurrent.ThreadPoolExecutor.runWorker(ThreadPoolExecutor.java:1130)
	at java.util.concurrent.ThreadPoolExecutor$Worker.run(ThreadPoolExecutor.java:615)
	at java.lang.Thread.run(Thread.java:745)


&quot;jenkins.util.Timer [#1]&quot; Id=347 Group=main TIMED_WAITING on java.util.concurrent.locks.AbstractQueuedSynchronizer$ConditionObject@3df8fd4e
	at sun.misc.Unsafe.park(Native Method)
	-  waiting on java.util.concurrent.locks.AbstractQueuedSynchronizer$ConditionObject@3df8fd4e
	at java.util.concurrent.locks.LockSupport.parkNanos(LockSupport.java:226)
	at java.util.concurrent.locks.AbstractQueuedSynchronizer$ConditionObject.awaitNanos(AbstractQueuedSynchronizer.java:2082)
	at java.util.concurrent.ScheduledThreadPoolExecutor$DelayedWorkQueue.take(ScheduledThreadPoolExecutor.java:1090)
	at java.util.concurrent.ScheduledThreadPoolExecutor$DelayedWorkQueue.take(ScheduledThreadPoolExecutor.java:807)
	at java.util.concurrent.ThreadPoolExecutor.getTask(ThreadPoolExecutor.java:1068)
	at java.util.concurrent.ThreadPoolExecutor.runWorker(ThreadPoolExecutor.java:1130)
	at java.util.concurrent.ThreadPoolExecutor$Worker.run(ThreadPoolExecutor.java:615)
	at java.lang.Thread.run(Thread.java:745)


&quot;jenkins.util.Timer [#2]&quot; Id=364 Group=main WAITING on java.util.concurrent.locks.AbstractQueuedSynchronizer$ConditionObject@3df8fd4e
	at sun.misc.Unsafe.park(Native Method)
	-  waiting on java.util.concurrent.locks.AbstractQueuedSynchronizer$ConditionObject@3df8fd4e
	at java.util.concurrent.locks.LockSupport.park(LockSupport.java:186)
	at java.util.concurrent.locks.AbstractQueuedSynchronizer$ConditionObject.await(AbstractQueuedSynchronizer.java:2043)
	at java.util.concurrent.ScheduledThreadPoolExecutor$DelayedWorkQueue.take(ScheduledThreadPoolExecutor.java:1085)
	at java.util.concurrent.ScheduledThreadPoolExecutor$DelayedWorkQueue.take(ScheduledThreadPoolExecutor.java:807)
	at java.util.concurrent.ThreadPoolExecutor.getTask(ThreadPoolExecutor.java:1068)
	at java.util.concurrent.ThreadPoolExecutor.runWorker(ThreadPoolExecutor.java:1130)
	at java.util.concurrent.ThreadPoolExecutor$Worker.run(ThreadPoolExecutor.java:615)
	at java.lang.Thread.run(Thread.java:745)


&quot;jenkins.util.Timer [#3]&quot; Id=365 Group=main WAITING on java.util.concurrent.locks.AbstractQueuedSynchronizer$ConditionObject@3df8fd4e
	at sun.misc.Unsafe.park(Native Method)
	-  waiting on java.util.concurrent.locks.AbstractQueuedSynchronizer$ConditionObject@3df8fd4e
	at java.util.concurrent.locks.LockSupport.park(LockSupport.java:186)
	at java.util.concurrent.locks.AbstractQueuedSynchronizer$ConditionObject.await(AbstractQueuedSynchronizer.java:2043)
	at java.util.concurrent.ScheduledThreadPoolExecutor$DelayedWorkQueue.take(ScheduledThreadPoolExecutor.java:1085)
	at java.util.concurrent.ScheduledThreadPoolExecutor$DelayedWorkQueue.take(ScheduledThreadPoolExecutor.java:807)
	at java.util.concurrent.ThreadPoolExecutor.getTask(ThreadPoolExecutor.java:1068)
	at java.util.concurrent.ThreadPoolExecutor.runWorker(ThreadPoolExecutor.java:1130)
	at java.util.concurrent.ThreadPoolExecutor$Worker.run(ThreadPoolExecutor.java:615)
	at java.lang.Thread.run(Thread.java:745)


&quot;jenkins.util.Timer [#4]&quot; Id=366 Group=main WAITING on java.util.concurrent.locks.AbstractQueuedSynchronizer$ConditionObject@3df8fd4e
	at sun.misc.Unsafe.park(Native Method)
	-  waiting on java.util.concurrent.locks.AbstractQueuedSynchronizer$ConditionObject@3df8fd4e
	at java.util.concurrent.locks.LockSupport.park(LockSupport.java:186)
	at java.util.concurrent.locks.AbstractQueuedSynchronizer$ConditionObject.await(AbstractQueuedSynchronizer.java:2043)
	at java.util.concurrent.ScheduledThreadPoolExecutor$DelayedWorkQueue.take(ScheduledThreadPoolExecutor.java:1085)
	at java.util.concurrent.ScheduledThreadPoolExecutor$DelayedWorkQueue.take(ScheduledThreadPoolExecutor.java:807)
	at java.util.concurrent.ThreadPoolExecutor.getTask(ThreadPoolExecutor.java:1068)
	at java.util.concurrent.ThreadPoolExecutor.runWorker(ThreadPoolExecutor.java:1130)
	at java.util.concurrent.ThreadPoolExecutor$Worker.run(ThreadPoolExecutor.java:615)
	at java.lang.Thread.run(Thread.java:745)


&quot;jenkins.util.Timer [#5]&quot; Id=367 Group=main WAITING on java.util.concurrent.locks.AbstractQueuedSynchronizer$ConditionObject@3df8fd4e
	at sun.misc.Unsafe.park(Native Method)
	-  waiting on java.util.concurrent.locks.AbstractQueuedSynchronizer$ConditionObject@3df8fd4e
	at java.util.concurrent.locks.LockSupport.park(LockSupport.java:186)
	at java.util.concurrent.locks.AbstractQueuedSynchronizer$ConditionObject.await(AbstractQueuedSynchronizer.java:2043)
	at java.util.concurrent.ScheduledThreadPoolExecutor$DelayedWorkQueue.take(ScheduledThreadPoolExecutor.java:1085)
	at java.util.concurrent.ScheduledThreadPoolExecutor$DelayedWorkQueue.take(ScheduledThreadPoolExecutor.java:807)
	at java.util.concurrent.ThreadPoolExecutor.getTask(ThreadPoolExecutor.java:1068)
	at java.util.concurrent.ThreadPoolExecutor.runWorker(ThreadPoolExecutor.java:1130)
	at java.util.concurrent.ThreadPoolExecutor$Worker.run(ThreadPoolExecutor.java:615)
	at java.lang.Thread.run(Thread.java:745)


&quot;jenkins.util.Timer [#6]&quot; Id=368 Group=main WAITING on java.util.concurrent.locks.AbstractQueuedSynchronizer$ConditionObject@3df8fd4e
	at sun.misc.Unsafe.park(Native Method)
	-  waiting on java.util.concurrent.locks.AbstractQueuedSynchronizer$ConditionObject@3df8fd4e
	at java.util.concurrent.locks.LockSupport.park(LockSupport.java:186)
	at java.util.concurrent.locks.AbstractQueuedSynchronizer$ConditionObject.await(AbstractQueuedSynchronizer.java:2043)
	at java.util.concurrent.ScheduledThreadPoolExecutor$DelayedWorkQueue.take(ScheduledThreadPoolExecutor.java:1085)
	at java.util.concurrent.ScheduledThreadPoolExecutor$DelayedWorkQueue.take(ScheduledThreadPoolExecutor.java:807)
	at java.util.concurrent.ThreadPoolExecutor.getTask(ThreadPoolExecutor.java:1068)
	at java.util.concurrent.ThreadPoolExecutor.runWorker(ThreadPoolExecutor.java:1130)
	at java.util.concurrent.ThreadPoolExecutor$Worker.run(ThreadPoolExecutor.java:615)
	at java.lang.Thread.run(Thread.java:745)


&quot;jenkins.util.Timer [#7]&quot; Id=369 Group=main WAITING on java.util.concurrent.locks.AbstractQueuedSynchronizer$ConditionObject@3df8fd4e
	at sun.misc.Unsafe.park(Native Method)
	-  waiting on java.util.concurrent.locks.AbstractQueuedSynchronizer$ConditionObject@3df8fd4e
	at java.util.concurrent.locks.LockSupport.park(LockSupport.java:186)
	at java.util.concurrent.locks.AbstractQueuedSynchronizer$ConditionObject.await(AbstractQueuedSynchronizer.java:2043)
	at java.util.concurrent.ScheduledThreadPoolExecutor$DelayedWorkQueue.take(ScheduledThreadPoolExecutor.java:1085)
	at java.util.concurrent.ScheduledThreadPoolExecutor$DelayedWorkQueue.take(ScheduledThreadPoolExecutor.java:807)
	at java.util.concurrent.ThreadPoolExecutor.getTask(ThreadPoolExecutor.java:1068)
	at java.util.concurrent.ThreadPoolExecutor.runWorker(ThreadPoolExecutor.java:1130)
	at java.util.concurrent.ThreadPoolExecutor$Worker.run(ThreadPoolExecutor.java:615)
	at java.lang.Thread.run(Thread.java:745)


&quot;jenkins.util.Timer [#8]&quot; Id=370 Group=main WAITING on java.util.concurrent.locks.AbstractQueuedSynchronizer$ConditionObject@3df8fd4e
	at sun.misc.Unsafe.park(Native Method)
	-  waiting on java.util.concurrent.locks.AbstractQueuedSynchronizer$ConditionObject@3df8fd4e
	at java.util.concurrent.locks.LockSupport.park(LockSupport.java:186)
	at java.util.concurrent.locks.AbstractQueuedSynchronizer$ConditionObject.await(AbstractQueuedSynchronizer.java:2043)
	at java.util.concurrent.ScheduledThreadPoolExecutor$DelayedWorkQueue.take(ScheduledThreadPoolExecutor.java:1085)
	at java.util.concurrent.ScheduledThreadPoolExecutor$DelayedWorkQueue.take(ScheduledThreadPoolExecutor.java:807)
	at java.util.concurrent.ThreadPoolExecutor.getTask(ThreadPoolExecutor.java:1068)
	at java.util.concurrent.ThreadPoolExecutor.runWorker(ThreadPoolExecutor.java:1130)
	at java.util.concurrent.ThreadPoolExecutor$Worker.run(ThreadPoolExecutor.java:615)
	at java.lang.Thread.run(Thread.java:745)


&quot;jenkins.util.Timer [#9]&quot; Id=371 Group=main WAITING on java.util.concurrent.locks.AbstractQueuedSynchronizer$ConditionObject@3df8fd4e
	at sun.misc.Unsafe.park(Native Method)
	-  waiting on java.util.concurrent.locks.AbstractQueuedSynchronizer$ConditionObject@3df8fd4e
	at java.util.concurrent.locks.LockSupport.park(LockSupport.java:186)
	at java.util.concurrent.locks.AbstractQueuedSynchronizer$ConditionObject.await(AbstractQueuedSynchronizer.java:2043)
	at java.util.concurrent.ScheduledThreadPoolExecutor$DelayedWorkQueue.take(ScheduledThreadPoolExecutor.java:1085)
	at java.util.concurrent.ScheduledThreadPoolExecutor$DelayedWorkQueue.take(ScheduledThreadPoolExecutor.java:807)
	at java.util.concurrent.ThreadPoolExecutor.getTask(ThreadPoolExecutor.java:1068)
	at java.util.concurrent.ThreadPoolExecutor.runWorker(ThreadPoolExecutor.java:1130)
	at java.util.concurrent.ThreadPoolExecutor$Worker.run(ThreadPoolExecutor.java:615)
	at java.lang.Thread.run(Thread.java:745)


&quot;Jetty Thread Pool - Acceptor0 SocketConnector@0.0.0.0:39216&quot; Id=345 Group=main RUNNABLE (in native)
	at java.net.PlainSocketImpl.socketAccept(Native Method)
	at java.net.AbstractPlainSocketImpl.accept(AbstractPlainSocketImpl.java:398)
	at java.net.ServerSocket.implAccept(ServerSocket.java:530)
	at java.net.ServerSocket.accept(ServerSocket.java:498)
	at org.mortbay.jetty.bio.SocketConnector.accept(SocketConnector.java:99)
	at org.mortbay.jetty.AbstractConnector$Acceptor.run(AbstractConnector.java:708)
	at java.util.concurrent.Executors$RunnableAdapter.call(Executors.java:471)
	at java.util.concurrent.FutureTask.run(FutureTask.java:262)
	at java.util.concurrent.ThreadPoolExecutor.runWorker(ThreadPoolExecutor.java:1145)
	at java.util.concurrent.ThreadPoolExecutor$Worker.run(ThreadPoolExecutor.java:615)
	at java.lang.Thread.run(Thread.java:745)

	Number of locked synchronizers = 1
	- java.util.concurrent.ThreadPoolExecutor$Worker@74ac7323


&quot;MultiThreadedHttpConnectionManager cleanup&quot; Id=61 Group=main WAITING on java.lang.ref.ReferenceQueue$Lock@6d46238
	at java.lang.Object.wait(Native Method)
	-  waiting on java.lang.ref.ReferenceQueue$Lock@6d46238
	at java.lang.ref.ReferenceQueue.remove(ReferenceQueue.java:135)
	at java.lang.ref.ReferenceQueue.remove(ReferenceQueue.java:151)
	at org.apache.commons.httpclient.MultiThreadedHttpConnectionManager$ReferenceQueueThread.run(MultiThreadedHttpConnectionManager.java:1122)


&quot;Ping thread for channel hudson.remoting.Channel@71365ca3:slave0&quot; Id=384 Group=main TIMED_WAITING
	at java.lang.Thread.sleep(Native Method)
	at hudson.remoting.PingThread.run(PingThread.java:91)


&quot;stderr copier for remote agent on slave0&quot; Id=381 Group=main RUNNABLE (in native)
	at java.io.FileInputStream.readBytes(Native Method)
	at java.io.FileInputStream.read(FileInputStream.java:272)
	at java.io.BufferedInputStream.read1(BufferedInputStream.java:273)
	at java.io.BufferedInputStream.read(BufferedInputStream.java:334)
	-  locked java.lang.UNIXProcess$ProcessPipeInputStream@76c0be11
	at java.io.FilterInputStream.read(FilterInputStream.java:107)
	at hudson.util.StreamCopyThread.run(StreamCopyThread.java:60)


&quot;TCP slave agent listener port=0&quot; Id=373 Group=main RUNNABLE (in native)
	at sun.nio.ch.ServerSocketChannelImpl.accept0(Native Method)
	at sun.nio.ch.ServerSocketChannelImpl.accept(ServerSocketChannelImpl.java:241)
	-  locked java.lang.Object@52d57cde
	at hudson.TcpSlaveAgentListener.run(TcpSlaveAgentListener.java:95)


&quot;Timer-1&quot; Id=48 Group=main TIMED_WAITING on java.util.TaskQueue@27e72138
	at java.lang.Object.wait(Native Method)
	-  waiting on java.util.TaskQueue@27e72138
	at java.util.TimerThread.mainLoop(Timer.java:552)
	at java.util.TimerThread.run(Timer.java:505)


&quot;Timer-15&quot; Id=344 Group=main TIMED_WAITING on java.util.TaskQueue@6824fae8
	at java.lang.Object.wait(Native Method)
	-  waiting on java.util.TaskQueue@6824fae8
	at java.util.TimerThread.mainLoop(Timer.java:552)
	at java.util.TimerThread.run(Timer.java:505)


&quot;Timer-16&quot; Id=378 Group=main TIMED_WAITING on java.util.TaskQueue@67fe8aff
	at java.lang.Object.wait(Native Method)
	-  waiting on java.util.TaskQueue@67fe8aff
	at java.util.TimerThread.mainLoop(Timer.java:552)
	at java.util.TimerThread.run(Timer.java:505)


&quot;Finalizer&quot; Id=3 Group=system WAITING on java.lang.ref.ReferenceQueue$Lock@382ca2aa
	at java.lang.Object.wait(Native Method)
	-  waiting on java.lang.ref.ReferenceQueue$Lock@382ca2aa
	at java.lang.ref.ReferenceQueue.remove(ReferenceQueue.java:135)
	at java.lang.ref.ReferenceQueue.remove(ReferenceQueue.java:151)
	at java.lang.ref.Finalizer$FinalizerThread.run(Finalizer.java:209)


&quot;Java2D Disposer&quot; Id=261 Group=system WAITING on java.lang.ref.ReferenceQueue$Lock@346e043f
	at java.lang.Object.wait(Native Method)
	-  waiting on java.lang.ref.ReferenceQueue$Lock@346e043f
	at java.lang.ref.ReferenceQueue.remove(ReferenceQueue.java:135)
	at java.lang.ref.ReferenceQueue.remove(ReferenceQueue.java:151)
	at sun.java2d.Disposer.run(Disposer.java:145)
	at java.lang.Thread.run(Thread.java:745)


&quot;process reaper&quot; Id=51 Group=system RUNNABLE (in native)
	at java.lang.UNIXProcess.waitForProcessExit(Native Method)
	at java.lang.UNIXProcess.access$500(UNIXProcess.java:54)
	at java.lang.UNIXProcess$4.run(UNIXProcess.java:227)
	at java.util.concurrent.ThreadPoolExecutor.runWorker(ThreadPoolExecutor.java:1145)
	at java.util.concurrent.ThreadPoolExecutor$Worker.run(ThreadPoolExecutor.java:615)
	at java.lang.Thread.run(Thread.java:745)

	Number of locked synchronizers = 1
	- java.util.concurrent.ThreadPoolExecutor$Worker@3f8f29d1


&quot;Reference Handler&quot; Id=2 Group=system WAITING on java.lang.ref.Reference$Lock@7a6b63b5
	at java.lang.Object.wait(Native Method)
	-  waiting on java.lang.ref.Reference$Lock@7a6b63b5
	at java.lang.Object.wait(Object.java:503)
	at java.lang.ref.Reference$ReferenceHandler.run(Reference.java:133)


&quot;Signal Dispatcher&quot; Id=4 Group=system RUNNABLE


&quot;Executor #0 for slave0 : executing percival #1&quot; Id=379 Group=? RUNNABLE
	at hudson.slaves.SlaveComputer.taskCompleted(SlaveComputer.java:282)
	at hudson.model.queue.WorkUnitContext.synchronizeEnd(WorkUnitContext.java:140)
	at hudson.model.Executor.run(Executor.java:253)


</stderr>
          <failedSince>3</failedSince>
        </case>
        <case>
          <duration>1.702</duration>
          <className>hudson.tasks.junit.TestResultPublishingTest</className>
          <testName>testHistoryPageOpenJunit</testName>
          <skipped>false</skipped>
          <errorStackTrace>junit.framework.AssertionFailedError: Table text is missing the test duration
	at junit.framework.Assert.fail(Assert.java:57)
	at junit.framework.Assert.assertTrue(Assert.java:22)
	at junit.framework.TestCase.assertTrue(TestCase.java:192)
	at hudson.tasks.junit.TestResultPublishingTest.testHistoryPageOpenJunit(TestResultPublishingTest.java:279)
</errorStackTrace>
          <errorDetails>Table text is missing the test duration</errorDetails>
          <stdout>=== Starting TestResultPublishingTest.testHistoryPageOpenJunit
</stdout>
          <stderr>Dec 08, 2015 4:35:39 PM jenkins.InitReactorRunner$1 onAttained
INFO: Started initialization
Dec 08, 2015 4:35:39 PM jenkins.InitReactorRunner$1 onAttained
INFO: Listed all plugins
Dec 08, 2015 4:35:39 PM jenkins.InitReactorRunner$1 onAttained
INFO: Prepared all plugins
Dec 08, 2015 4:35:39 PM jenkins.InitReactorRunner$1 onAttained
INFO: Started all plugins
Dec 08, 2015 4:35:39 PM jenkins.InitReactorRunner$1 onAttained
INFO: Augmented all extensions
Dec 08, 2015 4:35:39 PM jenkins.InitReactorRunner$1 onAttained
INFO: Loaded all jobs
Dec 08, 2015 4:35:40 PM jenkins.InitReactorRunner$1 onAttained
INFO: Completed initialization
Dec 08, 2015 4:35:40 PM com.gargoylesoftware.htmlunit.DefaultCssErrorHandler error
WARNING: CSS error: http://localhost:43204/static/a3021a99/css/style.css [274:26] Error in expression. Invalid token &quot;=&quot;. Was expecting one of: &lt;S&gt;, &lt;COMMA&gt;, &quot;/&quot;, &lt;PLUS&gt;, &quot;-&quot;, &lt;HASH&gt;, &lt;STRING&gt;, &quot;)&quot;, &lt;URI&gt;, &quot;inherit&quot;, &lt;EMS&gt;, &lt;EXS&gt;, &lt;LENGTH_PX&gt;, &lt;LENGTH_CM&gt;, &lt;LENGTH_MM&gt;, &lt;LENGTH_IN&gt;, &lt;LENGTH_PT&gt;, &lt;LENGTH_PC&gt;, &lt;ANGLE_DEG&gt;, &lt;ANGLE_RAD&gt;, &lt;ANGLE_GRAD&gt;, &lt;TIME_MS&gt;, &lt;TIME_S&gt;, &lt;FREQ_HZ&gt;, &lt;FREQ_KHZ&gt;, &lt;DIMENSION&gt;, &lt;PERCENTAGE&gt;, &lt;NUMBER&gt;, &lt;FUNCTION&gt;, &lt;IDENT&gt;.
Dec 08, 2015 4:35:40 PM com.gargoylesoftware.htmlunit.DefaultCssErrorHandler error
WARNING: CSS error: http://localhost:43204/static/a3021a99/css/style.css [274:31] Error in style rule. Invalid token &quot; &quot;. Was expecting one of: &quot;}&quot;, &quot;;&quot;.
Dec 08, 2015 4:35:40 PM com.gargoylesoftware.htmlunit.DefaultCssErrorHandler warning
WARNING: CSS warning: http://localhost:43204/static/a3021a99/css/style.css [274:31] Ignoring the following declarations in this rule.
Dec 08, 2015 4:35:40 PM com.gargoylesoftware.htmlunit.DefaultCssErrorHandler error
WARNING: CSS error: http://localhost:43204/static/a3021a99/css/style.css [397:30] Error in style rule. Invalid token &quot;~&quot;. Was expecting one of: &lt;S&gt;, &lt;LBRACE&gt;, &lt;COMMA&gt;, &lt;PLUS&gt;, &lt;GREATER&gt;, &lt;IDENT&gt;, &quot;*&quot;, &lt;HASH&gt;, &quot;.&quot;, &quot;[&quot;, &quot;:&quot;.
Dec 08, 2015 4:35:40 PM com.gargoylesoftware.htmlunit.DefaultCssErrorHandler warning
WARNING: CSS warning: http://localhost:43204/static/a3021a99/css/style.css [397:30] Ignoring the following declarations in this rule.
Dec 08, 2015 4:35:40 PM com.gargoylesoftware.htmlunit.DefaultCssErrorHandler error
WARNING: CSS error: http://localhost:43204/static/a3021a99/css/style.css [674:26] Error in expression. Invalid token &quot;=&quot;. Was expecting one of: &lt;S&gt;, &lt;COMMA&gt;, &quot;/&quot;, &lt;PLUS&gt;, &quot;-&quot;, &lt;HASH&gt;, &lt;STRING&gt;, &quot;)&quot;, &lt;URI&gt;, &quot;inherit&quot;, &lt;EMS&gt;, &lt;EXS&gt;, &lt;LENGTH_PX&gt;, &lt;LENGTH_CM&gt;, &lt;LENGTH_MM&gt;, &lt;LENGTH_IN&gt;, &lt;LENGTH_PT&gt;, &lt;LENGTH_PC&gt;, &lt;ANGLE_DEG&gt;, &lt;ANGLE_RAD&gt;, &lt;ANGLE_GRAD&gt;, &lt;TIME_MS&gt;, &lt;TIME_S&gt;, &lt;FREQ_HZ&gt;, &lt;FREQ_KHZ&gt;, &lt;DIMENSION&gt;, &lt;PERCENTAGE&gt;, &lt;NUMBER&gt;, &lt;FUNCTION&gt;, &lt;IDENT&gt;.
Dec 08, 2015 4:35:40 PM com.gargoylesoftware.htmlunit.DefaultCssErrorHandler error
WARNING: CSS error: http://localhost:43204/static/a3021a99/css/style.css [674:31] Error in style rule. Invalid token &quot;\n&quot;. Was expecting one of: &quot;}&quot;, &quot;;&quot;.
Dec 08, 2015 4:35:40 PM com.gargoylesoftware.htmlunit.DefaultCssErrorHandler warning
WARNING: CSS warning: http://localhost:43204/static/a3021a99/css/style.css [674:31] Ignoring the following declarations in this rule.
Dec 08, 2015 4:35:40 PM com.gargoylesoftware.htmlunit.DefaultCssErrorHandler error
WARNING: CSS error: http://localhost:43204/static/a3021a99/css/style.css [1365:5] Error in style rule. Invalid token &quot;/&quot;. Was expecting one of: &lt;S&gt;, &quot;}&quot;, &quot;;&quot;, &lt;IDENT&gt;.
Dec 08, 2015 4:35:40 PM com.gargoylesoftware.htmlunit.DefaultCssErrorHandler warning
WARNING: CSS warning: http://localhost:43204/static/a3021a99/css/style.css [1365:5] Ignoring the following declarations in this rule.
Dec 08, 2015 4:35:40 PM com.gargoylesoftware.htmlunit.DefaultCssErrorHandler error
WARNING: CSS error: http://localhost:43204/static/a3021a99/css/style.css [1436:3] Error in style rule. Invalid token &quot;*&quot;. Was expecting one of: &lt;S&gt;, &quot;}&quot;, &quot;;&quot;, &lt;IDENT&gt;.
Dec 08, 2015 4:35:40 PM com.gargoylesoftware.htmlunit.DefaultCssErrorHandler warning
WARNING: CSS warning: http://localhost:43204/static/a3021a99/css/style.css [1436:3] Ignoring the following declarations in this rule.
Dec 08, 2015 4:35:40 PM com.gargoylesoftware.htmlunit.DefaultCssErrorHandler error
WARNING: CSS error: http://localhost:43204/static/a3021a99/css/responsive-grid.css [29:8] Error in media list. Invalid token &quot;(&quot;. Was expecting one of: &lt;S&gt;, &lt;IDENT&gt;.
Dec 08, 2015 4:35:40 PM com.gargoylesoftware.htmlunit.DefaultCssErrorHandler error
WARNING: CSS error: http://localhost:43204/static/a3021a99/css/responsive-grid.css [34:8] Error in media list. Invalid token &quot;(&quot;. Was expecting one of: &lt;S&gt;, &lt;IDENT&gt;.
Dec 08, 2015 4:35:40 PM com.gargoylesoftware.htmlunit.DefaultCssErrorHandler error
WARNING: CSS error: http://localhost:43204/static/a3021a99/css/responsive-grid.css [39:8] Error in media list. Invalid token &quot;(&quot;. Was expecting one of: &lt;S&gt;, &lt;IDENT&gt;.
Dec 08, 2015 4:35:40 PM com.gargoylesoftware.htmlunit.DefaultCssErrorHandler error
WARNING: CSS error: http://localhost:43204/static/a3021a99/css/responsive-grid.css [360:8] Error in media list. Invalid token &quot;(&quot;. Was expecting one of: &lt;S&gt;, &lt;IDENT&gt;.
Dec 08, 2015 4:35:40 PM com.gargoylesoftware.htmlunit.DefaultCssErrorHandler error
WARNING: CSS error: http://localhost:43204/static/a3021a99/css/responsive-grid.css [662:8] Error in media list. Invalid token &quot;(&quot;. Was expecting one of: &lt;S&gt;, &lt;IDENT&gt;.
Dec 08, 2015 4:35:40 PM com.gargoylesoftware.htmlunit.DefaultCssErrorHandler error
WARNING: CSS error: http://localhost:43204/static/a3021a99/css/responsive-grid.css [964:8] Error in media list. Invalid token &quot;(&quot;. Was expecting one of: &lt;S&gt;, &lt;IDENT&gt;.
Dec 08, 2015 4:35:40 PM com.gargoylesoftware.htmlunit.DefaultCssErrorHandler error
WARNING: CSS error: http://localhost:43204/static/a3021a99/css/responsive-grid.css [1270:8] Error in media list. Invalid token &quot;(&quot;. Was expecting one of: &lt;S&gt;, &lt;IDENT&gt;.
Dec 08, 2015 4:35:40 PM com.gargoylesoftware.htmlunit.DefaultCssErrorHandler error
WARNING: CSS error: http://localhost:43204/static/a3021a99/css/responsive-grid.css [1281:8] Error in media list. Invalid token &quot;(&quot;. Was expecting one of: &lt;S&gt;, &lt;IDENT&gt;.
Dec 08, 2015 4:35:40 PM com.gargoylesoftware.htmlunit.DefaultCssErrorHandler error
WARNING: CSS error: http://localhost:43204/static/a3021a99/css/responsive-grid.css [1595:1] Error in style sheet. Invalid token &quot;@-ms-viewport&quot;. Was expecting one of: &lt;EOF&gt;, &lt;S&gt;, &quot;.&quot;, &quot;:&quot;, &quot;*&quot;, &quot;[&quot;, &lt;HASH&gt;, &quot;&lt;!--&quot;, &quot;--&gt;&quot;, &quot;@import&quot;, &quot;@page&quot;, &quot;@media&quot;, &lt;IDENT&gt;.
&quot;204358921@qtp-340795669-1 - Acceptor0 SocketConnector@0.0.0.0:49701&quot; Id=47 Group=main RUNNABLE (in native)
	at java.net.PlainSocketImpl.socketAccept(Native Method)
	at java.net.AbstractPlainSocketImpl.accept(AbstractPlainSocketImpl.java:398)
	at java.net.ServerSocket.implAccept(ServerSocket.java:530)
	at java.net.ServerSocket.accept(ServerSocket.java:498)
	at org.mortbay.jetty.bio.SocketConnector.accept(SocketConnector.java:99)
	at org.mortbay.jetty.AbstractConnector$Acceptor.run(AbstractConnector.java:708)
	at org.mortbay.thread.QueuedThreadPool$PoolThread.run(QueuedThreadPool.java:582)


&quot;595748250@qtp-340795669-0&quot; Id=46 Group=main TIMED_WAITING on org.mortbay.thread.QueuedThreadPool$PoolThread@2382659a
	at java.lang.Object.wait(Native Method)
	-  waiting on org.mortbay.thread.QueuedThreadPool$PoolThread@2382659a
	at org.mortbay.thread.QueuedThreadPool$PoolThread.run(QueuedThreadPool.java:626)


&quot;Computer.threadPoolForRemoting [#1]&quot; Id=45 Group=main TIMED_WAITING on java.util.concurrent.SynchronousQueue$TransferStack@3735f7ff
	at sun.misc.Unsafe.park(Native Method)
	-  waiting on java.util.concurrent.SynchronousQueue$TransferStack@3735f7ff
	at java.util.concurrent.locks.LockSupport.parkNanos(LockSupport.java:226)
	at java.util.concurrent.SynchronousQueue$TransferStack.awaitFulfill(SynchronousQueue.java:460)
	at java.util.concurrent.SynchronousQueue$TransferStack.transfer(SynchronousQueue.java:359)
	at java.util.concurrent.SynchronousQueue.poll(SynchronousQueue.java:942)
	at java.util.concurrent.ThreadPoolExecutor.getTask(ThreadPoolExecutor.java:1068)
	at java.util.concurrent.ThreadPoolExecutor.runWorker(ThreadPoolExecutor.java:1130)
	at java.util.concurrent.ThreadPoolExecutor$Worker.run(ThreadPoolExecutor.java:615)
	at java.lang.Thread.run(Thread.java:745)


&quot;Computer.threadPoolForRemoting [#2]&quot; Id=383 Group=main TIMED_WAITING on java.util.concurrent.SynchronousQueue$TransferStack@3735f7ff
	at sun.misc.Unsafe.park(Native Method)
	-  waiting on java.util.concurrent.SynchronousQueue$TransferStack@3735f7ff
	at java.util.concurrent.locks.LockSupport.parkNanos(LockSupport.java:226)
	at java.util.concurrent.SynchronousQueue$TransferStack.awaitFulfill(SynchronousQueue.java:460)
	at java.util.concurrent.SynchronousQueue$TransferStack.transfer(SynchronousQueue.java:359)
	at java.util.concurrent.SynchronousQueue.poll(SynchronousQueue.java:942)
	at java.util.concurrent.ThreadPoolExecutor.getTask(ThreadPoolExecutor.java:1068)
	at java.util.concurrent.ThreadPoolExecutor.runWorker(ThreadPoolExecutor.java:1130)
	at java.util.concurrent.ThreadPoolExecutor$Worker.run(ThreadPoolExecutor.java:615)
	at java.lang.Thread.run(Thread.java:745)


&quot;Computer.threadPoolForRemoting [#3]&quot; Id=385 Group=main TIMED_WAITING on java.util.concurrent.SynchronousQueue$TransferStack@3735f7ff
	at sun.misc.Unsafe.park(Native Method)
	-  waiting on java.util.concurrent.SynchronousQueue$TransferStack@3735f7ff
	at java.util.concurrent.locks.LockSupport.parkNanos(LockSupport.java:226)
	at java.util.concurrent.SynchronousQueue$TransferStack.awaitFulfill(SynchronousQueue.java:460)
	at java.util.concurrent.SynchronousQueue$TransferStack.transfer(SynchronousQueue.java:359)
	at java.util.concurrent.SynchronousQueue.poll(SynchronousQueue.java:942)
	at java.util.concurrent.ThreadPoolExecutor.getTask(ThreadPoolExecutor.java:1068)
	at java.util.concurrent.ThreadPoolExecutor.runWorker(ThreadPoolExecutor.java:1130)
	at java.util.concurrent.ThreadPoolExecutor$Worker.run(ThreadPoolExecutor.java:615)
	at java.lang.Thread.run(Thread.java:745)


&quot;Executing testHistoryPageOpenJunit&quot; Id=1 Group=main RUNNABLE
	at sun.management.ThreadImpl.dumpThreads0(Native Method)
	at sun.management.ThreadImpl.dumpAllThreads(ThreadImpl.java:446)
	at hudson.Functions.getThreadInfos(Functions.java:1155)
	at org.jvnet.hudson.test.HudsonTestCase.runTest(HudsonTestCase.java:442)
	at junit.framework.TestCase.runBare(TestCase.java:141)
	at org.jvnet.hudson.test.HudsonTestCase.runBare(HudsonTestCase.java:293)
	at junit.framework.TestResult$1.protect(TestResult.java:122)
	at junit.framework.TestResult.runProtected(TestResult.java:142)
	at junit.framework.TestResult.run(TestResult.java:125)
	at junit.framework.TestCase.run(TestCase.java:129)
	at junit.framework.TestSuite.runTest(TestSuite.java:255)
	at junit.framework.TestSuite.run(TestSuite.java:250)
	at org.junit.internal.runners.JUnit38ClassRunner.run(JUnit38ClassRunner.java:84)
	at org.apache.maven.surefire.junit4.JUnit4Provider.execute(JUnit4Provider.java:264)
	at org.apache.maven.surefire.junit4.JUnit4Provider.executeTestSet(JUnit4Provider.java:153)
	at org.apache.maven.surefire.junit4.JUnit4Provider.invoke(JUnit4Provider.java:124)
	at org.apache.maven.surefire.booter.ForkedBooter.invokeProviderInSameClassLoader(ForkedBooter.java:200)
	at org.apache.maven.surefire.booter.ForkedBooter.runSuitesInProcess(ForkedBooter.java:153)
	at org.apache.maven.surefire.booter.ForkedBooter.main(ForkedBooter.java:103)


&quot;FilePath.localPool [#1]&quot; Id=68 Group=main TIMED_WAITING on java.util.concurrent.SynchronousQueue$TransferStack@4c7aa0d2
	at sun.misc.Unsafe.park(Native Method)
	-  waiting on java.util.concurrent.SynchronousQueue$TransferStack@4c7aa0d2
	at java.util.concurrent.locks.LockSupport.parkNanos(LockSupport.java:226)
	at java.util.concurrent.SynchronousQueue$TransferStack.awaitFulfill(SynchronousQueue.java:460)
	at java.util.concurrent.SynchronousQueue$TransferStack.transfer(SynchronousQueue.java:359)
	at java.util.concurrent.SynchronousQueue.poll(SynchronousQueue.java:942)
	at java.util.concurrent.ThreadPoolExecutor.getTask(ThreadPoolExecutor.java:1068)
	at java.util.concurrent.ThreadPoolExecutor.runWorker(ThreadPoolExecutor.java:1130)
	at java.util.concurrent.ThreadPoolExecutor$Worker.run(ThreadPoolExecutor.java:615)
	at java.lang.Thread.run(Thread.java:745)


&quot;FilePath.localPool [#2]&quot; Id=69 Group=main TIMED_WAITING on java.util.concurrent.SynchronousQueue$TransferStack@4c7aa0d2
	at sun.misc.Unsafe.park(Native Method)
	-  waiting on java.util.concurrent.SynchronousQueue$TransferStack@4c7aa0d2
	at java.util.concurrent.locks.LockSupport.parkNanos(LockSupport.java:226)
	at java.util.concurrent.SynchronousQueue$TransferStack.awaitFulfill(SynchronousQueue.java:460)
	at java.util.concurrent.SynchronousQueue$TransferStack.transfer(SynchronousQueue.java:359)
	at java.util.concurrent.SynchronousQueue.poll(SynchronousQueue.java:942)
	at java.util.concurrent.ThreadPoolExecutor.getTask(ThreadPoolExecutor.java:1068)
	at java.util.concurrent.ThreadPoolExecutor.runWorker(ThreadPoolExecutor.java:1130)
	at java.util.concurrent.ThreadPoolExecutor$Worker.run(ThreadPoolExecutor.java:615)
	at java.lang.Thread.run(Thread.java:745)


&quot;FilePath.localPool [#3]&quot; Id=70 Group=main TIMED_WAITING on java.util.concurrent.SynchronousQueue$TransferStack@4c7aa0d2
	at sun.misc.Unsafe.park(Native Method)
	-  waiting on java.util.concurrent.SynchronousQueue$TransferStack@4c7aa0d2
	at java.util.concurrent.locks.LockSupport.parkNanos(LockSupport.java:226)
	at java.util.concurrent.SynchronousQueue$TransferStack.awaitFulfill(SynchronousQueue.java:460)
	at java.util.concurrent.SynchronousQueue$TransferStack.transfer(SynchronousQueue.java:359)
	at java.util.concurrent.SynchronousQueue.poll(SynchronousQueue.java:942)
	at java.util.concurrent.ThreadPoolExecutor.getTask(ThreadPoolExecutor.java:1068)
	at java.util.concurrent.ThreadPoolExecutor.runWorker(ThreadPoolExecutor.java:1130)
	at java.util.concurrent.ThreadPoolExecutor$Worker.run(ThreadPoolExecutor.java:615)
	at java.lang.Thread.run(Thread.java:745)


&quot;FilePath.localPool [#4]&quot; Id=71 Group=main TIMED_WAITING on java.util.concurrent.SynchronousQueue$TransferStack@4c7aa0d2
	at sun.misc.Unsafe.park(Native Method)
	-  waiting on java.util.concurrent.SynchronousQueue$TransferStack@4c7aa0d2
	at java.util.concurrent.locks.LockSupport.parkNanos(LockSupport.java:226)
	at java.util.concurrent.SynchronousQueue$TransferStack.awaitFulfill(SynchronousQueue.java:460)
	at java.util.concurrent.SynchronousQueue$TransferStack.transfer(SynchronousQueue.java:359)
	at java.util.concurrent.SynchronousQueue.poll(SynchronousQueue.java:942)
	at java.util.concurrent.ThreadPoolExecutor.getTask(ThreadPoolExecutor.java:1068)
	at java.util.concurrent.ThreadPoolExecutor.runWorker(ThreadPoolExecutor.java:1130)
	at java.util.concurrent.ThreadPoolExecutor$Worker.run(ThreadPoolExecutor.java:615)
	at java.lang.Thread.run(Thread.java:745)


&quot;FilePath.localPool [#5]&quot; Id=72 Group=main TIMED_WAITING on java.util.concurrent.SynchronousQueue$TransferStack@4c7aa0d2
	at sun.misc.Unsafe.park(Native Method)
	-  waiting on java.util.concurrent.SynchronousQueue$TransferStack@4c7aa0d2
	at java.util.concurrent.locks.LockSupport.parkNanos(LockSupport.java:226)
	at java.util.concurrent.SynchronousQueue$TransferStack.awaitFulfill(SynchronousQueue.java:460)
	at java.util.concurrent.SynchronousQueue$TransferStack.transfer(SynchronousQueue.java:359)
	at java.util.concurrent.SynchronousQueue.poll(SynchronousQueue.java:942)
	at java.util.concurrent.ThreadPoolExecutor.getTask(ThreadPoolExecutor.java:1068)
	at java.util.concurrent.ThreadPoolExecutor.runWorker(ThreadPoolExecutor.java:1130)
	at java.util.concurrent.ThreadPoolExecutor$Worker.run(ThreadPoolExecutor.java:615)
	at java.lang.Thread.run(Thread.java:745)


&quot;JavaScript Job Thread 9&quot; Id=429 Group=main TIMED_WAITING on java.util.concurrent.locks.AbstractQueuedSynchronizer$ConditionObject@464f27ae
	at sun.misc.Unsafe.park(Native Method)
	-  waiting on java.util.concurrent.locks.AbstractQueuedSynchronizer$ConditionObject@464f27ae
	at java.util.concurrent.locks.LockSupport.parkNanos(LockSupport.java:226)
	at java.util.concurrent.locks.AbstractQueuedSynchronizer$ConditionObject.awaitNanos(AbstractQueuedSynchronizer.java:2082)
	at java.util.concurrent.ScheduledThreadPoolExecutor$DelayedWorkQueue.take(ScheduledThreadPoolExecutor.java:1090)
	at java.util.concurrent.ScheduledThreadPoolExecutor$DelayedWorkQueue.take(ScheduledThreadPoolExecutor.java:807)
	at java.util.concurrent.ThreadPoolExecutor.getTask(ThreadPoolExecutor.java:1068)
	at java.util.concurrent.ThreadPoolExecutor.runWorker(ThreadPoolExecutor.java:1130)
	at java.util.concurrent.ThreadPoolExecutor$Worker.run(ThreadPoolExecutor.java:615)
	at java.lang.Thread.run(Thread.java:745)


&quot;Jenkins cron thread&quot; Id=395 Group=main WAITING on java.util.TaskQueue@2d4f7a67
	at java.lang.Object.wait(Native Method)
	-  waiting on java.util.TaskQueue@2d4f7a67
	at java.lang.Object.wait(Object.java:503)
	at java.util.TimerThread.mainLoop(Timer.java:526)
	at java.util.TimerThread.run(Timer.java:505)


&quot;Jenkins UDP 33849 monitoring thread&quot; Id=423 Group=main RUNNABLE (in native)
	at java.net.PlainDatagramSocketImpl.receive0(Native Method)
	-  locked java.net.PlainDatagramSocketImpl@3435587a
	at java.net.AbstractPlainDatagramSocketImpl.receive(AbstractPlainDatagramSocketImpl.java:145)
	-  locked java.net.PlainDatagramSocketImpl@3435587a
	at java.net.DatagramSocket.receive(DatagramSocket.java:786)
	-  locked java.net.DatagramPacket@591dfb23
	-  locked java.net.MulticastSocket@3f52e48a
	at hudson.UDPBroadcastThread.run(UDPBroadcastThread.java:82)


&quot;jenkins.util.Timer [#10]&quot; Id=421 Group=main WAITING on java.util.concurrent.locks.AbstractQueuedSynchronizer$ConditionObject@1880c23a
	at sun.misc.Unsafe.park(Native Method)
	-  waiting on java.util.concurrent.locks.AbstractQueuedSynchronizer$ConditionObject@1880c23a
	at java.util.concurrent.locks.LockSupport.park(LockSupport.java:186)
	at java.util.concurrent.locks.AbstractQueuedSynchronizer$ConditionObject.await(AbstractQueuedSynchronizer.java:2043)
	at java.util.concurrent.ScheduledThreadPoolExecutor$DelayedWorkQueue.take(ScheduledThreadPoolExecutor.java:1085)
	at java.util.concurrent.ScheduledThreadPoolExecutor$DelayedWorkQueue.take(ScheduledThreadPoolExecutor.java:807)
	at java.util.concurrent.ThreadPoolExecutor.getTask(ThreadPoolExecutor.java:1068)
	at java.util.concurrent.ThreadPoolExecutor.runWorker(ThreadPoolExecutor.java:1130)
	at java.util.concurrent.ThreadPoolExecutor$Worker.run(ThreadPoolExecutor.java:615)
	at java.lang.Thread.run(Thread.java:745)


&quot;jenkins.util.Timer [#1]&quot; Id=396 Group=main WAITING on java.util.concurrent.locks.AbstractQueuedSynchronizer$ConditionObject@1880c23a
	at sun.misc.Unsafe.park(Native Method)
	-  waiting on java.util.concurrent.locks.AbstractQueuedSynchronizer$ConditionObject@1880c23a
	at java.util.concurrent.locks.LockSupport.park(LockSupport.java:186)
	at java.util.concurrent.locks.AbstractQueuedSynchronizer$ConditionObject.await(AbstractQueuedSynchronizer.java:2043)
	at java.util.concurrent.ScheduledThreadPoolExecutor$DelayedWorkQueue.take(ScheduledThreadPoolExecutor.java:1085)
	at java.util.concurrent.ScheduledThreadPoolExecutor$DelayedWorkQueue.take(ScheduledThreadPoolExecutor.java:807)
	at java.util.concurrent.ThreadPoolExecutor.getTask(ThreadPoolExecutor.java:1068)
	at java.util.concurrent.ThreadPoolExecutor.runWorker(ThreadPoolExecutor.java:1130)
	at java.util.concurrent.ThreadPoolExecutor$Worker.run(ThreadPoolExecutor.java:615)
	at java.lang.Thread.run(Thread.java:745)


&quot;jenkins.util.Timer [#2]&quot; Id=413 Group=main WAITING on java.util.concurrent.locks.AbstractQueuedSynchronizer$ConditionObject@1880c23a
	at sun.misc.Unsafe.park(Native Method)
	-  waiting on java.util.concurrent.locks.AbstractQueuedSynchronizer$ConditionObject@1880c23a
	at java.util.concurrent.locks.LockSupport.park(LockSupport.java:186)
	at java.util.concurrent.locks.AbstractQueuedSynchronizer$ConditionObject.await(AbstractQueuedSynchronizer.java:2043)
	at java.util.concurrent.ScheduledThreadPoolExecutor$DelayedWorkQueue.take(ScheduledThreadPoolExecutor.java:1085)
	at java.util.concurrent.ScheduledThreadPoolExecutor$DelayedWorkQueue.take(ScheduledThreadPoolExecutor.java:807)
	at java.util.concurrent.ThreadPoolExecutor.getTask(ThreadPoolExecutor.java:1068)
	at java.util.concurrent.ThreadPoolExecutor.runWorker(ThreadPoolExecutor.java:1130)
	at java.util.concurrent.ThreadPoolExecutor$Worker.run(ThreadPoolExecutor.java:615)
	at java.lang.Thread.run(Thread.java:745)


&quot;jenkins.util.Timer [#3]&quot; Id=414 Group=main TIMED_WAITING on java.util.concurrent.locks.AbstractQueuedSynchronizer$ConditionObject@1880c23a
	at sun.misc.Unsafe.park(Native Method)
	-  waiting on java.util.concurrent.locks.AbstractQueuedSynchronizer$ConditionObject@1880c23a
	at java.util.concurrent.locks.LockSupport.parkNanos(LockSupport.java:226)
	at java.util.concurrent.locks.AbstractQueuedSynchronizer$ConditionObject.awaitNanos(AbstractQueuedSynchronizer.java:2082)
	at java.util.concurrent.ScheduledThreadPoolExecutor$DelayedWorkQueue.take(ScheduledThreadPoolExecutor.java:1090)
	at java.util.concurrent.ScheduledThreadPoolExecutor$DelayedWorkQueue.take(ScheduledThreadPoolExecutor.java:807)
	at java.util.concurrent.ThreadPoolExecutor.getTask(ThreadPoolExecutor.java:1068)
	at java.util.concurrent.ThreadPoolExecutor.runWorker(ThreadPoolExecutor.java:1130)
	at java.util.concurrent.ThreadPoolExecutor$Worker.run(ThreadPoolExecutor.java:615)
	at java.lang.Thread.run(Thread.java:745)


&quot;jenkins.util.Timer [#4]&quot; Id=415 Group=main WAITING on java.util.concurrent.locks.AbstractQueuedSynchronizer$ConditionObject@1880c23a
	at sun.misc.Unsafe.park(Native Method)
	-  waiting on java.util.concurrent.locks.AbstractQueuedSynchronizer$ConditionObject@1880c23a
	at java.util.concurrent.locks.LockSupport.park(LockSupport.java:186)
	at java.util.concurrent.locks.AbstractQueuedSynchronizer$ConditionObject.await(AbstractQueuedSynchronizer.java:2043)
	at java.util.concurrent.ScheduledThreadPoolExecutor$DelayedWorkQueue.take(ScheduledThreadPoolExecutor.java:1085)
	at java.util.concurrent.ScheduledThreadPoolExecutor$DelayedWorkQueue.take(ScheduledThreadPoolExecutor.java:807)
	at java.util.concurrent.ThreadPoolExecutor.getTask(ThreadPoolExecutor.java:1068)
	at java.util.concurrent.ThreadPoolExecutor.runWorker(ThreadPoolExecutor.java:1130)
	at java.util.concurrent.ThreadPoolExecutor$Worker.run(ThreadPoolExecutor.java:615)
	at java.lang.Thread.run(Thread.java:745)


&quot;jenkins.util.Timer [#5]&quot; Id=416 Group=main WAITING on java.util.concurrent.locks.AbstractQueuedSynchronizer$ConditionObject@1880c23a
	at sun.misc.Unsafe.park(Native Method)
	-  waiting on java.util.concurrent.locks.AbstractQueuedSynchronizer$ConditionObject@1880c23a
	at java.util.concurrent.locks.LockSupport.park(LockSupport.java:186)
	at java.util.concurrent.locks.AbstractQueuedSynchronizer$ConditionObject.await(AbstractQueuedSynchronizer.java:2043)
	at java.util.concurrent.ScheduledThreadPoolExecutor$DelayedWorkQueue.take(ScheduledThreadPoolExecutor.java:1085)
	at java.util.concurrent.ScheduledThreadPoolExecutor$DelayedWorkQueue.take(ScheduledThreadPoolExecutor.java:807)
	at java.util.concurrent.ThreadPoolExecutor.getTask(ThreadPoolExecutor.java:1068)
	at java.util.concurrent.ThreadPoolExecutor.runWorker(ThreadPoolExecutor.java:1130)
	at java.util.concurrent.ThreadPoolExecutor$Worker.run(ThreadPoolExecutor.java:615)
	at java.lang.Thread.run(Thread.java:745)


&quot;jenkins.util.Timer [#6]&quot; Id=417 Group=main WAITING on java.util.concurrent.locks.AbstractQueuedSynchronizer$ConditionObject@1880c23a
	at sun.misc.Unsafe.park(Native Method)
	-  waiting on java.util.concurrent.locks.AbstractQueuedSynchronizer$ConditionObject@1880c23a
	at java.util.concurrent.locks.LockSupport.park(LockSupport.java:186)
	at java.util.concurrent.locks.AbstractQueuedSynchronizer$ConditionObject.await(AbstractQueuedSynchronizer.java:2043)
	at java.util.concurrent.ScheduledThreadPoolExecutor$DelayedWorkQueue.take(ScheduledThreadPoolExecutor.java:1085)
	at java.util.concurrent.ScheduledThreadPoolExecutor$DelayedWorkQueue.take(ScheduledThreadPoolExecutor.java:807)
	at java.util.concurrent.ThreadPoolExecutor.getTask(ThreadPoolExecutor.java:1068)
	at java.util.concurrent.ThreadPoolExecutor.runWorker(ThreadPoolExecutor.java:1130)
	at java.util.concurrent.ThreadPoolExecutor$Worker.run(ThreadPoolExecutor.java:615)
	at java.lang.Thread.run(Thread.java:745)


&quot;jenkins.util.Timer [#7]&quot; Id=418 Group=main WAITING on java.util.concurrent.locks.AbstractQueuedSynchronizer$ConditionObject@1880c23a
	at sun.misc.Unsafe.park(Native Method)
	-  waiting on java.util.concurrent.locks.AbstractQueuedSynchronizer$ConditionObject@1880c23a
	at java.util.concurrent.locks.LockSupport.park(LockSupport.java:186)
	at java.util.concurrent.locks.AbstractQueuedSynchronizer$ConditionObject.await(AbstractQueuedSynchronizer.java:2043)
	at java.util.concurrent.ScheduledThreadPoolExecutor$DelayedWorkQueue.take(ScheduledThreadPoolExecutor.java:1085)
	at java.util.concurrent.ScheduledThreadPoolExecutor$DelayedWorkQueue.take(ScheduledThreadPoolExecutor.java:807)
	at java.util.concurrent.ThreadPoolExecutor.getTask(ThreadPoolExecutor.java:1068)
	at java.util.concurrent.ThreadPoolExecutor.runWorker(ThreadPoolExecutor.java:1130)
	at java.util.concurrent.ThreadPoolExecutor$Worker.run(ThreadPoolExecutor.java:615)
	at java.lang.Thread.run(Thread.java:745)


&quot;jenkins.util.Timer [#8]&quot; Id=419 Group=main WAITING on java.util.concurrent.locks.AbstractQueuedSynchronizer$ConditionObject@1880c23a
	at sun.misc.Unsafe.park(Native Method)
	-  waiting on java.util.concurrent.locks.AbstractQueuedSynchronizer$ConditionObject@1880c23a
	at java.util.concurrent.locks.LockSupport.park(LockSupport.java:186)
	at java.util.concurrent.locks.AbstractQueuedSynchronizer$ConditionObject.await(AbstractQueuedSynchronizer.java:2043)
	at java.util.concurrent.ScheduledThreadPoolExecutor$DelayedWorkQueue.take(ScheduledThreadPoolExecutor.java:1085)
	at java.util.concurrent.ScheduledThreadPoolExecutor$DelayedWorkQueue.take(ScheduledThreadPoolExecutor.java:807)
	at java.util.concurrent.ThreadPoolExecutor.getTask(ThreadPoolExecutor.java:1068)
	at java.util.concurrent.ThreadPoolExecutor.runWorker(ThreadPoolExecutor.java:1130)
	at java.util.concurrent.ThreadPoolExecutor$Worker.run(ThreadPoolExecutor.java:615)
	at java.lang.Thread.run(Thread.java:745)


&quot;jenkins.util.Timer [#9]&quot; Id=420 Group=main WAITING on java.util.concurrent.locks.AbstractQueuedSynchronizer$ConditionObject@1880c23a
	at sun.misc.Unsafe.park(Native Method)
	-  waiting on java.util.concurrent.locks.AbstractQueuedSynchronizer$ConditionObject@1880c23a
	at java.util.concurrent.locks.LockSupport.park(LockSupport.java:186)
	at java.util.concurrent.locks.AbstractQueuedSynchronizer$ConditionObject.await(AbstractQueuedSynchronizer.java:2043)
	at java.util.concurrent.ScheduledThreadPoolExecutor$DelayedWorkQueue.take(ScheduledThreadPoolExecutor.java:1085)
	at java.util.concurrent.ScheduledThreadPoolExecutor$DelayedWorkQueue.take(ScheduledThreadPoolExecutor.java:807)
	at java.util.concurrent.ThreadPoolExecutor.getTask(ThreadPoolExecutor.java:1068)
	at java.util.concurrent.ThreadPoolExecutor.runWorker(ThreadPoolExecutor.java:1130)
	at java.util.concurrent.ThreadPoolExecutor$Worker.run(ThreadPoolExecutor.java:615)
	at java.lang.Thread.run(Thread.java:745)


&quot;Jetty Thread Pool&quot; Id=428 Group=main RUNNABLE (in native)
	at java.net.SocketInputStream.socketRead0(Native Method)
	at java.net.SocketInputStream.read(SocketInputStream.java:152)
	at java.net.SocketInputStream.read(SocketInputStream.java:122)
	at org.mortbay.io.ByteArrayBuffer.readFrom(ByteArrayBuffer.java:382)
	at org.mortbay.io.bio.StreamEndPoint.fill(StreamEndPoint.java:114)
	at org.mortbay.jetty.bio.SocketConnector$Connection.fill(SocketConnector.java:198)
	at org.mortbay.jetty.HttpParser.parseNext(HttpParser.java:290)
	at org.mortbay.jetty.HttpParser.parseAvailable(HttpParser.java:212)
	at org.mortbay.jetty.HttpConnection.handle(HttpConnection.java:404)
	at org.mortbay.jetty.bio.SocketConnector$Connection.run(SocketConnector.java:228)
	at java.util.concurrent.Executors$RunnableAdapter.call(Executors.java:471)
	at java.util.concurrent.FutureTask.run(FutureTask.java:262)
	at java.util.concurrent.ThreadPoolExecutor.runWorker(ThreadPoolExecutor.java:1145)
	at java.util.concurrent.ThreadPoolExecutor$Worker.run(ThreadPoolExecutor.java:615)
	at java.lang.Thread.run(Thread.java:745)

	Number of locked synchronizers = 1
	- java.util.concurrent.ThreadPoolExecutor$Worker@1881c342


&quot;Jetty Thread Pool - Acceptor0 SocketConnector@0.0.0.0:43204&quot; Id=394 Group=main RUNNABLE (in native)
	at java.net.PlainSocketImpl.socketAccept(Native Method)
	at java.net.AbstractPlainSocketImpl.accept(AbstractPlainSocketImpl.java:398)
	at java.net.ServerSocket.implAccept(ServerSocket.java:530)
	at java.net.ServerSocket.accept(ServerSocket.java:498)
	at org.mortbay.jetty.bio.SocketConnector.accept(SocketConnector.java:99)
	at org.mortbay.jetty.AbstractConnector$Acceptor.run(AbstractConnector.java:708)
	at java.util.concurrent.Executors$RunnableAdapter.call(Executors.java:471)
	at java.util.concurrent.FutureTask.run(FutureTask.java:262)
	at java.util.concurrent.ThreadPoolExecutor.runWorker(ThreadPoolExecutor.java:1145)
	at java.util.concurrent.ThreadPoolExecutor$Worker.run(ThreadPoolExecutor.java:615)
	at java.lang.Thread.run(Thread.java:745)

	Number of locked synchronizers = 1
	- java.util.concurrent.ThreadPoolExecutor$Worker@2fb83f27


&quot;MultiThreadedHttpConnectionManager cleanup&quot; Id=61 Group=main WAITING on java.lang.ref.ReferenceQueue$Lock@6d46238
	at java.lang.Object.wait(Native Method)
	-  waiting on java.lang.ref.ReferenceQueue$Lock@6d46238
	at java.lang.ref.ReferenceQueue.remove(ReferenceQueue.java:135)
	at java.lang.ref.ReferenceQueue.remove(ReferenceQueue.java:151)
	at org.apache.commons.httpclient.MultiThreadedHttpConnectionManager$ReferenceQueueThread.run(MultiThreadedHttpConnectionManager.java:1122)


&quot;TCP slave agent listener port=0&quot; Id=422 Group=main RUNNABLE (in native)
	at sun.nio.ch.ServerSocketChannelImpl.accept0(Native Method)
	at sun.nio.ch.ServerSocketChannelImpl.accept(ServerSocketChannelImpl.java:241)
	-  locked java.lang.Object@5b1a4080
	at hudson.TcpSlaveAgentListener.run(TcpSlaveAgentListener.java:95)


&quot;Timer-1&quot; Id=48 Group=main TIMED_WAITING on java.util.TaskQueue@27e72138
	at java.lang.Object.wait(Native Method)
	-  waiting on java.util.TaskQueue@27e72138
	at java.util.TimerThread.mainLoop(Timer.java:552)
	at java.util.TimerThread.run(Timer.java:505)


&quot;Timer-17&quot; Id=393 Group=main TIMED_WAITING on java.util.TaskQueue@3ced176e
	at java.lang.Object.wait(Native Method)
	-  waiting on java.util.TaskQueue@3ced176e
	at java.util.TimerThread.mainLoop(Timer.java:552)
	at java.util.TimerThread.run(Timer.java:505)


&quot;Timer-18&quot; Id=427 Group=main TIMED_WAITING on java.util.TaskQueue@76b63491
	at java.lang.Object.wait(Native Method)
	-  waiting on java.util.TaskQueue@76b63491
	at java.util.TimerThread.mainLoop(Timer.java:552)
	at java.util.TimerThread.run(Timer.java:505)


&quot;Finalizer&quot; Id=3 Group=system WAITING on java.lang.ref.ReferenceQueue$Lock@382ca2aa
	at java.lang.Object.wait(Native Method)
	-  waiting on java.lang.ref.ReferenceQueue$Lock@382ca2aa
	at java.lang.ref.ReferenceQueue.remove(ReferenceQueue.java:135)
	at java.lang.ref.ReferenceQueue.remove(ReferenceQueue.java:151)
	at java.lang.ref.Finalizer$FinalizerThread.run(Finalizer.java:209)


&quot;Java2D Disposer&quot; Id=261 Group=system WAITING on java.lang.ref.ReferenceQueue$Lock@346e043f
	at java.lang.Object.wait(Native Method)
	-  waiting on java.lang.ref.ReferenceQueue$Lock@346e043f
	at java.lang.ref.ReferenceQueue.remove(ReferenceQueue.java:135)
	at java.lang.ref.ReferenceQueue.remove(ReferenceQueue.java:151)
	at sun.java2d.Disposer.run(Disposer.java:145)
	at java.lang.Thread.run(Thread.java:745)


&quot;process reaper&quot; Id=51 Group=system TIMED_WAITING on java.util.concurrent.SynchronousQueue$TransferStack@617c4e08
	at sun.misc.Unsafe.park(Native Method)
	-  waiting on java.util.concurrent.SynchronousQueue$TransferStack@617c4e08
	at java.util.concurrent.locks.LockSupport.parkNanos(LockSupport.java:226)
	at java.util.concurrent.SynchronousQueue$TransferStack.awaitFulfill(SynchronousQueue.java:460)
	at java.util.concurrent.SynchronousQueue$TransferStack.transfer(SynchronousQueue.java:359)
	at java.util.concurrent.SynchronousQueue.poll(SynchronousQueue.java:942)
	at java.util.concurrent.ThreadPoolExecutor.getTask(ThreadPoolExecutor.java:1068)
	at java.util.concurrent.ThreadPoolExecutor.runWorker(ThreadPoolExecutor.java:1130)
	at java.util.concurrent.ThreadPoolExecutor$Worker.run(ThreadPoolExecutor.java:615)
	at java.lang.Thread.run(Thread.java:745)


&quot;Reference Handler&quot; Id=2 Group=system WAITING on java.lang.ref.Reference$Lock@7a6b63b5
	at java.lang.Object.wait(Native Method)
	-  waiting on java.lang.ref.Reference$Lock@7a6b63b5
	at java.lang.Object.wait(Object.java:503)
	at java.lang.ref.Reference$ReferenceHandler.run(Reference.java:133)


&quot;Signal Dispatcher&quot; Id=4 Group=system RUNNABLE


</stderr>
          <failedSince>3</failedSince>
        </case>
        <case>
          <duration>0.514</duration>
          <className>hudson.tasks.junit.TestResultPublishingTest</className>
          <testName>testBrokenResultFile</testName>
          <skipped>false</skipped>
          <failedSince>0</failedSince>
        </case>
      </cases>
    </suite>
    <suite>
      <file>/var/jenkins_home/jobs/groupByError/workspace/TEST-hudson.tasks.junit.TestResultTest.xml</file>
      <name>hudson.tasks.junit.TestResultTest</name>
      <duration>0.087</duration>
      <cases>
        <case>
          <duration>0.011</duration>
          <className>hudson.tasks.junit.TestResultTest</className>
          <testName>testDuplicateTestMethods</testName>
          <skipped>false</skipped>
          <errorStackTrace>junit.framework.AssertionFailedError: Wrong number of test cases expected:&lt;3&gt; but was:&lt;1006&gt;
	at junit.framework.Assert.fail(Assert.java:57)
	at junit.framework.Assert.failNotEquals(Assert.java:329)
	at junit.framework.Assert.assertEquals(Assert.java:78)
	at junit.framework.Assert.assertEquals(Assert.java:234)
	at junit.framework.TestCase.assertEquals(TestCase.java:401)
	at hudson.tasks.junit.TestResultTest.testDuplicateTestMethods(TestResultTest.java:116)
</errorStackTrace>
          <errorDetails>Wrong number of test cases expected:&lt;3&gt; but was:&lt;1006&gt;</errorDetails>
          <failedSince>3</failedSince>
        </case>
        <case>
          <duration>0.007</duration>
          <className>hudson.tasks.junit.TestResultTest</className>
          <testName>testXmlCompatibility</testName>
          <skipped>false</skipped>
          <errorStackTrace>junit.framework.AssertionFailedError: expected:&lt;9&gt; but was:&lt;1007&gt;
	at junit.framework.Assert.fail(Assert.java:57)
	at junit.framework.Assert.failNotEquals(Assert.java:329)
	at junit.framework.Assert.assertEquals(Assert.java:78)
	at junit.framework.Assert.assertEquals(Assert.java:234)
	at junit.framework.Assert.assertEquals(Assert.java:241)
	at junit.framework.TestCase.assertEquals(TestCase.java:409)
	at hudson.tasks.junit.TestResultTest.testXmlCompatibility(TestResultTest.java:81)
</errorStackTrace>
          <errorDetails>expected:&lt;9&gt; but was:&lt;1007&gt;</errorDetails>
          <failedSince>3</failedSince>
        </case>
        <case>
          <duration>0.066</duration>
          <className>hudson.tasks.junit.TestResultTest</className>
          <testName>testIpsTests</testName>
          <skipped>false</skipped>
          <errorStackTrace>junit.framework.AssertionFailedError: Wrong number of test suites expected:&lt;16&gt; but was:&lt;0&gt;
	at junit.framework.Assert.fail(Assert.java:57)
	at junit.framework.Assert.failNotEquals(Assert.java:329)
	at junit.framework.Assert.assertEquals(Assert.java:78)
	at junit.framework.Assert.assertEquals(Assert.java:234)
	at junit.framework.TestCase.assertEquals(TestCase.java:401)
	at hudson.tasks.junit.TestResultTest.testIpsTests(TestResultTest.java:61)
</errorStackTrace>
          <errorDetails>Wrong number of test suites expected:&lt;16&gt; but was:&lt;0&gt;</errorDetails>
          <failedSince>3</failedSince>
        </case>
        <case>
          <duration>0.002</duration>
          <className>hudson.tasks.junit.TestResultTest</className>
          <testName>testTestSuiteDistributedOverMultipleFilesIsCountedAsOne</testName>
          <skipped>false</skipped>
          <errorStackTrace>junit.framework.AssertionFailedError: Wrong number of test cases expected:&lt;2&gt; but was:&lt;1006&gt;
	at junit.framework.Assert.fail(Assert.java:57)
	at junit.framework.Assert.failNotEquals(Assert.java:329)
	at junit.framework.Assert.assertEquals(Assert.java:78)
	at junit.framework.Assert.assertEquals(Assert.java:234)
	at junit.framework.TestCase.assertEquals(TestCase.java:401)
	at hudson.tasks.junit.TestResultTest.testTestSuiteDistributedOverMultipleFilesIsCountedAsOne(TestResultTest.java:127)
</errorStackTrace>
          <errorDetails>Wrong number of test cases expected:&lt;2&gt; but was:&lt;1006&gt;</errorDetails>
          <failedSince>3</failedSince>
        </case>
        <case>
          <duration>0.001</duration>
          <className>hudson.tasks.junit.TestResultTest</className>
          <testName>testDuplicatedTestSuiteIsNotCounted</testName>
          <skipped>false</skipped>
          <errorStackTrace>junit.framework.AssertionFailedError: Wrong number of test cases expected:&lt;1&gt; but was:&lt;1006&gt;
	at junit.framework.Assert.fail(Assert.java:57)
	at junit.framework.Assert.failNotEquals(Assert.java:329)
	at junit.framework.Assert.assertEquals(Assert.java:78)
	at junit.framework.Assert.assertEquals(Assert.java:234)
	at junit.framework.TestCase.assertEquals(TestCase.java:401)
	at hudson.tasks.junit.TestResultTest.testDuplicatedTestSuiteIsNotCounted(TestResultTest.java:144)
</errorStackTrace>
          <errorDetails>Wrong number of test cases expected:&lt;1&gt; but was:&lt;1006&gt;</errorDetails>
          <failedSince>3</failedSince>
        </case>
      </cases>
    </suite>
    <suite>
      <file>/var/jenkins_home/jobs/groupByError/workspace/TEST-hudson.tasks.test.AggregatedTestResultPublisherTest.xml</file>
      <name>hudson.tasks.test.AggregatedTestResultPublisherTest</name>
      <duration>31.195</duration>
      <cases>
        <case>
          <duration>19.546</duration>
          <className>hudson.tasks.test.AggregatedTestResultPublisherTest</className>
          <testName>testResultsAndAggregatedTestResults</testName>
          <skipped>false</skipped>
          <failedSince>0</failedSince>
        </case>
        <case>
          <duration>6.78</duration>
          <className>hudson.tasks.test.AggregatedTestResultPublisherTest</className>
          <testName>testResultsOnly</testName>
          <skipped>false</skipped>
          <failedSince>0</failedSince>
        </case>
        <case>
          <duration>4.869</duration>
          <className>hudson.tasks.test.AggregatedTestResultPublisherTest</className>
          <testName>aggregatedTestResultsOnly</testName>
          <skipped>false</skipped>
          <failedSince>0</failedSince>
        </case>
      </cases>
    </suite>
    <suite>
      <file>/var/jenkins_home/jobs/groupByError/workspace/TEST-hudson.tasks.test.BuildStatusSummaryTest.xml</file>
      <name>hudson.tasks.test.BuildStatusSummaryTest</name>
      <duration>3.627</duration>
      <cases>
        <case>
          <duration>1.174</duration>
          <className>hudson.tasks.test.BuildStatusSummaryTest</className>
          <testName>testBuildEqualAmountOfTestsFailing</testName>
          <skipped>false</skipped>
          <failedSince>0</failedSince>
        </case>
        <case>
          <duration>0.584</duration>
          <className>hudson.tasks.test.BuildStatusSummaryTest</className>
          <testName>testBuildGotNoTests</testName>
          <skipped>false</skipped>
          <failedSince>0</failedSince>
        </case>
        <case>
          <duration>0.656</duration>
          <className>hudson.tasks.test.BuildStatusSummaryTest</className>
          <testName>testBuildGotMoreFailingTests</testName>
          <skipped>false</skipped>
          <failedSince>0</failedSince>
        </case>
        <case>
          <duration>0.648</duration>
          <className>hudson.tasks.test.BuildStatusSummaryTest</className>
          <testName>testBuildGotAFailingTest</testName>
          <skipped>false</skipped>
          <failedSince>0</failedSince>
        </case>
        <case>
          <duration>0.565</duration>
          <className>hudson.tasks.test.BuildStatusSummaryTest</className>
          <testName>testBuildGotLessFailingTests</testName>
          <skipped>false</skipped>
          <failedSince>0</failedSince>
        </case>
      </cases>
    </suite>
    <suite>
      <file>/var/jenkins_home/jobs/groupByError/workspace/TEST-hudson.tasks.test.TestObjectTest.xml</file>
      <name>hudson.tasks.test.TestObjectTest</name>
      <duration>0.128</duration>
      <cases>
        <case>
          <duration>0.001</duration>
          <className>hudson.tasks.test.TestObjectTest</className>
          <testName>testSafe</testName>
          <skipped>false</skipped>
          <failedSince>0</failedSince>
        </case>
        <case>
          <duration>0.127</duration>
          <className>hudson.tasks.test.TestObjectTest</className>
          <testName>uniquifyName</testName>
          <skipped>false</skipped>
          <failedSince>0</failedSince>
        </case>
      </cases>
    </suite>
    <suite>
      <file>/var/jenkins_home/jobs/groupByError/workspace/TEST-hudson.tasks.test.TestReportUiTest.xml</file>
      <name>hudson.tasks.test.TestReportUiTest</name>
      <duration>8.443</duration>
      <cases>
        <case>
          <duration>8.443</duration>
          <className>hudson.tasks.test.TestReportUiTest</className>
          <testName>testDurationStyle</testName>
          <skipped>false</skipped>
          <errorStackTrace>com.gargoylesoftware.htmlunit.FailingHttpStatusCodeException: 404 Not Found for http://localhost:50345/jenkins/job/render-test/1/testReport/org.twia.vendor/VendorManagerTest
	at com.gargoylesoftware.htmlunit.WebClient.throwFailingHttpStatusCodeExceptionIfNecessary(WebClient.java:549)
	at com.gargoylesoftware.htmlunit.WebClient.getPage(WebClient.java:333)
	at com.gargoylesoftware.htmlunit.WebClient.getPage(WebClient.java:389)
	at com.gargoylesoftware.htmlunit.WebClient.getPage(WebClient.java:374)
	at org.jvnet.hudson.test.JenkinsRule$WebClient.goTo(JenkinsRule.java:2016)
	at org.jvnet.hudson.test.JenkinsRule$WebClient.goTo(JenkinsRule.java:1996)
	at org.jvnet.hudson.test.JenkinsRule$WebClient.getPage(JenkinsRule.java:1948)
	at hudson.tasks.test.TestReportUiTest.testDurationStyle(TestReportUiTest.java:86)
</errorStackTrace>
          <errorDetails>404 Not Found for http://localhost:50345/jenkins/job/render-test/1/testReport/org.twia.vendor/VendorManagerTest</errorDetails>
          <stdout>=== Starting testDurationStyle(hudson.tasks.test.TestReportUiTest)
</stdout>
          <stderr>Dec 08, 2015 4:35:05 PM org.jvnet.hudson.test.JenkinsRule createWebServer
INFO: Running on http://localhost:50345/jenkins/
Dec 08, 2015 4:35:05 PM jenkins.InitReactorRunner$1 onAttained
INFO: Started initialization
Dec 08, 2015 4:35:05 PM jenkins.InitReactorRunner$1 onAttained
INFO: Listed all plugins
Dec 08, 2015 4:35:05 PM jenkins.InitReactorRunner$1 onAttained
INFO: Prepared all plugins
Dec 08, 2015 4:35:05 PM jenkins.InitReactorRunner$1 onAttained
INFO: Started all plugins
Dec 08, 2015 4:35:05 PM jenkins.InitReactorRunner$1 onAttained
INFO: Augmented all extensions
Dec 08, 2015 4:35:05 PM jenkins.InitReactorRunner$1 onAttained
INFO: Loaded all jobs
Dec 08, 2015 4:35:06 PM jenkins.InitReactorRunner$1 onAttained
INFO: Completed initialization
Dec 08, 2015 4:35:06 PM hudson.model.Run execute
INFO: render-test #1 main build action completed: SUCCESS
Dec 08, 2015 4:35:13 PM com.gargoylesoftware.htmlunit.WebClient printContentIfNecessary
INFO: statusCode=[404] contentType=[text/html]
Dec 08, 2015 4:35:13 PM com.gargoylesoftware.htmlunit.WebClient printContentIfNecessary
INFO: &lt;html&gt;&lt;body&gt;
&lt;h1&gt;404 Not Found&lt;/h1&gt;
&lt;p&gt;Stapler processed this HTTP request as follows, but couldn&apos;t find the resource to consume the request
&lt;pre&gt;
-&gt; evaluate(&amp;lt;hudson.model.Hudson@127f62ae&gt; :hudson.model.Hudson,&quot;/job/render-test/1/testReport/org.twia.vendor/VendorManagerTest&quot;)
-&gt; evaluate(((StaplerProxy)&amp;lt;hudson.model.Hudson@127f62ae&gt;).getTarget(),&quot;/job/render-test/1/testReport/org.twia.vendor/VendorManagerTest&quot;)
-&gt; evaluate(&amp;lt;hudson.model.Hudson@127f62ae&gt;.getJob(&quot;render-test&quot;),&quot;/1/testReport/org.twia.vendor/VendorManagerTest&quot;)
-&gt; evaluate(&amp;lt;hudson.model.FreeStyleProject@78049c28[render-test]&gt; :hudson.model.FreeStyleProject,&quot;/1/testReport/org.twia.vendor/VendorManagerTest&quot;)
-&gt; evaluate(&amp;lt;hudson.model.FreeStyleProject@78049c28[render-test]&gt;.getDynamic(&quot;1&quot;,...),&quot;/testReport/org.twia.vendor/VendorManagerTest&quot;)
-&gt; evaluate(&amp;lt;render-test #1&gt; :hudson.model.FreeStyleBuild,&quot;/testReport/org.twia.vendor/VendorManagerTest&quot;)
-&gt; evaluate(&amp;lt;render-test #1&gt;.getDynamic(&quot;testReport&quot;,...),&quot;/org.twia.vendor/VendorManagerTest&quot;)
-&gt; evaluate(&amp;lt;hudson.tasks.junit.TestResultAction@4eced99b&gt; :hudson.tasks.junit.TestResultAction,&quot;/org.twia.vendor/VendorManagerTest&quot;)
-&gt; evaluate(((StaplerProxy)&amp;lt;hudson.tasks.junit.TestResultAction@4eced99b&gt;).getTarget(),&quot;/org.twia.vendor/VendorManagerTest&quot;)
-&gt; evaluate(&amp;lt;hudson.tasks.junit.TestResult@1736b5f9&gt; :hudson.tasks.junit.TestResult,&quot;/org.twia.vendor/VendorManagerTest&quot;)
-&gt; evaluate(&amp;lt;hudson.tasks.junit.TestResult@1736b5f9&gt;.getDynamic(&quot;org.twia.vendor&quot;,...),&quot;/VendorManagerTest&quot;)
-&gt; evaluate(&amp;lt;hudson.tasks.junit.PackageResult@8e4fa57&gt; :hudson.tasks.junit.PackageResult,&quot;/VendorManagerTest&quot;)
-&gt; evaluate(&amp;lt;hudson.tasks.junit.PackageResult@8e4fa57&gt;.getDynamic(&quot;VendorManagerTest&quot;,...),&quot;&quot;)
            hudson.tasks.junit.PackageResult@8e4fa57.getDynamic(&quot;VendorManagerTest&quot;,...)==null. Back tracking.
&lt;font color=red&gt;-&amp;gt; No matching rule was found on &amp;lt;hudson.tasks.junit.PackageResult@8e4fa57&amp;gt; for &quot;/VendorManagerTest&quot;&lt;/font&gt;
&lt;/pre&gt;
&lt;p&gt;&amp;lt;hudson.tasks.junit.PackageResult@8e4fa57&amp;gt; has the following URL mappings, in the order of preference:&lt;ol&gt;
&lt;li&gt;
hudson.tasks.test.TestObject.doSubmitDescription(...) for url=/submitDescription/...
&lt;li&gt;
TOKEN.groovy for url=/TOKEN
&lt;li&gt;
VIEW.jelly for url=/VIEW
&lt;li&gt;
hudson.tasks.junit.PackageResult.getFailedTestsSortedByAge() for url=/failedTestsSortedByAge/...
&lt;li&gt;
hudson.tasks.junit.PackageResult.getSafeName() for url=/safeName/...
&lt;li&gt;
hudson.tasks.junit.PackageResult.getPassedTests() for url=/passedTests/...
&lt;li&gt;
hudson.tasks.junit.PackageResult.getSkippedTests() for url=/skippedTests/...
&lt;li&gt;
hudson.tasks.junit.PackageResult.getPassCount() for url=/passCount/...
&lt;li&gt;
hudson.tasks.junit.PackageResult.getTitle() for url=/title/...
&lt;li&gt;
hudson.tasks.junit.PackageResult.getChildTitle() for url=/childTitle/...
&lt;li&gt;
hudson.tasks.junit.PackageResult.getRun() for url=/run/...
&lt;li&gt;
hudson.tasks.junit.PackageResult.getName() for url=/name/...
&lt;li&gt;
hudson.tasks.junit.PackageResult.getParent() for url=/parent/...
&lt;li&gt;
hudson.tasks.junit.PackageResult.getParent() for url=/parent/...
&lt;li&gt;
hudson.tasks.junit.PackageResult.getParent() for url=/parent/...
&lt;li&gt;
hudson.tasks.junit.PackageResult.getDisplayName() for url=/displayName/...
&lt;li&gt;
hudson.tasks.junit.PackageResult.getChildren() for url=/children/...
&lt;li&gt;
hudson.tasks.junit.PackageResult.getDuration() for url=/duration/...
&lt;li&gt;
hudson.tasks.junit.PackageResult.getFailedTests() for url=/failedTests/...
&lt;li&gt;
hudson.tasks.junit.PackageResult.getFailedTests() for url=/failedTests/...
&lt;li&gt;
hudson.tasks.junit.PackageResult.getFailCount() for url=/failCount/...
&lt;li&gt;
hudson.tasks.junit.PackageResult.getSkipCount() for url=/skipCount/...
&lt;li&gt;
hudson.tasks.test.TestResult.getParentAction() for url=/parentAction/...
&lt;li&gt;
hudson.tasks.test.TestResult.getBuildResult() for url=/buildResult/...
&lt;li&gt;
hudson.tasks.test.TestResult.getFailedSince() for url=/failedSince/...
&lt;li&gt;
hudson.tasks.test.TestResult.getFailedSinceRun() for url=/failedSinceRun/...
&lt;li&gt;
hudson.tasks.test.TestResult.getErrorStackTrace() for url=/errorStackTrace/...
&lt;li&gt;
hudson.tasks.test.TestResult.getErrorDetails() for url=/errorDetails/...
&lt;li&gt;
hudson.tasks.test.TestResult.getStdout() for url=/stdout/...
&lt;li&gt;
hudson.tasks.test.TestResult.getStderr() for url=/stderr/...
&lt;li&gt;
hudson.tasks.test.TestResult.getPreviousResult() for url=/previousResult/...
&lt;li&gt;
hudson.tasks.test.TestResult.getPreviousResult() for url=/previousResult/...
&lt;li&gt;
hudson.tasks.test.TestObject.getTopLevelTestResult() for url=/topLevelTestResult/...
&lt;li&gt;
hudson.tasks.test.TestObject.getTestActions() for url=/testActions/...
&lt;li&gt;
hudson.tasks.test.TestObject.getTestResult() for url=/testResult/...
&lt;li&gt;
hudson.tasks.test.TestObject.getGroupByError() for url=/groupByError/...
&lt;li&gt;
hudson.tasks.test.TestObject.getId() for url=/id/...
&lt;li&gt;
hudson.tasks.test.TestObject.getDescription() for url=/description/...
&lt;li&gt;
hudson.tasks.test.TestObject.getApi() for url=/api/...
&lt;li&gt;
hudson.tasks.test.TestObject.getFullName() for url=/fullName/...
&lt;li&gt;
hudson.tasks.test.TestObject.getFullDisplayName() for url=/fullDisplayName/...
&lt;li&gt;
hudson.tasks.test.TestObject.getSearchUrl() for url=/searchUrl/...
&lt;li&gt;
hudson.tasks.test.TestObject.getUrl() for url=/url/...
&lt;li&gt;
hudson.tasks.test.TestObject.getDurationString() for url=/durationString/...
&lt;li&gt;
hudson.tasks.test.TestObject.getTestResultAction() for url=/testResultAction/...
&lt;li&gt;
hudson.tasks.test.TestObject.getHistory() for url=/history/...
&lt;li&gt;
hudson.tasks.test.TestObject.getTotalCount() for url=/totalCount/...
&lt;li&gt;
hudson.tasks.junit.TestObject.getOwner() for url=/owner/...
&lt;li&gt;
hudson.model.AbstractModelObject.getSearchIndex() for url=/searchIndex/...
&lt;li&gt;
hudson.model.AbstractModelObject.getSearch() for url=/search/...
&lt;li&gt;
hudson.model.AbstractModelObject.getSearchName() for url=/searchName/...
&lt;li&gt;
java.lang.Object.getClass() for url=/class/...
&lt;li&gt;
hudson.tasks.junit.PackageResult.getClassResult(String) for url=/classResult/TOKEN/...
&lt;li&gt;
hudson.tasks.junit.PackageResult.getDynamic(String,StaplerRequest,StaplerResponse) for url=/TOKEN/...
&lt;/ol&gt;
&lt;/body&gt;&lt;/html&gt;

</stderr>
          <failedSince>3</failedSince>
        </case>
      </cases>
    </suite>
    <suite>
      <file>/var/jenkins_home/jobs/groupByError/workspace/TEST-hudson.tasks.test.TestResultExtensionTest.xml</file>
      <name>hudson.tasks.test.TestResultExtensionTest</name>
      <duration>3.441</duration>
      <cases>
        <case>
          <duration>3.441</duration>
          <className>hudson.tasks.test.TestResultExtensionTest</className>
          <testName>testTrivialRecorder</testName>
          <skipped>false</skipped>
          <failedSince>0</failedSince>
        </case>
      </cases>
    </suite>
  </suites>
  <duration>103.78901</duration>
  <keepLongStdio>false</keepLongStdio>
</result>