<?xml version='1.0' encoding='UTF-8'?>
<result plugin="junit@1.9">
  <suites>
    <suite>
      <file>/repos/target/surefire-reports/TEST-test.HelloTest.xml</file>
      <name>test.HelloTest</name>
      <duration>0.001</duration>
      <cases>
        <case>
          <duration>0.0</duration>
          <className>test.HelloTest</className>
          <testName>test10</testName>
          <skipped>true</skipped>
          <failedSince>0</failedSince>
        </case>
        <case>
          <duration>0.0</duration>
          <className>test.HelloTest</className>
          <testName>test20</testName>
          <skipped>false</skipped>
          <failedSince>0</failedSince>
        </case>
        <case>
          <duration>0.0</duration>
          <className>test.HelloTest</className>
          <testName>test30</testName>
          <skipped>false</skipped>
          <failedSince>0</failedSince>
        </case>
        <case>
          <duration>0.0</duration>
          <className>test.HelloTest</className>
          <testName>test40</testName>
          <skipped>false</skipped>
          <failedSince>0</failedSince>
        </case>
        <case>
          <duration>0.0</duration>
          <className>test.HelloTest</className>
          <testName>test50</testName>
          <skipped>false</skipped>
          <failedSince>0</failedSince>
        </case>
        <case>
          <duration>0.001</duration>
          <className>test.HelloTest</className>
          <testName>test60</testName>
          <skipped>false</skipped>
          <errorStackTrace>java.lang.AssertionError: oops
	at test.HelloTest.test60(HelloTest.java:30)
</errorStackTrace>
          <errorDetails>oops</errorDetails>
          <failedSince>0</failedSince>
        </case>
      </cases>
    </suite>
  </suites>
  <duration>0.001</duration>
  <keepLongStdio>false</keepLongStdio>
</result>