<?xml version='1.0' encoding='UTF-8'?>
<result plugin="junit@1.10-SNAPSHOT">
  <suites>
    <suite>
      <file>/var/jenkins_home/jobs/groupByError/workspace/target/junit-report-1472.xml</file>
      <name>make_test.t_basic_lint_t</name>
      <stdout>
  /export/home/jm/tools/perl586/bin/perl build/mkrules --exit_on_no_src --src rulesrc --out rules --manifest MANIFEST --manifestskip MANIFEST.SKIP
  mkrules: no rules updated
  /export/home/jm/tools/perl586/bin/perl build/preprocessor  -Mvars  -DVERSION=&quot;3.003000&quot;  -DPREFIX=&quot;/local/perl586&quot;  -DDEF_RULES_DIR=&quot;/local/perl586/share/spamassassin&quot;  -DLOCAL_RULES_DIR=&quot;/local/perl586/etc/mail/spamassassin&quot;  -DLOCAL_STATE_DIR=&quot;/local/perl586/var/spamassassin&quot;  -DINSTALLSITELIB=&quot;/local/perl586/lib/site_
...[truncated 411 chars]...
&quot;-MExtUtils::Command::MM&quot; &quot;-e&quot; &quot;test_harness(1, &apos;blib/lib&apos;, &apos;blib/arch&apos;)&quot; t/*.t
  t/basic_lint......................
  1..1
  # Running under perl version 5.008006 for solaris
  # Current time local: Thu Mar 27 09:18:10 2008
  # Current time GMT:   Thu Mar 27 09:18:10 2008
  # Using Test.pm version 1.25
  	/export/home/jm/tools/perl586/bin/perl -T -w ../spamassassin.raw -C log/test_rules_copy  --siteconfigpath log/localrules.tmp -p log/test_default.cf  -L --lint
  	Checking anything
  ok 1
  
  </stdout>
      <stderr></stderr>
      <duration>0.0</duration>
      <id>1</id>
      <cases>
        <case>
          <duration>0.0</duration>
          <className>make_test.t_basic_lint_t</className>
          <testName>test      1</testName>
          <skipped>false</skipped>
          <failedSince>0</failedSince>
        </case>
      </cases>
    </suite>
    <suite>
      <file>/var/jenkins_home/jobs/groupByError/workspace/target/junit-report-1472.xml</file>
      <name>make_test.t_basic_meta_t</name>
      <stdout>

  1..2
  # Running under perl version 5.008006 for solaris
  # Current time local: Thu Mar 27 09:18:12 2008
  # Current time GMT:   Thu Mar 27 09:18:12 2008
  # Using Test.pm version 1.25
  ok 1
  ok 2
  
  </stdout>
      <stderr></stderr>
      <duration>0.0</duration>
      <id>2</id>
      <cases>
        <case>
          <duration>0.0</duration>
          <className>make_test.t_basic_meta_t</className>
          <testName>test      1</testName>
          <skipped>false</skipped>
          <failedSince>0</failedSince>
        </case>
        <case>
          <duration>0.0</duration>
          <className>make_test.t_basic_meta_t</className>
          <testName>test      2</testName>
          <skipped>false</skipped>
          <failedSince>0</failedSince>
        </case>
      </cases>
    </suite>
    <suite>
      <file>/var/jenkins_home/jobs/groupByError/workspace/target/junit-report-1472.xml</file>
      <name>make_test.t_basic_obj_api_t</name>
      <stdout>

  1..4
  # Running under perl version 5.008008 for linux
  # Current time local: Thu Mar 27 10:52:12 2008
  # Current time GMT:   Thu Mar 27 10:52:12 2008
  # Using Test.pm version 1.25
  ok 1
  ok 2
  ok 3
  not ok 4
  # Failed test 4 in t/basic_obj_api.t at line 45
   Failed 1/4 subtests
  
  </stdout>
      <stderr></stderr>
      <duration>0.0</duration>
      <id>3</id>
      <cases>
        <case>
          <duration>0.0</duration>
          <className>make_test.t_basic_obj_api_t</className>
          <testName>test      1</testName>
          <skipped>false</skipped>
          <failedSince>0</failedSince>
        </case>
        <case>
          <duration>0.0</duration>
          <className>make_test.t_basic_obj_api_t</className>
          <testName>test      2</testName>
          <skipped>false</skipped>
          <failedSince>0</failedSince>
        </case>
        <case>
          <duration>0.0</duration>
          <className>make_test.t_basic_obj_api_t</className>
          <testName>test      3</testName>
          <skipped>false</skipped>
          <failedSince>0</failedSince>
        </case>
        <case>
          <duration>0.0</duration>
          <className>make_test.t_basic_obj_api_t</className>
          <testName>test      4</testName>
          <skipped>false</skipped>
          <errorStackTrace>1..4
  # Running under perl version 5.008008 for linux
  # Current time local: Thu Mar 27 10:52:12 2008
  # Current time GMT:   Thu Mar 27 10:52:12 2008
  # Using Test.pm version 1.25
  ok 1
  ok 2
  ok 3
  not ok 4
  # Failed test 4 in t/basic_obj_api.t at line 45
   Failed 1/4 subtests
  </errorStackTrace>
          <errorDetails>not ok 4</errorDetails>
          <failedSince>0</failedSince>
        </case>
      </cases>
    </suite>
    <suite>
      <file>/var/jenkins_home/jobs/groupByError/workspace/target/junit-report-1472.xml</file>
      <name>make_test.t_bayessdbm_t</name>
      <stdout>
  1..0
  # Running under perl version 5.008006 for solaris
  # Current time local: Thu Mar 27 09:18:17 2008
  # Current time GMT:   Thu Mar 27 09:18:17 2008
  # Using Test.pm version 1.25
  skipped: (no reason given)
  t/bayesdbm_flock..................
  1..0
  # Running under perl version 5.008006 for solaris
  # Current time local: Thu Mar 27 09:18:17 2008
  # Current time GMT:   Thu Mar 27 09:18:17 2008
  # Using Test.pm version 1.25
  skipped: (no reason given)
  t/bayessdbm...............
...[truncated 938 chars]...
/sa-learn.raw -C log/test_rules_copy  --siteconfigpath log/localrules.tmp -p log/test_default.cf  --ham data/whitelists
  ok 40
  	Checking Acted on message
  ok 41
  	/export/home/jm/tools/perl586/bin/perl -T -w ../sa-learn.raw -C log/test_rules_copy  --siteconfigpath log/localrules.tmp -p log/test_default.cf  --dump magic
  ok 42
  	Checking db version
  ok 43
  ok 44
  	returned score: 0
  ok 45
  	returned score: 0.504057478376578
  ok 46
  ok 47
  ok 48
  ok 49
  ok 50
  ok 51
  ok 52
  
  </stdout>
      <stderr></stderr>
      <duration>0.0</duration>
      <id>4</id>
      <cases>
        <case>
          <duration>0.0</duration>
          <className>make_test.t_bayessdbm_t</className>
          <testName>test      1</testName>
          <skipped>false</skipped>
          <failedSince>0</failedSince>
        </case>
        <case>
          <duration>0.0</duration>
          <className>make_test.t_bayessdbm_t</className>
          <testName>test      2</testName>
          <skipped>false</skipped>
          <failedSince>0</failedSince>
        </case>
        <case>
          <duration>0.0</duration>
          <className>make_test.t_bayessdbm_t</className>
          <testName>test      3</testName>
          <skipped>false</skipped>
          <failedSince>0</failedSince>
        </case>
        <case>
          <duration>0.0</duration>
          <className>make_test.t_bayessdbm_t</className>
          <testName>test      4</testName>
          <skipped>false</skipped>
          <failedSince>0</failedSince>
        </case>
        <case>
          <duration>0.0</duration>
          <className>make_test.t_bayessdbm_t</className>
          <testName>test      5</testName>
          <skipped>false</skipped>
          <failedSince>0</failedSince>
        </case>
        <case>
          <duration>0.0</duration>
          <className>make_test.t_bayessdbm_t</className>
          <testName>test      6</testName>
          <skipped>false</skipped>
          <failedSince>0</failedSince>
        </case>
        <case>
          <duration>0.0</duration>
          <className>make_test.t_bayessdbm_t</className>
          <testName>test      7</testName>
          <skipped>false</skipped>
          <failedSince>0</failedSince>
        </case>
        <case>
          <duration>0.0</duration>
          <className>make_test.t_bayessdbm_t</className>
          <testName>test      8</testName>
          <skipped>false</skipped>
          <failedSince>0</failedSince>
        </case>
        <case>
          <duration>0.0</duration>
          <className>make_test.t_bayessdbm_t</className>
          <testName>test      9</testName>
          <skipped>false</skipped>
          <failedSince>0</failedSince>
        </case>
        <case>
          <duration>0.0</duration>
          <className>make_test.t_bayessdbm_t</className>
          <testName>test     10</testName>
          <skipped>false</skipped>
          <failedSince>0</failedSince>
        </case>
        <case>
          <duration>0.0</duration>
          <className>make_test.t_bayessdbm_t</className>
          <testName>test     11</testName>
          <skipped>false</skipped>
          <failedSince>0</failedSince>
        </case>
        <case>
          <duration>0.0</duration>
          <className>make_test.t_bayessdbm_t</className>
          <testName>test     12</testName>
          <skipped>false</skipped>
          <failedSince>0</failedSince>
        </case>
        <case>
          <duration>0.0</duration>
          <className>make_test.t_bayessdbm_t</className>
          <testName>test     13</testName>
          <skipped>false</skipped>
          <failedSince>0</failedSince>
        </case>
        <case>
          <duration>0.0</duration>
          <className>make_test.t_bayessdbm_t</className>
          <testName>test     14</testName>
          <skipped>false</skipped>
          <failedSince>0</failedSince>
        </case>
        <case>
          <duration>0.0</duration>
          <className>make_test.t_bayessdbm_t</className>
          <testName>test     15</testName>
          <skipped>false</skipped>
          <failedSince>0</failedSince>
        </case>
        <case>
          <duration>0.0</duration>
          <className>make_test.t_bayessdbm_t</className>
          <testName>test     16</testName>
          <skipped>false</skipped>
          <failedSince>0</failedSince>
        </case>
        <case>
          <duration>0.0</duration>
          <className>make_test.t_bayessdbm_t</className>
          <testName>test     17</testName>
          <skipped>false</skipped>
          <failedSince>0</failedSince>
        </case>
        <case>
          <duration>0.0</duration>
          <className>make_test.t_bayessdbm_t</className>
          <testName>test     18</testName>
          <skipped>false</skipped>
          <failedSince>0</failedSince>
        </case>
        <case>
          <duration>0.0</duration>
          <className>make_test.t_bayessdbm_t</className>
          <testName>test     19</testName>
          <skipped>false</skipped>
          <failedSince>0</failedSince>
        </case>
        <case>
          <duration>0.0</duration>
          <className>make_test.t_bayessdbm_t</className>
          <testName>test     20</testName>
          <skipped>false</skipped>
          <failedSince>0</failedSince>
        </case>
        <case>
          <duration>0.0</duration>
          <className>make_test.t_bayessdbm_t</className>
          <testName>test     21</testName>
          <skipped>false</skipped>
          <failedSince>0</failedSince>
        </case>
        <case>
          <duration>0.0</duration>
          <className>make_test.t_bayessdbm_t</className>
          <testName>test     22</testName>
          <skipped>false</skipped>
          <failedSince>0</failedSince>
        </case>
        <case>
          <duration>0.0</duration>
          <className>make_test.t_bayessdbm_t</className>
          <testName>test     23</testName>
          <skipped>false</skipped>
          <failedSince>0</failedSince>
        </case>
        <case>
          <duration>0.0</duration>
          <className>make_test.t_bayessdbm_t</className>
          <testName>test     24</testName>
          <skipped>false</skipped>
          <failedSince>0</failedSince>
        </case>
        <case>
          <duration>0.0</duration>
          <className>make_test.t_bayessdbm_t</className>
          <testName>test     25</testName>
          <skipped>false</skipped>
          <failedSince>0</failedSince>
        </case>
        <case>
          <duration>0.0</duration>
          <className>make_test.t_bayessdbm_t</className>
          <testName>test     26</testName>
          <skipped>false</skipped>
          <failedSince>0</failedSince>
        </case>
        <case>
          <duration>0.0</duration>
          <className>make_test.t_bayessdbm_t</className>
          <testName>test     27</testName>
          <skipped>false</skipped>
          <failedSince>0</failedSince>
        </case>
        <case>
          <duration>0.0</duration>
          <className>make_test.t_bayessdbm_t</className>
          <testName>test     28</testName>
          <skipped>false</skipped>
          <failedSince>0</failedSince>
        </case>
        <case>
          <duration>0.0</duration>
          <className>make_test.t_bayessdbm_t</className>
          <testName>test     29</testName>
          <skipped>false</skipped>
          <failedSince>0</failedSince>
        </case>
        <case>
          <duration>0.0</duration>
          <className>make_test.t_bayessdbm_t</className>
          <testName>test     30</testName>
          <skipped>false</skipped>
          <failedSince>0</failedSince>
        </case>
        <case>
          <duration>0.0</duration>
          <className>make_test.t_bayessdbm_t</className>
          <testName>test     31</testName>
          <skipped>false</skipped>
          <failedSince>0</failedSince>
        </case>
        <case>
          <duration>0.0</duration>
          <className>make_test.t_bayessdbm_t</className>
          <testName>test     32</testName>
          <skipped>false</skipped>
          <failedSince>0</failedSince>
        </case>
        <case>
          <duration>0.0</duration>
          <className>make_test.t_bayessdbm_t</className>
          <testName>test     33</testName>
          <skipped>false</skipped>
          <failedSince>0</failedSince>
        </case>
        <case>
          <duration>0.0</duration>
          <className>make_test.t_bayessdbm_t</className>
          <testName>test     34</testName>
          <skipped>false</skipped>
          <failedSince>0</failedSince>
        </case>
        <case>
          <duration>0.0</duration>
          <className>make_test.t_bayessdbm_t</className>
          <testName>test     35</testName>
          <skipped>false</skipped>
          <failedSince>0</failedSince>
        </case>
        <case>
          <duration>0.0</duration>
          <className>make_test.t_bayessdbm_t</className>
          <testName>test     36</testName>
          <skipped>false</skipped>
          <failedSince>0</failedSince>
        </case>
        <case>
          <duration>0.0</duration>
          <className>make_test.t_bayessdbm_t</className>
          <testName>test     37</testName>
          <skipped>false</skipped>
          <failedSince>0</failedSince>
        </case>
        <case>
          <duration>0.0</duration>
          <className>make_test.t_bayessdbm_t</className>
          <testName>test     38</testName>
          <skipped>false</skipped>
          <failedSince>0</failedSince>
        </case>
        <case>
          <duration>0.0</duration>
          <className>make_test.t_bayessdbm_t</className>
          <testName>test     39</testName>
          <skipped>false</skipped>
          <failedSince>0</failedSince>
        </case>
        <case>
          <duration>0.0</duration>
          <className>make_test.t_bayessdbm_t</className>
          <testName>test     40</testName>
          <skipped>false</skipped>
          <failedSince>0</failedSince>
        </case>
        <case>
          <duration>0.0</duration>
          <className>make_test.t_bayessdbm_t</className>
          <testName>test     41</testName>
          <skipped>false</skipped>
          <failedSince>0</failedSince>
        </case>
        <case>
          <duration>0.0</duration>
          <className>make_test.t_bayessdbm_t</className>
          <testName>test     42</testName>
          <skipped>false</skipped>
          <failedSince>0</failedSince>
        </case>
        <case>
          <duration>0.0</duration>
          <className>make_test.t_bayessdbm_t</className>
          <testName>test     43</testName>
          <skipped>false</skipped>
          <failedSince>0</failedSince>
        </case>
        <case>
          <duration>0.0</duration>
          <className>make_test.t_bayessdbm_t</className>
          <testName>test     44</testName>
          <skipped>false</skipped>
          <failedSince>0</failedSince>
        </case>
        <case>
          <duration>0.0</duration>
          <className>make_test.t_bayessdbm_t</className>
          <testName>test     45</testName>
          <skipped>false</skipped>
          <failedSince>0</failedSince>
        </case>
        <case>
          <duration>0.0</duration>
          <className>make_test.t_bayessdbm_t</className>
          <testName>test     46</testName>
          <skipped>false</skipped>
          <failedSince>0</failedSince>
        </case>
        <case>
          <duration>0.0</duration>
          <className>make_test.t_bayessdbm_t</className>
          <testName>test     47</testName>
          <skipped>false</skipped>
          <failedSince>0</failedSince>
        </case>
        <case>
          <duration>0.0</duration>
          <className>make_test.t_bayessdbm_t</className>
          <testName>test     48</testName>
          <skipped>false</skipped>
          <failedSince>0</failedSince>
        </case>
        <case>
          <duration>0.0</duration>
          <className>make_test.t_bayessdbm_t</className>
          <testName>test     49</testName>
          <skipped>false</skipped>
          <failedSince>0</failedSince>
        </case>
        <case>
          <duration>0.0</duration>
          <className>make_test.t_bayessdbm_t</className>
          <testName>test     50</testName>
          <skipped>false</skipped>
          <failedSince>0</failedSince>
        </case>
        <case>
          <duration>0.0</duration>
          <className>make_test.t_bayessdbm_t</className>
          <testName>test     51</testName>
          <skipped>false</skipped>
          <failedSince>0</failedSince>
        </case>
        <case>
          <duration>0.0</duration>
          <className>make_test.t_bayessdbm_t</className>
          <testName>test     52</testName>
          <skipped>false</skipped>
          <failedSince>0</failedSince>
        </case>
      </cases>
    </suite>
    <suite>
      <file>/var/jenkins_home/jobs/groupByError/workspace/target/junit-report-1472.xml</file>
      <name>make_test.t_bayessdbm_seen_delete_t</name>
      <stdout>
  1..54
  # Running under perl version 5.008006 for solaris
  # Current time local: Thu Mar 27 09:18:28 2008
  # Current time GMT:   Thu Mar 27 09:18:28 2008
  # Using Test.pm version 1.25
  ok 1
  ok 2
  ok 3
  ok 4
  ok 5
  ok 6
  ok 7
  ok 8
  ok 9
  ok 10
  ok 11
  ok 12
  ok 13
  ok 14
  ok 15
  ok 16
  ok 17
  ok 18
  ok 19
  ok 20
  ok 21
  ok 22
  ok 23
  ok 24
  ok 25
  ok 26
  ok 27
  ok 28
  ok 29
  ok 30
  ok 31
  ok 32
  ok 33
  ok 34
  ok 35
  	/export/home/jm/tools/perl586/bin/pe
...[truncated 446 chars]...
 log/test_rules_copy  --siteconfigpath log/localrules.tmp -p log/test_default.cf  --ham data/whitelists
  ok 40
  	Checking Acted on message
  ok 41
  	/export/home/jm/tools/perl586/bin/perl -T -w ../sa-learn.raw -C log/test_rules_copy  --siteconfigpath log/localrules.tmp -p log/test_default.cf  --dump magic
  ok 42
  	Checking db version
  ok 43
  ok 44
  ok 45
  ok 46
  	returned score: 0
  ok 47
  	returned score: 0.504057478376578
  ok 48
  ok 49
  ok 50
  ok 51
  ok 52
  ok 53
  ok 54
  
  </stdout>
      <stderr></stderr>
      <duration>0.0</duration>
      <id>5</id>
      <cases>
        <case>
          <duration>0.0</duration>
          <className>make_test.t_bayessdbm_seen_delete_t</className>
          <testName>test      1</testName>
          <skipped>false</skipped>
          <failedSince>0</failedSince>
        </case>
        <case>
          <duration>0.0</duration>
          <className>make_test.t_bayessdbm_seen_delete_t</className>
          <testName>test      2</testName>
          <skipped>false</skipped>
          <failedSince>0</failedSince>
        </case>
        <case>
          <duration>0.0</duration>
          <className>make_test.t_bayessdbm_seen_delete_t</className>
          <testName>test      3</testName>
          <skipped>false</skipped>
          <failedSince>0</failedSince>
        </case>
        <case>
          <duration>0.0</duration>
          <className>make_test.t_bayessdbm_seen_delete_t</className>
          <testName>test      4</testName>
          <skipped>false</skipped>
          <failedSince>0</failedSince>
        </case>
        <case>
          <duration>0.0</duration>
          <className>make_test.t_bayessdbm_seen_delete_t</className>
          <testName>test      5</testName>
          <skipped>false</skipped>
          <failedSince>0</failedSince>
        </case>
        <case>
          <duration>0.0</duration>
          <className>make_test.t_bayessdbm_seen_delete_t</className>
          <testName>test      6</testName>
          <skipped>false</skipped>
          <failedSince>0</failedSince>
        </case>
        <case>
          <duration>0.0</duration>
          <className>make_test.t_bayessdbm_seen_delete_t</className>
          <testName>test      7</testName>
          <skipped>false</skipped>
          <failedSince>0</failedSince>
        </case>
        <case>
          <duration>0.0</duration>
          <className>make_test.t_bayessdbm_seen_delete_t</className>
          <testName>test      8</testName>
          <skipped>false</skipped>
          <failedSince>0</failedSince>
        </case>
        <case>
          <duration>0.0</duration>
          <className>make_test.t_bayessdbm_seen_delete_t</className>
          <testName>test      9</testName>
          <skipped>false</skipped>
          <failedSince>0</failedSince>
        </case>
        <case>
          <duration>0.0</duration>
          <className>make_test.t_bayessdbm_seen_delete_t</className>
          <testName>test     10</testName>
          <skipped>false</skipped>
          <failedSince>0</failedSince>
        </case>
        <case>
          <duration>0.0</duration>
          <className>make_test.t_bayessdbm_seen_delete_t</className>
          <testName>test     11</testName>
          <skipped>false</skipped>
          <failedSince>0</failedSince>
        </case>
        <case>
          <duration>0.0</duration>
          <className>make_test.t_bayessdbm_seen_delete_t</className>
          <testName>test     12</testName>
          <skipped>false</skipped>
          <failedSince>0</failedSince>
        </case>
        <case>
          <duration>0.0</duration>
          <className>make_test.t_bayessdbm_seen_delete_t</className>
          <testName>test     13</testName>
          <skipped>false</skipped>
          <failedSince>0</failedSince>
        </case>
        <case>
          <duration>0.0</duration>
          <className>make_test.t_bayessdbm_seen_delete_t</className>
          <testName>test     14</testName>
          <skipped>false</skipped>
          <failedSince>0</failedSince>
        </case>
        <case>
          <duration>0.0</duration>
          <className>make_test.t_bayessdbm_seen_delete_t</className>
          <testName>test     15</testName>
          <skipped>false</skipped>
          <failedSince>0</failedSince>
        </case>
        <case>
          <duration>0.0</duration>
          <className>make_test.t_bayessdbm_seen_delete_t</className>
          <testName>test     16</testName>
          <skipped>false</skipped>
          <failedSince>0</failedSince>
        </case>
        <case>
          <duration>0.0</duration>
          <className>make_test.t_bayessdbm_seen_delete_t</className>
          <testName>test     17</testName>
          <skipped>false</skipped>
          <failedSince>0</failedSince>
        </case>
        <case>
          <duration>0.0</duration>
          <className>make_test.t_bayessdbm_seen_delete_t</className>
          <testName>test     18</testName>
          <skipped>false</skipped>
          <failedSince>0</failedSince>
        </case>
        <case>
          <duration>0.0</duration>
          <className>make_test.t_bayessdbm_seen_delete_t</className>
          <testName>test     19</testName>
          <skipped>false</skipped>
          <failedSince>0</failedSince>
        </case>
        <case>
          <duration>0.0</duration>
          <className>make_test.t_bayessdbm_seen_delete_t</className>
          <testName>test     20</testName>
          <skipped>false</skipped>
          <failedSince>0</failedSince>
        </case>
        <case>
          <duration>0.0</duration>
          <className>make_test.t_bayessdbm_seen_delete_t</className>
          <testName>test     21</testName>
          <skipped>false</skipped>
          <failedSince>0</failedSince>
        </case>
        <case>
          <duration>0.0</duration>
          <className>make_test.t_bayessdbm_seen_delete_t</className>
          <testName>test     22</testName>
          <skipped>false</skipped>
          <failedSince>0</failedSince>
        </case>
        <case>
          <duration>0.0</duration>
          <className>make_test.t_bayessdbm_seen_delete_t</className>
          <testName>test     23</testName>
          <skipped>false</skipped>
          <failedSince>0</failedSince>
        </case>
        <case>
          <duration>0.0</duration>
          <className>make_test.t_bayessdbm_seen_delete_t</className>
          <testName>test     24</testName>
          <skipped>false</skipped>
          <failedSince>0</failedSince>
        </case>
        <case>
          <duration>0.0</duration>
          <className>make_test.t_bayessdbm_seen_delete_t</className>
          <testName>test     25</testName>
          <skipped>false</skipped>
          <failedSince>0</failedSince>
        </case>
        <case>
          <duration>0.0</duration>
          <className>make_test.t_bayessdbm_seen_delete_t</className>
          <testName>test     26</testName>
          <skipped>false</skipped>
          <failedSince>0</failedSince>
        </case>
        <case>
          <duration>0.0</duration>
          <className>make_test.t_bayessdbm_seen_delete_t</className>
          <testName>test     27</testName>
          <skipped>false</skipped>
          <failedSince>0</failedSince>
        </case>
        <case>
          <duration>0.0</duration>
          <className>make_test.t_bayessdbm_seen_delete_t</className>
          <testName>test     28</testName>
          <skipped>false</skipped>
          <failedSince>0</failedSince>
        </case>
        <case>
          <duration>0.0</duration>
          <className>make_test.t_bayessdbm_seen_delete_t</className>
          <testName>test     29</testName>
          <skipped>false</skipped>
          <failedSince>0</failedSince>
        </case>
        <case>
          <duration>0.0</duration>
          <className>make_test.t_bayessdbm_seen_delete_t</className>
          <testName>test     30</testName>
          <skipped>false</skipped>
          <failedSince>0</failedSince>
        </case>
        <case>
          <duration>0.0</duration>
          <className>make_test.t_bayessdbm_seen_delete_t</className>
          <testName>test     31</testName>
          <skipped>false</skipped>
          <failedSince>0</failedSince>
        </case>
        <case>
          <duration>0.0</duration>
          <className>make_test.t_bayessdbm_seen_delete_t</className>
          <testName>test     32</testName>
          <skipped>false</skipped>
          <failedSince>0</failedSince>
        </case>
        <case>
          <duration>0.0</duration>
          <className>make_test.t_bayessdbm_seen_delete_t</className>
          <testName>test     33</testName>
          <skipped>false</skipped>
          <failedSince>0</failedSince>
        </case>
        <case>
          <duration>0.0</duration>
          <className>make_test.t_bayessdbm_seen_delete_t</className>
          <testName>test     34</testName>
          <skipped>false</skipped>
          <failedSince>0</failedSince>
        </case>
        <case>
          <duration>0.0</duration>
          <className>make_test.t_bayessdbm_seen_delete_t</className>
          <testName>test     35</testName>
          <skipped>false</skipped>
          <failedSince>0</failedSince>
        </case>
        <case>
          <duration>0.0</duration>
          <className>make_test.t_bayessdbm_seen_delete_t</className>
          <testName>test     36</testName>
          <skipped>false</skipped>
          <failedSince>0</failedSince>
        </case>
        <case>
          <duration>0.0</duration>
          <className>make_test.t_bayessdbm_seen_delete_t</className>
          <testName>test     37</testName>
          <skipped>false</skipped>
          <failedSince>0</failedSince>
        </case>
        <case>
          <duration>0.0</duration>
          <className>make_test.t_bayessdbm_seen_delete_t</className>
          <testName>test     38</testName>
          <skipped>false</skipped>
          <failedSince>0</failedSince>
        </case>
        <case>
          <duration>0.0</duration>
          <className>make_test.t_bayessdbm_seen_delete_t</className>
          <testName>test     39</testName>
          <skipped>false</skipped>
          <failedSince>0</failedSince>
        </case>
        <case>
          <duration>0.0</duration>
          <className>make_test.t_bayessdbm_seen_delete_t</className>
          <testName>test     40</testName>
          <skipped>false</skipped>
          <failedSince>0</failedSince>
        </case>
        <case>
          <duration>0.0</duration>
          <className>make_test.t_bayessdbm_seen_delete_t</className>
          <testName>test     41</testName>
          <skipped>false</skipped>
          <failedSince>0</failedSince>
        </case>
        <case>
          <duration>0.0</duration>
          <className>make_test.t_bayessdbm_seen_delete_t</className>
          <testName>test     42</testName>
          <skipped>false</skipped>
          <failedSince>0</failedSince>
        </case>
        <case>
          <duration>0.0</duration>
          <className>make_test.t_bayessdbm_seen_delete_t</className>
          <testName>test     43</testName>
          <skipped>false</skipped>
          <failedSince>0</failedSince>
        </case>
        <case>
          <duration>0.0</duration>
          <className>make_test.t_bayessdbm_seen_delete_t</className>
          <testName>test     44</testName>
          <skipped>false</skipped>
          <failedSince>0</failedSince>
        </case>
        <case>
          <duration>0.0</duration>
          <className>make_test.t_bayessdbm_seen_delete_t</className>
          <testName>test     45</testName>
          <skipped>false</skipped>
          <failedSince>0</failedSince>
        </case>
        <case>
          <duration>0.0</duration>
          <className>make_test.t_bayessdbm_seen_delete_t</className>
          <testName>test     46</testName>
          <skipped>false</skipped>
          <failedSince>0</failedSince>
        </case>
        <case>
          <duration>0.0</duration>
          <className>make_test.t_bayessdbm_seen_delete_t</className>
          <testName>test     47</testName>
          <skipped>false</skipped>
          <failedSince>0</failedSince>
        </case>
        <case>
          <duration>0.0</duration>
          <className>make_test.t_bayessdbm_seen_delete_t</className>
          <testName>test     48</testName>
          <skipped>false</skipped>
          <failedSince>0</failedSince>
        </case>
        <case>
          <duration>0.0</duration>
          <className>make_test.t_bayessdbm_seen_delete_t</className>
          <testName>test     49</testName>
          <skipped>false</skipped>
          <failedSince>0</failedSince>
        </case>
        <case>
          <duration>0.0</duration>
          <className>make_test.t_bayessdbm_seen_delete_t</className>
          <testName>test     50</testName>
          <skipped>false</skipped>
          <failedSince>0</failedSince>
        </case>
        <case>
          <duration>0.0</duration>
          <className>make_test.t_bayessdbm_seen_delete_t</className>
          <testName>test     51</testName>
          <skipped>false</skipped>
          <failedSince>0</failedSince>
        </case>
        <case>
          <duration>0.0</duration>
          <className>make_test.t_bayessdbm_seen_delete_t</className>
          <testName>test     52</testName>
          <skipped>false</skipped>
          <failedSince>0</failedSince>
        </case>
        <case>
          <duration>0.0</duration>
          <className>make_test.t_bayessdbm_seen_delete_t</className>
          <testName>test     53</testName>
          <skipped>false</skipped>
          <failedSince>0</failedSince>
        </case>
        <case>
          <duration>0.0</duration>
          <className>make_test.t_bayessdbm_seen_delete_t</className>
          <testName>test     54</testName>
          <skipped>false</skipped>
          <failedSince>0</failedSince>
        </case>
      </cases>
    </suite>
    <suite>
      <file>/var/jenkins_home/jobs/groupByError/workspace/target/junit-report-1472.xml</file>
      <name>make_test.t_blacklist_autolearn_t</name>
      <stdout>
  1..0
  # Running under perl version 5.008006 for solaris
  # Current time local: Thu Mar 27 09:18:39 2008
  # Current time GMT:   Thu Mar 27 09:18:39 2008
  # Using Test.pm version 1.25
  skipped: (no reason given)
  t/blacklist_autolearn.............
  1..3
  # Running under perl version 5.008006 for solaris
  # Current time local: Thu Mar 27 09:18:39 2008
  # Current time GMT:   Thu Mar 27 09:18:39 2008
  # Using Test.pm version 1.25
  	/export/home/jm/tools/perl586/bin/perl -T -w ../spamassassin.raw -C log/test_rules_copy  --siteconfigpath log/localrules.tmp -p log/tst.cf  -L -t &lt; data/nice/001
  ok 1
  	Checking blacklisted
  ok 2
  	Checking for anti-pattern autolearned as ham
  ok 3
  
  </stdout>
      <stderr></stderr>
      <duration>0.0</duration>
      <id>6</id>
      <cases>
        <case>
          <duration>0.0</duration>
          <className>make_test.t_blacklist_autolearn_t</className>
          <testName>test      1</testName>
          <skipped>false</skipped>
          <failedSince>0</failedSince>
        </case>
        <case>
          <duration>0.0</duration>
          <className>make_test.t_blacklist_autolearn_t</className>
          <testName>test      2</testName>
          <skipped>false</skipped>
          <failedSince>0</failedSince>
        </case>
        <case>
          <duration>0.0</duration>
          <className>make_test.t_blacklist_autolearn_t</className>
          <testName>test      3</testName>
          <skipped>false</skipped>
          <failedSince>0</failedSince>
        </case>
      </cases>
    </suite>
    <suite>
      <file>/var/jenkins_home/jobs/groupByError/workspace/target/junit-report-1472.xml</file>
      <name>make_test.t_body_mod_t</name>
      <stdout>
  1..3
  # Running under perl version 5.008006 for solaris
  # Current time local: Thu Mar 27 09:18:41 2008
  # Current time GMT:   Thu Mar 27 09:18:41 2008
  # Using Test.pm version 1.25
  hit rules: DATE_IN_FUTURE_03_06,HTML_FONT_FACE_BAD,HTML_IMAGE_RATIO_02,HTML_MESSAGE,MIME_HTML_ONLY,MSGID_OUTLOOK_INVALID,RATWARE_MS_HASH,RATWARE_OUTLOOK_NONAME,RDNS_NONE
  ok 1
  decoded: body renderings identical pre and post scan
  ok 2
  stripped: body renderings identical pre and post scan
  ok 3
  
  </stdout>
      <stderr></stderr>
      <duration>0.0</duration>
      <id>7</id>
      <cases>
        <case>
          <duration>0.0</duration>
          <className>make_test.t_body_mod_t</className>
          <testName>test      1</testName>
          <skipped>false</skipped>
          <failedSince>0</failedSince>
        </case>
        <case>
          <duration>0.0</duration>
          <className>make_test.t_body_mod_t</className>
          <testName>test      2</testName>
          <skipped>false</skipped>
          <failedSince>0</failedSince>
        </case>
        <case>
          <duration>0.0</duration>
          <className>make_test.t_body_mod_t</className>
          <testName>test      3</testName>
          <skipped>false</skipped>
          <failedSince>0</failedSince>
        </case>
      </cases>
    </suite>
    <suite>
      <file>/var/jenkins_home/jobs/groupByError/workspace/target/junit-report-1472.xml</file>
      <name>make_test.t_check_implemented_t</name>
      <stdout>
  1..2
  # Running under perl version 5.008006 for solaris
  # Current time local: Thu Mar 27 09:18:42 2008
  # Current time GMT:   Thu Mar 27 09:18:42 2008
  # Using Test.pm version 1.25
  ok 1
  got warning: &apos;check: no loaded plugin implements &apos;check_main&apos;: cannot scan!
  Check the necessary &apos;.pre&apos; files are in the config directory.
  &apos;
  ok 2
  

  </stdout>
      <stderr></stderr>
      <duration>0.0</duration>
      <id>8</id>
      <cases>
        <case>
          <duration>0.0</duration>
          <className>make_test.t_check_implemented_t</className>
          <testName>test      1</testName>
          <skipped>false</skipped>
          <failedSince>0</failedSince>
        </case>
        <case>
          <duration>0.0</duration>
          <className>make_test.t_check_implemented_t</className>
          <testName>test      2</testName>
          <skipped>false</skipped>
          <failedSince>0</failedSince>
        </case>
      </cases>
    </suite>
    <suite>
      <file>/var/jenkins_home/jobs/groupByError/workspace/target/junit-report-1472.xml</file>
      <name>make_test.t_cidrs_t</name>
      <stdout>

  1..51
  # Running under perl version 5.008006 for solaris
  # Current time local: Thu Mar 27 09:18:43 2008
  # Current time GMT:   Thu Mar 27 09:18:43 2008
  # Using Test.pm version 1.25

  127.0.0.1 was in 127.0.0.1
  ok 1

  127.0.0.2 was not in 127.0.0.1
  ok 2

  127.0.0.1 was in 127.
  ok 3

  127.0.0.254 was in 127.
  ok 4

  127.0.0.1 was in 127/8
  ok 5

  127.0.0.1 was in 127.0/16
  ok 6

  127.0.0.1 was in 127.0.0/24
  ok 7

  127.0.0.1 was in 127.0.0.1/32
  ok 8

  127.0.0.1 was i
...[truncated 1628 chars]...
1.1/15
  ok 44

  1.1/16 was not in 1.1/17
  ok 45

  1.1/16 was not in 1.1.1/24
  ok 46

  1.1.1/24 was in 1.1/16
  ok 47

  DEAD:BEEF:0000:0102:0304:0506:0:0/96 was in DEAD:BEEF:0000:0102:0304:0506:0:0/96
  ok 48

  DEAD:BEEF:0000:0102:0304:0506:0:0/96 was in DEAD:BEEF:0000:0102:0304:0506:0:0/95
  ok 49

  DEAD:BEEF:0000:0102:0304:0506:0:0/96 was in DEAD:BEEF:0000:0102:0304:0506:1:1/90
  ok 50

  DEAD:BEEF:0000:0102:0304:0506:1:1/90 was not in DEAD:BEEF:0000:0102:0304:0506:0:0/96
  ok 51
  
  </stdout>
      <stderr></stderr>
      <duration>0.0</duration>
      <id>9</id>
      <cases>
        <case>
          <duration>0.0</duration>
          <className>make_test.t_cidrs_t</className>
          <testName>test      1</testName>
          <skipped>false</skipped>
          <failedSince>0</failedSince>
        </case>
        <case>
          <duration>0.0</duration>
          <className>make_test.t_cidrs_t</className>
          <testName>test      2</testName>
          <skipped>false</skipped>
          <failedSince>0</failedSince>
        </case>
        <case>
          <duration>0.0</duration>
          <className>make_test.t_cidrs_t</className>
          <testName>test      3</testName>
          <skipped>false</skipped>
          <failedSince>0</failedSince>
        </case>
        <case>
          <duration>0.0</duration>
          <className>make_test.t_cidrs_t</className>
          <testName>test      4</testName>
          <skipped>false</skipped>
          <failedSince>0</failedSince>
        </case>
        <case>
          <duration>0.0</duration>
          <className>make_test.t_cidrs_t</className>
          <testName>test      5</testName>
          <skipped>false</skipped>
          <failedSince>0</failedSince>
        </case>
        <case>
          <duration>0.0</duration>
          <className>make_test.t_cidrs_t</className>
          <testName>test      6</testName>
          <skipped>false</skipped>
          <failedSince>0</failedSince>
        </case>
        <case>
          <duration>0.0</duration>
          <className>make_test.t_cidrs_t</className>
          <testName>test      7</testName>
          <skipped>false</skipped>
          <failedSince>0</failedSince>
        </case>
        <case>
          <duration>0.0</duration>
          <className>make_test.t_cidrs_t</className>
          <testName>test      8</testName>
          <skipped>false</skipped>
          <failedSince>0</failedSince>
        </case>
        <case>
          <duration>0.0</duration>
          <className>make_test.t_cidrs_t</className>
          <testName>test      9</testName>
          <skipped>false</skipped>
          <failedSince>0</failedSince>
        </case>
        <case>
          <duration>0.0</duration>
          <className>make_test.t_cidrs_t</className>
          <testName>test     10</testName>
          <skipped>false</skipped>
          <failedSince>0</failedSince>
        </case>
        <case>
          <duration>0.0</duration>
          <className>make_test.t_cidrs_t</className>
          <testName>test     11</testName>
          <skipped>false</skipped>
          <failedSince>0</failedSince>
        </case>
        <case>
          <duration>0.0</duration>
          <className>make_test.t_cidrs_t</className>
          <testName>test     12</testName>
          <skipped>false</skipped>
          <failedSince>0</failedSince>
        </case>
        <case>
          <duration>0.0</duration>
          <className>make_test.t_cidrs_t</className>
          <testName>test     13</testName>
          <skipped>false</skipped>
          <failedSince>0</failedSince>
        </case>
        <case>
          <duration>0.0</duration>
          <className>make_test.t_cidrs_t</className>
          <testName>test     14</testName>
          <skipped>false</skipped>
          <failedSince>0</failedSince>
        </case>
        <case>
          <duration>0.0</duration>
          <className>make_test.t_cidrs_t</className>
          <testName>test     15</testName>
          <skipped>false</skipped>
          <failedSince>0</failedSince>
        </case>
        <case>
          <duration>0.0</duration>
          <className>make_test.t_cidrs_t</className>
          <testName>test     16</testName>
          <skipped>false</skipped>
          <failedSince>0</failedSince>
        </case>
        <case>
          <duration>0.0</duration>
          <className>make_test.t_cidrs_t</className>
          <testName>test     17</testName>
          <skipped>false</skipped>
          <failedSince>0</failedSince>
        </case>
        <case>
          <duration>0.0</duration>
          <className>make_test.t_cidrs_t</className>
          <testName>test     18</testName>
          <skipped>false</skipped>
          <failedSince>0</failedSince>
        </case>
        <case>
          <duration>0.0</duration>
          <className>make_test.t_cidrs_t</className>
          <testName>test     19</testName>
          <skipped>false</skipped>
          <failedSince>0</failedSince>
        </case>
        <case>
          <duration>0.0</duration>
          <className>make_test.t_cidrs_t</className>
          <testName>test     20</testName>
          <skipped>false</skipped>
          <failedSince>0</failedSince>
        </case>
        <case>
          <duration>0.0</duration>
          <className>make_test.t_cidrs_t</className>
          <testName>test     21</testName>
          <skipped>false</skipped>
          <failedSince>0</failedSince>
        </case>
        <case>
          <duration>0.0</duration>
          <className>make_test.t_cidrs_t</className>
          <testName>test     22</testName>
          <skipped>false</skipped>
          <failedSince>0</failedSince>
        </case>
        <case>
          <duration>0.0</duration>
          <className>make_test.t_cidrs_t</className>
          <testName>test     23</testName>
          <skipped>false</skipped>
          <failedSince>0</failedSince>
        </case>
        <case>
          <duration>0.0</duration>
          <className>make_test.t_cidrs_t</className>
          <testName>test     24</testName>
          <skipped>false</skipped>
          <failedSince>0</failedSince>
        </case>
        <case>
          <duration>0.0</duration>
          <className>make_test.t_cidrs_t</className>
          <testName>test     25</testName>
          <skipped>false</skipped>
          <failedSince>0</failedSince>
        </case>
        <case>
          <duration>0.0</duration>
          <className>make_test.t_cidrs_t</className>
          <testName>test     26</testName>
          <skipped>false</skipped>
          <failedSince>0</failedSince>
        </case>
        <case>
          <duration>0.0</duration>
          <className>make_test.t_cidrs_t</className>
          <testName>test     27</testName>
          <skipped>false</skipped>
          <failedSince>0</failedSince>
        </case>
        <case>
          <duration>0.0</duration>
          <className>make_test.t_cidrs_t</className>
          <testName>test     28</testName>
          <skipped>false</skipped>
          <failedSince>0</failedSince>
        </case>
        <case>
          <duration>0.0</duration>
          <className>make_test.t_cidrs_t</className>
          <testName>test     29</testName>
          <skipped>false</skipped>
          <failedSince>0</failedSince>
        </case>
        <case>
          <duration>0.0</duration>
          <className>make_test.t_cidrs_t</className>
          <testName>test     30</testName>
          <skipped>false</skipped>
          <failedSince>0</failedSince>
        </case>
        <case>
          <duration>0.0</duration>
          <className>make_test.t_cidrs_t</className>
          <testName>test     31</testName>
          <skipped>false</skipped>
          <failedSince>0</failedSince>
        </case>
        <case>
          <duration>0.0</duration>
          <className>make_test.t_cidrs_t</className>
          <testName>test     32</testName>
          <skipped>false</skipped>
          <failedSince>0</failedSince>
        </case>
        <case>
          <duration>0.0</duration>
          <className>make_test.t_cidrs_t</className>
          <testName>test     33</testName>
          <skipped>false</skipped>
          <failedSince>0</failedSince>
        </case>
        <case>
          <duration>0.0</duration>
          <className>make_test.t_cidrs_t</className>
          <testName>test     34</testName>
          <skipped>false</skipped>
          <failedSince>0</failedSince>
        </case>
        <case>
          <duration>0.0</duration>
          <className>make_test.t_cidrs_t</className>
          <testName>test     35</testName>
          <skipped>false</skipped>
          <failedSince>0</failedSince>
        </case>
        <case>
          <duration>0.0</duration>
          <className>make_test.t_cidrs_t</className>
          <testName>test     36</testName>
          <skipped>false</skipped>
          <failedSince>0</failedSince>
        </case>
        <case>
          <duration>0.0</duration>
          <className>make_test.t_cidrs_t</className>
          <testName>test     37</testName>
          <skipped>false</skipped>
          <failedSince>0</failedSince>
        </case>
        <case>
          <duration>0.0</duration>
          <className>make_test.t_cidrs_t</className>
          <testName>test     38</testName>
          <skipped>false</skipped>
          <failedSince>0</failedSince>
        </case>
        <case>
          <duration>0.0</duration>
          <className>make_test.t_cidrs_t</className>
          <testName>test     39</testName>
          <skipped>false</skipped>
          <failedSince>0</failedSince>
        </case>
        <case>
          <duration>0.0</duration>
          <className>make_test.t_cidrs_t</className>
          <testName>test     40</testName>
          <skipped>false</skipped>
          <failedSince>0</failedSince>
        </case>
        <case>
          <duration>0.0</duration>
          <className>make_test.t_cidrs_t</className>
          <testName>test     41</testName>
          <skipped>false</skipped>
          <failedSince>0</failedSince>
        </case>
        <case>
          <duration>0.0</duration>
          <className>make_test.t_cidrs_t</className>
          <testName>test     42</testName>
          <skipped>false</skipped>
          <failedSince>0</failedSince>
        </case>
        <case>
          <duration>0.0</duration>
          <className>make_test.t_cidrs_t</className>
          <testName>test     43</testName>
          <skipped>false</skipped>
          <failedSince>0</failedSince>
        </case>
        <case>
          <duration>0.0</duration>
          <className>make_test.t_cidrs_t</className>
          <testName>test     44</testName>
          <skipped>false</skipped>
          <failedSince>0</failedSince>
        </case>
        <case>
          <duration>0.0</duration>
          <className>make_test.t_cidrs_t</className>
          <testName>test     45</testName>
          <skipped>false</skipped>
          <failedSince>0</failedSince>
        </case>
        <case>
          <duration>0.0</duration>
          <className>make_test.t_cidrs_t</className>
          <testName>test     46</testName>
          <skipped>false</skipped>
          <failedSince>0</failedSince>
        </case>
        <case>
          <duration>0.0</duration>
          <className>make_test.t_cidrs_t</className>
          <testName>test     47</testName>
          <skipped>false</skipped>
          <failedSince>0</failedSince>
        </case>
        <case>
          <duration>0.0</duration>
          <className>make_test.t_cidrs_t</className>
          <testName>test     48</testName>
          <skipped>false</skipped>
          <failedSince>0</failedSince>
        </case>
        <case>
          <duration>0.0</duration>
          <className>make_test.t_cidrs_t</className>
          <testName>test     49</testName>
          <skipped>false</skipped>
          <failedSince>0</failedSince>
        </case>
        <case>
          <duration>0.0</duration>
          <className>make_test.t_cidrs_t</className>
          <testName>test     50</testName>
          <skipped>false</skipped>
          <failedSince>0</failedSince>
        </case>
        <case>
          <duration>0.0</duration>
          <className>make_test.t_cidrs_t</className>
          <testName>test     51</testName>
          <skipped>false</skipped>
          <failedSince>0</failedSince>
        </case>
      </cases>
    </suite>
    <suite>
      <file>/var/jenkins_home/jobs/groupByError/workspace/target/junit-report-1472.xml</file>
      <name>make_test.t_config_text_t</name>
      <stdout>
  1..0
  # Running under perl version 5.008006 for solaris
  # Current time local: Thu Mar 27 09:18:43 2008
  # Current time GMT:   Thu Mar 27 09:18:43 2008
  # Using Test.pm version 1.25
  skipped: (no reason given)
  t/config_text.....................
  1..2
  # Running under perl version 5.008006 for solaris
  # Current time local: Thu Mar 27 09:18:44 2008
  # Current time GMT:   Thu Mar 27 09:18:44 2008
  # Using Test.pm version 1.25
  	/export/home/jm/tools/perl586/bin/perl -T -w ../spamassassin.raw -C log/test_rules_copy  --siteconfigpath log/localrules.tmp -p log/test_default.cf  -L -t --cf=&apos;body FOO /VFS/&apos; --cf=&apos;body BAR /source/&apos; &lt; data/nice/001
  	Checking BAR
  ok 1
  	Checking FOO
  ok 2
  
  </stdout>
      <stderr></stderr>
      <duration>0.0</duration>
      <id>10</id>
      <cases>
        <case>
          <duration>0.0</duration>
          <className>make_test.t_config_text_t</className>
          <testName>test      1</testName>
          <skipped>false</skipped>
          <failedSince>0</failedSince>
        </case>
        <case>
          <duration>0.0</duration>
          <className>make_test.t_config_text_t</className>
          <testName>test      2</testName>
          <skipped>false</skipped>
          <failedSince>0</failedSince>
        </case>
      </cases>
    </suite>
    <suite>
      <file>/var/jenkins_home/jobs/groupByError/workspace/target/junit-report-1472.xml</file>
      <name>make_test.t_cpp_comments_in_spamc_t</name>
      <stdout>
  1..1
  # Running under perl version 5.008006 for solaris
  # Current time local: Thu Mar 27 09:18:45 2008
  # Current time GMT:   Thu Mar 27 09:18:45 2008
  # Using Test.pm version 1.25
  ok 1
  
  </stdout>
      <stderr></stderr>
      <duration>0.0</duration>
      <id>11</id>
      <cases>
        <case>
          <duration>0.0</duration>
          <className>make_test.t_cpp_comments_in_spamc_t</className>
          <testName>test      1</testName>
          <skipped>false</skipped>
          <failedSince>0</failedSince>
        </case>
      </cases>
    </suite>
    <suite>
      <file>/var/jenkins_home/jobs/groupByError/workspace/target/junit-report-1472.xml</file>
      <name>make_test.t_date_t</name>
      <stdout>
  1..14
  # Running under perl version 5.008006 for solaris
  # Current time local: Thu Mar 27 09:18:46 2008
  # Current time GMT:   Thu Mar 27 09:18:46 2008
  # Using Test.pm version 1.25
  ok 1
  ok 2
  ok 3
  ok 4
  ok 5
  ok 6
  ok 7
  ok 8
  ok 9
  ok 10
  ok 11
  ok 12
  ok 13
  ok 14
  
  </stdout>
      <stderr></stderr>
      <duration>0.0</duration>
      <id>12</id>
      <cases>
        <case>
          <duration>0.0</duration>
          <className>make_test.t_date_t</className>
          <testName>test      1</testName>
          <skipped>false</skipped>
          <failedSince>0</failedSince>
        </case>
        <case>
          <duration>0.0</duration>
          <className>make_test.t_date_t</className>
          <testName>test      2</testName>
          <skipped>false</skipped>
          <failedSince>0</failedSince>
        </case>
        <case>
          <duration>0.0</duration>
          <className>make_test.t_date_t</className>
          <testName>test      3</testName>
          <skipped>false</skipped>
          <failedSince>0</failedSince>
        </case>
        <case>
          <duration>0.0</duration>
          <className>make_test.t_date_t</className>
          <testName>test      4</testName>
          <skipped>false</skipped>
          <failedSince>0</failedSince>
        </case>
        <case>
          <duration>0.0</duration>
          <className>make_test.t_date_t</className>
          <testName>test      5</testName>
          <skipped>false</skipped>
          <failedSince>0</failedSince>
        </case>
        <case>
          <duration>0.0</duration>
          <className>make_test.t_date_t</className>
          <testName>test      6</testName>
          <skipped>false</skipped>
          <failedSince>0</failedSince>
        </case>
        <case>
          <duration>0.0</duration>
          <className>make_test.t_date_t</className>
          <testName>test      7</testName>
          <skipped>false</skipped>
          <failedSince>0</failedSince>
        </case>
        <case>
          <duration>0.0</duration>
          <className>make_test.t_date_t</className>
          <testName>test      8</testName>
          <skipped>false</skipped>
          <failedSince>0</failedSince>
        </case>
        <case>
          <duration>0.0</duration>
          <className>make_test.t_date_t</className>
          <testName>test      9</testName>
          <skipped>false</skipped>
          <failedSince>0</failedSince>
        </case>
        <case>
          <duration>0.0</duration>
          <className>make_test.t_date_t</className>
          <testName>test     10</testName>
          <skipped>false</skipped>
          <failedSince>0</failedSince>
        </case>
        <case>
          <duration>0.0</duration>
          <className>make_test.t_date_t</className>
          <testName>test     11</testName>
          <skipped>false</skipped>
          <failedSince>0</failedSince>
        </case>
        <case>
          <duration>0.0</duration>
          <className>make_test.t_date_t</className>
          <testName>test     12</testName>
          <skipped>false</skipped>
          <failedSince>0</failedSince>
        </case>
        <case>
          <duration>0.0</duration>
          <className>make_test.t_date_t</className>
          <testName>test     13</testName>
          <skipped>false</skipped>
          <failedSince>0</failedSince>
        </case>
        <case>
          <duration>0.0</duration>
          <className>make_test.t_date_t</className>
          <testName>test     14</testName>
          <skipped>false</skipped>
          <failedSince>0</failedSince>
        </case>
      </cases>
    </suite>
    <suite>
      <file>/var/jenkins_home/jobs/groupByError/workspace/target/junit-report-1472.xml</file>
      <name>make_test.t_db_awl_path_t</name>
      <stdout>
  1..4
  # Running under perl version 5.008006 for solaris
  # Current time local: Thu Mar 27 09:18:46 2008
  # Current time GMT:   Thu Mar 27 09:18:46 2008
  # Using Test.pm version 1.25
  ok 1
  	/export/home/jm/tools/perl586/bin/perl -T -w ../spamassassin.raw -C log/test_rules_copy  --siteconfigpath log/localrules.tmp -p log/tst.cf  --add-addr-to-whitelist whitelist_test@whitelist.spamassassin.taint.org
  # [13207] warn: auto-whitelist: open of auto-whitelist file failed: locker: safe_lock: cannot create tmp lockfile ./log/awl/shouldbeinaccessible.lock.hudson.zones.apache.org.13207 for ./log/awl/shouldbeinaccessible.lock: Not a directory
  ok 2
  	/export/home/jm/tools/perl586/bin/perl -T -w ../spamassassin.raw -C log/test_rules_copy  --siteconfigpath log/localrules.tmp -p log/tst.cf  -L -t &lt; data/spam/004
  	Checking isspam
  ok 3
  ok 4
  
  </stdout>
      <stderr></stderr>
      <duration>0.0</duration>
      <id>13</id>
      <cases>
        <case>
          <duration>0.0</duration>
          <className>make_test.t_db_awl_path_t</className>
          <testName>test      1</testName>
          <skipped>false</skipped>
          <failedSince>0</failedSince>
        </case>
        <case>
          <duration>0.0</duration>
          <className>make_test.t_db_awl_path_t</className>
          <testName>test      2</testName>
          <skipped>false</skipped>
          <failedSince>0</failedSince>
        </case>
        <case>
          <duration>0.0</duration>
          <className>make_test.t_db_awl_path_t</className>
          <testName>test      3</testName>
          <skipped>false</skipped>
          <failedSince>0</failedSince>
        </case>
        <case>
          <duration>0.0</duration>
          <className>make_test.t_db_awl_path_t</className>
          <testName>test      4</testName>
          <skipped>false</skipped>
          <failedSince>0</failedSince>
        </case>
      </cases>
    </suite>
    <suite>
      <file>/var/jenkins_home/jobs/groupByError/workspace/target/junit-report-1472.xml</file>
      <name>make_test.t_db_based_whitelist_t</name>
      <stdout>
  1..8
  # Running under perl version 5.008006 for solaris
  # Current time local: Thu Mar 27 09:18:49 2008
  # Current time GMT:   Thu Mar 27 09:18:49 2008
  # Using Test.pm version 1.25
  	/export/home/jm/tools/perl586/bin/perl -T -w ../spamassassin.raw -C log/test_rules_copy  --siteconfigpath log/localrules.tmp -p log/test_default.cf  --remove-addr-from-whitelist whitelist_test@whitelist.spamassassin.taint.org
  ok 1
  	/export/home/jm/tools/perl586/bin/perl -T -w ../spamassassin.raw -C log/
...[truncated 383 chars]...
teconfigpath log/localrules.tmp -p log/test_default.cf  -L -t &lt; data/nice/002
  ok 4
  	/export/home/jm/tools/perl586/bin/perl -T -w ../spamassassin.raw -C log/test_rules_copy  --siteconfigpath log/localrules.tmp -p log/test_default.cf  -L -t &lt; data/nice/002
  ok 5
  	Checking subj
  ok 6
  	/export/home/jm/tools/perl586/bin/perl -T -w ../spamassassin.raw -C log/test_rules_copy  --siteconfigpath log/localrules.tmp -p log/test_default.cf  -L -t &lt; data/spam/004
  ok 7
  	Checking subj
  ok 8
  
  </stdout>
      <stderr></stderr>
      <duration>0.0</duration>
      <id>14</id>
      <cases>
        <case>
          <duration>0.0</duration>
          <className>make_test.t_db_based_whitelist_t</className>
          <testName>test      1</testName>
          <skipped>false</skipped>
          <failedSince>0</failedSince>
        </case>
        <case>
          <duration>0.0</duration>
          <className>make_test.t_db_based_whitelist_t</className>
          <testName>test      2</testName>
          <skipped>false</skipped>
          <failedSince>0</failedSince>
        </case>
        <case>
          <duration>0.0</duration>
          <className>make_test.t_db_based_whitelist_t</className>
          <testName>test      3</testName>
          <skipped>false</skipped>
          <failedSince>0</failedSince>
        </case>
        <case>
          <duration>0.0</duration>
          <className>make_test.t_db_based_whitelist_t</className>
          <testName>test      4</testName>
          <skipped>false</skipped>
          <failedSince>0</failedSince>
        </case>
        <case>
          <duration>0.0</duration>
          <className>make_test.t_db_based_whitelist_t</className>
          <testName>test      5</testName>
          <skipped>false</skipped>
          <failedSince>0</failedSince>
        </case>
        <case>
          <duration>0.0</duration>
          <className>make_test.t_db_based_whitelist_t</className>
          <testName>test      6</testName>
          <skipped>false</skipped>
          <failedSince>0</failedSince>
        </case>
        <case>
          <duration>0.0</duration>
          <className>make_test.t_db_based_whitelist_t</className>
          <testName>test      7</testName>
          <skipped>false</skipped>
          <failedSince>0</failedSince>
        </case>
        <case>
          <duration>0.0</duration>
          <className>make_test.t_db_based_whitelist_t</className>
          <testName>test      8</testName>
          <skipped>false</skipped>
          <failedSince>0</failedSince>
        </case>
      </cases>
    </suite>
    <suite>
      <file>/var/jenkins_home/jobs/groupByError/workspace/target/junit-report-1472.xml</file>
      <name>make_test.t_db_based_whitelist_ips_t</name>
      <stdout>
  1..8
  # Running under perl version 5.008006 for solaris
  # Current time local: Thu Mar 27 09:18:58 2008
  # Current time GMT:   Thu Mar 27 09:18:58 2008
  # Using Test.pm version 1.25
  	/export/home/jm/tools/perl586/bin/perl -T -w ../spamassassin.raw -C log/test_rules_copy  --siteconfigpath log/localrules.tmp -p log/test_default.cf  --remove-addr-from-whitelist whitelist_test@whitelist.spamassassin.taint.org
  ok 1
  	/export/home/jm/tools/perl586/bin/perl -T -w ../spamassassin.raw -C log/
...[truncated 385 chars]...
configpath log/localrules.tmp -p log/test_default.cf  -L -t &lt; data/nice/002
  ok 4
  	/export/home/jm/tools/perl586/bin/perl -T -w ../spamassassin.raw -C log/test_rules_copy  --siteconfigpath log/localrules.tmp -p log/test_default.cf  -L -t &lt; data/nice/002
  ok 5
  	Checking subj
  ok 6
  	/export/home/jm/tools/perl586/bin/perl -T -w ../spamassassin.raw -C log/test_rules_copy  --siteconfigpath log/localrules.tmp -p log/test_default.cf  -L -t &lt; data/spam/007
  ok 7
  	Checking status
  ok 8
  
  </stdout>
      <stderr></stderr>
      <duration>0.0</duration>
      <id>15</id>
      <cases>
        <case>
          <duration>0.0</duration>
          <className>make_test.t_db_based_whitelist_ips_t</className>
          <testName>test      1</testName>
          <skipped>false</skipped>
          <failedSince>0</failedSince>
        </case>
        <case>
          <duration>0.0</duration>
          <className>make_test.t_db_based_whitelist_ips_t</className>
          <testName>test      2</testName>
          <skipped>false</skipped>
          <failedSince>0</failedSince>
        </case>
        <case>
          <duration>0.0</duration>
          <className>make_test.t_db_based_whitelist_ips_t</className>
          <testName>test      3</testName>
          <skipped>false</skipped>
          <failedSince>0</failedSince>
        </case>
        <case>
          <duration>0.0</duration>
          <className>make_test.t_db_based_whitelist_ips_t</className>
          <testName>test      4</testName>
          <skipped>false</skipped>
          <failedSince>0</failedSince>
        </case>
        <case>
          <duration>0.0</duration>
          <className>make_test.t_db_based_whitelist_ips_t</className>
          <testName>test      5</testName>
          <skipped>false</skipped>
          <failedSince>0</failedSince>
        </case>
        <case>
          <duration>0.0</duration>
          <className>make_test.t_db_based_whitelist_ips_t</className>
          <testName>test      6</testName>
          <skipped>false</skipped>
          <failedSince>0</failedSince>
        </case>
        <case>
          <duration>0.0</duration>
          <className>make_test.t_db_based_whitelist_ips_t</className>
          <testName>test      7</testName>
          <skipped>false</skipped>
          <failedSince>0</failedSince>
        </case>
        <case>
          <duration>0.0</duration>
          <className>make_test.t_db_based_whitelist_ips_t</className>
          <testName>test      8</testName>
          <skipped>false</skipped>
          <failedSince>0</failedSince>
        </case>
      </cases>
    </suite>
    <suite>
      <file>/var/jenkins_home/jobs/groupByError/workspace/target/junit-report-1472.xml</file>
      <name>make_test.t_debug_t</name>
      <stdout>
  1..0
  # Running under perl version 5.008006 for solaris
  # Current time local: Thu Mar 27 09:19:07 2008
  # Current time GMT:   Thu Mar 27 09:19:07 2008
  # Using Test.pm version 1.25
  skipped: (no reason given)
  t/debug...........................
  1..3
  # Running under perl version 5.008006 for solaris
  # Current time local: Thu Mar 27 09:19:08 2008
  # Current time GMT:   Thu Mar 27 09:19:08 2008
  # Using Test.pm version 1.25
  	/export/home/jm/tools/perl586/bin/perl -T -w ../spamas
...[truncated 81137 chars]...
ests_pri_-900: 2 (0.1%), tests_pri_-400: 1.31 (0.0%), tests_pri_0: 1665 (57.7%), check_spf: 1198 (41.5%), check_pyzor: 0.56 (0.0%), tests_pri_500: 55 (1.9%), tests_pri_1000: 7 (0.3%), check_awl: 5 (0.2%)
  malformed debug message: [13271] dbg: plugin: Mail::SpamAssassin::Plugin::MIMEHeader=HASH(0x8ad7964) implements &apos;finish_tests&apos;, priority 0
  malformed debug message: [13271] dbg: plugin: Mail::SpamAssassin::Plugin::Check=HASH(0x8e5f950) implements &apos;finish_tests&apos;, priority 0
  ok 2
  ok 3
  
  </stdout>
      <stderr></stderr>
      <duration>0.0</duration>
      <id>16</id>
      <cases>
        <case>
          <duration>0.0</duration>
          <className>make_test.t_debug_t</className>
          <testName>test      1</testName>
          <skipped>false</skipped>
          <failedSince>0</failedSince>
        </case>
        <case>
          <duration>0.0</duration>
          <className>make_test.t_debug_t</className>
          <testName>test      2</testName>
          <skipped>false</skipped>
          <failedSince>0</failedSince>
        </case>
        <case>
          <duration>0.0</duration>
          <className>make_test.t_debug_t</className>
          <testName>test      3</testName>
          <skipped>false</skipped>
          <failedSince>0</failedSince>
        </case>
      </cases>
    </suite>
    <suite>
      <file>/var/jenkins_home/jobs/groupByError/workspace/target/junit-report-1472.xml</file>
      <name>make_test.t_desc_wrap_t</name>
      <stdout>
  1..10
  # Running under perl version 5.008006 for solaris
  # Current time local: Thu Mar 27 09:19:11 2008
  # Current time GMT:   Thu Mar 27 09:19:11 2008
  # Using Test.pm version 1.25
  	/export/home/jm/tools/perl586/bin/perl -T -w ../spamassassin.raw -C log/test_rules_copy  --siteconfigpath log/localrules.tmp -p log/tst.cf  -L -t &lt; data/spam/001
  ok 1
  	Checking report
  ok 2
  	Checking rulehit
  ok 3
  ok 4
  ok 5
  	/export/home/jm/tools/perl586/bin/perl -T -w ../spamassassin.raw -C log/test_rules_copy  --siteconfigpath log/localrules.tmp -p log/tst.cf  -L -t &lt; data/spam/001
  ok 6
  	Checking report
  ok 7
  	Checking rulehit
  ok 8
  ok 9
  ok 10
  
  </stdout>
      <stderr></stderr>
      <duration>0.0</duration>
      <id>17</id>
      <cases>
        <case>
          <duration>0.0</duration>
          <className>make_test.t_desc_wrap_t</className>
          <testName>test      1</testName>
          <skipped>false</skipped>
          <failedSince>0</failedSince>
        </case>
        <case>
          <duration>0.0</duration>
          <className>make_test.t_desc_wrap_t</className>
          <testName>test      2</testName>
          <skipped>false</skipped>
          <failedSince>0</failedSince>
        </case>
        <case>
          <duration>0.0</duration>
          <className>make_test.t_desc_wrap_t</className>
          <testName>test      3</testName>
          <skipped>false</skipped>
          <failedSince>0</failedSince>
        </case>
        <case>
          <duration>0.0</duration>
          <className>make_test.t_desc_wrap_t</className>
          <testName>test      4</testName>
          <skipped>false</skipped>
          <failedSince>0</failedSince>
        </case>
        <case>
          <duration>0.0</duration>
          <className>make_test.t_desc_wrap_t</className>
          <testName>test      5</testName>
          <skipped>false</skipped>
          <failedSince>0</failedSince>
        </case>
        <case>
          <duration>0.0</duration>
          <className>make_test.t_desc_wrap_t</className>
          <testName>test      6</testName>
          <skipped>false</skipped>
          <failedSince>0</failedSince>
        </case>
        <case>
          <duration>0.0</duration>
          <className>make_test.t_desc_wrap_t</className>
          <testName>test      7</testName>
          <skipped>false</skipped>
          <failedSince>0</failedSince>
        </case>
        <case>
          <duration>0.0</duration>
          <className>make_test.t_desc_wrap_t</className>
          <testName>test      8</testName>
          <skipped>false</skipped>
          <failedSince>0</failedSince>
        </case>
        <case>
          <duration>0.0</duration>
          <className>make_test.t_desc_wrap_t</className>
          <testName>test      9</testName>
          <skipped>false</skipped>
          <failedSince>0</failedSince>
        </case>
        <case>
          <duration>0.0</duration>
          <className>make_test.t_desc_wrap_t</className>
          <testName>test     10</testName>
          <skipped>false</skipped>
          <failedSince>0</failedSince>
        </case>
      </cases>
    </suite>
    <suite>
      <file>/var/jenkins_home/jobs/groupByError/workspace/target/junit-report-1472.xml</file>
      <name>make_test.t_duplicates_t</name>
      <stdout>
  1..0
  # Running under perl version 5.008006 for solaris
  # Current time local: Thu Mar 27 09:19:15 2008
  # Current time GMT:   Thu Mar 27 09:19:15 2008
  # Using Test.pm version 1.25
  skipped: (no reason given)
  t/dnsbl...........................
  1..0
  # Running under perl version 5.008006 for solaris
  # Current time local: Thu Mar 27 09:19:15 2008
  # Current time GMT:   Thu Mar 27 09:19:15 2008
  # Using Test.pm version 1.25
  skipped: (no reason given)
  t/dnsbl_sc_meta...........
...[truncated 685 chars]...
R1
  ok 3
  	Checking  HDR2
  ok 4
  	Checking  META1
  ok 5
  	Checking  META2
  ok 6
  	Checking  META3
  ok 7
  	Checking  ran body rule FOO1 ======&gt; got hit
  ok 8
  	Checking  ran header rule HDR1 ======&gt; got hit
  ok 9
  	Checking  rules: FOO1 merged duplicates: FOO2
  ok 10
  	Checking  rules: HDR1 merged duplicates: HDR2
  ok 11
  	Checking for anti-pattern
  ok 12
  	Checking for anti-pattern
  ok 13
  	Checking for anti-pattern
  ok 14
  	Checking for anti-pattern
  ok 15
  ok 16
  
  </stdout>
      <stderr></stderr>
      <duration>0.0</duration>
      <id>18</id>
      <cases>
        <case>
          <duration>0.0</duration>
          <className>make_test.t_duplicates_t</className>
          <testName>test      1</testName>
          <skipped>false</skipped>
          <failedSince>0</failedSince>
        </case>
        <case>
          <duration>0.0</duration>
          <className>make_test.t_duplicates_t</className>
          <testName>test      2</testName>
          <skipped>false</skipped>
          <failedSince>0</failedSince>
        </case>
        <case>
          <duration>0.0</duration>
          <className>make_test.t_duplicates_t</className>
          <testName>test      3</testName>
          <skipped>false</skipped>
          <failedSince>0</failedSince>
        </case>
        <case>
          <duration>0.0</duration>
          <className>make_test.t_duplicates_t</className>
          <testName>test      4</testName>
          <skipped>false</skipped>
          <failedSince>0</failedSince>
        </case>
        <case>
          <duration>0.0</duration>
          <className>make_test.t_duplicates_t</className>
          <testName>test      5</testName>
          <skipped>false</skipped>
          <failedSince>0</failedSince>
        </case>
        <case>
          <duration>0.0</duration>
          <className>make_test.t_duplicates_t</className>
          <testName>test      6</testName>
          <skipped>false</skipped>
          <failedSince>0</failedSince>
        </case>
        <case>
          <duration>0.0</duration>
          <className>make_test.t_duplicates_t</className>
          <testName>test      7</testName>
          <skipped>false</skipped>
          <failedSince>0</failedSince>
        </case>
        <case>
          <duration>0.0</duration>
          <className>make_test.t_duplicates_t</className>
          <testName>test      8</testName>
          <skipped>false</skipped>
          <failedSince>0</failedSince>
        </case>
        <case>
          <duration>0.0</duration>
          <className>make_test.t_duplicates_t</className>
          <testName>test      9</testName>
          <skipped>false</skipped>
          <failedSince>0</failedSince>
        </case>
        <case>
          <duration>0.0</duration>
          <className>make_test.t_duplicates_t</className>
          <testName>test     10</testName>
          <skipped>false</skipped>
          <failedSince>0</failedSince>
        </case>
        <case>
          <duration>0.0</duration>
          <className>make_test.t_duplicates_t</className>
          <testName>test     11</testName>
          <skipped>false</skipped>
          <failedSince>0</failedSince>
        </case>
        <case>
          <duration>0.0</duration>
          <className>make_test.t_duplicates_t</className>
          <testName>test     12</testName>
          <skipped>false</skipped>
          <failedSince>0</failedSince>
        </case>
        <case>
          <duration>0.0</duration>
          <className>make_test.t_duplicates_t</className>
          <testName>test     13</testName>
          <skipped>false</skipped>
          <failedSince>0</failedSince>
        </case>
        <case>
          <duration>0.0</duration>
          <className>make_test.t_duplicates_t</className>
          <testName>test     14</testName>
          <skipped>false</skipped>
          <failedSince>0</failedSince>
        </case>
        <case>
          <duration>0.0</duration>
          <className>make_test.t_duplicates_t</className>
          <testName>test     15</testName>
          <skipped>false</skipped>
          <failedSince>0</failedSince>
        </case>
        <case>
          <duration>0.0</duration>
          <className>make_test.t_duplicates_t</className>
          <testName>test     16</testName>
          <skipped>false</skipped>
          <failedSince>0</failedSince>
        </case>
      </cases>
    </suite>
    <suite>
      <file>/var/jenkins_home/jobs/groupByError/workspace/target/junit-report-1472.xml</file>
      <name>make_test.t_get_all_headers_t</name>
      <stdout>
  1..4
  # Running under perl version 5.008006 for solaris
  # Current time local: Thu Mar 27 09:19:17 2008
  # Current time GMT:   Thu Mar 27 09:19:17 2008
  # Using Test.pm version 1.25
  	/export/home/jm/tools/perl586/bin/perl -T -w ../spamassassin.raw -C log/test_rules_copy  --siteconfigpath log/localrules.tmp -p log/test_default.cf  -L -t &lt; data/spam/008
  ok 1
  	Checking no-extra-space
  ok 2
  	Checking full-headers
  ok 3
  	Checking for anti-pattern extra-space
  ok 4
  
  </stdout>
      <stderr></stderr>
      <duration>0.0</duration>
      <id>19</id>
      <cases>
        <case>
          <duration>0.0</duration>
          <className>make_test.t_get_all_headers_t</className>
          <testName>test      1</testName>
          <skipped>false</skipped>
          <failedSince>0</failedSince>
        </case>
        <case>
          <duration>0.0</duration>
          <className>make_test.t_get_all_headers_t</className>
          <testName>test      2</testName>
          <skipped>false</skipped>
          <failedSince>0</failedSince>
        </case>
        <case>
          <duration>0.0</duration>
          <className>make_test.t_get_all_headers_t</className>
          <testName>test      3</testName>
          <skipped>false</skipped>
          <failedSince>0</failedSince>
        </case>
        <case>
          <duration>0.0</duration>
          <className>make_test.t_get_all_headers_t</className>
          <testName>test      4</testName>
          <skipped>false</skipped>
          <failedSince>0</failedSince>
        </case>
      </cases>
    </suite>
    <suite>
      <file>/var/jenkins_home/jobs/groupByError/workspace/target/junit-report-1472.xml</file>
      <name>make_test.t_get_headers_t</name>
      <stdout>
  1..13
  # Running under perl version 5.008006 for solaris
  # Current time local: Thu Mar 27 09:19:19 2008
  # Current time GMT:   Thu Mar 27 09:19:19 2008
  # Using Test.pm version 1.25
  ok 1
  ok 2
  ok 3
  ok 4
  ok 5
  ok 6
  ok 7
  ok 8
  ok 9
  ok 10
  ok 11
  ok 12
  ok 13
  
  </stdout>
      <stderr></stderr>
      <duration>0.0</duration>
      <id>20</id>
      <cases>
        <case>
          <duration>0.0</duration>
          <className>make_test.t_get_headers_t</className>
          <testName>test      1</testName>
          <skipped>false</skipped>
          <failedSince>0</failedSince>
        </case>
        <case>
          <duration>0.0</duration>
          <className>make_test.t_get_headers_t</className>
          <testName>test      2</testName>
          <skipped>false</skipped>
          <failedSince>0</failedSince>
        </case>
        <case>
          <duration>0.0</duration>
          <className>make_test.t_get_headers_t</className>
          <testName>test      3</testName>
          <skipped>false</skipped>
          <failedSince>0</failedSince>
        </case>
        <case>
          <duration>0.0</duration>
          <className>make_test.t_get_headers_t</className>
          <testName>test      4</testName>
          <skipped>false</skipped>
          <failedSince>0</failedSince>
        </case>
        <case>
          <duration>0.0</duration>
          <className>make_test.t_get_headers_t</className>
          <testName>test      5</testName>
          <skipped>false</skipped>
          <failedSince>0</failedSince>
        </case>
        <case>
          <duration>0.0</duration>
          <className>make_test.t_get_headers_t</className>
          <testName>test      6</testName>
          <skipped>false</skipped>
          <failedSince>0</failedSince>
        </case>
        <case>
          <duration>0.0</duration>
          <className>make_test.t_get_headers_t</className>
          <testName>test      7</testName>
          <skipped>false</skipped>
          <failedSince>0</failedSince>
        </case>
        <case>
          <duration>0.0</duration>
          <className>make_test.t_get_headers_t</className>
          <testName>test      8</testName>
          <skipped>false</skipped>
          <failedSince>0</failedSince>
        </case>
        <case>
          <duration>0.0</duration>
          <className>make_test.t_get_headers_t</className>
          <testName>test      9</testName>
          <skipped>false</skipped>
          <failedSince>0</failedSince>
        </case>
        <case>
          <duration>0.0</duration>
          <className>make_test.t_get_headers_t</className>
          <testName>test     10</testName>
          <skipped>false</skipped>
          <failedSince>0</failedSince>
        </case>
        <case>
          <duration>0.0</duration>
          <className>make_test.t_get_headers_t</className>
          <testName>test     11</testName>
          <skipped>false</skipped>
          <failedSince>0</failedSince>
        </case>
        <case>
          <duration>0.0</duration>
          <className>make_test.t_get_headers_t</className>
          <testName>test     12</testName>
          <skipped>false</skipped>
          <failedSince>0</failedSince>
        </case>
        <case>
          <duration>0.0</duration>
          <className>make_test.t_get_headers_t</className>
          <testName>test     13</testName>
          <skipped>false</skipped>
          <failedSince>0</failedSince>
        </case>
      </cases>
    </suite>
    <suite>
      <file>/var/jenkins_home/jobs/groupByError/workspace/target/junit-report-1472.xml</file>
      <name>make_test.t_gtube_t</name>
      <stdout>

  1..4
  # Running under perl version 5.008006 for solaris
  # Current time local: Thu Mar 27 09:19:20 2008
  # Current time GMT:   Thu Mar 27 09:19:20 2008
  # Using Test.pm version 1.25
  	/export/home/jm/tools/perl586/bin/perl -T -w ../spamassassin.raw -C log/test_rules_copy  --siteconfigpath log/localrules.tmp -p log/tst.cf  -L -t &lt; data/spam/gtube.eml
  ok 1
  	Checking gtube
  ok 2
  	/export/home/jm/tools/perl586/bin/perl -T -w ../spamassassin.raw -C log/test_rules_copy  --siteconfigpath log/localrules.tmp -p log/tst.cf  -L -t &lt; data/nice/not_gtube.eml
  ok 3
  	Checking not_marked_as_spam_from_awl_bonus
  ok 4
  
  </stdout>
      <stderr></stderr>
      <duration>0.0</duration>
      <id>21</id>
      <cases>
        <case>
          <duration>0.0</duration>
          <className>make_test.t_gtube_t</className>
          <testName>test      1</testName>
          <skipped>false</skipped>
          <failedSince>0</failedSince>
        </case>
        <case>
          <duration>0.0</duration>
          <className>make_test.t_gtube_t</className>
          <testName>test      2</testName>
          <skipped>false</skipped>
          <failedSince>0</failedSince>
        </case>
        <case>
          <duration>0.0</duration>
          <className>make_test.t_gtube_t</className>
          <testName>test      3</testName>
          <skipped>false</skipped>
          <failedSince>0</failedSince>
        </case>
        <case>
          <duration>0.0</duration>
          <className>make_test.t_gtube_t</className>
          <testName>test      4</testName>
          <skipped>false</skipped>
          <failedSince>0</failedSince>
        </case>
      </cases>
    </suite>
    <suite>
      <file>/var/jenkins_home/jobs/groupByError/workspace/target/junit-report-1472.xml</file>
      <name>make_test.t_html_colors_t</name>
      <stdout>
  1..0
  # Running under perl version 5.008006 for solaris
  # Current time local: Thu Mar 27 09:19:23 2008
  # Current time GMT:   Thu Mar 27 09:19:23 2008
  # Using Test.pm version 1.25
  skipped: (no reason given)
  t/html_colors.....................
  1..24
  # Running under perl version 5.008006 for solaris
  # Current time local: Thu Mar 27 09:19:23 2008
  # Current time GMT:   Thu Mar 27 09:19:23 2008
  # Using Test.pm version 1.25
  ok 1
  ok 2
  ok 3
  ok 4
  ok 5
  ok 6
  ok 7
  ok 8
  ok 9
  ok 10
  ok 11
  ok 12
  ok 13
  ok 14
  ok 15
  ok 16
  ok 17
  ok 18
  ok 19
  ok 20
  ok 21
  ok 22
  ok 23
  ok 24
  
  </stdout>
      <stderr></stderr>
      <duration>0.0</duration>
      <id>22</id>
      <cases>
        <case>
          <duration>0.0</duration>
          <className>make_test.t_html_colors_t</className>
          <testName>test      1</testName>
          <skipped>false</skipped>
          <failedSince>0</failedSince>
        </case>
        <case>
          <duration>0.0</duration>
          <className>make_test.t_html_colors_t</className>
          <testName>test      2</testName>
          <skipped>false</skipped>
          <failedSince>0</failedSince>
        </case>
        <case>
          <duration>0.0</duration>
          <className>make_test.t_html_colors_t</className>
          <testName>test      3</testName>
          <skipped>false</skipped>
          <failedSince>0</failedSince>
        </case>
        <case>
          <duration>0.0</duration>
          <className>make_test.t_html_colors_t</className>
          <testName>test      4</testName>
          <skipped>false</skipped>
          <failedSince>0</failedSince>
        </case>
        <case>
          <duration>0.0</duration>
          <className>make_test.t_html_colors_t</className>
          <testName>test      5</testName>
          <skipped>false</skipped>
          <failedSince>0</failedSince>
        </case>
        <case>
          <duration>0.0</duration>
          <className>make_test.t_html_colors_t</className>
          <testName>test      6</testName>
          <skipped>false</skipped>
          <failedSince>0</failedSince>
        </case>
        <case>
          <duration>0.0</duration>
          <className>make_test.t_html_colors_t</className>
          <testName>test      7</testName>
          <skipped>false</skipped>
          <failedSince>0</failedSince>
        </case>
        <case>
          <duration>0.0</duration>
          <className>make_test.t_html_colors_t</className>
          <testName>test      8</testName>
          <skipped>false</skipped>
          <failedSince>0</failedSince>
        </case>
        <case>
          <duration>0.0</duration>
          <className>make_test.t_html_colors_t</className>
          <testName>test      9</testName>
          <skipped>false</skipped>
          <failedSince>0</failedSince>
        </case>
        <case>
          <duration>0.0</duration>
          <className>make_test.t_html_colors_t</className>
          <testName>test     10</testName>
          <skipped>false</skipped>
          <failedSince>0</failedSince>
        </case>
        <case>
          <duration>0.0</duration>
          <className>make_test.t_html_colors_t</className>
          <testName>test     11</testName>
          <skipped>false</skipped>
          <failedSince>0</failedSince>
        </case>
        <case>
          <duration>0.0</duration>
          <className>make_test.t_html_colors_t</className>
          <testName>test     12</testName>
          <skipped>false</skipped>
          <failedSince>0</failedSince>
        </case>
        <case>
          <duration>0.0</duration>
          <className>make_test.t_html_colors_t</className>
          <testName>test     13</testName>
          <skipped>false</skipped>
          <failedSince>0</failedSince>
        </case>
        <case>
          <duration>0.0</duration>
          <className>make_test.t_html_colors_t</className>
          <testName>test     14</testName>
          <skipped>false</skipped>
          <failedSince>0</failedSince>
        </case>
        <case>
          <duration>0.0</duration>
          <className>make_test.t_html_colors_t</className>
          <testName>test     15</testName>
          <skipped>false</skipped>
          <failedSince>0</failedSince>
        </case>
        <case>
          <duration>0.0</duration>
          <className>make_test.t_html_colors_t</className>
          <testName>test     16</testName>
          <skipped>false</skipped>
          <failedSince>0</failedSince>
        </case>
        <case>
          <duration>0.0</duration>
          <className>make_test.t_html_colors_t</className>
          <testName>test     17</testName>
          <skipped>false</skipped>
          <failedSince>0</failedSince>
        </case>
        <case>
          <duration>0.0</duration>
          <className>make_test.t_html_colors_t</className>
          <testName>test     18</testName>
          <skipped>false</skipped>
          <failedSince>0</failedSince>
        </case>
        <case>
          <duration>0.0</duration>
          <className>make_test.t_html_colors_t</className>
          <testName>test     19</testName>
          <skipped>false</skipped>
          <failedSince>0</failedSince>
        </case>
        <case>
          <duration>0.0</duration>
          <className>make_test.t_html_colors_t</className>
          <testName>test     20</testName>
          <skipped>false</skipped>
          <failedSince>0</failedSince>
        </case>
        <case>
          <duration>0.0</duration>
          <className>make_test.t_html_colors_t</className>
          <testName>test     21</testName>
          <skipped>false</skipped>
          <failedSince>0</failedSince>
        </case>
        <case>
          <duration>0.0</duration>
          <className>make_test.t_html_colors_t</className>
          <testName>test     22</testName>
          <skipped>false</skipped>
          <failedSince>0</failedSince>
        </case>
        <case>
          <duration>0.0</duration>
          <className>make_test.t_html_colors_t</className>
          <testName>test     23</testName>
          <skipped>false</skipped>
          <failedSince>0</failedSince>
        </case>
        <case>
          <duration>0.0</duration>
          <className>make_test.t_html_colors_t</className>
          <testName>test     24</testName>
          <skipped>false</skipped>
          <failedSince>0</failedSince>
        </case>
      </cases>
    </suite>
    <suite>
      <file>/var/jenkins_home/jobs/groupByError/workspace/target/junit-report-1472.xml</file>
      <name>make_test.t_html_obfu_t</name>
      <stdout>
  1..6
  # Running under perl version 5.008006 for solaris
  # Current time local: Thu Mar 27 09:19:23 2008
  # Current time GMT:   Thu Mar 27 09:19:23 2008
  # Using Test.pm version 1.25
  	/export/home/jm/tools/perl586/bin/perl -T -w ../spamassassin.raw -C log/test_rules_copy  --siteconfigpath log/localrules.tmp -p log/test_default.cf  -L -t &lt; data/spam/011
  	Checking GUARANTEE
  ok 1
  	Checking MILLION_EMAIL
  ok 2
  	Checking NATURAL
  ok 3
  	Checking OUR_AFFILIATE_PARTNERS
  ok 4
  	Checking VIAGRA
  ok 5
  	Checking for anti-pattern OPPORTUNITY
  ok 6
  
  </stdout>
      <stderr></stderr>
      <duration>0.0</duration>
      <id>23</id>
      <cases>
        <case>
          <duration>0.0</duration>
          <className>make_test.t_html_obfu_t</className>
          <testName>test      1</testName>
          <skipped>false</skipped>
          <failedSince>0</failedSince>
        </case>
        <case>
          <duration>0.0</duration>
          <className>make_test.t_html_obfu_t</className>
          <testName>test      2</testName>
          <skipped>false</skipped>
          <failedSince>0</failedSince>
        </case>
        <case>
          <duration>0.0</duration>
          <className>make_test.t_html_obfu_t</className>
          <testName>test      3</testName>
          <skipped>false</skipped>
          <failedSince>0</failedSince>
        </case>
        <case>
          <duration>0.0</duration>
          <className>make_test.t_html_obfu_t</className>
          <testName>test      4</testName>
          <skipped>false</skipped>
          <failedSince>0</failedSince>
        </case>
        <case>
          <duration>0.0</duration>
          <className>make_test.t_html_obfu_t</className>
          <testName>test      5</testName>
          <skipped>false</skipped>
          <failedSince>0</failedSince>
        </case>
        <case>
          <duration>0.0</duration>
          <className>make_test.t_html_obfu_t</className>
          <testName>test      6</testName>
          <skipped>false</skipped>
          <failedSince>0</failedSince>
        </case>
      </cases>
    </suite>
    <suite>
      <file>/var/jenkins_home/jobs/groupByError/workspace/target/junit-report-1472.xml</file>
      <name>make_test.t_html_utf8_t</name>
      <stdout>
  1..2
  # Running under perl version 5.008006 for solaris
  # Current time local: Thu Mar 27 09:19:25 2008
  # Current time GMT:   Thu Mar 27 09:19:25 2008
  # Using Test.pm version 1.25
  	/export/home/jm/tools/perl586/bin/perl -T -w ../spamassassin.raw -C log/test_rules_copy  --siteconfigpath log/localrules.tmp -p log/test_default.cf  -L -t &lt; data/spam/009
  	Checking QUOTE_YOUR
  ok 1
  	Checking for anti-pattern OPPORTUNITY
  ok 2
  

  </stdout>
      <stderr></stderr>
      <duration>0.0</duration>
      <id>24</id>
      <cases>
        <case>
          <duration>0.0</duration>
          <className>make_test.t_html_utf8_t</className>
          <testName>test      1</testName>
          <skipped>false</skipped>
          <failedSince>0</failedSince>
        </case>
        <case>
          <duration>0.0</duration>
          <className>make_test.t_html_utf8_t</className>
          <testName>test      2</testName>
          <skipped>false</skipped>
          <failedSince>0</failedSince>
        </case>
      </cases>
    </suite>
    <suite>
      <file>/var/jenkins_home/jobs/groupByError/workspace/target/junit-report-1472.xml</file>
      <name>make_test.t_ifversion_t</name>
      <stdout>
  1..4
  # Running under perl version 5.008006 for solaris
  # Current time local: Thu Mar 27 09:19:27 2008
  # Current time GMT:   Thu Mar 27 09:19:27 2008
  # Using Test.pm version 1.25
  	/export/home/jm/tools/perl586/bin/perl -T -w ../spamassassin.raw -C log/test_rules_copy  --siteconfigpath log/localrules.tmp -p log/test_default.cf  -L -t &lt; data/spam/gtube.eml
  ok 1
  	Checking gtube
  ok 2
  	Checking should_be_called
  ok 3
  	Checking for anti-pattern should_not_be_called
  ok 4
  
  </stdout>
      <stderr></stderr>
      <duration>0.0</duration>
      <id>25</id>
      <cases>
        <case>
          <duration>0.0</duration>
          <className>make_test.t_ifversion_t</className>
          <testName>test      1</testName>
          <skipped>false</skipped>
          <failedSince>0</failedSince>
        </case>
        <case>
          <duration>0.0</duration>
          <className>make_test.t_ifversion_t</className>
          <testName>test      2</testName>
          <skipped>false</skipped>
          <failedSince>0</failedSince>
        </case>
        <case>
          <duration>0.0</duration>
          <className>make_test.t_ifversion_t</className>
          <testName>test      3</testName>
          <skipped>false</skipped>
          <failedSince>0</failedSince>
        </case>
        <case>
          <duration>0.0</duration>
          <className>make_test.t_ifversion_t</className>
          <testName>test      4</testName>
          <skipped>false</skipped>
          <failedSince>0</failedSince>
        </case>
      </cases>
    </suite>
    <suite>
      <file>/var/jenkins_home/jobs/groupByError/workspace/target/junit-report-1472.xml</file>
      <name>make_test.t_ip_addrs_t</name>
      <stdout>
  1..105
  # Running under perl version 5.008006 for solaris
  # Current time local: Thu Mar 27 09:19:29 2008
  # Current time GMT:   Thu Mar 27 09:19:29 2008
  # Using Test.pm version 1.25
  ok 1
  ok 2
  ok 3
  ok 4
  ok 5
  ok 6
  ok 7
  ok 8
  ok 9
  ok 10
  ok 11
  ok 12
  ok 13
  ok 14
  ok 15
  ok 16
  ok 17
  ok 18
  ok 19
  ok 20
  ok 21
  ok 22
  ok 23
  ok 24
  ok 25
  ok 26
  ok 27
  ok 28
  ok 29
  ok 30
  ok 31
  ok 32
  ok 33
  ok 34
  ok 35
  ok 36
  ok 37
  ok 38
  ok 39
  ok 4
...[truncated 34 chars]...
  ok 45
  ok 46
  ok 47
  ok 48
  ok 49
  ok 50
  ok 51
  ok 52
  ok 53
  ok 54
  ok 55
  ok 56
  ok 57
  ok 58
  ok 59
  ok 60
  ok 61
  ok 62
  ok 63
  ok 64
  ok 65
  ok 66
  ok 67
  ok 68
  ok 69
  ok 70
  ok 71
  ok 72
  ok 73
  ok 74
  ok 75
  ok 76
  ok 77
  ok 78
  ok 79
  ok 80
  ok 81
  ok 82
  ok 83
  ok 84
  ok 85
  ok 86
  ok 87
  ok 88
  ok 89
  ok 90
  ok 91
  ok 92
  ok 93
  ok 94
  ok 95
  ok 96
  ok 97
  ok 98
  ok 99
  ok 100
  ok 101
  ok 102
  ok 103
  ok 104
  ok 105
  

  </stdout>
      <stderr></stderr>
      <duration>0.0</duration>
      <id>26</id>
      <cases>
        <case>
          <duration>0.0</duration>
          <className>make_test.t_ip_addrs_t</className>
          <testName>test      1</testName>
          <skipped>false</skipped>
          <failedSince>0</failedSince>
        </case>
        <case>
          <duration>0.0</duration>
          <className>make_test.t_ip_addrs_t</className>
          <testName>test      2</testName>
          <skipped>false</skipped>
          <failedSince>0</failedSince>
        </case>
        <case>
          <duration>0.0</duration>
          <className>make_test.t_ip_addrs_t</className>
          <testName>test      3</testName>
          <skipped>false</skipped>
          <failedSince>0</failedSince>
        </case>
        <case>
          <duration>0.0</duration>
          <className>make_test.t_ip_addrs_t</className>
          <testName>test      4</testName>
          <skipped>false</skipped>
          <failedSince>0</failedSince>
        </case>
        <case>
          <duration>0.0</duration>
          <className>make_test.t_ip_addrs_t</className>
          <testName>test      5</testName>
          <skipped>false</skipped>
          <failedSince>0</failedSince>
        </case>
        <case>
          <duration>0.0</duration>
          <className>make_test.t_ip_addrs_t</className>
          <testName>test      6</testName>
          <skipped>false</skipped>
          <failedSince>0</failedSince>
        </case>
        <case>
          <duration>0.0</duration>
          <className>make_test.t_ip_addrs_t</className>
          <testName>test      7</testName>
          <skipped>false</skipped>
          <failedSince>0</failedSince>
        </case>
        <case>
          <duration>0.0</duration>
          <className>make_test.t_ip_addrs_t</className>
          <testName>test      8</testName>
          <skipped>false</skipped>
          <failedSince>0</failedSince>
        </case>
        <case>
          <duration>0.0</duration>
          <className>make_test.t_ip_addrs_t</className>
          <testName>test      9</testName>
          <skipped>false</skipped>
          <failedSince>0</failedSince>
        </case>
        <case>
          <duration>0.0</duration>
          <className>make_test.t_ip_addrs_t</className>
          <testName>test     10</testName>
          <skipped>false</skipped>
          <failedSince>0</failedSince>
        </case>
        <case>
          <duration>0.0</duration>
          <className>make_test.t_ip_addrs_t</className>
          <testName>test     11</testName>
          <skipped>false</skipped>
          <failedSince>0</failedSince>
        </case>
        <case>
          <duration>0.0</duration>
          <className>make_test.t_ip_addrs_t</className>
          <testName>test     12</testName>
          <skipped>false</skipped>
          <failedSince>0</failedSince>
        </case>
        <case>
          <duration>0.0</duration>
          <className>make_test.t_ip_addrs_t</className>
          <testName>test     13</testName>
          <skipped>false</skipped>
          <failedSince>0</failedSince>
        </case>
        <case>
          <duration>0.0</duration>
          <className>make_test.t_ip_addrs_t</className>
          <testName>test     14</testName>
          <skipped>false</skipped>
          <failedSince>0</failedSince>
        </case>
        <case>
          <duration>0.0</duration>
          <className>make_test.t_ip_addrs_t</className>
          <testName>test     15</testName>
          <skipped>false</skipped>
          <failedSince>0</failedSince>
        </case>
        <case>
          <duration>0.0</duration>
          <className>make_test.t_ip_addrs_t</className>
          <testName>test     16</testName>
          <skipped>false</skipped>
          <failedSince>0</failedSince>
        </case>
        <case>
          <duration>0.0</duration>
          <className>make_test.t_ip_addrs_t</className>
          <testName>test     17</testName>
          <skipped>false</skipped>
          <failedSince>0</failedSince>
        </case>
        <case>
          <duration>0.0</duration>
          <className>make_test.t_ip_addrs_t</className>
          <testName>test     18</testName>
          <skipped>false</skipped>
          <failedSince>0</failedSince>
        </case>
        <case>
          <duration>0.0</duration>
          <className>make_test.t_ip_addrs_t</className>
          <testName>test     19</testName>
          <skipped>false</skipped>
          <failedSince>0</failedSince>
        </case>
        <case>
          <duration>0.0</duration>
          <className>make_test.t_ip_addrs_t</className>
          <testName>test     20</testName>
          <skipped>false</skipped>
          <failedSince>0</failedSince>
        </case>
        <case>
          <duration>0.0</duration>
          <className>make_test.t_ip_addrs_t</className>
          <testName>test     21</testName>
          <skipped>false</skipped>
          <failedSince>0</failedSince>
        </case>
        <case>
          <duration>0.0</duration>
          <className>make_test.t_ip_addrs_t</className>
          <testName>test     22</testName>
          <skipped>false</skipped>
          <failedSince>0</failedSince>
        </case>
        <case>
          <duration>0.0</duration>
          <className>make_test.t_ip_addrs_t</className>
          <testName>test     23</testName>
          <skipped>false</skipped>
          <failedSince>0</failedSince>
        </case>
        <case>
          <duration>0.0</duration>
          <className>make_test.t_ip_addrs_t</className>
          <testName>test     24</testName>
          <skipped>false</skipped>
          <failedSince>0</failedSince>
        </case>
        <case>
          <duration>0.0</duration>
          <className>make_test.t_ip_addrs_t</className>
          <testName>test     25</testName>
          <skipped>false</skipped>
          <failedSince>0</failedSince>
        </case>
        <case>
          <duration>0.0</duration>
          <className>make_test.t_ip_addrs_t</className>
          <testName>test     26</testName>
          <skipped>false</skipped>
          <failedSince>0</failedSince>
        </case>
        <case>
          <duration>0.0</duration>
          <className>make_test.t_ip_addrs_t</className>
          <testName>test     27</testName>
          <skipped>false</skipped>
          <failedSince>0</failedSince>
        </case>
        <case>
          <duration>0.0</duration>
          <className>make_test.t_ip_addrs_t</className>
          <testName>test     28</testName>
          <skipped>false</skipped>
          <failedSince>0</failedSince>
        </case>
        <case>
          <duration>0.0</duration>
          <className>make_test.t_ip_addrs_t</className>
          <testName>test     29</testName>
          <skipped>false</skipped>
          <failedSince>0</failedSince>
        </case>
        <case>
          <duration>0.0</duration>
          <className>make_test.t_ip_addrs_t</className>
          <testName>test     30</testName>
          <skipped>false</skipped>
          <failedSince>0</failedSince>
        </case>
        <case>
          <duration>0.0</duration>
          <className>make_test.t_ip_addrs_t</className>
          <testName>test     31</testName>
          <skipped>false</skipped>
          <failedSince>0</failedSince>
        </case>
        <case>
          <duration>0.0</duration>
          <className>make_test.t_ip_addrs_t</className>
          <testName>test     32</testName>
          <skipped>false</skipped>
          <failedSince>0</failedSince>
        </case>
        <case>
          <duration>0.0</duration>
          <className>make_test.t_ip_addrs_t</className>
          <testName>test     33</testName>
          <skipped>false</skipped>
          <failedSince>0</failedSince>
        </case>
        <case>
          <duration>0.0</duration>
          <className>make_test.t_ip_addrs_t</className>
          <testName>test     34</testName>
          <skipped>false</skipped>
          <failedSince>0</failedSince>
        </case>
        <case>
          <duration>0.0</duration>
          <className>make_test.t_ip_addrs_t</className>
          <testName>test     35</testName>
          <skipped>false</skipped>
          <failedSince>0</failedSince>
        </case>
        <case>
          <duration>0.0</duration>
          <className>make_test.t_ip_addrs_t</className>
          <testName>test     36</testName>
          <skipped>false</skipped>
          <failedSince>0</failedSince>
        </case>
        <case>
          <duration>0.0</duration>
          <className>make_test.t_ip_addrs_t</className>
          <testName>test     37</testName>
          <skipped>false</skipped>
          <failedSince>0</failedSince>
        </case>
        <case>
          <duration>0.0</duration>
          <className>make_test.t_ip_addrs_t</className>
          <testName>test     38</testName>
          <skipped>false</skipped>
          <failedSince>0</failedSince>
        </case>
        <case>
          <duration>0.0</duration>
          <className>make_test.t_ip_addrs_t</className>
          <testName>test     39</testName>
          <skipped>false</skipped>
          <failedSince>0</failedSince>
        </case>
        <case>
          <duration>0.0</duration>
          <className>make_test.t_ip_addrs_t</className>
          <testName>test     40</testName>
          <skipped>false</skipped>
          <failedSince>0</failedSince>
        </case>
        <case>
          <duration>0.0</duration>
          <className>make_test.t_ip_addrs_t</className>
          <testName>test     41</testName>
          <skipped>false</skipped>
          <failedSince>0</failedSince>
        </case>
        <case>
          <duration>0.0</duration>
          <className>make_test.t_ip_addrs_t</className>
          <testName>test     42</testName>
          <skipped>false</skipped>
          <failedSince>0</failedSince>
        </case>
        <case>
          <duration>0.0</duration>
          <className>make_test.t_ip_addrs_t</className>
          <testName>test     43</testName>
          <skipped>false</skipped>
          <failedSince>0</failedSince>
        </case>
        <case>
          <duration>0.0</duration>
          <className>make_test.t_ip_addrs_t</className>
          <testName>test     44</testName>
          <skipped>false</skipped>
          <failedSince>0</failedSince>
        </case>
        <case>
          <duration>0.0</duration>
          <className>make_test.t_ip_addrs_t</className>
          <testName>test     45</testName>
          <skipped>false</skipped>
          <failedSince>0</failedSince>
        </case>
        <case>
          <duration>0.0</duration>
          <className>make_test.t_ip_addrs_t</className>
          <testName>test     46</testName>
          <skipped>false</skipped>
          <failedSince>0</failedSince>
        </case>
        <case>
          <duration>0.0</duration>
          <className>make_test.t_ip_addrs_t</className>
          <testName>test     47</testName>
          <skipped>false</skipped>
          <failedSince>0</failedSince>
        </case>
        <case>
          <duration>0.0</duration>
          <className>make_test.t_ip_addrs_t</className>
          <testName>test     48</testName>
          <skipped>false</skipped>
          <failedSince>0</failedSince>
        </case>
        <case>
          <duration>0.0</duration>
          <className>make_test.t_ip_addrs_t</className>
          <testName>test     49</testName>
          <skipped>false</skipped>
          <failedSince>0</failedSince>
        </case>
        <case>
          <duration>0.0</duration>
          <className>make_test.t_ip_addrs_t</className>
          <testName>test     50</testName>
          <skipped>false</skipped>
          <failedSince>0</failedSince>
        </case>
        <case>
          <duration>0.0</duration>
          <className>make_test.t_ip_addrs_t</className>
          <testName>test     51</testName>
          <skipped>false</skipped>
          <failedSince>0</failedSince>
        </case>
        <case>
          <duration>0.0</duration>
          <className>make_test.t_ip_addrs_t</className>
          <testName>test     52</testName>
          <skipped>false</skipped>
          <failedSince>0</failedSince>
        </case>
        <case>
          <duration>0.0</duration>
          <className>make_test.t_ip_addrs_t</className>
          <testName>test     53</testName>
          <skipped>false</skipped>
          <failedSince>0</failedSince>
        </case>
        <case>
          <duration>0.0</duration>
          <className>make_test.t_ip_addrs_t</className>
          <testName>test     54</testName>
          <skipped>false</skipped>
          <failedSince>0</failedSince>
        </case>
        <case>
          <duration>0.0</duration>
          <className>make_test.t_ip_addrs_t</className>
          <testName>test     55</testName>
          <skipped>false</skipped>
          <failedSince>0</failedSince>
        </case>
        <case>
          <duration>0.0</duration>
          <className>make_test.t_ip_addrs_t</className>
          <testName>test     56</testName>
          <skipped>false</skipped>
          <failedSince>0</failedSince>
        </case>
        <case>
          <duration>0.0</duration>
          <className>make_test.t_ip_addrs_t</className>
          <testName>test     57</testName>
          <skipped>false</skipped>
          <failedSince>0</failedSince>
        </case>
        <case>
          <duration>0.0</duration>
          <className>make_test.t_ip_addrs_t</className>
          <testName>test     58</testName>
          <skipped>false</skipped>
          <failedSince>0</failedSince>
        </case>
        <case>
          <duration>0.0</duration>
          <className>make_test.t_ip_addrs_t</className>
          <testName>test     59</testName>
          <skipped>false</skipped>
          <failedSince>0</failedSince>
        </case>
        <case>
          <duration>0.0</duration>
          <className>make_test.t_ip_addrs_t</className>
          <testName>test     60</testName>
          <skipped>false</skipped>
          <failedSince>0</failedSince>
        </case>
        <case>
          <duration>0.0</duration>
          <className>make_test.t_ip_addrs_t</className>
          <testName>test     61</testName>
          <skipped>false</skipped>
          <failedSince>0</failedSince>
        </case>
        <case>
          <duration>0.0</duration>
          <className>make_test.t_ip_addrs_t</className>
          <testName>test     62</testName>
          <skipped>false</skipped>
          <failedSince>0</failedSince>
        </case>
        <case>
          <duration>0.0</duration>
          <className>make_test.t_ip_addrs_t</className>
          <testName>test     63</testName>
          <skipped>false</skipped>
          <failedSince>0</failedSince>
        </case>
        <case>
          <duration>0.0</duration>
          <className>make_test.t_ip_addrs_t</className>
          <testName>test     64</testName>
          <skipped>false</skipped>
          <failedSince>0</failedSince>
        </case>
        <case>
          <duration>0.0</duration>
          <className>make_test.t_ip_addrs_t</className>
          <testName>test     65</testName>
          <skipped>false</skipped>
          <failedSince>0</failedSince>
        </case>
        <case>
          <duration>0.0</duration>
          <className>make_test.t_ip_addrs_t</className>
          <testName>test     66</testName>
          <skipped>false</skipped>
          <failedSince>0</failedSince>
        </case>
        <case>
          <duration>0.0</duration>
          <className>make_test.t_ip_addrs_t</className>
          <testName>test     67</testName>
          <skipped>false</skipped>
          <failedSince>0</failedSince>
        </case>
        <case>
          <duration>0.0</duration>
          <className>make_test.t_ip_addrs_t</className>
          <testName>test     68</testName>
          <skipped>false</skipped>
          <failedSince>0</failedSince>
        </case>
        <case>
          <duration>0.0</duration>
          <className>make_test.t_ip_addrs_t</className>
          <testName>test     69</testName>
          <skipped>false</skipped>
          <failedSince>0</failedSince>
        </case>
        <case>
          <duration>0.0</duration>
          <className>make_test.t_ip_addrs_t</className>
          <testName>test     70</testName>
          <skipped>false</skipped>
          <failedSince>0</failedSince>
        </case>
        <case>
          <duration>0.0</duration>
          <className>make_test.t_ip_addrs_t</className>
          <testName>test     71</testName>
          <skipped>false</skipped>
          <failedSince>0</failedSince>
        </case>
        <case>
          <duration>0.0</duration>
          <className>make_test.t_ip_addrs_t</className>
          <testName>test     72</testName>
          <skipped>false</skipped>
          <failedSince>0</failedSince>
        </case>
        <case>
          <duration>0.0</duration>
          <className>make_test.t_ip_addrs_t</className>
          <testName>test     73</testName>
          <skipped>false</skipped>
          <failedSince>0</failedSince>
        </case>
        <case>
          <duration>0.0</duration>
          <className>make_test.t_ip_addrs_t</className>
          <testName>test     74</testName>
          <skipped>false</skipped>
          <failedSince>0</failedSince>
        </case>
        <case>
          <duration>0.0</duration>
          <className>make_test.t_ip_addrs_t</className>
          <testName>test     75</testName>
          <skipped>false</skipped>
          <failedSince>0</failedSince>
        </case>
        <case>
          <duration>0.0</duration>
          <className>make_test.t_ip_addrs_t</className>
          <testName>test     76</testName>
          <skipped>false</skipped>
          <failedSince>0</failedSince>
        </case>
        <case>
          <duration>0.0</duration>
          <className>make_test.t_ip_addrs_t</className>
          <testName>test     77</testName>
          <skipped>false</skipped>
          <failedSince>0</failedSince>
        </case>
        <case>
          <duration>0.0</duration>
          <className>make_test.t_ip_addrs_t</className>
          <testName>test     78</testName>
          <skipped>false</skipped>
          <failedSince>0</failedSince>
        </case>
        <case>
          <duration>0.0</duration>
          <className>make_test.t_ip_addrs_t</className>
          <testName>test     79</testName>
          <skipped>false</skipped>
          <failedSince>0</failedSince>
        </case>
        <case>
          <duration>0.0</duration>
          <className>make_test.t_ip_addrs_t</className>
          <testName>test     80</testName>
          <skipped>false</skipped>
          <failedSince>0</failedSince>
        </case>
        <case>
          <duration>0.0</duration>
          <className>make_test.t_ip_addrs_t</className>
          <testName>test     81</testName>
          <skipped>false</skipped>
          <failedSince>0</failedSince>
        </case>
        <case>
          <duration>0.0</duration>
          <className>make_test.t_ip_addrs_t</className>
          <testName>test     82</testName>
          <skipped>false</skipped>
          <failedSince>0</failedSince>
        </case>
        <case>
          <duration>0.0</duration>
          <className>make_test.t_ip_addrs_t</className>
          <testName>test     83</testName>
          <skipped>false</skipped>
          <failedSince>0</failedSince>
        </case>
        <case>
          <duration>0.0</duration>
          <className>make_test.t_ip_addrs_t</className>
          <testName>test     84</testName>
          <skipped>false</skipped>
          <failedSince>0</failedSince>
        </case>
        <case>
          <duration>0.0</duration>
          <className>make_test.t_ip_addrs_t</className>
          <testName>test     85</testName>
          <skipped>false</skipped>
          <failedSince>0</failedSince>
        </case>
        <case>
          <duration>0.0</duration>
          <className>make_test.t_ip_addrs_t</className>
          <testName>test     86</testName>
          <skipped>false</skipped>
          <failedSince>0</failedSince>
        </case>
        <case>
          <duration>0.0</duration>
          <className>make_test.t_ip_addrs_t</className>
          <testName>test     87</testName>
          <skipped>false</skipped>
          <failedSince>0</failedSince>
        </case>
        <case>
          <duration>0.0</duration>
          <className>make_test.t_ip_addrs_t</className>
          <testName>test     88</testName>
          <skipped>false</skipped>
          <failedSince>0</failedSince>
        </case>
        <case>
          <duration>0.0</duration>
          <className>make_test.t_ip_addrs_t</className>
          <testName>test     89</testName>
          <skipped>false</skipped>
          <failedSince>0</failedSince>
        </case>
        <case>
          <duration>0.0</duration>
          <className>make_test.t_ip_addrs_t</className>
          <testName>test     90</testName>
          <skipped>false</skipped>
          <failedSince>0</failedSince>
        </case>
        <case>
          <duration>0.0</duration>
          <className>make_test.t_ip_addrs_t</className>
          <testName>test     91</testName>
          <skipped>false</skipped>
          <failedSince>0</failedSince>
        </case>
        <case>
          <duration>0.0</duration>
          <className>make_test.t_ip_addrs_t</className>
          <testName>test     92</testName>
          <skipped>false</skipped>
          <failedSince>0</failedSince>
        </case>
        <case>
          <duration>0.0</duration>
          <className>make_test.t_ip_addrs_t</className>
          <testName>test     93</testName>
          <skipped>false</skipped>
          <failedSince>0</failedSince>
        </case>
        <case>
          <duration>0.0</duration>
          <className>make_test.t_ip_addrs_t</className>
          <testName>test     94</testName>
          <skipped>false</skipped>
          <failedSince>0</failedSince>
        </case>
        <case>
          <duration>0.0</duration>
          <className>make_test.t_ip_addrs_t</className>
          <testName>test     95</testName>
          <skipped>false</skipped>
          <failedSince>0</failedSince>
        </case>
        <case>
          <duration>0.0</duration>
          <className>make_test.t_ip_addrs_t</className>
          <testName>test     96</testName>
          <skipped>false</skipped>
          <failedSince>0</failedSince>
        </case>
        <case>
          <duration>0.0</duration>
          <className>make_test.t_ip_addrs_t</className>
          <testName>test     97</testName>
          <skipped>false</skipped>
          <failedSince>0</failedSince>
        </case>
        <case>
          <duration>0.0</duration>
          <className>make_test.t_ip_addrs_t</className>
          <testName>test     98</testName>
          <skipped>false</skipped>
          <failedSince>0</failedSince>
        </case>
        <case>
          <duration>0.0</duration>
          <className>make_test.t_ip_addrs_t</className>
          <testName>test     99</testName>
          <skipped>false</skipped>
          <failedSince>0</failedSince>
        </case>
        <case>
          <duration>0.0</duration>
          <className>make_test.t_ip_addrs_t</className>
          <testName>test    100</testName>
          <skipped>false</skipped>
          <failedSince>0</failedSince>
        </case>
        <case>
          <duration>0.0</duration>
          <className>make_test.t_ip_addrs_t</className>
          <testName>test    101</testName>
          <skipped>false</skipped>
          <failedSince>0</failedSince>
        </case>
        <case>
          <duration>0.0</duration>
          <className>make_test.t_ip_addrs_t</className>
          <testName>test    102</testName>
          <skipped>false</skipped>
          <failedSince>0</failedSince>
        </case>
        <case>
          <duration>0.0</duration>
          <className>make_test.t_ip_addrs_t</className>
          <testName>test    103</testName>
          <skipped>false</skipped>
          <failedSince>0</failedSince>
        </case>
        <case>
          <duration>0.0</duration>
          <className>make_test.t_ip_addrs_t</className>
          <testName>test    104</testName>
          <skipped>false</skipped>
          <failedSince>0</failedSince>
        </case>
        <case>
          <duration>0.0</duration>
          <className>make_test.t_ip_addrs_t</className>
          <testName>test    105</testName>
          <skipped>false</skipped>
          <failedSince>0</failedSince>
        </case>
      </cases>
    </suite>
    <suite>
      <file>/var/jenkins_home/jobs/groupByError/workspace/target/junit-report-1472.xml</file>
      <name>make_test.t_lang_lint_t</name>
      <stdout>
  1..8
  # Running under perl version 5.008006 for solaris
  # Current time local: Thu Mar 27 09:19:29 2008
  # Current time GMT:   Thu Mar 27 09:19:29 2008
  # Using Test.pm version 1.25
  	/export/home/jm/tools/perl586/bin/perl -T -w ../spamassassin.raw -C log/test_rules_copy  --siteconfigpath log/localrules.tmp -p log/test_default.cf  -L --lint
  	Checking anything
  ok 1
  	/export/home/jm/tools/perl586/bin/perl -T -w ../spamassassin.raw -C log/test_rules_copy  --siteconfigpath log/localrul
...[truncated 714 chars]...
test_rules_copy  --siteconfigpath log/localrules.tmp -p log/test_default.cf  -L --lint
  	Checking anything
  ok 6
  	/export/home/jm/tools/perl586/bin/perl -T -w ../spamassassin.raw -C log/test_rules_copy  --siteconfigpath log/localrules.tmp -p log/test_default.cf  -L --lint
  	Checking anything
  ok 7
  	/export/home/jm/tools/perl586/bin/perl -T -w ../spamassassin.raw -C log/test_rules_copy  --siteconfigpath log/localrules.tmp -p log/test_default.cf  -L --lint
  	Checking anything
  ok 8
  
  </stdout>
      <stderr></stderr>
      <duration>0.0</duration>
      <id>27</id>
      <cases>
        <case>
          <duration>0.0</duration>
          <className>make_test.t_lang_lint_t</className>
          <testName>test      1</testName>
          <skipped>false</skipped>
          <failedSince>0</failedSince>
        </case>
        <case>
          <duration>0.0</duration>
          <className>make_test.t_lang_lint_t</className>
          <testName>test      2</testName>
          <skipped>false</skipped>
          <failedSince>0</failedSince>
        </case>
        <case>
          <duration>0.0</duration>
          <className>make_test.t_lang_lint_t</className>
          <testName>test      3</testName>
          <skipped>false</skipped>
          <failedSince>0</failedSince>
        </case>
        <case>
          <duration>0.0</duration>
          <className>make_test.t_lang_lint_t</className>
          <testName>test      4</testName>
          <skipped>false</skipped>
          <failedSince>0</failedSince>
        </case>
        <case>
          <duration>0.0</duration>
          <className>make_test.t_lang_lint_t</className>
          <testName>test      5</testName>
          <skipped>false</skipped>
          <failedSince>0</failedSince>
        </case>
        <case>
          <duration>0.0</duration>
          <className>make_test.t_lang_lint_t</className>
          <testName>test      6</testName>
          <skipped>false</skipped>
          <failedSince>0</failedSince>
        </case>
        <case>
          <duration>0.0</duration>
          <className>make_test.t_lang_lint_t</className>
          <testName>test      7</testName>
          <skipped>false</skipped>
          <failedSince>0</failedSince>
        </case>
        <case>
          <duration>0.0</duration>
          <className>make_test.t_lang_lint_t</className>
          <testName>test      8</testName>
          <skipped>false</skipped>
          <failedSince>0</failedSince>
        </case>
      </cases>
    </suite>
    <suite>
      <file>/var/jenkins_home/jobs/groupByError/workspace/target/junit-report-1472.xml</file>
      <name>make_test.t_lang_pl_tests_t</name>
      <stdout>
  1..1
  # Running under perl version 5.008006 for solaris
  # Current time local: Thu Mar 27 09:19:44 2008
  # Current time GMT:   Thu Mar 27 09:19:44 2008
  # Using Test.pm version 1.25
  	/export/home/jm/tools/perl586/bin/perl -T -w ../spamassassin.raw -C log/test_rules_copy  --siteconfigpath log/localrules.tmp -p log/test_default.cf  -L -t &lt; data/nice/004
  couldn&apos;t set locale correctly
  	Checking didnt_hang_at_least
  ok 1
  
  </stdout>
      <stderr></stderr>
      <duration>0.0</duration>
      <id>28</id>
      <cases>
        <case>
          <duration>0.0</duration>
          <className>make_test.t_lang_pl_tests_t</className>
          <testName>test      1</testName>
          <skipped>false</skipped>
          <failedSince>0</failedSince>
        </case>
      </cases>
    </suite>
    <suite>
      <file>/var/jenkins_home/jobs/groupByError/workspace/target/junit-report-1472.xml</file>
      <name>make_test.t_line_endings_t</name>
      <stdout>
  1..26
  # Running under perl version 5.008006 for solaris
  # Current time local: Thu Mar 27 09:19:45 2008
  # Current time GMT:   Thu Mar 27 09:19:45 2008
  # Using Test.pm version 1.25
  	/export/home/jm/tools/perl586/bin/perl -T -w ../spamassassin.raw -C log/test_rules_copy  --siteconfigpath log/localrules.tmp -p log/tst.cf  -L &lt; log/report_safe.eml
  	Checking XSS_Yes
  ok 1
  	Checking for anti-pattern hb_sep
  ok 2
  	Checking for anti-pattern P_1
  ok 3
  	Checking for anti-pattern XSS
...[truncated 1153 chars]...
es.tmp -p log/tst.cf  -L &lt; log/report_safe2.eml
  	Checking P_2
  ok 19
  	Checking XSS_Yes
  ok 20
  	Checking for anti-pattern hb_sep
  ok 21
  line endings found: NL=71 CRNL=0
  ok 22
  	/export/home/jm/tools/perl586/bin/perl -T -w ../spamassassin.raw -C log/test_rules_copy  --siteconfigpath log/localrules.tmp -p log/tst.cf  -L &lt; log/report_safe2.eml
  	Checking P_3
  ok 23
  	Checking XSS_Yes
  ok 24
  	Checking for anti-pattern hb_sep
  ok 25
  line endings found: NL=71 CRNL=0
  ok 26
  
  </stdout>
      <stderr></stderr>
      <duration>0.0</duration>
      <id>29</id>
      <cases>
        <case>
          <duration>0.0</duration>
          <className>make_test.t_line_endings_t</className>
          <testName>test      1</testName>
          <skipped>false</skipped>
          <failedSince>0</failedSince>
        </case>
        <case>
          <duration>0.0</duration>
          <className>make_test.t_line_endings_t</className>
          <testName>test      2</testName>
          <skipped>false</skipped>
          <failedSince>0</failedSince>
        </case>
        <case>
          <duration>0.0</duration>
          <className>make_test.t_line_endings_t</className>
          <testName>test      3</testName>
          <skipped>false</skipped>
          <failedSince>0</failedSince>
        </case>
        <case>
          <duration>0.0</duration>
          <className>make_test.t_line_endings_t</className>
          <testName>test      4</testName>
          <skipped>false</skipped>
          <failedSince>0</failedSince>
        </case>
        <case>
          <duration>0.0</duration>
          <className>make_test.t_line_endings_t</className>
          <testName>test      5</testName>
          <skipped>false</skipped>
          <failedSince>0</failedSince>
        </case>
        <case>
          <duration>0.0</duration>
          <className>make_test.t_line_endings_t</className>
          <testName>test      6</testName>
          <skipped>false</skipped>
          <failedSince>0</failedSince>
        </case>
        <case>
          <duration>0.0</duration>
          <className>make_test.t_line_endings_t</className>
          <testName>test      7</testName>
          <skipped>false</skipped>
          <failedSince>0</failedSince>
        </case>
        <case>
          <duration>0.0</duration>
          <className>make_test.t_line_endings_t</className>
          <testName>test      8</testName>
          <skipped>false</skipped>
          <failedSince>0</failedSince>
        </case>
        <case>
          <duration>0.0</duration>
          <className>make_test.t_line_endings_t</className>
          <testName>test      9</testName>
          <skipped>false</skipped>
          <failedSince>0</failedSince>
        </case>
        <case>
          <duration>0.0</duration>
          <className>make_test.t_line_endings_t</className>
          <testName>test     10</testName>
          <skipped>false</skipped>
          <failedSince>0</failedSince>
        </case>
        <case>
          <duration>0.0</duration>
          <className>make_test.t_line_endings_t</className>
          <testName>test     11</testName>
          <skipped>false</skipped>
          <failedSince>0</failedSince>
        </case>
        <case>
          <duration>0.0</duration>
          <className>make_test.t_line_endings_t</className>
          <testName>test     12</testName>
          <skipped>false</skipped>
          <failedSince>0</failedSince>
        </case>
        <case>
          <duration>0.0</duration>
          <className>make_test.t_line_endings_t</className>
          <testName>test     13</testName>
          <skipped>false</skipped>
          <failedSince>0</failedSince>
        </case>
        <case>
          <duration>0.0</duration>
          <className>make_test.t_line_endings_t</className>
          <testName>test     14</testName>
          <skipped>false</skipped>
          <failedSince>0</failedSince>
        </case>
        <case>
          <duration>0.0</duration>
          <className>make_test.t_line_endings_t</className>
          <testName>test     15</testName>
          <skipped>false</skipped>
          <failedSince>0</failedSince>
        </case>
        <case>
          <duration>0.0</duration>
          <className>make_test.t_line_endings_t</className>
          <testName>test     16</testName>
          <skipped>false</skipped>
          <failedSince>0</failedSince>
        </case>
        <case>
          <duration>0.0</duration>
          <className>make_test.t_line_endings_t</className>
          <testName>test     17</testName>
          <skipped>false</skipped>
          <failedSince>0</failedSince>
        </case>
        <case>
          <duration>0.0</duration>
          <className>make_test.t_line_endings_t</className>
          <testName>test     18</testName>
          <skipped>false</skipped>
          <failedSince>0</failedSince>
        </case>
        <case>
          <duration>0.0</duration>
          <className>make_test.t_line_endings_t</className>
          <testName>test     19</testName>
          <skipped>false</skipped>
          <failedSince>0</failedSince>
        </case>
        <case>
          <duration>0.0</duration>
          <className>make_test.t_line_endings_t</className>
          <testName>test     20</testName>
          <skipped>false</skipped>
          <failedSince>0</failedSince>
        </case>
        <case>
          <duration>0.0</duration>
          <className>make_test.t_line_endings_t</className>
          <testName>test     21</testName>
          <skipped>false</skipped>
          <failedSince>0</failedSince>
        </case>
        <case>
          <duration>0.0</duration>
          <className>make_test.t_line_endings_t</className>
          <testName>test     22</testName>
          <skipped>false</skipped>
          <failedSince>0</failedSince>
        </case>
        <case>
          <duration>0.0</duration>
          <className>make_test.t_line_endings_t</className>
          <testName>test     23</testName>
          <skipped>false</skipped>
          <failedSince>0</failedSince>
        </case>
        <case>
          <duration>0.0</duration>
          <className>make_test.t_line_endings_t</className>
          <testName>test     24</testName>
          <skipped>false</skipped>
          <failedSince>0</failedSince>
        </case>
        <case>
          <duration>0.0</duration>
          <className>make_test.t_line_endings_t</className>
          <testName>test     25</testName>
          <skipped>false</skipped>
          <failedSince>0</failedSince>
        </case>
        <case>
          <duration>0.0</duration>
          <className>make_test.t_line_endings_t</className>
          <testName>test     26</testName>
          <skipped>false</skipped>
          <failedSince>0</failedSince>
        </case>
      </cases>
    </suite>
    <suite>
      <file>/var/jenkins_home/jobs/groupByError/workspace/target/junit-report-1472.xml</file>
      <name>make_test.t_lint_nocreate_prefs_t</name>
      <stdout>
  1..2
  # Running under perl version 5.008006 for solaris
  # Current time local: Thu Mar 27 09:19:55 2008
  # Current time GMT:   Thu Mar 27 09:19:55 2008
  # Using Test.pm version 1.25
  	/export/home/jm/tools/perl586/bin/perl -T -w ../spamassassin.raw -C log/test_rules_copy  --siteconfigpath log/localrules.tmp -p log/test_default.cf  -L --lint --prefspath=log/prefs
  	Checking anything
  ok 1
  ok 2
  
  </stdout>
      <stderr></stderr>
      <duration>0.0</duration>
      <id>30</id>
      <cases>
        <case>
          <duration>0.0</duration>
          <className>make_test.t_lint_nocreate_prefs_t</className>
          <testName>test      1</testName>
          <skipped>false</skipped>
          <failedSince>0</failedSince>
        </case>
        <case>
          <duration>0.0</duration>
          <className>make_test.t_lint_nocreate_prefs_t</className>
          <testName>test      2</testName>
          <skipped>false</skipped>
          <failedSince>0</failedSince>
        </case>
      </cases>
    </suite>
    <suite>
      <file>/var/jenkins_home/jobs/groupByError/workspace/target/junit-report-1472.xml</file>
      <name>make_test.t_mass_check_t</name>
      <stdout>
  1..1
  # Running under perl version 5.008006 for solaris
  # Current time local: Thu Mar 27 09:19:57 2008
  # Current time GMT:   Thu Mar 27 09:19:57 2008
  # Using Test.pm version 1.25
  # mass-check results from @hudson.zones.apache.org, on Thu Mar 27 09:19:59 GMT 2008
  # M:SA version 3.3.0-r613124
  # SVN revision: unknown
  # Date: 20080327T091959Z
  # Perl version: 5.008006 on i86pc-solaris
  # Switches: &apos;-n -o &quot;ham:dir:../t/log/mc_test/ham&quot;&apos;
  Y  9 ../t/log/mc_test/ham/1 EMPTY_MESSAGE,MISSING_DATE,MISSING_HB_SEP,MISSING_HEADERS,MISSING_MID,MISSING_SUBJECT,NO_HEADERS_MESSAGE,NO_RECEIVED,NO_RELAYS,TVD_SPACE_RATIO,__ENV_AND_HDR_FROM_MATCH,__GATED_THROUGH_RCVD_REMOVER,__MISSING_REF,__MISSING_REPLY,__MISSING_THREAD,__UNUSABLE_MSGID time=0,scantime=0,format=f,reuse=no,set=0
  ok 1
  
  </stdout>
      <stderr></stderr>
      <duration>0.0</duration>
      <id>31</id>
      <cases>
        <case>
          <duration>0.0</duration>
          <className>make_test.t_mass_check_t</className>
          <testName>test      1</testName>
          <skipped>false</skipped>
          <failedSince>0</failedSince>
        </case>
      </cases>
    </suite>
    <suite>
      <file>/var/jenkins_home/jobs/groupByError/workspace/target/junit-report-1472.xml</file>
      <name>make_test.t_metadata_t</name>
      <stdout>
  1..0
  # Running under perl version 5.008006 for solaris
  # Current time local: Thu Mar 27 09:19:59 2008
  # Current time GMT:   Thu Mar 27 09:19:59 2008
  # Using Test.pm version 1.25
  # Devel::Cycle module required for this test, skipped
  skipped: (no reason given)
  t/metadata........................
  1..3
  # Running under perl version 5.008006 for solaris
  # Current time local: Thu Mar 27 09:19:59 2008
  # Current time GMT:   Thu Mar 27 09:19:59 2008
  # Using Test.pm version 1.25
  	/export/home/jm/tools/perl586/bin/perl -T -w ../spamassassin.raw -C log/test_rules_copy  --siteconfigpath log/localrules.tmp -p log/test_default.cf  -L -t &lt; data/spam/gtube.eml
  ok 1
  	Checking gtube
  ok 2
  	Checking META_FOUND
  ok 3
  
  </stdout>
      <stderr></stderr>
      <duration>0.0</duration>
      <id>32</id>
      <cases>
        <case>
          <duration>0.0</duration>
          <className>make_test.t_metadata_t</className>
          <testName>test      1</testName>
          <skipped>false</skipped>
          <failedSince>0</failedSince>
        </case>
        <case>
          <duration>0.0</duration>
          <className>make_test.t_metadata_t</className>
          <testName>test      2</testName>
          <skipped>false</skipped>
          <failedSince>0</failedSince>
        </case>
        <case>
          <duration>0.0</duration>
          <className>make_test.t_metadata_t</className>
          <testName>test      3</testName>
          <skipped>false</skipped>
          <failedSince>0</failedSince>
        </case>
      </cases>
    </suite>
    <suite>
      <file>/var/jenkins_home/jobs/groupByError/workspace/target/junit-report-1472.xml</file>
      <name>make_test.t_mimeheader_t</name>
      <stdout>

  1..4
  # Running under perl version 5.008006 for solaris
  # Current time local: Thu Mar 27 09:20:01 2008
  # Current time GMT:   Thu Mar 27 09:20:01 2008
  # Using Test.pm version 1.25
  	/export/home/jm/tools/perl586/bin/perl -T -w ../spamassassin.raw -C log/test_rules_copy  --siteconfigpath log/localrules.tmp -p log/tst.cf  -L -t &lt; data/nice/004
  	Checking  match_nl_nonraw
  ok 1
  	Checking  match_nl_raw
  ok 2
  	Checking  test1
  ok 3
  	Checking  test2
  ok 4
  
  </stdout>
      <stderr></stderr>
      <duration>0.0</duration>
      <id>33</id>
      <cases>
        <case>
          <duration>0.0</duration>
          <className>make_test.t_mimeheader_t</className>
          <testName>test      1</testName>
          <skipped>false</skipped>
          <failedSince>0</failedSince>
        </case>
        <case>
          <duration>0.0</duration>
          <className>make_test.t_mimeheader_t</className>
          <testName>test      2</testName>
          <skipped>false</skipped>
          <failedSince>0</failedSince>
        </case>
        <case>
          <duration>0.0</duration>
          <className>make_test.t_mimeheader_t</className>
          <testName>test      3</testName>
          <skipped>false</skipped>
          <failedSince>0</failedSince>
        </case>
        <case>
          <duration>0.0</duration>
          <className>make_test.t_mimeheader_t</className>
          <testName>test      4</testName>
          <skipped>false</skipped>
          <failedSince>0</failedSince>
        </case>
      </cases>
    </suite>
    <suite>
      <file>/var/jenkins_home/jobs/groupByError/workspace/target/junit-report-1472.xml</file>
      <name>make_test.t_mimeparse_t</name>
      <stdout>
  1..31
  # Running under perl version 5.008006 for solaris
  # Current time local: Thu Mar 27 09:20:02 2008
  # Current time GMT:   Thu Mar 27 09:20:02 2008
  # Using Test.pm version 1.25
  ok 1
  ok 2
  ok 3
  ok 4
  ok 5
  ok 6
  ok 7
  ok 8
  ok 9
  ok 10
  ok 11
  ok 12
  ok 13
  ok 14
  ok 15
  ok 16
  ok 17
  ok 18
  ok 19
  ok 20
  ok 21
  ok 22
  ok 23
  ok 24
  ok 25
  ok 26
  ok 27
  ok 28
  ok 29
  ok 30
  ok 31
  

  </stdout>
      <stderr></stderr>
      <duration>0.0</duration>
      <id>34</id>
      <cases>
        <case>
          <duration>0.0</duration>
          <className>make_test.t_mimeparse_t</className>
          <testName>test      1</testName>
          <skipped>false</skipped>
          <failedSince>0</failedSince>
        </case>
        <case>
          <duration>0.0</duration>
          <className>make_test.t_mimeparse_t</className>
          <testName>test      2</testName>
          <skipped>false</skipped>
          <failedSince>0</failedSince>
        </case>
        <case>
          <duration>0.0</duration>
          <className>make_test.t_mimeparse_t</className>
          <testName>test      3</testName>
          <skipped>false</skipped>
          <failedSince>0</failedSince>
        </case>
        <case>
          <duration>0.0</duration>
          <className>make_test.t_mimeparse_t</className>
          <testName>test      4</testName>
          <skipped>false</skipped>
          <failedSince>0</failedSince>
        </case>
        <case>
          <duration>0.0</duration>
          <className>make_test.t_mimeparse_t</className>
          <testName>test      5</testName>
          <skipped>false</skipped>
          <failedSince>0</failedSince>
        </case>
        <case>
          <duration>0.0</duration>
          <className>make_test.t_mimeparse_t</className>
          <testName>test      6</testName>
          <skipped>false</skipped>
          <failedSince>0</failedSince>
        </case>
        <case>
          <duration>0.0</duration>
          <className>make_test.t_mimeparse_t</className>
          <testName>test      7</testName>
          <skipped>false</skipped>
          <failedSince>0</failedSince>
        </case>
        <case>
          <duration>0.0</duration>
          <className>make_test.t_mimeparse_t</className>
          <testName>test      8</testName>
          <skipped>false</skipped>
          <failedSince>0</failedSince>
        </case>
        <case>
          <duration>0.0</duration>
          <className>make_test.t_mimeparse_t</className>
          <testName>test      9</testName>
          <skipped>false</skipped>
          <failedSince>0</failedSince>
        </case>
        <case>
          <duration>0.0</duration>
          <className>make_test.t_mimeparse_t</className>
          <testName>test     10</testName>
          <skipped>false</skipped>
          <failedSince>0</failedSince>
        </case>
        <case>
          <duration>0.0</duration>
          <className>make_test.t_mimeparse_t</className>
          <testName>test     11</testName>
          <skipped>false</skipped>
          <failedSince>0</failedSince>
        </case>
        <case>
          <duration>0.0</duration>
          <className>make_test.t_mimeparse_t</className>
          <testName>test     12</testName>
          <skipped>false</skipped>
          <failedSince>0</failedSince>
        </case>
        <case>
          <duration>0.0</duration>
          <className>make_test.t_mimeparse_t</className>
          <testName>test     13</testName>
          <skipped>false</skipped>
          <failedSince>0</failedSince>
        </case>
        <case>
          <duration>0.0</duration>
          <className>make_test.t_mimeparse_t</className>
          <testName>test     14</testName>
          <skipped>false</skipped>
          <failedSince>0</failedSince>
        </case>
        <case>
          <duration>0.0</duration>
          <className>make_test.t_mimeparse_t</className>
          <testName>test     15</testName>
          <skipped>false</skipped>
          <failedSince>0</failedSince>
        </case>
        <case>
          <duration>0.0</duration>
          <className>make_test.t_mimeparse_t</className>
          <testName>test     16</testName>
          <skipped>false</skipped>
          <failedSince>0</failedSince>
        </case>
        <case>
          <duration>0.0</duration>
          <className>make_test.t_mimeparse_t</className>
          <testName>test     17</testName>
          <skipped>false</skipped>
          <failedSince>0</failedSince>
        </case>
        <case>
          <duration>0.0</duration>
          <className>make_test.t_mimeparse_t</className>
          <testName>test     18</testName>
          <skipped>false</skipped>
          <failedSince>0</failedSince>
        </case>
        <case>
          <duration>0.0</duration>
          <className>make_test.t_mimeparse_t</className>
          <testName>test     19</testName>
          <skipped>false</skipped>
          <failedSince>0</failedSince>
        </case>
        <case>
          <duration>0.0</duration>
          <className>make_test.t_mimeparse_t</className>
          <testName>test     20</testName>
          <skipped>false</skipped>
          <failedSince>0</failedSince>
        </case>
        <case>
          <duration>0.0</duration>
          <className>make_test.t_mimeparse_t</className>
          <testName>test     21</testName>
          <skipped>false</skipped>
          <failedSince>0</failedSince>
        </case>
        <case>
          <duration>0.0</duration>
          <className>make_test.t_mimeparse_t</className>
          <testName>test     22</testName>
          <skipped>false</skipped>
          <failedSince>0</failedSince>
        </case>
        <case>
          <duration>0.0</duration>
          <className>make_test.t_mimeparse_t</className>
          <testName>test     23</testName>
          <skipped>false</skipped>
          <failedSince>0</failedSince>
        </case>
        <case>
          <duration>0.0</duration>
          <className>make_test.t_mimeparse_t</className>
          <testName>test     24</testName>
          <skipped>false</skipped>
          <failedSince>0</failedSince>
        </case>
        <case>
          <duration>0.0</duration>
          <className>make_test.t_mimeparse_t</className>
          <testName>test     25</testName>
          <skipped>false</skipped>
          <failedSince>0</failedSince>
        </case>
        <case>
          <duration>0.0</duration>
          <className>make_test.t_mimeparse_t</className>
          <testName>test     26</testName>
          <skipped>false</skipped>
          <failedSince>0</failedSince>
        </case>
        <case>
          <duration>0.0</duration>
          <className>make_test.t_mimeparse_t</className>
          <testName>test     27</testName>
          <skipped>false</skipped>
          <failedSince>0</failedSince>
        </case>
        <case>
          <duration>0.0</duration>
          <className>make_test.t_mimeparse_t</className>
          <testName>test     28</testName>
          <skipped>false</skipped>
          <failedSince>0</failedSince>
        </case>
        <case>
          <duration>0.0</duration>
          <className>make_test.t_mimeparse_t</className>
          <testName>test     29</testName>
          <skipped>false</skipped>
          <failedSince>0</failedSince>
        </case>
        <case>
          <duration>0.0</duration>
          <className>make_test.t_mimeparse_t</className>
          <testName>test     30</testName>
          <skipped>false</skipped>
          <failedSince>0</failedSince>
        </case>
        <case>
          <duration>0.0</duration>
          <className>make_test.t_mimeparse_t</className>
          <testName>test     31</testName>
          <skipped>false</skipped>
          <failedSince>0</failedSince>
        </case>
      </cases>
    </suite>
    <suite>
      <file>/var/jenkins_home/jobs/groupByError/workspace/target/junit-report-1472.xml</file>
      <name>make_test.t_missing_hb_separator_t</name>
      <stdout>
  1..12
  # Running under perl version 5.008006 for solaris
  # Current time local: Thu Mar 27 09:20:03 2008
  # Current time GMT:   Thu Mar 27 09:20:03 2008
  # Using Test.pm version 1.25
  test hit: MISSING_MID
  test hit: MISSING_DATE
  test hit: X_MESSAGE_INFO
  test hit: NO_RELAYS
  test hit: MISSING_HB_SEP
  test hit: MISSING_HEADERS
  test hit: TVD_SPACE_RATIO
  test hit: MISSING_SUBJECT
  test hit: EMPTY_MESSAGE
  test hit: NO_RECEIVED
  test hit: NO_HEADERS_MESSAGE
  ok 1
  ok 2
  ok 3
  ok 4
  ok 5
  ok 6
  ok 7
  ok 8
  ok 9
  ok 10
  ok 11
  ok 12
  
  </stdout>
      <stderr></stderr>
      <duration>0.0</duration>
      <id>35</id>
      <cases>
        <case>
          <duration>0.0</duration>
          <className>make_test.t_missing_hb_separator_t</className>
          <testName>test      1</testName>
          <skipped>false</skipped>
          <failedSince>0</failedSince>
        </case>
        <case>
          <duration>0.0</duration>
          <className>make_test.t_missing_hb_separator_t</className>
          <testName>test      2</testName>
          <skipped>false</skipped>
          <failedSince>0</failedSince>
        </case>
        <case>
          <duration>0.0</duration>
          <className>make_test.t_missing_hb_separator_t</className>
          <testName>test      3</testName>
          <skipped>false</skipped>
          <failedSince>0</failedSince>
        </case>
        <case>
          <duration>0.0</duration>
          <className>make_test.t_missing_hb_separator_t</className>
          <testName>test      4</testName>
          <skipped>false</skipped>
          <failedSince>0</failedSince>
        </case>
        <case>
          <duration>0.0</duration>
          <className>make_test.t_missing_hb_separator_t</className>
          <testName>test      5</testName>
          <skipped>false</skipped>
          <failedSince>0</failedSince>
        </case>
        <case>
          <duration>0.0</duration>
          <className>make_test.t_missing_hb_separator_t</className>
          <testName>test      6</testName>
          <skipped>false</skipped>
          <failedSince>0</failedSince>
        </case>
        <case>
          <duration>0.0</duration>
          <className>make_test.t_missing_hb_separator_t</className>
          <testName>test      7</testName>
          <skipped>false</skipped>
          <failedSince>0</failedSince>
        </case>
        <case>
          <duration>0.0</duration>
          <className>make_test.t_missing_hb_separator_t</className>
          <testName>test      8</testName>
          <skipped>false</skipped>
          <failedSince>0</failedSince>
        </case>
        <case>
          <duration>0.0</duration>
          <className>make_test.t_missing_hb_separator_t</className>
          <testName>test      9</testName>
          <skipped>false</skipped>
          <failedSince>0</failedSince>
        </case>
        <case>
          <duration>0.0</duration>
          <className>make_test.t_missing_hb_separator_t</className>
          <testName>test     10</testName>
          <skipped>false</skipped>
          <failedSince>0</failedSince>
        </case>
        <case>
          <duration>0.0</duration>
          <className>make_test.t_missing_hb_separator_t</className>
          <testName>test     11</testName>
          <skipped>false</skipped>
          <failedSince>0</failedSince>
        </case>
        <case>
          <duration>0.0</duration>
          <className>make_test.t_missing_hb_separator_t</className>
          <testName>test     12</testName>
          <skipped>false</skipped>
          <failedSince>0</failedSince>
        </case>
      </cases>
    </suite>
    <suite>
      <file>/var/jenkins_home/jobs/groupByError/workspace/target/junit-report-1472.xml</file>
      <name>make_test.t_mkrules_t</name>
      <stdout>
  1..97
  # Running under perl version 5.008006 for solaris
  # Current time local: Thu Mar 27 09:20:05 2008
  # Current time GMT:   Thu Mar 27 09:20:05 2008
  # Using Test.pm version 1.25
   script runs, even with nothing to do
  	/export/home/jm/tools/perl586/bin/perl -I../lib ../build/mkrules --src log/mkrules_t/rulesrc --out log/mkrules_t/rules --manifest log/mkrules_t/MANIFEST --manifestskip log/mkrules_t/MANIFEST.SKIP --active log/mkrules_t/rules/active.list
  ok 1
  ok 2
  	test output t
...[truncated 5927 chars]...
me/jm/tools/perl586/bin/perl -I../lib ../build/mkrules --src log/mkrules_t/rulesrc --out log/mkrules_t/rules --manifest log/mkrules_t/MANIFEST --manifestskip log/mkrules_t/MANIFEST.SKIP --active log/mkrules_t/rules/active.list
  ok 90
  	Checking manif_found
  ok 91
  	Checking rule_line_1
  ok 92
  	Checking rule_line_2
  ok 93
  	Checking ifversion
  ok 94
  	Checking ifplugin
  ok 95
  	Checking for anti-pattern rule_line_2
  ok 96
  ok 97
  	test output tree copied to log/mkrules_t.98
  

  </stdout>
      <stderr></stderr>
      <duration>0.0</duration>
      <id>36</id>
      <cases>
        <case>
          <duration>0.0</duration>
          <className>make_test.t_mkrules_t</className>
          <testName>test      1</testName>
          <skipped>false</skipped>
          <failedSince>0</failedSince>
        </case>
        <case>
          <duration>0.0</duration>
          <className>make_test.t_mkrules_t</className>
          <testName>test      2</testName>
          <skipped>false</skipped>
          <failedSince>0</failedSince>
        </case>
        <case>
          <duration>0.0</duration>
          <className>make_test.t_mkrules_t</className>
          <testName>test      3</testName>
          <skipped>false</skipped>
          <failedSince>0</failedSince>
        </case>
        <case>
          <duration>0.0</duration>
          <className>make_test.t_mkrules_t</className>
          <testName>test      4</testName>
          <skipped>false</skipped>
          <failedSince>0</failedSince>
        </case>
        <case>
          <duration>0.0</duration>
          <className>make_test.t_mkrules_t</className>
          <testName>test      5</testName>
          <skipped>false</skipped>
          <failedSince>0</failedSince>
        </case>
        <case>
          <duration>0.0</duration>
          <className>make_test.t_mkrules_t</className>
          <testName>test      6</testName>
          <skipped>false</skipped>
          <failedSince>0</failedSince>
        </case>
        <case>
          <duration>0.0</duration>
          <className>make_test.t_mkrules_t</className>
          <testName>test      7</testName>
          <skipped>false</skipped>
          <failedSince>0</failedSince>
        </case>
        <case>
          <duration>0.0</duration>
          <className>make_test.t_mkrules_t</className>
          <testName>test      8</testName>
          <skipped>false</skipped>
          <failedSince>0</failedSince>
        </case>
        <case>
          <duration>0.0</duration>
          <className>make_test.t_mkrules_t</className>
          <testName>test      9</testName>
          <skipped>false</skipped>
          <failedSince>0</failedSince>
        </case>
        <case>
          <duration>0.0</duration>
          <className>make_test.t_mkrules_t</className>
          <testName>test     10</testName>
          <skipped>false</skipped>
          <failedSince>0</failedSince>
        </case>
        <case>
          <duration>0.0</duration>
          <className>make_test.t_mkrules_t</className>
          <testName>test     11</testName>
          <skipped>false</skipped>
          <failedSince>0</failedSince>
        </case>
        <case>
          <duration>0.0</duration>
          <className>make_test.t_mkrules_t</className>
          <testName>test     12</testName>
          <skipped>false</skipped>
          <failedSince>0</failedSince>
        </case>
        <case>
          <duration>0.0</duration>
          <className>make_test.t_mkrules_t</className>
          <testName>test     13</testName>
          <skipped>false</skipped>
          <failedSince>0</failedSince>
        </case>
        <case>
          <duration>0.0</duration>
          <className>make_test.t_mkrules_t</className>
          <testName>test     14</testName>
          <skipped>false</skipped>
          <failedSince>0</failedSince>
        </case>
        <case>
          <duration>0.0</duration>
          <className>make_test.t_mkrules_t</className>
          <testName>test     15</testName>
          <skipped>false</skipped>
          <failedSince>0</failedSince>
        </case>
        <case>
          <duration>0.0</duration>
          <className>make_test.t_mkrules_t</className>
          <testName>test     16</testName>
          <skipped>false</skipped>
          <failedSince>0</failedSince>
        </case>
        <case>
          <duration>0.0</duration>
          <className>make_test.t_mkrules_t</className>
          <testName>test     17</testName>
          <skipped>false</skipped>
          <failedSince>0</failedSince>
        </case>
        <case>
          <duration>0.0</duration>
          <className>make_test.t_mkrules_t</className>
          <testName>test     18</testName>
          <skipped>false</skipped>
          <failedSince>0</failedSince>
        </case>
        <case>
          <duration>0.0</duration>
          <className>make_test.t_mkrules_t</className>
          <testName>test     19</testName>
          <skipped>false</skipped>
          <failedSince>0</failedSince>
        </case>
        <case>
          <duration>0.0</duration>
          <className>make_test.t_mkrules_t</className>
          <testName>test     20</testName>
          <skipped>false</skipped>
          <failedSince>0</failedSince>
        </case>
        <case>
          <duration>0.0</duration>
          <className>make_test.t_mkrules_t</className>
          <testName>test     21</testName>
          <skipped>false</skipped>
          <failedSince>0</failedSince>
        </case>
        <case>
          <duration>0.0</duration>
          <className>make_test.t_mkrules_t</className>
          <testName>test     22</testName>
          <skipped>false</skipped>
          <failedSince>0</failedSince>
        </case>
        <case>
          <duration>0.0</duration>
          <className>make_test.t_mkrules_t</className>
          <testName>test     23</testName>
          <skipped>false</skipped>
          <failedSince>0</failedSince>
        </case>
        <case>
          <duration>0.0</duration>
          <className>make_test.t_mkrules_t</className>
          <testName>test     24</testName>
          <skipped>false</skipped>
          <failedSince>0</failedSince>
        </case>
        <case>
          <duration>0.0</duration>
          <className>make_test.t_mkrules_t</className>
          <testName>test     25</testName>
          <skipped>false</skipped>
          <failedSince>0</failedSince>
        </case>
        <case>
          <duration>0.0</duration>
          <className>make_test.t_mkrules_t</className>
          <testName>test     26</testName>
          <skipped>false</skipped>
          <failedSince>0</failedSince>
        </case>
        <case>
          <duration>0.0</duration>
          <className>make_test.t_mkrules_t</className>
          <testName>test     27</testName>
          <skipped>false</skipped>
          <failedSince>0</failedSince>
        </case>
        <case>
          <duration>0.0</duration>
          <className>make_test.t_mkrules_t</className>
          <testName>test     28</testName>
          <skipped>false</skipped>
          <failedSince>0</failedSince>
        </case>
        <case>
          <duration>0.0</duration>
          <className>make_test.t_mkrules_t</className>
          <testName>test     29</testName>
          <skipped>false</skipped>
          <failedSince>0</failedSince>
        </case>
        <case>
          <duration>0.0</duration>
          <className>make_test.t_mkrules_t</className>
          <testName>test     30</testName>
          <skipped>false</skipped>
          <failedSince>0</failedSince>
        </case>
        <case>
          <duration>0.0</duration>
          <className>make_test.t_mkrules_t</className>
          <testName>test     31</testName>
          <skipped>false</skipped>
          <failedSince>0</failedSince>
        </case>
        <case>
          <duration>0.0</duration>
          <className>make_test.t_mkrules_t</className>
          <testName>test     32</testName>
          <skipped>false</skipped>
          <failedSince>0</failedSince>
        </case>
        <case>
          <duration>0.0</duration>
          <className>make_test.t_mkrules_t</className>
          <testName>test     33</testName>
          <skipped>false</skipped>
          <failedSince>0</failedSince>
        </case>
        <case>
          <duration>0.0</duration>
          <className>make_test.t_mkrules_t</className>
          <testName>test     34</testName>
          <skipped>false</skipped>
          <failedSince>0</failedSince>
        </case>
        <case>
          <duration>0.0</duration>
          <className>make_test.t_mkrules_t</className>
          <testName>test     35</testName>
          <skipped>false</skipped>
          <failedSince>0</failedSince>
        </case>
        <case>
          <duration>0.0</duration>
          <className>make_test.t_mkrules_t</className>
          <testName>test     36</testName>
          <skipped>false</skipped>
          <failedSince>0</failedSince>
        </case>
        <case>
          <duration>0.0</duration>
          <className>make_test.t_mkrules_t</className>
          <testName>test     37</testName>
          <skipped>false</skipped>
          <failedSince>0</failedSince>
        </case>
        <case>
          <duration>0.0</duration>
          <className>make_test.t_mkrules_t</className>
          <testName>test     38</testName>
          <skipped>false</skipped>
          <failedSince>0</failedSince>
        </case>
        <case>
          <duration>0.0</duration>
          <className>make_test.t_mkrules_t</className>
          <testName>test     39</testName>
          <skipped>false</skipped>
          <failedSince>0</failedSince>
        </case>
        <case>
          <duration>0.0</duration>
          <className>make_test.t_mkrules_t</className>
          <testName>test     40</testName>
          <skipped>false</skipped>
          <failedSince>0</failedSince>
        </case>
        <case>
          <duration>0.0</duration>
          <className>make_test.t_mkrules_t</className>
          <testName>test     41</testName>
          <skipped>false</skipped>
          <failedSince>0</failedSince>
        </case>
        <case>
          <duration>0.0</duration>
          <className>make_test.t_mkrules_t</className>
          <testName>test     42</testName>
          <skipped>false</skipped>
          <failedSince>0</failedSince>
        </case>
        <case>
          <duration>0.0</duration>
          <className>make_test.t_mkrules_t</className>
          <testName>test     43</testName>
          <skipped>false</skipped>
          <failedSince>0</failedSince>
        </case>
        <case>
          <duration>0.0</duration>
          <className>make_test.t_mkrules_t</className>
          <testName>test     44</testName>
          <skipped>false</skipped>
          <failedSince>0</failedSince>
        </case>
        <case>
          <duration>0.0</duration>
          <className>make_test.t_mkrules_t</className>
          <testName>test     45</testName>
          <skipped>false</skipped>
          <failedSince>0</failedSince>
        </case>
        <case>
          <duration>0.0</duration>
          <className>make_test.t_mkrules_t</className>
          <testName>test     46</testName>
          <skipped>false</skipped>
          <failedSince>0</failedSince>
        </case>
        <case>
          <duration>0.0</duration>
          <className>make_test.t_mkrules_t</className>
          <testName>test     47</testName>
          <skipped>false</skipped>
          <failedSince>0</failedSince>
        </case>
        <case>
          <duration>0.0</duration>
          <className>make_test.t_mkrules_t</className>
          <testName>test     48</testName>
          <skipped>false</skipped>
          <failedSince>0</failedSince>
        </case>
        <case>
          <duration>0.0</duration>
          <className>make_test.t_mkrules_t</className>
          <testName>test     49</testName>
          <skipped>false</skipped>
          <failedSince>0</failedSince>
        </case>
        <case>
          <duration>0.0</duration>
          <className>make_test.t_mkrules_t</className>
          <testName>test     50</testName>
          <skipped>false</skipped>
          <failedSince>0</failedSince>
        </case>
        <case>
          <duration>0.0</duration>
          <className>make_test.t_mkrules_t</className>
          <testName>test     51</testName>
          <skipped>false</skipped>
          <failedSince>0</failedSince>
        </case>
        <case>
          <duration>0.0</duration>
          <className>make_test.t_mkrules_t</className>
          <testName>test     52</testName>
          <skipped>false</skipped>
          <failedSince>0</failedSince>
        </case>
        <case>
          <duration>0.0</duration>
          <className>make_test.t_mkrules_t</className>
          <testName>test     53</testName>
          <skipped>false</skipped>
          <failedSince>0</failedSince>
        </case>
        <case>
          <duration>0.0</duration>
          <className>make_test.t_mkrules_t</className>
          <testName>test     54</testName>
          <skipped>false</skipped>
          <failedSince>0</failedSince>
        </case>
        <case>
          <duration>0.0</duration>
          <className>make_test.t_mkrules_t</className>
          <testName>test     55</testName>
          <skipped>false</skipped>
          <failedSince>0</failedSince>
        </case>
        <case>
          <duration>0.0</duration>
          <className>make_test.t_mkrules_t</className>
          <testName>test     56</testName>
          <skipped>false</skipped>
          <failedSince>0</failedSince>
        </case>
        <case>
          <duration>0.0</duration>
          <className>make_test.t_mkrules_t</className>
          <testName>test     57</testName>
          <skipped>false</skipped>
          <failedSince>0</failedSince>
        </case>
        <case>
          <duration>0.0</duration>
          <className>make_test.t_mkrules_t</className>
          <testName>test     58</testName>
          <skipped>false</skipped>
          <failedSince>0</failedSince>
        </case>
        <case>
          <duration>0.0</duration>
          <className>make_test.t_mkrules_t</className>
          <testName>test     59</testName>
          <skipped>false</skipped>
          <failedSince>0</failedSince>
        </case>
        <case>
          <duration>0.0</duration>
          <className>make_test.t_mkrules_t</className>
          <testName>test     60</testName>
          <skipped>false</skipped>
          <failedSince>0</failedSince>
        </case>
        <case>
          <duration>0.0</duration>
          <className>make_test.t_mkrules_t</className>
          <testName>test     61</testName>
          <skipped>false</skipped>
          <failedSince>0</failedSince>
        </case>
        <case>
          <duration>0.0</duration>
          <className>make_test.t_mkrules_t</className>
          <testName>test     62</testName>
          <skipped>false</skipped>
          <failedSince>0</failedSince>
        </case>
        <case>
          <duration>0.0</duration>
          <className>make_test.t_mkrules_t</className>
          <testName>test     63</testName>
          <skipped>false</skipped>
          <failedSince>0</failedSince>
        </case>
        <case>
          <duration>0.0</duration>
          <className>make_test.t_mkrules_t</className>
          <testName>test     64</testName>
          <skipped>false</skipped>
          <failedSince>0</failedSince>
        </case>
        <case>
          <duration>0.0</duration>
          <className>make_test.t_mkrules_t</className>
          <testName>test     65</testName>
          <skipped>false</skipped>
          <failedSince>0</failedSince>
        </case>
        <case>
          <duration>0.0</duration>
          <className>make_test.t_mkrules_t</className>
          <testName>test     66</testName>
          <skipped>false</skipped>
          <failedSince>0</failedSince>
        </case>
        <case>
          <duration>0.0</duration>
          <className>make_test.t_mkrules_t</className>
          <testName>test     67</testName>
          <skipped>false</skipped>
          <failedSince>0</failedSince>
        </case>
        <case>
          <duration>0.0</duration>
          <className>make_test.t_mkrules_t</className>
          <testName>test     68</testName>
          <skipped>false</skipped>
          <failedSince>0</failedSince>
        </case>
        <case>
          <duration>0.0</duration>
          <className>make_test.t_mkrules_t</className>
          <testName>test     69</testName>
          <skipped>false</skipped>
          <failedSince>0</failedSince>
        </case>
        <case>
          <duration>0.0</duration>
          <className>make_test.t_mkrules_t</className>
          <testName>test     70</testName>
          <skipped>false</skipped>
          <failedSince>0</failedSince>
        </case>
        <case>
          <duration>0.0</duration>
          <className>make_test.t_mkrules_t</className>
          <testName>test     71</testName>
          <skipped>false</skipped>
          <failedSince>0</failedSince>
        </case>
        <case>
          <duration>0.0</duration>
          <className>make_test.t_mkrules_t</className>
          <testName>test     72</testName>
          <skipped>false</skipped>
          <failedSince>0</failedSince>
        </case>
        <case>
          <duration>0.0</duration>
          <className>make_test.t_mkrules_t</className>
          <testName>test     73</testName>
          <skipped>false</skipped>
          <failedSince>0</failedSince>
        </case>
        <case>
          <duration>0.0</duration>
          <className>make_test.t_mkrules_t</className>
          <testName>test     74</testName>
          <skipped>false</skipped>
          <failedSince>0</failedSince>
        </case>
        <case>
          <duration>0.0</duration>
          <className>make_test.t_mkrules_t</className>
          <testName>test     75</testName>
          <skipped>false</skipped>
          <failedSince>0</failedSince>
        </case>
        <case>
          <duration>0.0</duration>
          <className>make_test.t_mkrules_t</className>
          <testName>test     76</testName>
          <skipped>false</skipped>
          <failedSince>0</failedSince>
        </case>
        <case>
          <duration>0.0</duration>
          <className>make_test.t_mkrules_t</className>
          <testName>test     77</testName>
          <skipped>false</skipped>
          <failedSince>0</failedSince>
        </case>
        <case>
          <duration>0.0</duration>
          <className>make_test.t_mkrules_t</className>
          <testName>test     78</testName>
          <skipped>false</skipped>
          <failedSince>0</failedSince>
        </case>
        <case>
          <duration>0.0</duration>
          <className>make_test.t_mkrules_t</className>
          <testName>test     79</testName>
          <skipped>false</skipped>
          <failedSince>0</failedSince>
        </case>
        <case>
          <duration>0.0</duration>
          <className>make_test.t_mkrules_t</className>
          <testName>test     80</testName>
          <skipped>false</skipped>
          <failedSince>0</failedSince>
        </case>
        <case>
          <duration>0.0</duration>
          <className>make_test.t_mkrules_t</className>
          <testName>test     81</testName>
          <skipped>false</skipped>
          <failedSince>0</failedSince>
        </case>
        <case>
          <duration>0.0</duration>
          <className>make_test.t_mkrules_t</className>
          <testName>test     82</testName>
          <skipped>false</skipped>
          <failedSince>0</failedSince>
        </case>
        <case>
          <duration>0.0</duration>
          <className>make_test.t_mkrules_t</className>
          <testName>test     83</testName>
          <skipped>false</skipped>
          <failedSince>0</failedSince>
        </case>
        <case>
          <duration>0.0</duration>
          <className>make_test.t_mkrules_t</className>
          <testName>test     84</testName>
          <skipped>false</skipped>
          <failedSince>0</failedSince>
        </case>
        <case>
          <duration>0.0</duration>
          <className>make_test.t_mkrules_t</className>
          <testName>test     85</testName>
          <skipped>false</skipped>
          <failedSince>0</failedSince>
        </case>
        <case>
          <duration>0.0</duration>
          <className>make_test.t_mkrules_t</className>
          <testName>test     86</testName>
          <skipped>false</skipped>
          <failedSince>0</failedSince>
        </case>
        <case>
          <duration>0.0</duration>
          <className>make_test.t_mkrules_t</className>
          <testName>test     87</testName>
          <skipped>false</skipped>
          <failedSince>0</failedSince>
        </case>
        <case>
          <duration>0.0</duration>
          <className>make_test.t_mkrules_t</className>
          <testName>test     88</testName>
          <skipped>false</skipped>
          <failedSince>0</failedSince>
        </case>
        <case>
          <duration>0.0</duration>
          <className>make_test.t_mkrules_t</className>
          <testName>test     89</testName>
          <skipped>false</skipped>
          <failedSince>0</failedSince>
        </case>
        <case>
          <duration>0.0</duration>
          <className>make_test.t_mkrules_t</className>
          <testName>test     90</testName>
          <skipped>false</skipped>
          <failedSince>0</failedSince>
        </case>
        <case>
          <duration>0.0</duration>
          <className>make_test.t_mkrules_t</className>
          <testName>test     91</testName>
          <skipped>false</skipped>
          <failedSince>0</failedSince>
        </case>
        <case>
          <duration>0.0</duration>
          <className>make_test.t_mkrules_t</className>
          <testName>test     92</testName>
          <skipped>false</skipped>
          <failedSince>0</failedSince>
        </case>
        <case>
          <duration>0.0</duration>
          <className>make_test.t_mkrules_t</className>
          <testName>test     93</testName>
          <skipped>false</skipped>
          <failedSince>0</failedSince>
        </case>
        <case>
          <duration>0.0</duration>
          <className>make_test.t_mkrules_t</className>
          <testName>test     94</testName>
          <skipped>false</skipped>
          <failedSince>0</failedSince>
        </case>
        <case>
          <duration>0.0</duration>
          <className>make_test.t_mkrules_t</className>
          <testName>test     95</testName>
          <skipped>false</skipped>
          <failedSince>0</failedSince>
        </case>
        <case>
          <duration>0.0</duration>
          <className>make_test.t_mkrules_t</className>
          <testName>test     96</testName>
          <skipped>false</skipped>
          <failedSince>0</failedSince>
        </case>
        <case>
          <duration>0.0</duration>
          <className>make_test.t_mkrules_t</className>
          <testName>test     97</testName>
          <skipped>false</skipped>
          <failedSince>0</failedSince>
        </case>
      </cases>
    </suite>
    <suite>
      <file>/var/jenkins_home/jobs/groupByError/workspace/target/junit-report-1472.xml</file>
      <name>make_test.t_nonspam_t</name>
      <stdout>
  1..1
  # Running under perl version 5.008006 for solaris
  # Current time local: Thu Mar 27 09:20:08 2008
  # Current time GMT:   Thu Mar 27 09:20:08 2008
  # Using Test.pm version 1.25
  	/export/home/jm/tools/perl586/bin/perl -T -w ../spamassassin.raw -C log/test_rules_copy  --siteconfigpath log/localrules.tmp -p log/test_default.cf  -L -t &lt; data/nice/001
  	Checking nonspam
  ok 1
  
  </stdout>
      <stderr></stderr>
      <duration>0.0</duration>
      <id>37</id>
      <cases>
        <case>
          <duration>0.0</duration>
          <className>make_test.t_nonspam_t</className>
          <testName>test      1</testName>
          <skipped>false</skipped>
          <failedSince>0</failedSince>
        </case>
      </cases>
    </suite>
    <suite>
      <file>/var/jenkins_home/jobs/groupByError/workspace/target/junit-report-1472.xml</file>
      <name>make_test.t_plugin_t</name>
      <stdout>
  1..6
  # Running under perl version 5.008006 for solaris
  # Current time local: Thu Mar 27 09:20:10 2008
  # Current time GMT:   Thu Mar 27 09:20:10 2008
  # Using Test.pm version 1.25
  	/export/home/jm/tools/perl586/bin/perl -T -w ../spamassassin.raw -C log/test_rules_copy  --siteconfigpath log/localrules.tmp -p log/test_default.cf  -L -t &lt; data/spam/gtube.eml
  ok 1
  	Checking gtube
  ok 2
  	Checking plugin_called
  ok 3
  	Checking test_called
  ok 4
  	Checking registered
  ok 5
  	Checking for anti-pattern should_not_be_called
  ok 6
  
  </stdout>
      <stderr></stderr>
      <duration>0.0</duration>
      <id>38</id>
      <cases>
        <case>
          <duration>0.0</duration>
          <className>make_test.t_plugin_t</className>
          <testName>test      1</testName>
          <skipped>false</skipped>
          <failedSince>0</failedSince>
        </case>
        <case>
          <duration>0.0</duration>
          <className>make_test.t_plugin_t</className>
          <testName>test      2</testName>
          <skipped>false</skipped>
          <failedSince>0</failedSince>
        </case>
        <case>
          <duration>0.0</duration>
          <className>make_test.t_plugin_t</className>
          <testName>test      3</testName>
          <skipped>false</skipped>
          <failedSince>0</failedSince>
        </case>
        <case>
          <duration>0.0</duration>
          <className>make_test.t_plugin_t</className>
          <testName>test      4</testName>
          <skipped>false</skipped>
          <failedSince>0</failedSince>
        </case>
        <case>
          <duration>0.0</duration>
          <className>make_test.t_plugin_t</className>
          <testName>test      5</testName>
          <skipped>false</skipped>
          <failedSince>0</failedSince>
        </case>
        <case>
          <duration>0.0</duration>
          <className>make_test.t_plugin_t</className>
          <testName>test      6</testName>
          <skipped>false</skipped>
          <failedSince>0</failedSince>
        </case>
      </cases>
    </suite>
    <suite>
      <file>/var/jenkins_home/jobs/groupByError/workspace/target/junit-report-1472.xml</file>
      <name>make_test.t_plugin_file_t</name>
      <stdout>

  1..9
  # Running under perl version 5.008006 for solaris
  # Current time local: Thu Mar 27 09:20:12 2008
  # Current time GMT:   Thu Mar 27 09:20:12 2008
  # Using Test.pm version 1.25
  	/export/home/jm/tools/perl586/bin/perl -T -w ../spamassassin.raw -C log/test_rules_copy  --siteconfigpath log/localrules.tmp -p log/test_default.cf  -L -t &lt; data/spam/gtube.eml
  ok 1
  	Checking gtube
  ok 2
  	Checking plugin_called
  ok 3
  	Checking test_called
  ok 4
  	Checking plugin_finished
  ok 5
  	Checking plugins_loaded2
  ok 6
  	Checking registered
  ok 7
  	Checking plugins_loaded
  ok 8
  	Checking for anti-pattern should_not_be_called
  ok 9
  
  </stdout>
      <stderr></stderr>
      <duration>0.0</duration>
      <id>39</id>
      <cases>
        <case>
          <duration>0.0</duration>
          <className>make_test.t_plugin_file_t</className>
          <testName>test      1</testName>
          <skipped>false</skipped>
          <failedSince>0</failedSince>
        </case>
        <case>
          <duration>0.0</duration>
          <className>make_test.t_plugin_file_t</className>
          <testName>test      2</testName>
          <skipped>false</skipped>
          <failedSince>0</failedSince>
        </case>
        <case>
          <duration>0.0</duration>
          <className>make_test.t_plugin_file_t</className>
          <testName>test      3</testName>
          <skipped>false</skipped>
          <failedSince>0</failedSince>
        </case>
        <case>
          <duration>0.0</duration>
          <className>make_test.t_plugin_file_t</className>
          <testName>test      4</testName>
          <skipped>false</skipped>
          <failedSince>0</failedSince>
        </case>
        <case>
          <duration>0.0</duration>
          <className>make_test.t_plugin_file_t</className>
          <testName>test      5</testName>
          <skipped>false</skipped>
          <failedSince>0</failedSince>
        </case>
        <case>
          <duration>0.0</duration>
          <className>make_test.t_plugin_file_t</className>
          <testName>test      6</testName>
          <skipped>false</skipped>
          <failedSince>0</failedSince>
        </case>
        <case>
          <duration>0.0</duration>
          <className>make_test.t_plugin_file_t</className>
          <testName>test      7</testName>
          <skipped>false</skipped>
          <failedSince>0</failedSince>
        </case>
        <case>
          <duration>0.0</duration>
          <className>make_test.t_plugin_file_t</className>
          <testName>test      8</testName>
          <skipped>false</skipped>
          <failedSince>0</failedSince>
        </case>
        <case>
          <duration>0.0</duration>
          <className>make_test.t_plugin_file_t</className>
          <testName>test      9</testName>
          <skipped>false</skipped>
          <failedSince>0</failedSince>
        </case>
      </cases>
    </suite>
    <suite>
      <file>/var/jenkins_home/jobs/groupByError/workspace/target/junit-report-1472.xml</file>
      <name>make_test.t_plugin_priorities_t</name>
      <stdout>
  1..2
  # Running under perl version 5.008006 for solaris
  # Current time local: Thu Mar 27 09:20:13 2008
  # Current time GMT:   Thu Mar 27 09:20:13 2008
  # Using Test.pm version 1.25
  	/export/home/jm/tools/perl586/bin/perl -T -w ../spamassassin.raw -C log/test_rules_copy  --siteconfigpath log/localrules.tmp -p log/test_default.cf  -L -t &lt; data/spam/gtube.eml
  ok 1
  	Checking  META2_FOUND
  ok 2
  
  </stdout>
      <stderr></stderr>
      <duration>0.0</duration>
      <id>40</id>
      <cases>
        <case>
          <duration>0.0</duration>
          <className>make_test.t_plugin_priorities_t</className>
          <testName>test      1</testName>
          <skipped>false</skipped>
          <failedSince>0</failedSince>
        </case>
        <case>
          <duration>0.0</duration>
          <className>make_test.t_plugin_priorities_t</className>
          <testName>test      2</testName>
          <skipped>false</skipped>
          <failedSince>0</failedSince>
        </case>
      </cases>
    </suite>
    <suite>
      <file>/var/jenkins_home/jobs/groupByError/workspace/target/junit-report-1472.xml</file>
      <name>make_test.t_prefs_include_t</name>
      <stdout>
  1..2
  # Running under perl version 5.008006 for solaris
  # Current time local: Thu Mar 27 09:20:15 2008
  # Current time GMT:   Thu Mar 27 09:20:15 2008
  # Using Test.pm version 1.25
  	/export/home/jm/tools/perl586/bin/perl -T -w ../spamassassin.raw -C log/test_rules_copy  --siteconfigpath log/localrules.tmp -p log/tst.cf  -L -t &lt; data/spam/001
  	Checking qp-encoded-desc
  ok 1
  	Checking qp-encoded-hdr
  ok 2
  
  </stdout>
      <stderr></stderr>
      <duration>0.0</duration>
      <id>41</id>
      <cases>
        <case>
          <duration>0.0</duration>
          <className>make_test.t_prefs_include_t</className>
          <testName>test      1</testName>
          <skipped>false</skipped>
          <failedSince>0</failedSince>
        </case>
        <case>
          <duration>0.0</duration>
          <className>make_test.t_prefs_include_t</className>
          <testName>test      2</testName>
          <skipped>false</skipped>
          <failedSince>0</failedSince>
        </case>
      </cases>
    </suite>
    <suite>
      <file>/var/jenkins_home/jobs/groupByError/workspace/target/junit-report-1472.xml</file>
      <name>make_test.t_priorities_t</name>
      <stdout>
  1..10
  # Running under perl version 5.008006 for solaris
  # Current time local: Thu Mar 27 09:20:17 2008
  # Current time GMT:   Thu Mar 27 09:20:17 2008
  # Using Test.pm version 1.25
  ok 1
  ok 2
  ok 3
  ok 4
  ok 5
  ok 6
  ok 7
  ok 8
  ok 9
  ok 10
  

  </stdout>
      <stderr></stderr>
      <duration>0.0</duration>
      <id>42</id>
      <cases>
        <case>
          <duration>0.0</duration>
          <className>make_test.t_priorities_t</className>
          <testName>test      1</testName>
          <skipped>false</skipped>
          <failedSince>0</failedSince>
        </case>
        <case>
          <duration>0.0</duration>
          <className>make_test.t_priorities_t</className>
          <testName>test      2</testName>
          <skipped>false</skipped>
          <failedSince>0</failedSince>
        </case>
        <case>
          <duration>0.0</duration>
          <className>make_test.t_priorities_t</className>
          <testName>test      3</testName>
          <skipped>false</skipped>
          <failedSince>0</failedSince>
        </case>
        <case>
          <duration>0.0</duration>
          <className>make_test.t_priorities_t</className>
          <testName>test      4</testName>
          <skipped>false</skipped>
          <failedSince>0</failedSince>
        </case>
        <case>
          <duration>0.0</duration>
          <className>make_test.t_priorities_t</className>
          <testName>test      5</testName>
          <skipped>false</skipped>
          <failedSince>0</failedSince>
        </case>
        <case>
          <duration>0.0</duration>
          <className>make_test.t_priorities_t</className>
          <testName>test      6</testName>
          <skipped>false</skipped>
          <failedSince>0</failedSince>
        </case>
        <case>
          <duration>0.0</duration>
          <className>make_test.t_priorities_t</className>
          <testName>test      7</testName>
          <skipped>false</skipped>
          <failedSince>0</failedSince>
        </case>
        <case>
          <duration>0.0</duration>
          <className>make_test.t_priorities_t</className>
          <testName>test      8</testName>
          <skipped>false</skipped>
          <failedSince>0</failedSince>
        </case>
        <case>
          <duration>0.0</duration>
          <className>make_test.t_priorities_t</className>
          <testName>test      9</testName>
          <skipped>false</skipped>
          <failedSince>0</failedSince>
        </case>
        <case>
          <duration>0.0</duration>
          <className>make_test.t_priorities_t</className>
          <testName>test     10</testName>
          <skipped>false</skipped>
          <failedSince>0</failedSince>
        </case>
      </cases>
    </suite>
    <suite>
      <file>/var/jenkins_home/jobs/groupByError/workspace/target/junit-report-1472.xml</file>
      <name>make_test.t_rcvd_parser_t</name>
      <stdout>

  1..0
  # Running under perl version 5.008006 for solaris
  # Current time local: Thu Mar 27 09:20:18 2008
  # Current time GMT:   Thu Mar 27 09:20:18 2008
  # Using Test.pm version 1.25
  skipped: (no reason given)
  t/rcvd_parser.....................
  1..132
  # Running under perl version 5.008006 for solaris
  # Current time local: Thu Mar 27 09:20:18 2008
  # Current time GMT:   Thu Mar 27 09:20:18 2008
  # Using Test.pm version 1.25
  ok 1
  ok 2
  ok 3
  ok 4
  ok 5
  ok 6
  ok 7
  ok 
...[truncated 531 chars]...
ok 75
  ok 76
  ok 77
  ok 78
  ok 79
  ok 80
  ok 81
  ok 82
  ok 83
  ok 84
  ok 85
  ok 86
  ok 87
  ok 88
  ok 89
  ok 90
  ok 91
  ok 92
  ok 93
  ok 94
  ok 95
  ok 96
  ok 97
  ok 98
  ok 99
  ok 100
  ok 101
  ok 102
  ok 103
  ok 104
  ok 105
  ok 106
  ok 107
  ok 108
  ok 109
  ok 110
  ok 111
  ok 112
  ok 113
  ok 114
  ok 115
  ok 116
  ok 117
  ok 118
  ok 119
  ok 120
  ok 121
  ok 122
  ok 123
  ok 124
  ok 125
  ok 126
  ok 127
  ok 128
  ok 129
  ok 130
  ok 131
  ok 132
  
  </stdout>
      <stderr></stderr>
      <duration>0.0</duration>
      <id>43</id>
      <cases>
        <case>
          <duration>0.0</duration>
          <className>make_test.t_rcvd_parser_t</className>
          <testName>test      1</testName>
          <skipped>false</skipped>
          <failedSince>0</failedSince>
        </case>
        <case>
          <duration>0.0</duration>
          <className>make_test.t_rcvd_parser_t</className>
          <testName>test      2</testName>
          <skipped>false</skipped>
          <failedSince>0</failedSince>
        </case>
        <case>
          <duration>0.0</duration>
          <className>make_test.t_rcvd_parser_t</className>
          <testName>test      3</testName>
          <skipped>false</skipped>
          <failedSince>0</failedSince>
        </case>
        <case>
          <duration>0.0</duration>
          <className>make_test.t_rcvd_parser_t</className>
          <testName>test      4</testName>
          <skipped>false</skipped>
          <failedSince>0</failedSince>
        </case>
        <case>
          <duration>0.0</duration>
          <className>make_test.t_rcvd_parser_t</className>
          <testName>test      5</testName>
          <skipped>false</skipped>
          <failedSince>0</failedSince>
        </case>
        <case>
          <duration>0.0</duration>
          <className>make_test.t_rcvd_parser_t</className>
          <testName>test      6</testName>
          <skipped>false</skipped>
          <failedSince>0</failedSince>
        </case>
        <case>
          <duration>0.0</duration>
          <className>make_test.t_rcvd_parser_t</className>
          <testName>test      7</testName>
          <skipped>false</skipped>
          <failedSince>0</failedSince>
        </case>
        <case>
          <duration>0.0</duration>
          <className>make_test.t_rcvd_parser_t</className>
          <testName>test      8</testName>
          <skipped>false</skipped>
          <failedSince>0</failedSince>
        </case>
        <case>
          <duration>0.0</duration>
          <className>make_test.t_rcvd_parser_t</className>
          <testName>test      9</testName>
          <skipped>false</skipped>
          <failedSince>0</failedSince>
        </case>
        <case>
          <duration>0.0</duration>
          <className>make_test.t_rcvd_parser_t</className>
          <testName>test     10</testName>
          <skipped>false</skipped>
          <failedSince>0</failedSince>
        </case>
        <case>
          <duration>0.0</duration>
          <className>make_test.t_rcvd_parser_t</className>
          <testName>test     11</testName>
          <skipped>false</skipped>
          <failedSince>0</failedSince>
        </case>
        <case>
          <duration>0.0</duration>
          <className>make_test.t_rcvd_parser_t</className>
          <testName>test     12</testName>
          <skipped>false</skipped>
          <failedSince>0</failedSince>
        </case>
        <case>
          <duration>0.0</duration>
          <className>make_test.t_rcvd_parser_t</className>
          <testName>test     13</testName>
          <skipped>false</skipped>
          <failedSince>0</failedSince>
        </case>
        <case>
          <duration>0.0</duration>
          <className>make_test.t_rcvd_parser_t</className>
          <testName>test     14</testName>
          <skipped>false</skipped>
          <failedSince>0</failedSince>
        </case>
        <case>
          <duration>0.0</duration>
          <className>make_test.t_rcvd_parser_t</className>
          <testName>test     15</testName>
          <skipped>false</skipped>
          <failedSince>0</failedSince>
        </case>
        <case>
          <duration>0.0</duration>
          <className>make_test.t_rcvd_parser_t</className>
          <testName>test     16</testName>
          <skipped>false</skipped>
          <failedSince>0</failedSince>
        </case>
        <case>
          <duration>0.0</duration>
          <className>make_test.t_rcvd_parser_t</className>
          <testName>test     17</testName>
          <skipped>false</skipped>
          <failedSince>0</failedSince>
        </case>
        <case>
          <duration>0.0</duration>
          <className>make_test.t_rcvd_parser_t</className>
          <testName>test     18</testName>
          <skipped>false</skipped>
          <failedSince>0</failedSince>
        </case>
        <case>
          <duration>0.0</duration>
          <className>make_test.t_rcvd_parser_t</className>
          <testName>test     19</testName>
          <skipped>false</skipped>
          <failedSince>0</failedSince>
        </case>
        <case>
          <duration>0.0</duration>
          <className>make_test.t_rcvd_parser_t</className>
          <testName>test     20</testName>
          <skipped>false</skipped>
          <failedSince>0</failedSince>
        </case>
        <case>
          <duration>0.0</duration>
          <className>make_test.t_rcvd_parser_t</className>
          <testName>test     21</testName>
          <skipped>false</skipped>
          <failedSince>0</failedSince>
        </case>
        <case>
          <duration>0.0</duration>
          <className>make_test.t_rcvd_parser_t</className>
          <testName>test     22</testName>
          <skipped>false</skipped>
          <failedSince>0</failedSince>
        </case>
        <case>
          <duration>0.0</duration>
          <className>make_test.t_rcvd_parser_t</className>
          <testName>test     23</testName>
          <skipped>false</skipped>
          <failedSince>0</failedSince>
        </case>
        <case>
          <duration>0.0</duration>
          <className>make_test.t_rcvd_parser_t</className>
          <testName>test     24</testName>
          <skipped>false</skipped>
          <failedSince>0</failedSince>
        </case>
        <case>
          <duration>0.0</duration>
          <className>make_test.t_rcvd_parser_t</className>
          <testName>test     25</testName>
          <skipped>false</skipped>
          <failedSince>0</failedSince>
        </case>
        <case>
          <duration>0.0</duration>
          <className>make_test.t_rcvd_parser_t</className>
          <testName>test     26</testName>
          <skipped>false</skipped>
          <failedSince>0</failedSince>
        </case>
        <case>
          <duration>0.0</duration>
          <className>make_test.t_rcvd_parser_t</className>
          <testName>test     27</testName>
          <skipped>false</skipped>
          <failedSince>0</failedSince>
        </case>
        <case>
          <duration>0.0</duration>
          <className>make_test.t_rcvd_parser_t</className>
          <testName>test     28</testName>
          <skipped>false</skipped>
          <failedSince>0</failedSince>
        </case>
        <case>
          <duration>0.0</duration>
          <className>make_test.t_rcvd_parser_t</className>
          <testName>test     29</testName>
          <skipped>false</skipped>
          <failedSince>0</failedSince>
        </case>
        <case>
          <duration>0.0</duration>
          <className>make_test.t_rcvd_parser_t</className>
          <testName>test     30</testName>
          <skipped>false</skipped>
          <failedSince>0</failedSince>
        </case>
        <case>
          <duration>0.0</duration>
          <className>make_test.t_rcvd_parser_t</className>
          <testName>test     31</testName>
          <skipped>false</skipped>
          <failedSince>0</failedSince>
        </case>
        <case>
          <duration>0.0</duration>
          <className>make_test.t_rcvd_parser_t</className>
          <testName>test     32</testName>
          <skipped>false</skipped>
          <failedSince>0</failedSince>
        </case>
        <case>
          <duration>0.0</duration>
          <className>make_test.t_rcvd_parser_t</className>
          <testName>test     33</testName>
          <skipped>false</skipped>
          <failedSince>0</failedSince>
        </case>
        <case>
          <duration>0.0</duration>
          <className>make_test.t_rcvd_parser_t</className>
          <testName>test     34</testName>
          <skipped>false</skipped>
          <failedSince>0</failedSince>
        </case>
        <case>
          <duration>0.0</duration>
          <className>make_test.t_rcvd_parser_t</className>
          <testName>test     35</testName>
          <skipped>false</skipped>
          <failedSince>0</failedSince>
        </case>
        <case>
          <duration>0.0</duration>
          <className>make_test.t_rcvd_parser_t</className>
          <testName>test     36</testName>
          <skipped>false</skipped>
          <failedSince>0</failedSince>
        </case>
        <case>
          <duration>0.0</duration>
          <className>make_test.t_rcvd_parser_t</className>
          <testName>test     37</testName>
          <skipped>false</skipped>
          <failedSince>0</failedSince>
        </case>
        <case>
          <duration>0.0</duration>
          <className>make_test.t_rcvd_parser_t</className>
          <testName>test     38</testName>
          <skipped>false</skipped>
          <failedSince>0</failedSince>
        </case>
        <case>
          <duration>0.0</duration>
          <className>make_test.t_rcvd_parser_t</className>
          <testName>test     39</testName>
          <skipped>false</skipped>
          <failedSince>0</failedSince>
        </case>
        <case>
          <duration>0.0</duration>
          <className>make_test.t_rcvd_parser_t</className>
          <testName>test     40</testName>
          <skipped>false</skipped>
          <failedSince>0</failedSince>
        </case>
        <case>
          <duration>0.0</duration>
          <className>make_test.t_rcvd_parser_t</className>
          <testName>test     41</testName>
          <skipped>false</skipped>
          <failedSince>0</failedSince>
        </case>
        <case>
          <duration>0.0</duration>
          <className>make_test.t_rcvd_parser_t</className>
          <testName>test     42</testName>
          <skipped>false</skipped>
          <failedSince>0</failedSince>
        </case>
        <case>
          <duration>0.0</duration>
          <className>make_test.t_rcvd_parser_t</className>
          <testName>test     43</testName>
          <skipped>false</skipped>
          <failedSince>0</failedSince>
        </case>
        <case>
          <duration>0.0</duration>
          <className>make_test.t_rcvd_parser_t</className>
          <testName>test     44</testName>
          <skipped>false</skipped>
          <failedSince>0</failedSince>
        </case>
        <case>
          <duration>0.0</duration>
          <className>make_test.t_rcvd_parser_t</className>
          <testName>test     45</testName>
          <skipped>false</skipped>
          <failedSince>0</failedSince>
        </case>
        <case>
          <duration>0.0</duration>
          <className>make_test.t_rcvd_parser_t</className>
          <testName>test     46</testName>
          <skipped>false</skipped>
          <failedSince>0</failedSince>
        </case>
        <case>
          <duration>0.0</duration>
          <className>make_test.t_rcvd_parser_t</className>
          <testName>test     47</testName>
          <skipped>false</skipped>
          <failedSince>0</failedSince>
        </case>
        <case>
          <duration>0.0</duration>
          <className>make_test.t_rcvd_parser_t</className>
          <testName>test     48</testName>
          <skipped>false</skipped>
          <failedSince>0</failedSince>
        </case>
        <case>
          <duration>0.0</duration>
          <className>make_test.t_rcvd_parser_t</className>
          <testName>test     49</testName>
          <skipped>false</skipped>
          <failedSince>0</failedSince>
        </case>
        <case>
          <duration>0.0</duration>
          <className>make_test.t_rcvd_parser_t</className>
          <testName>test     50</testName>
          <skipped>false</skipped>
          <failedSince>0</failedSince>
        </case>
        <case>
          <duration>0.0</duration>
          <className>make_test.t_rcvd_parser_t</className>
          <testName>test     51</testName>
          <skipped>false</skipped>
          <failedSince>0</failedSince>
        </case>
        <case>
          <duration>0.0</duration>
          <className>make_test.t_rcvd_parser_t</className>
          <testName>test     52</testName>
          <skipped>false</skipped>
          <failedSince>0</failedSince>
        </case>
        <case>
          <duration>0.0</duration>
          <className>make_test.t_rcvd_parser_t</className>
          <testName>test     53</testName>
          <skipped>false</skipped>
          <failedSince>0</failedSince>
        </case>
        <case>
          <duration>0.0</duration>
          <className>make_test.t_rcvd_parser_t</className>
          <testName>test     54</testName>
          <skipped>false</skipped>
          <failedSince>0</failedSince>
        </case>
        <case>
          <duration>0.0</duration>
          <className>make_test.t_rcvd_parser_t</className>
          <testName>test     55</testName>
          <skipped>false</skipped>
          <failedSince>0</failedSince>
        </case>
        <case>
          <duration>0.0</duration>
          <className>make_test.t_rcvd_parser_t</className>
          <testName>test     56</testName>
          <skipped>false</skipped>
          <failedSince>0</failedSince>
        </case>
        <case>
          <duration>0.0</duration>
          <className>make_test.t_rcvd_parser_t</className>
          <testName>test     57</testName>
          <skipped>false</skipped>
          <failedSince>0</failedSince>
        </case>
        <case>
          <duration>0.0</duration>
          <className>make_test.t_rcvd_parser_t</className>
          <testName>test     58</testName>
          <skipped>false</skipped>
          <failedSince>0</failedSince>
        </case>
        <case>
          <duration>0.0</duration>
          <className>make_test.t_rcvd_parser_t</className>
          <testName>test     59</testName>
          <skipped>false</skipped>
          <failedSince>0</failedSince>
        </case>
        <case>
          <duration>0.0</duration>
          <className>make_test.t_rcvd_parser_t</className>
          <testName>test     60</testName>
          <skipped>false</skipped>
          <failedSince>0</failedSince>
        </case>
        <case>
          <duration>0.0</duration>
          <className>make_test.t_rcvd_parser_t</className>
          <testName>test     61</testName>
          <skipped>false</skipped>
          <failedSince>0</failedSince>
        </case>
        <case>
          <duration>0.0</duration>
          <className>make_test.t_rcvd_parser_t</className>
          <testName>test     62</testName>
          <skipped>false</skipped>
          <failedSince>0</failedSince>
        </case>
        <case>
          <duration>0.0</duration>
          <className>make_test.t_rcvd_parser_t</className>
          <testName>test     63</testName>
          <skipped>false</skipped>
          <failedSince>0</failedSince>
        </case>
        <case>
          <duration>0.0</duration>
          <className>make_test.t_rcvd_parser_t</className>
          <testName>test     64</testName>
          <skipped>false</skipped>
          <failedSince>0</failedSince>
        </case>
        <case>
          <duration>0.0</duration>
          <className>make_test.t_rcvd_parser_t</className>
          <testName>test     65</testName>
          <skipped>false</skipped>
          <failedSince>0</failedSince>
        </case>
        <case>
          <duration>0.0</duration>
          <className>make_test.t_rcvd_parser_t</className>
          <testName>test     66</testName>
          <skipped>false</skipped>
          <failedSince>0</failedSince>
        </case>
        <case>
          <duration>0.0</duration>
          <className>make_test.t_rcvd_parser_t</className>
          <testName>test     67</testName>
          <skipped>false</skipped>
          <failedSince>0</failedSince>
        </case>
        <case>
          <duration>0.0</duration>
          <className>make_test.t_rcvd_parser_t</className>
          <testName>test     68</testName>
          <skipped>false</skipped>
          <failedSince>0</failedSince>
        </case>
        <case>
          <duration>0.0</duration>
          <className>make_test.t_rcvd_parser_t</className>
          <testName>test     69</testName>
          <skipped>false</skipped>
          <failedSince>0</failedSince>
        </case>
        <case>
          <duration>0.0</duration>
          <className>make_test.t_rcvd_parser_t</className>
          <testName>test     70</testName>
          <skipped>false</skipped>
          <failedSince>0</failedSince>
        </case>
        <case>
          <duration>0.0</duration>
          <className>make_test.t_rcvd_parser_t</className>
          <testName>test     71</testName>
          <skipped>false</skipped>
          <failedSince>0</failedSince>
        </case>
        <case>
          <duration>0.0</duration>
          <className>make_test.t_rcvd_parser_t</className>
          <testName>test     72</testName>
          <skipped>false</skipped>
          <failedSince>0</failedSince>
        </case>
        <case>
          <duration>0.0</duration>
          <className>make_test.t_rcvd_parser_t</className>
          <testName>test     73</testName>
          <skipped>false</skipped>
          <failedSince>0</failedSince>
        </case>
        <case>
          <duration>0.0</duration>
          <className>make_test.t_rcvd_parser_t</className>
          <testName>test     74</testName>
          <skipped>false</skipped>
          <failedSince>0</failedSince>
        </case>
        <case>
          <duration>0.0</duration>
          <className>make_test.t_rcvd_parser_t</className>
          <testName>test     75</testName>
          <skipped>false</skipped>
          <failedSince>0</failedSince>
        </case>
        <case>
          <duration>0.0</duration>
          <className>make_test.t_rcvd_parser_t</className>
          <testName>test     76</testName>
          <skipped>false</skipped>
          <failedSince>0</failedSince>
        </case>
        <case>
          <duration>0.0</duration>
          <className>make_test.t_rcvd_parser_t</className>
          <testName>test     77</testName>
          <skipped>false</skipped>
          <failedSince>0</failedSince>
        </case>
        <case>
          <duration>0.0</duration>
          <className>make_test.t_rcvd_parser_t</className>
          <testName>test     78</testName>
          <skipped>false</skipped>
          <failedSince>0</failedSince>
        </case>
        <case>
          <duration>0.0</duration>
          <className>make_test.t_rcvd_parser_t</className>
          <testName>test     79</testName>
          <skipped>false</skipped>
          <failedSince>0</failedSince>
        </case>
        <case>
          <duration>0.0</duration>
          <className>make_test.t_rcvd_parser_t</className>
          <testName>test     80</testName>
          <skipped>false</skipped>
          <failedSince>0</failedSince>
        </case>
        <case>
          <duration>0.0</duration>
          <className>make_test.t_rcvd_parser_t</className>
          <testName>test     81</testName>
          <skipped>false</skipped>
          <failedSince>0</failedSince>
        </case>
        <case>
          <duration>0.0</duration>
          <className>make_test.t_rcvd_parser_t</className>
          <testName>test     82</testName>
          <skipped>false</skipped>
          <failedSince>0</failedSince>
        </case>
        <case>
          <duration>0.0</duration>
          <className>make_test.t_rcvd_parser_t</className>
          <testName>test     83</testName>
          <skipped>false</skipped>
          <failedSince>0</failedSince>
        </case>
        <case>
          <duration>0.0</duration>
          <className>make_test.t_rcvd_parser_t</className>
          <testName>test     84</testName>
          <skipped>false</skipped>
          <failedSince>0</failedSince>
        </case>
        <case>
          <duration>0.0</duration>
          <className>make_test.t_rcvd_parser_t</className>
          <testName>test     85</testName>
          <skipped>false</skipped>
          <failedSince>0</failedSince>
        </case>
        <case>
          <duration>0.0</duration>
          <className>make_test.t_rcvd_parser_t</className>
          <testName>test     86</testName>
          <skipped>false</skipped>
          <failedSince>0</failedSince>
        </case>
        <case>
          <duration>0.0</duration>
          <className>make_test.t_rcvd_parser_t</className>
          <testName>test     87</testName>
          <skipped>false</skipped>
          <failedSince>0</failedSince>
        </case>
        <case>
          <duration>0.0</duration>
          <className>make_test.t_rcvd_parser_t</className>
          <testName>test     88</testName>
          <skipped>false</skipped>
          <failedSince>0</failedSince>
        </case>
        <case>
          <duration>0.0</duration>
          <className>make_test.t_rcvd_parser_t</className>
          <testName>test     89</testName>
          <skipped>false</skipped>
          <failedSince>0</failedSince>
        </case>
        <case>
          <duration>0.0</duration>
          <className>make_test.t_rcvd_parser_t</className>
          <testName>test     90</testName>
          <skipped>false</skipped>
          <failedSince>0</failedSince>
        </case>
        <case>
          <duration>0.0</duration>
          <className>make_test.t_rcvd_parser_t</className>
          <testName>test     91</testName>
          <skipped>false</skipped>
          <failedSince>0</failedSince>
        </case>
        <case>
          <duration>0.0</duration>
          <className>make_test.t_rcvd_parser_t</className>
          <testName>test     92</testName>
          <skipped>false</skipped>
          <failedSince>0</failedSince>
        </case>
        <case>
          <duration>0.0</duration>
          <className>make_test.t_rcvd_parser_t</className>
          <testName>test     93</testName>
          <skipped>false</skipped>
          <failedSince>0</failedSince>
        </case>
        <case>
          <duration>0.0</duration>
          <className>make_test.t_rcvd_parser_t</className>
          <testName>test     94</testName>
          <skipped>false</skipped>
          <failedSince>0</failedSince>
        </case>
        <case>
          <duration>0.0</duration>
          <className>make_test.t_rcvd_parser_t</className>
          <testName>test     95</testName>
          <skipped>false</skipped>
          <failedSince>0</failedSince>
        </case>
        <case>
          <duration>0.0</duration>
          <className>make_test.t_rcvd_parser_t</className>
          <testName>test     96</testName>
          <skipped>false</skipped>
          <failedSince>0</failedSince>
        </case>
        <case>
          <duration>0.0</duration>
          <className>make_test.t_rcvd_parser_t</className>
          <testName>test     97</testName>
          <skipped>false</skipped>
          <failedSince>0</failedSince>
        </case>
        <case>
          <duration>0.0</duration>
          <className>make_test.t_rcvd_parser_t</className>
          <testName>test     98</testName>
          <skipped>false</skipped>
          <failedSince>0</failedSince>
        </case>
        <case>
          <duration>0.0</duration>
          <className>make_test.t_rcvd_parser_t</className>
          <testName>test     99</testName>
          <skipped>false</skipped>
          <failedSince>0</failedSince>
        </case>
        <case>
          <duration>0.0</duration>
          <className>make_test.t_rcvd_parser_t</className>
          <testName>test    100</testName>
          <skipped>false</skipped>
          <failedSince>0</failedSince>
        </case>
        <case>
          <duration>0.0</duration>
          <className>make_test.t_rcvd_parser_t</className>
          <testName>test    101</testName>
          <skipped>false</skipped>
          <failedSince>0</failedSince>
        </case>
        <case>
          <duration>0.0</duration>
          <className>make_test.t_rcvd_parser_t</className>
          <testName>test    102</testName>
          <skipped>false</skipped>
          <failedSince>0</failedSince>
        </case>
        <case>
          <duration>0.0</duration>
          <className>make_test.t_rcvd_parser_t</className>
          <testName>test    103</testName>
          <skipped>false</skipped>
          <failedSince>0</failedSince>
        </case>
        <case>
          <duration>0.0</duration>
          <className>make_test.t_rcvd_parser_t</className>
          <testName>test    104</testName>
          <skipped>false</skipped>
          <failedSince>0</failedSince>
        </case>
        <case>
          <duration>0.0</duration>
          <className>make_test.t_rcvd_parser_t</className>
          <testName>test    105</testName>
          <skipped>false</skipped>
          <failedSince>0</failedSince>
        </case>
        <case>
          <duration>0.0</duration>
          <className>make_test.t_rcvd_parser_t</className>
          <testName>test    106</testName>
          <skipped>false</skipped>
          <failedSince>0</failedSince>
        </case>
        <case>
          <duration>0.0</duration>
          <className>make_test.t_rcvd_parser_t</className>
          <testName>test    107</testName>
          <skipped>false</skipped>
          <failedSince>0</failedSince>
        </case>
        <case>
          <duration>0.0</duration>
          <className>make_test.t_rcvd_parser_t</className>
          <testName>test    108</testName>
          <skipped>false</skipped>
          <failedSince>0</failedSince>
        </case>
        <case>
          <duration>0.0</duration>
          <className>make_test.t_rcvd_parser_t</className>
          <testName>test    109</testName>
          <skipped>false</skipped>
          <failedSince>0</failedSince>
        </case>
        <case>
          <duration>0.0</duration>
          <className>make_test.t_rcvd_parser_t</className>
          <testName>test    110</testName>
          <skipped>false</skipped>
          <failedSince>0</failedSince>
        </case>
        <case>
          <duration>0.0</duration>
          <className>make_test.t_rcvd_parser_t</className>
          <testName>test    111</testName>
          <skipped>false</skipped>
          <failedSince>0</failedSince>
        </case>
        <case>
          <duration>0.0</duration>
          <className>make_test.t_rcvd_parser_t</className>
          <testName>test    112</testName>
          <skipped>false</skipped>
          <failedSince>0</failedSince>
        </case>
        <case>
          <duration>0.0</duration>
          <className>make_test.t_rcvd_parser_t</className>
          <testName>test    113</testName>
          <skipped>false</skipped>
          <failedSince>0</failedSince>
        </case>
        <case>
          <duration>0.0</duration>
          <className>make_test.t_rcvd_parser_t</className>
          <testName>test    114</testName>
          <skipped>false</skipped>
          <failedSince>0</failedSince>
        </case>
        <case>
          <duration>0.0</duration>
          <className>make_test.t_rcvd_parser_t</className>
          <testName>test    115</testName>
          <skipped>false</skipped>
          <failedSince>0</failedSince>
        </case>
        <case>
          <duration>0.0</duration>
          <className>make_test.t_rcvd_parser_t</className>
          <testName>test    116</testName>
          <skipped>false</skipped>
          <failedSince>0</failedSince>
        </case>
        <case>
          <duration>0.0</duration>
          <className>make_test.t_rcvd_parser_t</className>
          <testName>test    117</testName>
          <skipped>false</skipped>
          <failedSince>0</failedSince>
        </case>
        <case>
          <duration>0.0</duration>
          <className>make_test.t_rcvd_parser_t</className>
          <testName>test    118</testName>
          <skipped>false</skipped>
          <failedSince>0</failedSince>
        </case>
        <case>
          <duration>0.0</duration>
          <className>make_test.t_rcvd_parser_t</className>
          <testName>test    119</testName>
          <skipped>false</skipped>
          <failedSince>0</failedSince>
        </case>
        <case>
          <duration>0.0</duration>
          <className>make_test.t_rcvd_parser_t</className>
          <testName>test    120</testName>
          <skipped>false</skipped>
          <failedSince>0</failedSince>
        </case>
        <case>
          <duration>0.0</duration>
          <className>make_test.t_rcvd_parser_t</className>
          <testName>test    121</testName>
          <skipped>false</skipped>
          <failedSince>0</failedSince>
        </case>
        <case>
          <duration>0.0</duration>
          <className>make_test.t_rcvd_parser_t</className>
          <testName>test    122</testName>
          <skipped>false</skipped>
          <failedSince>0</failedSince>
        </case>
        <case>
          <duration>0.0</duration>
          <className>make_test.t_rcvd_parser_t</className>
          <testName>test    123</testName>
          <skipped>false</skipped>
          <failedSince>0</failedSince>
        </case>
        <case>
          <duration>0.0</duration>
          <className>make_test.t_rcvd_parser_t</className>
          <testName>test    124</testName>
          <skipped>false</skipped>
          <failedSince>0</failedSince>
        </case>
        <case>
          <duration>0.0</duration>
          <className>make_test.t_rcvd_parser_t</className>
          <testName>test    125</testName>
          <skipped>false</skipped>
          <failedSince>0</failedSince>
        </case>
        <case>
          <duration>0.0</duration>
          <className>make_test.t_rcvd_parser_t</className>
          <testName>test    126</testName>
          <skipped>false</skipped>
          <failedSince>0</failedSince>
        </case>
        <case>
          <duration>0.0</duration>
          <className>make_test.t_rcvd_parser_t</className>
          <testName>test    127</testName>
          <skipped>false</skipped>
          <failedSince>0</failedSince>
        </case>
        <case>
          <duration>0.0</duration>
          <className>make_test.t_rcvd_parser_t</className>
          <testName>test    128</testName>
          <skipped>false</skipped>
          <failedSince>0</failedSince>
        </case>
        <case>
          <duration>0.0</duration>
          <className>make_test.t_rcvd_parser_t</className>
          <testName>test    129</testName>
          <skipped>false</skipped>
          <failedSince>0</failedSince>
        </case>
        <case>
          <duration>0.0</duration>
          <className>make_test.t_rcvd_parser_t</className>
          <testName>test    130</testName>
          <skipped>false</skipped>
          <failedSince>0</failedSince>
        </case>
        <case>
          <duration>0.0</duration>
          <className>make_test.t_rcvd_parser_t</className>
          <testName>test    131</testName>
          <skipped>false</skipped>
          <failedSince>0</failedSince>
        </case>
        <case>
          <duration>0.0</duration>
          <className>make_test.t_rcvd_parser_t</className>
          <testName>test    132</testName>
          <skipped>false</skipped>
          <failedSince>0</failedSince>
        </case>
      </cases>
    </suite>
    <suite>
      <file>/var/jenkins_home/jobs/groupByError/workspace/target/junit-report-1472.xml</file>
      <name>make_test.t_re_base_extraction_t</name>
      <stdout>
  1..125
  # Running under perl version 5.008006 for solaris
  # Current time local: Thu Mar 27 09:20:19 2008
  # Current time GMT:   Thu Mar 27 09:20:19 2008
  # Using Test.pm version 1.25
  ok 1
  ok 2
  INPUT: FOO,[l=0] /fooBar/
  INPUT: FOODOTSTAR,[l=1] /fooBar.*BAZ/
  INPUT: FOODOTSTAR2,[l=0] /fooBar(?:BAZ|blarg)/
  BASES: &apos;fooBar:FOO,[l=0] FOODOTSTAR,[l=1]&apos;
  BASES: &apos;fooBarBAZ:FOO,[l=0] FOODOTSTAR,[l=1] FOODOTSTAR2,[l=0]&apos;
  BASES: &apos;fooBarblarg:FOO,[l=0] FOODOTSTAR,[l=1] FOODOTSTAR2,[l=0]&apos;
...[truncated 6900 chars]...
1]&apos;
  BASES: &apos;target::TEST6,[l=1]&apos;
  BASES: &apos;to be removed from:EXCUSE_REMOVE,[l=1]&apos;
  ok 101
  ok 102
  ok 103
  ok 104
  ok 105
  ok 106
  ok 107
  ok 108
  ok 109
  ok 110
  ok 111
  ok 112
  ok 113
  ok 114
  ok 115
  ok 116
  ok 117
  ok 118
  INPUT: EXCUSE_REMOVE,[l=1] /to be removed from.{0,20}(?:mailings|offers)/i
  INPUT: FOO,[l=1] /foo bar/
  BASES: &apos;foo bar:FOO,[l=1]&apos;
  BASES: &apos;to be removed from:EXCUSE_REMOVE,[l=1]&apos;
  ok 119
  ok 120
  ok 121
  ok 122
  ok 123
  ok 124
  ok 125
  
  </stdout>
      <stderr></stderr>
      <duration>0.0</duration>
      <id>44</id>
      <cases>
        <case>
          <duration>0.0</duration>
          <className>make_test.t_re_base_extraction_t</className>
          <testName>test      1</testName>
          <skipped>false</skipped>
          <failedSince>0</failedSince>
        </case>
        <case>
          <duration>0.0</duration>
          <className>make_test.t_re_base_extraction_t</className>
          <testName>test      2</testName>
          <skipped>false</skipped>
          <failedSince>0</failedSince>
        </case>
        <case>
          <duration>0.0</duration>
          <className>make_test.t_re_base_extraction_t</className>
          <testName>test      3</testName>
          <skipped>false</skipped>
          <failedSince>0</failedSince>
        </case>
        <case>
          <duration>0.0</duration>
          <className>make_test.t_re_base_extraction_t</className>
          <testName>test      4</testName>
          <skipped>false</skipped>
          <failedSince>0</failedSince>
        </case>
        <case>
          <duration>0.0</duration>
          <className>make_test.t_re_base_extraction_t</className>
          <testName>test      5</testName>
          <skipped>false</skipped>
          <failedSince>0</failedSince>
        </case>
        <case>
          <duration>0.0</duration>
          <className>make_test.t_re_base_extraction_t</className>
          <testName>test      6</testName>
          <skipped>false</skipped>
          <failedSince>0</failedSince>
        </case>
        <case>
          <duration>0.0</duration>
          <className>make_test.t_re_base_extraction_t</className>
          <testName>test      7</testName>
          <skipped>false</skipped>
          <failedSince>0</failedSince>
        </case>
        <case>
          <duration>0.0</duration>
          <className>make_test.t_re_base_extraction_t</className>
          <testName>test      8</testName>
          <skipped>false</skipped>
          <failedSince>0</failedSince>
        </case>
        <case>
          <duration>0.0</duration>
          <className>make_test.t_re_base_extraction_t</className>
          <testName>test      9</testName>
          <skipped>false</skipped>
          <failedSince>0</failedSince>
        </case>
        <case>
          <duration>0.0</duration>
          <className>make_test.t_re_base_extraction_t</className>
          <testName>test     10</testName>
          <skipped>false</skipped>
          <failedSince>0</failedSince>
        </case>
        <case>
          <duration>0.0</duration>
          <className>make_test.t_re_base_extraction_t</className>
          <testName>test     11</testName>
          <skipped>false</skipped>
          <failedSince>0</failedSince>
        </case>
        <case>
          <duration>0.0</duration>
          <className>make_test.t_re_base_extraction_t</className>
          <testName>test     12</testName>
          <skipped>false</skipped>
          <failedSince>0</failedSince>
        </case>
        <case>
          <duration>0.0</duration>
          <className>make_test.t_re_base_extraction_t</className>
          <testName>test     13</testName>
          <skipped>false</skipped>
          <failedSince>0</failedSince>
        </case>
        <case>
          <duration>0.0</duration>
          <className>make_test.t_re_base_extraction_t</className>
          <testName>test     14</testName>
          <skipped>false</skipped>
          <failedSince>0</failedSince>
        </case>
        <case>
          <duration>0.0</duration>
          <className>make_test.t_re_base_extraction_t</className>
          <testName>test     15</testName>
          <skipped>false</skipped>
          <failedSince>0</failedSince>
        </case>
        <case>
          <duration>0.0</duration>
          <className>make_test.t_re_base_extraction_t</className>
          <testName>test     16</testName>
          <skipped>false</skipped>
          <failedSince>0</failedSince>
        </case>
        <case>
          <duration>0.0</duration>
          <className>make_test.t_re_base_extraction_t</className>
          <testName>test     17</testName>
          <skipped>false</skipped>
          <failedSince>0</failedSince>
        </case>
        <case>
          <duration>0.0</duration>
          <className>make_test.t_re_base_extraction_t</className>
          <testName>test     18</testName>
          <skipped>false</skipped>
          <failedSince>0</failedSince>
        </case>
        <case>
          <duration>0.0</duration>
          <className>make_test.t_re_base_extraction_t</className>
          <testName>test     19</testName>
          <skipped>false</skipped>
          <failedSince>0</failedSince>
        </case>
        <case>
          <duration>0.0</duration>
          <className>make_test.t_re_base_extraction_t</className>
          <testName>test     20</testName>
          <skipped>false</skipped>
          <failedSince>0</failedSince>
        </case>
        <case>
          <duration>0.0</duration>
          <className>make_test.t_re_base_extraction_t</className>
          <testName>test     21</testName>
          <skipped>false</skipped>
          <failedSince>0</failedSince>
        </case>
        <case>
          <duration>0.0</duration>
          <className>make_test.t_re_base_extraction_t</className>
          <testName>test     22</testName>
          <skipped>false</skipped>
          <failedSince>0</failedSince>
        </case>
        <case>
          <duration>0.0</duration>
          <className>make_test.t_re_base_extraction_t</className>
          <testName>test     23</testName>
          <skipped>false</skipped>
          <failedSince>0</failedSince>
        </case>
        <case>
          <duration>0.0</duration>
          <className>make_test.t_re_base_extraction_t</className>
          <testName>test     24</testName>
          <skipped>false</skipped>
          <failedSince>0</failedSince>
        </case>
        <case>
          <duration>0.0</duration>
          <className>make_test.t_re_base_extraction_t</className>
          <testName>test     25</testName>
          <skipped>false</skipped>
          <failedSince>0</failedSince>
        </case>
        <case>
          <duration>0.0</duration>
          <className>make_test.t_re_base_extraction_t</className>
          <testName>test     26</testName>
          <skipped>false</skipped>
          <failedSince>0</failedSince>
        </case>
        <case>
          <duration>0.0</duration>
          <className>make_test.t_re_base_extraction_t</className>
          <testName>test     27</testName>
          <skipped>false</skipped>
          <failedSince>0</failedSince>
        </case>
        <case>
          <duration>0.0</duration>
          <className>make_test.t_re_base_extraction_t</className>
          <testName>test     28</testName>
          <skipped>false</skipped>
          <failedSince>0</failedSince>
        </case>
        <case>
          <duration>0.0</duration>
          <className>make_test.t_re_base_extraction_t</className>
          <testName>test     29</testName>
          <skipped>false</skipped>
          <failedSince>0</failedSince>
        </case>
        <case>
          <duration>0.0</duration>
          <className>make_test.t_re_base_extraction_t</className>
          <testName>test     30</testName>
          <skipped>false</skipped>
          <failedSince>0</failedSince>
        </case>
        <case>
          <duration>0.0</duration>
          <className>make_test.t_re_base_extraction_t</className>
          <testName>test     31</testName>
          <skipped>false</skipped>
          <failedSince>0</failedSince>
        </case>
        <case>
          <duration>0.0</duration>
          <className>make_test.t_re_base_extraction_t</className>
          <testName>test     32</testName>
          <skipped>false</skipped>
          <failedSince>0</failedSince>
        </case>
        <case>
          <duration>0.0</duration>
          <className>make_test.t_re_base_extraction_t</className>
          <testName>test     33</testName>
          <skipped>false</skipped>
          <failedSince>0</failedSince>
        </case>
        <case>
          <duration>0.0</duration>
          <className>make_test.t_re_base_extraction_t</className>
          <testName>test     34</testName>
          <skipped>false</skipped>
          <failedSince>0</failedSince>
        </case>
        <case>
          <duration>0.0</duration>
          <className>make_test.t_re_base_extraction_t</className>
          <testName>test     35</testName>
          <skipped>false</skipped>
          <failedSince>0</failedSince>
        </case>
        <case>
          <duration>0.0</duration>
          <className>make_test.t_re_base_extraction_t</className>
          <testName>test     36</testName>
          <skipped>false</skipped>
          <failedSince>0</failedSince>
        </case>
        <case>
          <duration>0.0</duration>
          <className>make_test.t_re_base_extraction_t</className>
          <testName>test     37</testName>
          <skipped>false</skipped>
          <failedSince>0</failedSince>
        </case>
        <case>
          <duration>0.0</duration>
          <className>make_test.t_re_base_extraction_t</className>
          <testName>test     38</testName>
          <skipped>false</skipped>
          <failedSince>0</failedSince>
        </case>
        <case>
          <duration>0.0</duration>
          <className>make_test.t_re_base_extraction_t</className>
          <testName>test     39</testName>
          <skipped>false</skipped>
          <failedSince>0</failedSince>
        </case>
        <case>
          <duration>0.0</duration>
          <className>make_test.t_re_base_extraction_t</className>
          <testName>test     40</testName>
          <skipped>false</skipped>
          <failedSince>0</failedSince>
        </case>
        <case>
          <duration>0.0</duration>
          <className>make_test.t_re_base_extraction_t</className>
          <testName>test     41</testName>
          <skipped>false</skipped>
          <failedSince>0</failedSince>
        </case>
        <case>
          <duration>0.0</duration>
          <className>make_test.t_re_base_extraction_t</className>
          <testName>test     42</testName>
          <skipped>false</skipped>
          <failedSince>0</failedSince>
        </case>
        <case>
          <duration>0.0</duration>
          <className>make_test.t_re_base_extraction_t</className>
          <testName>test     43</testName>
          <skipped>false</skipped>
          <failedSince>0</failedSince>
        </case>
        <case>
          <duration>0.0</duration>
          <className>make_test.t_re_base_extraction_t</className>
          <testName>test     44</testName>
          <skipped>false</skipped>
          <failedSince>0</failedSince>
        </case>
        <case>
          <duration>0.0</duration>
          <className>make_test.t_re_base_extraction_t</className>
          <testName>test     45</testName>
          <skipped>false</skipped>
          <failedSince>0</failedSince>
        </case>
        <case>
          <duration>0.0</duration>
          <className>make_test.t_re_base_extraction_t</className>
          <testName>test     46</testName>
          <skipped>false</skipped>
          <failedSince>0</failedSince>
        </case>
        <case>
          <duration>0.0</duration>
          <className>make_test.t_re_base_extraction_t</className>
          <testName>test     47</testName>
          <skipped>false</skipped>
          <failedSince>0</failedSince>
        </case>
        <case>
          <duration>0.0</duration>
          <className>make_test.t_re_base_extraction_t</className>
          <testName>test     48</testName>
          <skipped>false</skipped>
          <failedSince>0</failedSince>
        </case>
        <case>
          <duration>0.0</duration>
          <className>make_test.t_re_base_extraction_t</className>
          <testName>test     49</testName>
          <skipped>false</skipped>
          <failedSince>0</failedSince>
        </case>
        <case>
          <duration>0.0</duration>
          <className>make_test.t_re_base_extraction_t</className>
          <testName>test     50</testName>
          <skipped>false</skipped>
          <failedSince>0</failedSince>
        </case>
        <case>
          <duration>0.0</duration>
          <className>make_test.t_re_base_extraction_t</className>
          <testName>test     51</testName>
          <skipped>false</skipped>
          <failedSince>0</failedSince>
        </case>
        <case>
          <duration>0.0</duration>
          <className>make_test.t_re_base_extraction_t</className>
          <testName>test     52</testName>
          <skipped>false</skipped>
          <failedSince>0</failedSince>
        </case>
        <case>
          <duration>0.0</duration>
          <className>make_test.t_re_base_extraction_t</className>
          <testName>test     53</testName>
          <skipped>false</skipped>
          <failedSince>0</failedSince>
        </case>
        <case>
          <duration>0.0</duration>
          <className>make_test.t_re_base_extraction_t</className>
          <testName>test     54</testName>
          <skipped>false</skipped>
          <failedSince>0</failedSince>
        </case>
        <case>
          <duration>0.0</duration>
          <className>make_test.t_re_base_extraction_t</className>
          <testName>test     55</testName>
          <skipped>false</skipped>
          <failedSince>0</failedSince>
        </case>
        <case>
          <duration>0.0</duration>
          <className>make_test.t_re_base_extraction_t</className>
          <testName>test     56</testName>
          <skipped>false</skipped>
          <failedSince>0</failedSince>
        </case>
        <case>
          <duration>0.0</duration>
          <className>make_test.t_re_base_extraction_t</className>
          <testName>test     57</testName>
          <skipped>false</skipped>
          <failedSince>0</failedSince>
        </case>
        <case>
          <duration>0.0</duration>
          <className>make_test.t_re_base_extraction_t</className>
          <testName>test     58</testName>
          <skipped>false</skipped>
          <failedSince>0</failedSince>
        </case>
        <case>
          <duration>0.0</duration>
          <className>make_test.t_re_base_extraction_t</className>
          <testName>test     59</testName>
          <skipped>false</skipped>
          <failedSince>0</failedSince>
        </case>
        <case>
          <duration>0.0</duration>
          <className>make_test.t_re_base_extraction_t</className>
          <testName>test     60</testName>
          <skipped>false</skipped>
          <failedSince>0</failedSince>
        </case>
        <case>
          <duration>0.0</duration>
          <className>make_test.t_re_base_extraction_t</className>
          <testName>test     61</testName>
          <skipped>false</skipped>
          <failedSince>0</failedSince>
        </case>
        <case>
          <duration>0.0</duration>
          <className>make_test.t_re_base_extraction_t</className>
          <testName>test     62</testName>
          <skipped>false</skipped>
          <failedSince>0</failedSince>
        </case>
        <case>
          <duration>0.0</duration>
          <className>make_test.t_re_base_extraction_t</className>
          <testName>test     63</testName>
          <skipped>false</skipped>
          <failedSince>0</failedSince>
        </case>
        <case>
          <duration>0.0</duration>
          <className>make_test.t_re_base_extraction_t</className>
          <testName>test     64</testName>
          <skipped>false</skipped>
          <failedSince>0</failedSince>
        </case>
        <case>
          <duration>0.0</duration>
          <className>make_test.t_re_base_extraction_t</className>
          <testName>test     65</testName>
          <skipped>false</skipped>
          <failedSince>0</failedSince>
        </case>
        <case>
          <duration>0.0</duration>
          <className>make_test.t_re_base_extraction_t</className>
          <testName>test     66</testName>
          <skipped>false</skipped>
          <failedSince>0</failedSince>
        </case>
        <case>
          <duration>0.0</duration>
          <className>make_test.t_re_base_extraction_t</className>
          <testName>test     67</testName>
          <skipped>false</skipped>
          <failedSince>0</failedSince>
        </case>
        <case>
          <duration>0.0</duration>
          <className>make_test.t_re_base_extraction_t</className>
          <testName>test     68</testName>
          <skipped>false</skipped>
          <failedSince>0</failedSince>
        </case>
        <case>
          <duration>0.0</duration>
          <className>make_test.t_re_base_extraction_t</className>
          <testName>test     69</testName>
          <skipped>false</skipped>
          <failedSince>0</failedSince>
        </case>
        <case>
          <duration>0.0</duration>
          <className>make_test.t_re_base_extraction_t</className>
          <testName>test     70</testName>
          <skipped>false</skipped>
          <failedSince>0</failedSince>
        </case>
        <case>
          <duration>0.0</duration>
          <className>make_test.t_re_base_extraction_t</className>
          <testName>test     71</testName>
          <skipped>false</skipped>
          <failedSince>0</failedSince>
        </case>
        <case>
          <duration>0.0</duration>
          <className>make_test.t_re_base_extraction_t</className>
          <testName>test     72</testName>
          <skipped>false</skipped>
          <failedSince>0</failedSince>
        </case>
        <case>
          <duration>0.0</duration>
          <className>make_test.t_re_base_extraction_t</className>
          <testName>test     73</testName>
          <skipped>false</skipped>
          <failedSince>0</failedSince>
        </case>
        <case>
          <duration>0.0</duration>
          <className>make_test.t_re_base_extraction_t</className>
          <testName>test     74</testName>
          <skipped>false</skipped>
          <failedSince>0</failedSince>
        </case>
        <case>
          <duration>0.0</duration>
          <className>make_test.t_re_base_extraction_t</className>
          <testName>test     75</testName>
          <skipped>false</skipped>
          <failedSince>0</failedSince>
        </case>
        <case>
          <duration>0.0</duration>
          <className>make_test.t_re_base_extraction_t</className>
          <testName>test     76</testName>
          <skipped>false</skipped>
          <failedSince>0</failedSince>
        </case>
        <case>
          <duration>0.0</duration>
          <className>make_test.t_re_base_extraction_t</className>
          <testName>test     77</testName>
          <skipped>false</skipped>
          <failedSince>0</failedSince>
        </case>
        <case>
          <duration>0.0</duration>
          <className>make_test.t_re_base_extraction_t</className>
          <testName>test     78</testName>
          <skipped>false</skipped>
          <failedSince>0</failedSince>
        </case>
        <case>
          <duration>0.0</duration>
          <className>make_test.t_re_base_extraction_t</className>
          <testName>test     79</testName>
          <skipped>false</skipped>
          <failedSince>0</failedSince>
        </case>
        <case>
          <duration>0.0</duration>
          <className>make_test.t_re_base_extraction_t</className>
          <testName>test     80</testName>
          <skipped>false</skipped>
          <failedSince>0</failedSince>
        </case>
        <case>
          <duration>0.0</duration>
          <className>make_test.t_re_base_extraction_t</className>
          <testName>test     81</testName>
          <skipped>false</skipped>
          <failedSince>0</failedSince>
        </case>
        <case>
          <duration>0.0</duration>
          <className>make_test.t_re_base_extraction_t</className>
          <testName>test     82</testName>
          <skipped>false</skipped>
          <failedSince>0</failedSince>
        </case>
        <case>
          <duration>0.0</duration>
          <className>make_test.t_re_base_extraction_t</className>
          <testName>test     83</testName>
          <skipped>false</skipped>
          <failedSince>0</failedSince>
        </case>
        <case>
          <duration>0.0</duration>
          <className>make_test.t_re_base_extraction_t</className>
          <testName>test     84</testName>
          <skipped>false</skipped>
          <failedSince>0</failedSince>
        </case>
        <case>
          <duration>0.0</duration>
          <className>make_test.t_re_base_extraction_t</className>
          <testName>test     85</testName>
          <skipped>false</skipped>
          <failedSince>0</failedSince>
        </case>
        <case>
          <duration>0.0</duration>
          <className>make_test.t_re_base_extraction_t</className>
          <testName>test     86</testName>
          <skipped>false</skipped>
          <failedSince>0</failedSince>
        </case>
        <case>
          <duration>0.0</duration>
          <className>make_test.t_re_base_extraction_t</className>
          <testName>test     87</testName>
          <skipped>false</skipped>
          <failedSince>0</failedSince>
        </case>
        <case>
          <duration>0.0</duration>
          <className>make_test.t_re_base_extraction_t</className>
          <testName>test     88</testName>
          <skipped>false</skipped>
          <failedSince>0</failedSince>
        </case>
        <case>
          <duration>0.0</duration>
          <className>make_test.t_re_base_extraction_t</className>
          <testName>test     89</testName>
          <skipped>false</skipped>
          <failedSince>0</failedSince>
        </case>
        <case>
          <duration>0.0</duration>
          <className>make_test.t_re_base_extraction_t</className>
          <testName>test     90</testName>
          <skipped>false</skipped>
          <failedSince>0</failedSince>
        </case>
        <case>
          <duration>0.0</duration>
          <className>make_test.t_re_base_extraction_t</className>
          <testName>test     91</testName>
          <skipped>false</skipped>
          <failedSince>0</failedSince>
        </case>
        <case>
          <duration>0.0</duration>
          <className>make_test.t_re_base_extraction_t</className>
          <testName>test     92</testName>
          <skipped>false</skipped>
          <failedSince>0</failedSince>
        </case>
        <case>
          <duration>0.0</duration>
          <className>make_test.t_re_base_extraction_t</className>
          <testName>test     93</testName>
          <skipped>false</skipped>
          <failedSince>0</failedSince>
        </case>
        <case>
          <duration>0.0</duration>
          <className>make_test.t_re_base_extraction_t</className>
          <testName>test     94</testName>
          <skipped>false</skipped>
          <failedSince>0</failedSince>
        </case>
        <case>
          <duration>0.0</duration>
          <className>make_test.t_re_base_extraction_t</className>
          <testName>test     95</testName>
          <skipped>false</skipped>
          <failedSince>0</failedSince>
        </case>
        <case>
          <duration>0.0</duration>
          <className>make_test.t_re_base_extraction_t</className>
          <testName>test     96</testName>
          <skipped>false</skipped>
          <failedSince>0</failedSince>
        </case>
        <case>
          <duration>0.0</duration>
          <className>make_test.t_re_base_extraction_t</className>
          <testName>test     97</testName>
          <skipped>false</skipped>
          <failedSince>0</failedSince>
        </case>
        <case>
          <duration>0.0</duration>
          <className>make_test.t_re_base_extraction_t</className>
          <testName>test     98</testName>
          <skipped>false</skipped>
          <failedSince>0</failedSince>
        </case>
        <case>
          <duration>0.0</duration>
          <className>make_test.t_re_base_extraction_t</className>
          <testName>test     99</testName>
          <skipped>false</skipped>
          <failedSince>0</failedSince>
        </case>
        <case>
          <duration>0.0</duration>
          <className>make_test.t_re_base_extraction_t</className>
          <testName>test    100</testName>
          <skipped>false</skipped>
          <failedSince>0</failedSince>
        </case>
        <case>
          <duration>0.0</duration>
          <className>make_test.t_re_base_extraction_t</className>
          <testName>test    101</testName>
          <skipped>false</skipped>
          <failedSince>0</failedSince>
        </case>
        <case>
          <duration>0.0</duration>
          <className>make_test.t_re_base_extraction_t</className>
          <testName>test    102</testName>
          <skipped>false</skipped>
          <failedSince>0</failedSince>
        </case>
        <case>
          <duration>0.0</duration>
          <className>make_test.t_re_base_extraction_t</className>
          <testName>test    103</testName>
          <skipped>false</skipped>
          <failedSince>0</failedSince>
        </case>
        <case>
          <duration>0.0</duration>
          <className>make_test.t_re_base_extraction_t</className>
          <testName>test    104</testName>
          <skipped>false</skipped>
          <failedSince>0</failedSince>
        </case>
        <case>
          <duration>0.0</duration>
          <className>make_test.t_re_base_extraction_t</className>
          <testName>test    105</testName>
          <skipped>false</skipped>
          <failedSince>0</failedSince>
        </case>
        <case>
          <duration>0.0</duration>
          <className>make_test.t_re_base_extraction_t</className>
          <testName>test    106</testName>
          <skipped>false</skipped>
          <failedSince>0</failedSince>
        </case>
        <case>
          <duration>0.0</duration>
          <className>make_test.t_re_base_extraction_t</className>
          <testName>test    107</testName>
          <skipped>false</skipped>
          <failedSince>0</failedSince>
        </case>
        <case>
          <duration>0.0</duration>
          <className>make_test.t_re_base_extraction_t</className>
          <testName>test    108</testName>
          <skipped>false</skipped>
          <failedSince>0</failedSince>
        </case>
        <case>
          <duration>0.0</duration>
          <className>make_test.t_re_base_extraction_t</className>
          <testName>test    109</testName>
          <skipped>false</skipped>
          <failedSince>0</failedSince>
        </case>
        <case>
          <duration>0.0</duration>
          <className>make_test.t_re_base_extraction_t</className>
          <testName>test    110</testName>
          <skipped>false</skipped>
          <failedSince>0</failedSince>
        </case>
        <case>
          <duration>0.0</duration>
          <className>make_test.t_re_base_extraction_t</className>
          <testName>test    111</testName>
          <skipped>false</skipped>
          <failedSince>0</failedSince>
        </case>
        <case>
          <duration>0.0</duration>
          <className>make_test.t_re_base_extraction_t</className>
          <testName>test    112</testName>
          <skipped>false</skipped>
          <failedSince>0</failedSince>
        </case>
        <case>
          <duration>0.0</duration>
          <className>make_test.t_re_base_extraction_t</className>
          <testName>test    113</testName>
          <skipped>false</skipped>
          <failedSince>0</failedSince>
        </case>
        <case>
          <duration>0.0</duration>
          <className>make_test.t_re_base_extraction_t</className>
          <testName>test    114</testName>
          <skipped>false</skipped>
          <failedSince>0</failedSince>
        </case>
        <case>
          <duration>0.0</duration>
          <className>make_test.t_re_base_extraction_t</className>
          <testName>test    115</testName>
          <skipped>false</skipped>
          <failedSince>0</failedSince>
        </case>
        <case>
          <duration>0.0</duration>
          <className>make_test.t_re_base_extraction_t</className>
          <testName>test    116</testName>
          <skipped>false</skipped>
          <failedSince>0</failedSince>
        </case>
        <case>
          <duration>0.0</duration>
          <className>make_test.t_re_base_extraction_t</className>
          <testName>test    117</testName>
          <skipped>false</skipped>
          <failedSince>0</failedSince>
        </case>
        <case>
          <duration>0.0</duration>
          <className>make_test.t_re_base_extraction_t</className>
          <testName>test    118</testName>
          <skipped>false</skipped>
          <failedSince>0</failedSince>
        </case>
        <case>
          <duration>0.0</duration>
          <className>make_test.t_re_base_extraction_t</className>
          <testName>test    119</testName>
          <skipped>false</skipped>
          <failedSince>0</failedSince>
        </case>
        <case>
          <duration>0.0</duration>
          <className>make_test.t_re_base_extraction_t</className>
          <testName>test    120</testName>
          <skipped>false</skipped>
          <failedSince>0</failedSince>
        </case>
        <case>
          <duration>0.0</duration>
          <className>make_test.t_re_base_extraction_t</className>
          <testName>test    121</testName>
          <skipped>false</skipped>
          <failedSince>0</failedSince>
        </case>
        <case>
          <duration>0.0</duration>
          <className>make_test.t_re_base_extraction_t</className>
          <testName>test    122</testName>
          <skipped>false</skipped>
          <failedSince>0</failedSince>
        </case>
        <case>
          <duration>0.0</duration>
          <className>make_test.t_re_base_extraction_t</className>
          <testName>test    123</testName>
          <skipped>false</skipped>
          <failedSince>0</failedSince>
        </case>
        <case>
          <duration>0.0</duration>
          <className>make_test.t_re_base_extraction_t</className>
          <testName>test    124</testName>
          <skipped>false</skipped>
          <failedSince>0</failedSince>
        </case>
        <case>
          <duration>0.0</duration>
          <className>make_test.t_re_base_extraction_t</className>
          <testName>test    125</testName>
          <skipped>false</skipped>
          <failedSince>0</failedSince>
        </case>
      </cases>
    </suite>
    <suite>
      <file>/var/jenkins_home/jobs/groupByError/workspace/target/junit-report-1472.xml</file>
      <name>make_test.t_recips_t</name>
      <stdout>
  1..6
  # Running under perl version 5.008006 for solaris
  # Current time local: Thu Mar 27 09:20:20 2008
  # Current time GMT:   Thu Mar 27 09:20:20 2008
  # Using Test.pm version 1.25
  	/export/home/jm/tools/perl586/bin/perl -T -w ../spamassassin.raw -C log/test_rules_copy  --siteconfigpath log/localrules.tmp -p log/test_default.cf  -L -t &lt; data/spam/010
  	Checking SORTED_RECIPS
  ok 1
  	Checking SUSPICIOUS_RECIPS
  ok 2
  	/export/home/jm/tools/perl586/bin/perl -T -w ../spamassassin.raw -C log/test_rules_copy  --siteconfigpath log/localrules.tmp -p log/test_default.cf  -L -t &lt; data/spam/011
  	Checking SUSPICIOUS_RECIPS
  ok 3
  	Checking for anti-pattern SORTED_RECIPS
  ok 4
  	/export/home/jm/tools/perl586/bin/perl -T -w ../spamassassin.raw -C log/test_rules_copy  --siteconfigpath log/localrules.tmp -p log/test_default.cf  -L -t &lt; data/nice/006
  	Checking for anti-pattern SORTED_RECIPS
  ok 5
  	Checking for anti-pattern SUSPICIOUS_RECIPS
  ok 6
  
  </stdout>
      <stderr></stderr>
      <duration>0.0</duration>
      <id>45</id>
      <cases>
        <case>
          <duration>0.0</duration>
          <className>make_test.t_recips_t</className>
          <testName>test      1</testName>
          <skipped>false</skipped>
          <failedSince>0</failedSince>
        </case>
        <case>
          <duration>0.0</duration>
          <className>make_test.t_recips_t</className>
          <testName>test      2</testName>
          <skipped>false</skipped>
          <failedSince>0</failedSince>
        </case>
        <case>
          <duration>0.0</duration>
          <className>make_test.t_recips_t</className>
          <testName>test      3</testName>
          <skipped>false</skipped>
          <failedSince>0</failedSince>
        </case>
        <case>
          <duration>0.0</duration>
          <className>make_test.t_recips_t</className>
          <testName>test      4</testName>
          <skipped>false</skipped>
          <failedSince>0</failedSince>
        </case>
        <case>
          <duration>0.0</duration>
          <className>make_test.t_recips_t</className>
          <testName>test      5</testName>
          <skipped>false</skipped>
          <failedSince>0</failedSince>
        </case>
        <case>
          <duration>0.0</duration>
          <className>make_test.t_recips_t</className>
          <testName>test      6</testName>
          <skipped>false</skipped>
          <failedSince>0</failedSince>
        </case>
      </cases>
    </suite>
    <suite>
      <file>/var/jenkins_home/jobs/groupByError/workspace/target/junit-report-1472.xml</file>
      <name>make_test.t_recreate_t</name>
      <stdout>
  1..9
  # Running under perl version 5.008006 for solaris
  # Current time local: Thu Mar 27 09:20:24 2008
  # Current time GMT:   Thu Mar 27 09:20:24 2008
  # Using Test.pm version 1.25
  plugin: failed to parse plugin /zonestorage/hudson/home/hudson/hudson/jobs/SpamAssassin-trunk/workspace/sa_trunk/t/../t/log/test_rules_copy/sandbox-hstern.pm: Can&apos;t locate /zonestorage/hudson/home/hudson/hudson/jobs/SpamAssassin-trunk/workspace/sa_trunk/t/../t/log/test_rules_copy/sandbox-hstern.pm in @INC (@
...[truncated 2486 chars]...
storage/hudson/home/hudson/hudson/jobs/SpamAssassin-trunk/workspace/sa_trunk/blib/lib /zonestorage/hudson/home/hudson/hudson/jobs/SpamAssassin-trunk/workspace/sa_trunk/blib/arch /local/perl586/lib/5.8.6/i86pc-solaris /local/perl586/lib/5.8.6 /local/perl586/lib/site_perl/5.8.6/i86pc-solaris /local/perl586/lib/site_perl/5.8.6 /local/perl586/lib/site_perl) at ../blib/lib/Mail/SpamAssassin/PluginHandler.pm line 108.

  [ignored warning, not recreate-related]
  ok 5
  ok 6
  ok 7
  ok 8
  ok 9
  

  </stdout>
      <stderr></stderr>
      <duration>0.0</duration>
      <id>46</id>
      <cases>
        <case>
          <duration>0.0</duration>
          <className>make_test.t_recreate_t</className>
          <testName>test      1</testName>
          <skipped>false</skipped>
          <failedSince>0</failedSince>
        </case>
        <case>
          <duration>0.0</duration>
          <className>make_test.t_recreate_t</className>
          <testName>test      2</testName>
          <skipped>false</skipped>
          <failedSince>0</failedSince>
        </case>
        <case>
          <duration>0.0</duration>
          <className>make_test.t_recreate_t</className>
          <testName>test      3</testName>
          <skipped>false</skipped>
          <failedSince>0</failedSince>
        </case>
        <case>
          <duration>0.0</duration>
          <className>make_test.t_recreate_t</className>
          <testName>test      4</testName>
          <skipped>false</skipped>
          <failedSince>0</failedSince>
        </case>
        <case>
          <duration>0.0</duration>
          <className>make_test.t_recreate_t</className>
          <testName>test      5</testName>
          <skipped>false</skipped>
          <failedSince>0</failedSince>
        </case>
        <case>
          <duration>0.0</duration>
          <className>make_test.t_recreate_t</className>
          <testName>test      6</testName>
          <skipped>false</skipped>
          <failedSince>0</failedSince>
        </case>
        <case>
          <duration>0.0</duration>
          <className>make_test.t_recreate_t</className>
          <testName>test      7</testName>
          <skipped>false</skipped>
          <failedSince>0</failedSince>
        </case>
        <case>
          <duration>0.0</duration>
          <className>make_test.t_recreate_t</className>
          <testName>test      8</testName>
          <skipped>false</skipped>
          <failedSince>0</failedSince>
        </case>
        <case>
          <duration>0.0</duration>
          <className>make_test.t_recreate_t</className>
          <testName>test      9</testName>
          <skipped>false</skipped>
          <failedSince>0</failedSince>
        </case>
      </cases>
    </suite>
    <suite>
      <file>/var/jenkins_home/jobs/groupByError/workspace/target/junit-report-1472.xml</file>
      <name>make_test.t_recursion_t</name>
      <stdout>
  1..10
  # Running under perl version 5.008006 for solaris
  # Current time local: Thu Mar 27 09:20:27 2008
  # Current time GMT:   Thu Mar 27 09:20:27 2008
  # Using Test.pm version 1.25
  ok 1
  	/export/home/jm/tools/perl586/bin/perl -T -w ../spamassassin.raw -C log/test_rules_copy  --siteconfigpath log/localrules.tmp -p log/test_default.cf  -D -L -t &lt; log/recurse.eml
  # [13589] dbg: logger: adding facilities: all
  [13589] dbg: logger: logging level is DBG
  [13589] dbg: generic: SpamAssa
...[truncated 100120 chars]...
 (0.0%), tests_pri_-1000: 4 (0.3%), tests_pri_-950: 1.55 (0.1%), tests_pri_-900: 1.85 (0.1%), tests_pri_-400: 1.32 (0.1%), tests_pri_0: 453 (28.9%), tests_pri_500: 53 (3.4%), tests_pri_1000: 8 (0.5%), check_awl: 6 (0.4%)
  [13597] dbg: plugin: Mail::SpamAssassin::Plugin::MIMEHeader=HASH(0x8b7b6d8) implements &apos;finish_tests&apos;, priority 0
  [13597] dbg: plugin: Mail::SpamAssassin::Plugin::Check=HASH(0x8eb631c) implements &apos;finish_tests&apos;, priority 0

  ok 8
  	Checking headerfound
  ok 9
  ok 10
  
  </stdout>
      <stderr></stderr>
      <duration>0.0</duration>
      <id>47</id>
      <cases>
        <case>
          <duration>0.0</duration>
          <className>make_test.t_recursion_t</className>
          <testName>test      1</testName>
          <skipped>false</skipped>
          <failedSince>0</failedSince>
        </case>
        <case>
          <duration>0.0</duration>
          <className>make_test.t_recursion_t</className>
          <testName>test      2</testName>
          <skipped>false</skipped>
          <failedSince>0</failedSince>
        </case>
        <case>
          <duration>0.0</duration>
          <className>make_test.t_recursion_t</className>
          <testName>test      3</testName>
          <skipped>false</skipped>
          <failedSince>0</failedSince>
        </case>
        <case>
          <duration>0.0</duration>
          <className>make_test.t_recursion_t</className>
          <testName>test      4</testName>
          <skipped>false</skipped>
          <failedSince>0</failedSince>
        </case>
        <case>
          <duration>0.0</duration>
          <className>make_test.t_recursion_t</className>
          <testName>test      5</testName>
          <skipped>false</skipped>
          <failedSince>0</failedSince>
        </case>
        <case>
          <duration>0.0</duration>
          <className>make_test.t_recursion_t</className>
          <testName>test      6</testName>
          <skipped>false</skipped>
          <failedSince>0</failedSince>
        </case>
        <case>
          <duration>0.0</duration>
          <className>make_test.t_recursion_t</className>
          <testName>test      7</testName>
          <skipped>false</skipped>
          <failedSince>0</failedSince>
        </case>
        <case>
          <duration>0.0</duration>
          <className>make_test.t_recursion_t</className>
          <testName>test      8</testName>
          <skipped>false</skipped>
          <failedSince>0</failedSince>
        </case>
        <case>
          <duration>0.0</duration>
          <className>make_test.t_recursion_t</className>
          <testName>test      9</testName>
          <skipped>false</skipped>
          <failedSince>0</failedSince>
        </case>
        <case>
          <duration>0.0</duration>
          <className>make_test.t_recursion_t</className>
          <testName>test     10</testName>
          <skipped>false</skipped>
          <failedSince>0</failedSince>
        </case>
      </cases>
    </suite>
    <suite>
      <file>/var/jenkins_home/jobs/groupByError/workspace/target/junit-report-1472.xml</file>
      <name>make_test.t_regexp_valid_t</name>
      <stdout>
  1..24
  # Running under perl version 5.008006 for solaris
  # Current time local: Thu Mar 27 09:20:35 2008
  # Current time GMT:   Thu Mar 27 09:20:35 2008
  # Using Test.pm version 1.25
  ok 1
  ok 2
  ok 3
  ok 4
  ok 5
  ok 6
  ok 7
  ok 8
  ok 9
  ok 10
  ok 11
  ok 12
  ok 13
  ok 14
  ok 15
  ok 16
  ok 17
  ok 18
  ok 19
  ok 20
  ok 21
  ok 22
  ok 23
  ok 24
  
  </stdout>
      <stderr></stderr>
      <duration>0.0</duration>
      <id>48</id>
      <cases>
        <case>
          <duration>0.0</duration>
          <className>make_test.t_regexp_valid_t</className>
          <testName>test      1</testName>
          <skipped>false</skipped>
          <failedSince>0</failedSince>
        </case>
        <case>
          <duration>0.0</duration>
          <className>make_test.t_regexp_valid_t</className>
          <testName>test      2</testName>
          <skipped>false</skipped>
          <failedSince>0</failedSince>
        </case>
        <case>
          <duration>0.0</duration>
          <className>make_test.t_regexp_valid_t</className>
          <testName>test      3</testName>
          <skipped>false</skipped>
          <failedSince>0</failedSince>
        </case>
        <case>
          <duration>0.0</duration>
          <className>make_test.t_regexp_valid_t</className>
          <testName>test      4</testName>
          <skipped>false</skipped>
          <failedSince>0</failedSince>
        </case>
        <case>
          <duration>0.0</duration>
          <className>make_test.t_regexp_valid_t</className>
          <testName>test      5</testName>
          <skipped>false</skipped>
          <failedSince>0</failedSince>
        </case>
        <case>
          <duration>0.0</duration>
          <className>make_test.t_regexp_valid_t</className>
          <testName>test      6</testName>
          <skipped>false</skipped>
          <failedSince>0</failedSince>
        </case>
        <case>
          <duration>0.0</duration>
          <className>make_test.t_regexp_valid_t</className>
          <testName>test      7</testName>
          <skipped>false</skipped>
          <failedSince>0</failedSince>
        </case>
        <case>
          <duration>0.0</duration>
          <className>make_test.t_regexp_valid_t</className>
          <testName>test      8</testName>
          <skipped>false</skipped>
          <failedSince>0</failedSince>
        </case>
        <case>
          <duration>0.0</duration>
          <className>make_test.t_regexp_valid_t</className>
          <testName>test      9</testName>
          <skipped>false</skipped>
          <failedSince>0</failedSince>
        </case>
        <case>
          <duration>0.0</duration>
          <className>make_test.t_regexp_valid_t</className>
          <testName>test     10</testName>
          <skipped>false</skipped>
          <failedSince>0</failedSince>
        </case>
        <case>
          <duration>0.0</duration>
          <className>make_test.t_regexp_valid_t</className>
          <testName>test     11</testName>
          <skipped>false</skipped>
          <failedSince>0</failedSince>
        </case>
        <case>
          <duration>0.0</duration>
          <className>make_test.t_regexp_valid_t</className>
          <testName>test     12</testName>
          <skipped>false</skipped>
          <failedSince>0</failedSince>
        </case>
        <case>
          <duration>0.0</duration>
          <className>make_test.t_regexp_valid_t</className>
          <testName>test     13</testName>
          <skipped>false</skipped>
          <failedSince>0</failedSince>
        </case>
        <case>
          <duration>0.0</duration>
          <className>make_test.t_regexp_valid_t</className>
          <testName>test     14</testName>
          <skipped>false</skipped>
          <failedSince>0</failedSince>
        </case>
        <case>
          <duration>0.0</duration>
          <className>make_test.t_regexp_valid_t</className>
          <testName>test     15</testName>
          <skipped>false</skipped>
          <failedSince>0</failedSince>
        </case>
        <case>
          <duration>0.0</duration>
          <className>make_test.t_regexp_valid_t</className>
          <testName>test     16</testName>
          <skipped>false</skipped>
          <failedSince>0</failedSince>
        </case>
        <case>
          <duration>0.0</duration>
          <className>make_test.t_regexp_valid_t</className>
          <testName>test     17</testName>
          <skipped>false</skipped>
          <failedSince>0</failedSince>
        </case>
        <case>
          <duration>0.0</duration>
          <className>make_test.t_regexp_valid_t</className>
          <testName>test     18</testName>
          <skipped>false</skipped>
          <failedSince>0</failedSince>
        </case>
        <case>
          <duration>0.0</duration>
          <className>make_test.t_regexp_valid_t</className>
          <testName>test     19</testName>
          <skipped>false</skipped>
          <failedSince>0</failedSince>
        </case>
        <case>
          <duration>0.0</duration>
          <className>make_test.t_regexp_valid_t</className>
          <testName>test     20</testName>
          <skipped>false</skipped>
          <failedSince>0</failedSince>
        </case>
        <case>
          <duration>0.0</duration>
          <className>make_test.t_regexp_valid_t</className>
          <testName>test     21</testName>
          <skipped>false</skipped>
          <failedSince>0</failedSince>
        </case>
        <case>
          <duration>0.0</duration>
          <className>make_test.t_regexp_valid_t</className>
          <testName>test     22</testName>
          <skipped>false</skipped>
          <failedSince>0</failedSince>
        </case>
        <case>
          <duration>0.0</duration>
          <className>make_test.t_regexp_valid_t</className>
          <testName>test     23</testName>
          <skipped>false</skipped>
          <failedSince>0</failedSince>
        </case>
        <case>
          <duration>0.0</duration>
          <className>make_test.t_regexp_valid_t</className>
          <testName>test     24</testName>
          <skipped>false</skipped>
          <failedSince>0</failedSince>
        </case>
      </cases>
    </suite>
    <suite>
      <file>/var/jenkins_home/jobs/groupByError/workspace/target/junit-report-1472.xml</file>
      <name>make_test.t_relative_scores_t</name>
      <stdout>
  1..4
  # Running under perl version 5.008006 for solaris
  # Current time local: Thu Mar 27 09:20:37 2008
  # Current time GMT:   Thu Mar 27 09:20:37 2008
  # Using Test.pm version 1.25
  ok 1
  ok 2
  ok 3
  ok 4
  
  </stdout>
      <stderr></stderr>
      <duration>0.0</duration>
      <id>49</id>
      <cases>
        <case>
          <duration>0.0</duration>
          <className>make_test.t_relative_scores_t</className>
          <testName>test      1</testName>
          <skipped>false</skipped>
          <failedSince>0</failedSince>
        </case>
        <case>
          <duration>0.0</duration>
          <className>make_test.t_relative_scores_t</className>
          <testName>test      2</testName>
          <skipped>false</skipped>
          <failedSince>0</failedSince>
        </case>
        <case>
          <duration>0.0</duration>
          <className>make_test.t_relative_scores_t</className>
          <testName>test      3</testName>
          <skipped>false</skipped>
          <failedSince>0</failedSince>
        </case>
        <case>
          <duration>0.0</duration>
          <className>make_test.t_relative_scores_t</className>
          <testName>test      4</testName>
          <skipped>false</skipped>
          <failedSince>0</failedSince>
        </case>
      </cases>
    </suite>
    <suite>
      <file>/var/jenkins_home/jobs/groupByError/workspace/target/junit-report-1472.xml</file>
      <name>make_test.t_report_safe_t</name>
      <stdout>
  1..8
  # Running under perl version 5.008006 for solaris
  # Current time local: Thu Mar 27 09:20:37 2008
  # Current time GMT:   Thu Mar 27 09:20:37 2008
  # Using Test.pm version 1.25
  	/export/home/jm/tools/perl586/bin/perl -T -w ../spamassassin.raw -C log/test_rules_copy  --siteconfigpath log/localrules.tmp -p log/tst.cf  -L &lt; log/report_safe.eml
  	Checking XSS_Prev_Subject
  ok 1
  	Checking XSS_Yes
  ok 2
  	Checking for anti-pattern P_1
  ok 3
  	Checking for anti-pattern XSS_No
  ok 4
  	/export/home/jm/tools/perl586/bin/perl -T -w ../spamassassin.raw -C log/test_rules_copy  --siteconfigpath log/localrules.tmp -p log/tst.cf  -L &lt; log/report_safe.eml
  	Checking P_2
  ok 5
  	Checking XSS_Yes
  ok 6
  	/export/home/jm/tools/perl586/bin/perl -T -w ../spamassassin.raw -C log/test_rules_copy  --siteconfigpath log/localrules.tmp -p log/tst.cf  -L &lt; log/report_safe.eml
  	Checking P_3
  ok 7
  	Checking XSS_Yes
  ok 8
  
  </stdout>
      <stderr></stderr>
      <duration>0.0</duration>
      <id>50</id>
      <cases>
        <case>
          <duration>0.0</duration>
          <className>make_test.t_report_safe_t</className>
          <testName>test      1</testName>
          <skipped>false</skipped>
          <failedSince>0</failedSince>
        </case>
        <case>
          <duration>0.0</duration>
          <className>make_test.t_report_safe_t</className>
          <testName>test      2</testName>
          <skipped>false</skipped>
          <failedSince>0</failedSince>
        </case>
        <case>
          <duration>0.0</duration>
          <className>make_test.t_report_safe_t</className>
          <testName>test      3</testName>
          <skipped>false</skipped>
          <failedSince>0</failedSince>
        </case>
        <case>
          <duration>0.0</duration>
          <className>make_test.t_report_safe_t</className>
          <testName>test      4</testName>
          <skipped>false</skipped>
          <failedSince>0</failedSince>
        </case>
        <case>
          <duration>0.0</duration>
          <className>make_test.t_report_safe_t</className>
          <testName>test      5</testName>
          <skipped>false</skipped>
          <failedSince>0</failedSince>
        </case>
        <case>
          <duration>0.0</duration>
          <className>make_test.t_report_safe_t</className>
          <testName>test      6</testName>
          <skipped>false</skipped>
          <failedSince>0</failedSince>
        </case>
        <case>
          <duration>0.0</duration>
          <className>make_test.t_report_safe_t</className>
          <testName>test      7</testName>
          <skipped>false</skipped>
          <failedSince>0</failedSince>
        </case>
        <case>
          <duration>0.0</duration>
          <className>make_test.t_report_safe_t</className>
          <testName>test      8</testName>
          <skipped>false</skipped>
          <failedSince>0</failedSince>
        </case>
      </cases>
    </suite>
    <suite>
      <file>/var/jenkins_home/jobs/groupByError/workspace/target/junit-report-1472.xml</file>
      <name>make_test.t_reportheader_t</name>
      <stdout>
  1..11
  # Running under perl version 5.008006 for solaris
  # Current time local: Thu Mar 27 09:20:42 2008
  # Current time GMT:   Thu Mar 27 09:20:42 2008
  # Using Test.pm version 1.25
  	/export/home/jm/tools/perl586/bin/perl -T -w ../spamassassin.raw -C log/test_rules_copy  --siteconfigpath log/localrules.tmp -p log/tst.cf  -L -t &lt; data/spam/001
  	Checking fromyahoo
  ok 1
  	Checking remove
  ok 2
  	Checking noreal
  ok 3
  	Checking endsinnums
  ok 4
  	Checking invdate
  ok 5
  	Checking msgidnotvalid
  ok 6
  	Checking spam-report-body
  ok 7
  	Checking subj
  ok 8
  	Checking dotteddec
  ok 9
  	Checking flag
  ok 10
  	Checking status
  ok 11
  
  </stdout>
      <stderr></stderr>
      <duration>0.0</duration>
      <id>51</id>
      <cases>
        <case>
          <duration>0.0</duration>
          <className>make_test.t_reportheader_t</className>
          <testName>test      1</testName>
          <skipped>false</skipped>
          <failedSince>0</failedSince>
        </case>
        <case>
          <duration>0.0</duration>
          <className>make_test.t_reportheader_t</className>
          <testName>test      2</testName>
          <skipped>false</skipped>
          <failedSince>0</failedSince>
        </case>
        <case>
          <duration>0.0</duration>
          <className>make_test.t_reportheader_t</className>
          <testName>test      3</testName>
          <skipped>false</skipped>
          <failedSince>0</failedSince>
        </case>
        <case>
          <duration>0.0</duration>
          <className>make_test.t_reportheader_t</className>
          <testName>test      4</testName>
          <skipped>false</skipped>
          <failedSince>0</failedSince>
        </case>
        <case>
          <duration>0.0</duration>
          <className>make_test.t_reportheader_t</className>
          <testName>test      5</testName>
          <skipped>false</skipped>
          <failedSince>0</failedSince>
        </case>
        <case>
          <duration>0.0</duration>
          <className>make_test.t_reportheader_t</className>
          <testName>test      6</testName>
          <skipped>false</skipped>
          <failedSince>0</failedSince>
        </case>
        <case>
          <duration>0.0</duration>
          <className>make_test.t_reportheader_t</className>
          <testName>test      7</testName>
          <skipped>false</skipped>
          <failedSince>0</failedSince>
        </case>
        <case>
          <duration>0.0</duration>
          <className>make_test.t_reportheader_t</className>
          <testName>test      8</testName>
          <skipped>false</skipped>
          <failedSince>0</failedSince>
        </case>
        <case>
          <duration>0.0</duration>
          <className>make_test.t_reportheader_t</className>
          <testName>test      9</testName>
          <skipped>false</skipped>
          <failedSince>0</failedSince>
        </case>
        <case>
          <duration>0.0</duration>
          <className>make_test.t_reportheader_t</className>
          <testName>test     10</testName>
          <skipped>false</skipped>
          <failedSince>0</failedSince>
        </case>
        <case>
          <duration>0.0</duration>
          <className>make_test.t_reportheader_t</className>
          <testName>test     11</testName>
          <skipped>false</skipped>
          <failedSince>0</failedSince>
        </case>
      </cases>
    </suite>
    <suite>
      <file>/var/jenkins_home/jobs/groupByError/workspace/target/junit-report-1472.xml</file>
      <name>make_test.t_reportheader_8bit_t</name>
      <stdout>
  1..2
  # Running under perl version 5.008006 for solaris
  # Current time local: Thu Mar 27 09:20:44 2008
  # Current time GMT:   Thu Mar 27 09:20:44 2008
  # Using Test.pm version 1.25
  	/export/home/jm/tools/perl586/bin/perl -T -w ../spamassassin.raw -C log/test_rules_copy  --siteconfigpath log/localrules.tmp -p log/tst.cf  -L -t &lt; data/spam/001
  	Checking qp-encoded-desc
  ok 1
  	Checking qp-encoded-hdr
  ok 2
  
  </stdout>
      <stderr></stderr>
      <duration>0.0</duration>
      <id>52</id>
      <cases>
        <case>
          <duration>0.0</duration>
          <className>make_test.t_reportheader_8bit_t</className>
          <testName>test      1</testName>
          <skipped>false</skipped>
          <failedSince>0</failedSince>
        </case>
        <case>
          <duration>0.0</duration>
          <className>make_test.t_reportheader_8bit_t</className>
          <testName>test      2</testName>
          <skipped>false</skipped>
          <failedSince>0</failedSince>
        </case>
      </cases>
    </suite>
    <suite>
      <file>/var/jenkins_home/jobs/groupByError/workspace/target/junit-report-1472.xml</file>
      <name>make_test.t_rule_multiple_t</name>
      <stdout>
  1..0
  # Running under perl version 5.008006 for solaris
  # Current time local: Thu Mar 27 09:20:46 2008
  # Current time GMT:   Thu Mar 27 09:20:46 2008
  # Using Test.pm version 1.25
  skipped: (no reason given)
  t/root_spamd_tell.................
  1..0
  # Running under perl version 5.008006 for solaris
  # Current time local: Thu Mar 27 09:20:46 2008
  # Current time GMT:   Thu Mar 27 09:20:46 2008
  # Using Test.pm version 1.25
  skipped: (no reason given)
  t/root_spamd_tell_paranoid
...[truncated 2467 chars]...
.pm version 1.25
  	/export/home/jm/tools/perl586/bin/perl -T -w ../spamassassin.raw -C log/test_rules_copy  --siteconfigpath log/localrules.tmp -p log/test_default.cf  -L -t &lt; data/spam/002
  	Checking body
  ok 1
  	Checking eval
  ok 2
  	Checking full
  ok 3
  	Checking header
  ok 4
  	Checking meta
  ok 5
  	Checking rawbody
  ok 6
  	Checking uri
  ok 7
  	Checking for anti-pattern body_2
  ok 8
  	Checking for anti-pattern full_2
  ok 9
  	Checking for anti-pattern header_2
  ok 10
  
  </stdout>
      <stderr></stderr>
      <duration>0.0</duration>
      <id>53</id>
      <cases>
        <case>
          <duration>0.0</duration>
          <className>make_test.t_rule_multiple_t</className>
          <testName>test      1</testName>
          <skipped>false</skipped>
          <failedSince>0</failedSince>
        </case>
        <case>
          <duration>0.0</duration>
          <className>make_test.t_rule_multiple_t</className>
          <testName>test      2</testName>
          <skipped>false</skipped>
          <failedSince>0</failedSince>
        </case>
        <case>
          <duration>0.0</duration>
          <className>make_test.t_rule_multiple_t</className>
          <testName>test      3</testName>
          <skipped>false</skipped>
          <failedSince>0</failedSince>
        </case>
        <case>
          <duration>0.0</duration>
          <className>make_test.t_rule_multiple_t</className>
          <testName>test      4</testName>
          <skipped>false</skipped>
          <failedSince>0</failedSince>
        </case>
        <case>
          <duration>0.0</duration>
          <className>make_test.t_rule_multiple_t</className>
          <testName>test      5</testName>
          <skipped>false</skipped>
          <failedSince>0</failedSince>
        </case>
        <case>
          <duration>0.0</duration>
          <className>make_test.t_rule_multiple_t</className>
          <testName>test      6</testName>
          <skipped>false</skipped>
          <failedSince>0</failedSince>
        </case>
        <case>
          <duration>0.0</duration>
          <className>make_test.t_rule_multiple_t</className>
          <testName>test      7</testName>
          <skipped>false</skipped>
          <failedSince>0</failedSince>
        </case>
        <case>
          <duration>0.0</duration>
          <className>make_test.t_rule_multiple_t</className>
          <testName>test      8</testName>
          <skipped>false</skipped>
          <failedSince>0</failedSince>
        </case>
        <case>
          <duration>0.0</duration>
          <className>make_test.t_rule_multiple_t</className>
          <testName>test      9</testName>
          <skipped>false</skipped>
          <failedSince>0</failedSince>
        </case>
        <case>
          <duration>0.0</duration>
          <className>make_test.t_rule_multiple_t</className>
          <testName>test     10</testName>
          <skipped>false</skipped>
          <failedSince>0</failedSince>
        </case>
      </cases>
    </suite>
    <suite>
      <file>/var/jenkins_home/jobs/groupByError/workspace/target/junit-report-1472.xml</file>
      <name>make_test.t_rule_tests_t</name>
      <stdout>
  1..0
  # Running under perl version 5.008006 for solaris
  # Current time local: Thu Mar 27 09:20:49 2008
  # Current time GMT:   Thu Mar 27 09:20:49 2008
  # Using Test.pm version 1.25
  NOTE: this test requires &apos;run_rule_name_tests&apos; set to &apos;y&apos;.
  skipped: (no reason given)
  t/rule_tests......................
  1..1
  # Running under perl version 5.008006 for solaris
  # Current time local: Thu Mar 27 09:20:50 2008
  # Current time GMT:   Thu Mar 27 09:20:50 2008
  # Using Test.pm version 1.25
  ok 1
  
  </stdout>
      <stderr></stderr>
      <duration>0.0</duration>
      <id>54</id>
      <cases>
        <case>
          <duration>0.0</duration>
          <className>make_test.t_rule_tests_t</className>
          <testName>test      1</testName>
          <skipped>false</skipped>
          <failedSince>0</failedSince>
        </case>
      </cases>
    </suite>
    <suite>
      <file>/var/jenkins_home/jobs/groupByError/workspace/target/junit-report-1472.xml</file>
      <name>make_test.t_rule_types_t</name>
      <stdout>
  1..9
  # Running under perl version 5.008006 for solaris
  # Current time local: Thu Mar 27 09:20:50 2008
  # Current time GMT:   Thu Mar 27 09:20:50 2008
  # Using Test.pm version 1.25
  	/export/home/jm/tools/perl586/bin/perl -T -w ../spamassassin.raw -C log/test_rules_copy  --siteconfigpath log/localrules.tmp -p log/tst.cf  -L -t &lt; data/spam/002
  	Checking BODY_LINE_WRAP
  ok 1
  	Checking ENV_FROM
  ok 2
  	Checking LAST_RCVD_LINE
  ok 3
  	Checking MESSAGEID_MATCH
  ok 4
  	Checking RELAYS
  ok 5
  	Checking SUBJ_IN_BODY
  ok 6
  	Checking bodyspotted
  ok 7
  	Checking invdate
  ok 8
  	Checking URI_RULE
  ok 9
  
  </stdout>
      <stderr></stderr>
      <duration>0.0</duration>
      <id>55</id>
      <cases>
        <case>
          <duration>0.0</duration>
          <className>make_test.t_rule_types_t</className>
          <testName>test      1</testName>
          <skipped>false</skipped>
          <failedSince>0</failedSince>
        </case>
        <case>
          <duration>0.0</duration>
          <className>make_test.t_rule_types_t</className>
          <testName>test      2</testName>
          <skipped>false</skipped>
          <failedSince>0</failedSince>
        </case>
        <case>
          <duration>0.0</duration>
          <className>make_test.t_rule_types_t</className>
          <testName>test      3</testName>
          <skipped>false</skipped>
          <failedSince>0</failedSince>
        </case>
        <case>
          <duration>0.0</duration>
          <className>make_test.t_rule_types_t</className>
          <testName>test      4</testName>
          <skipped>false</skipped>
          <failedSince>0</failedSince>
        </case>
        <case>
          <duration>0.0</duration>
          <className>make_test.t_rule_types_t</className>
          <testName>test      5</testName>
          <skipped>false</skipped>
          <failedSince>0</failedSince>
        </case>
        <case>
          <duration>0.0</duration>
          <className>make_test.t_rule_types_t</className>
          <testName>test      6</testName>
          <skipped>false</skipped>
          <failedSince>0</failedSince>
        </case>
        <case>
          <duration>0.0</duration>
          <className>make_test.t_rule_types_t</className>
          <testName>test      7</testName>
          <skipped>false</skipped>
          <failedSince>0</failedSince>
        </case>
        <case>
          <duration>0.0</duration>
          <className>make_test.t_rule_types_t</className>
          <testName>test      8</testName>
          <skipped>false</skipped>
          <failedSince>0</failedSince>
        </case>
        <case>
          <duration>0.0</duration>
          <className>make_test.t_rule_types_t</className>
          <testName>test      9</testName>
          <skipped>false</skipped>
          <failedSince>0</failedSince>
        </case>
      </cases>
    </suite>
    <suite>
      <file>/var/jenkins_home/jobs/groupByError/workspace/target/junit-report-1472.xml</file>
      <name>make_test.t_sha1_t</name>
      <stdout>
  1..0
  # Running under perl version 5.008006 for solaris
  # Current time local: Thu Mar 27 09:20:52 2008
  # Current time GMT:   Thu Mar 27 09:20:52 2008
  # Using Test.pm version 1.25
  NOTE: this test requires &apos;run_saw_ampersand_test&apos; set to &apos;y&apos;.
  skipped: (no reason given)
  t/sha1............................
  1..15
  # Running under perl version 5.008006 for solaris
  # Current time local: Thu Mar 27 09:20:52 2008
  # Current time GMT:   Thu Mar 27 09:20:52 2008
  # Using Test.pm version 1.25
  ok 1
  ok 2
  ok 3
  ok 4
  ok 5
  ok 6
  ok 7
  ok 8
  ok 9
  ok 10
  ok 11
  ok 12
  ok 13
  ok 14
  Digest::SHA1 mismatch
  ok 15
  
  </stdout>
      <stderr></stderr>
      <duration>0.0</duration>
      <id>56</id>
      <cases>
        <case>
          <duration>0.0</duration>
          <className>make_test.t_sha1_t</className>
          <testName>test      1</testName>
          <skipped>false</skipped>
          <failedSince>0</failedSince>
        </case>
        <case>
          <duration>0.0</duration>
          <className>make_test.t_sha1_t</className>
          <testName>test      2</testName>
          <skipped>false</skipped>
          <failedSince>0</failedSince>
        </case>
        <case>
          <duration>0.0</duration>
          <className>make_test.t_sha1_t</className>
          <testName>test      3</testName>
          <skipped>false</skipped>
          <failedSince>0</failedSince>
        </case>
        <case>
          <duration>0.0</duration>
          <className>make_test.t_sha1_t</className>
          <testName>test      4</testName>
          <skipped>false</skipped>
          <failedSince>0</failedSince>
        </case>
        <case>
          <duration>0.0</duration>
          <className>make_test.t_sha1_t</className>
          <testName>test      5</testName>
          <skipped>false</skipped>
          <failedSince>0</failedSince>
        </case>
        <case>
          <duration>0.0</duration>
          <className>make_test.t_sha1_t</className>
          <testName>test      6</testName>
          <skipped>false</skipped>
          <failedSince>0</failedSince>
        </case>
        <case>
          <duration>0.0</duration>
          <className>make_test.t_sha1_t</className>
          <testName>test      7</testName>
          <skipped>false</skipped>
          <failedSince>0</failedSince>
        </case>
        <case>
          <duration>0.0</duration>
          <className>make_test.t_sha1_t</className>
          <testName>test      8</testName>
          <skipped>false</skipped>
          <failedSince>0</failedSince>
        </case>
        <case>
          <duration>0.0</duration>
          <className>make_test.t_sha1_t</className>
          <testName>test      9</testName>
          <skipped>false</skipped>
          <failedSince>0</failedSince>
        </case>
        <case>
          <duration>0.0</duration>
          <className>make_test.t_sha1_t</className>
          <testName>test     10</testName>
          <skipped>false</skipped>
          <failedSince>0</failedSince>
        </case>
        <case>
          <duration>0.0</duration>
          <className>make_test.t_sha1_t</className>
          <testName>test     11</testName>
          <skipped>false</skipped>
          <failedSince>0</failedSince>
        </case>
        <case>
          <duration>0.0</duration>
          <className>make_test.t_sha1_t</className>
          <testName>test     12</testName>
          <skipped>false</skipped>
          <failedSince>0</failedSince>
        </case>
        <case>
          <duration>0.0</duration>
          <className>make_test.t_sha1_t</className>
          <testName>test     13</testName>
          <skipped>false</skipped>
          <failedSince>0</failedSince>
        </case>
        <case>
          <duration>0.0</duration>
          <className>make_test.t_sha1_t</className>
          <testName>test     14</testName>
          <skipped>false</skipped>
          <failedSince>0</failedSince>
        </case>
        <case>
          <duration>0.0</duration>
          <className>make_test.t_sha1_t</className>
          <testName>test     15</testName>
          <skipped>false</skipped>
          <failedSince>0</failedSince>
        </case>
      </cases>
    </suite>
    <suite>
      <file>/var/jenkins_home/jobs/groupByError/workspace/target/junit-report-1472.xml</file>
      <name>make_test.t_shortcircuit_t</name>
      <stdout>
  1..8
  # Running under perl version 5.008006 for solaris
  # Current time local: Thu Mar 27 09:20:53 2008
  # Current time GMT:   Thu Mar 27 09:20:53 2008
  # Using Test.pm version 1.25
  	/export/home/jm/tools/perl586/bin/perl -T -w ../spamassassin.raw -C log/test_rules_copy  --siteconfigpath log/localrules.tmp -p log/test_default.cf  -L -t &lt; data/spam/001
  ok 1
  	Checking hit
  ok 2
  	Checking sc
  ok 3
  	Checking for anti-pattern autolearned as ham
  ok 4
  	/export/home/jm/tools/perl586/bin/perl -T -w ../spamassassin.raw -C log/test_rules_copy  --siteconfigpath log/localrules.tmp -p log/test_default.cf  -L -t &lt; data/spam/002
  ok 5
  	Checking hit
  ok 6
  	Checking sc
  ok 7
  	Checking for anti-pattern autolearned as ham
  ok 8
  
  </stdout>
      <stderr></stderr>
      <duration>0.0</duration>
      <id>57</id>
      <cases>
        <case>
          <duration>0.0</duration>
          <className>make_test.t_shortcircuit_t</className>
          <testName>test      1</testName>
          <skipped>false</skipped>
          <failedSince>0</failedSince>
        </case>
        <case>
          <duration>0.0</duration>
          <className>make_test.t_shortcircuit_t</className>
          <testName>test      2</testName>
          <skipped>false</skipped>
          <failedSince>0</failedSince>
        </case>
        <case>
          <duration>0.0</duration>
          <className>make_test.t_shortcircuit_t</className>
          <testName>test      3</testName>
          <skipped>false</skipped>
          <failedSince>0</failedSince>
        </case>
        <case>
          <duration>0.0</duration>
          <className>make_test.t_shortcircuit_t</className>
          <testName>test      4</testName>
          <skipped>false</skipped>
          <failedSince>0</failedSince>
        </case>
        <case>
          <duration>0.0</duration>
          <className>make_test.t_shortcircuit_t</className>
          <testName>test      5</testName>
          <skipped>false</skipped>
          <failedSince>0</failedSince>
        </case>
        <case>
          <duration>0.0</duration>
          <className>make_test.t_shortcircuit_t</className>
          <testName>test      6</testName>
          <skipped>false</skipped>
          <failedSince>0</failedSince>
        </case>
        <case>
          <duration>0.0</duration>
          <className>make_test.t_shortcircuit_t</className>
          <testName>test      7</testName>
          <skipped>false</skipped>
          <failedSince>0</failedSince>
        </case>
        <case>
          <duration>0.0</duration>
          <className>make_test.t_shortcircuit_t</className>
          <testName>test      8</testName>
          <skipped>false</skipped>
          <failedSince>0</failedSince>
        </case>
      </cases>
    </suite>
    <suite>
      <file>/var/jenkins_home/jobs/groupByError/workspace/target/junit-report-1472.xml</file>
      <name>make_test.t_spam_t</name>
      <stdout>
  1..7
  # Running under perl version 5.008006 for solaris
  # Current time local: Thu Mar 27 09:20:55 2008
  # Current time GMT:   Thu Mar 27 09:20:55 2008
  # Using Test.pm version 1.25
  	/export/home/jm/tools/perl586/bin/perl -T -w ../spamassassin.raw -C log/test_rules_copy  --siteconfigpath log/localrules.tmp -p log/test_default.cf  -L -t &lt; data/spam/001
  ok 1
  	Checking subj
  ok 2
  	Checking endsinnums
  ok 3
  	Checking noreal
  ok 4
  	Checking flag
  ok 5
  	Checking stars
  ok 6
  	Checking status
  ok 7
  
  </stdout>
      <stderr></stderr>
      <duration>0.0</duration>
      <id>58</id>
      <cases>
        <case>
          <duration>0.0</duration>
          <className>make_test.t_spam_t</className>
          <testName>test      1</testName>
          <skipped>false</skipped>
          <failedSince>0</failedSince>
        </case>
        <case>
          <duration>0.0</duration>
          <className>make_test.t_spam_t</className>
          <testName>test      2</testName>
          <skipped>false</skipped>
          <failedSince>0</failedSince>
        </case>
        <case>
          <duration>0.0</duration>
          <className>make_test.t_spam_t</className>
          <testName>test      3</testName>
          <skipped>false</skipped>
          <failedSince>0</failedSince>
        </case>
        <case>
          <duration>0.0</duration>
          <className>make_test.t_spam_t</className>
          <testName>test      4</testName>
          <skipped>false</skipped>
          <failedSince>0</failedSince>
        </case>
        <case>
          <duration>0.0</duration>
          <className>make_test.t_spam_t</className>
          <testName>test      5</testName>
          <skipped>false</skipped>
          <failedSince>0</failedSince>
        </case>
        <case>
          <duration>0.0</duration>
          <className>make_test.t_spam_t</className>
          <testName>test      6</testName>
          <skipped>false</skipped>
          <failedSince>0</failedSince>
        </case>
        <case>
          <duration>0.0</duration>
          <className>make_test.t_spam_t</className>
          <testName>test      7</testName>
          <skipped>false</skipped>
          <failedSince>0</failedSince>
        </case>
      </cases>
    </suite>
    <suite>
      <file>/var/jenkins_home/jobs/groupByError/workspace/target/junit-report-1472.xml</file>
      <name>make_test.t_spamc_t</name>
      <stdout>

  1..2
  # Running under perl version 5.008006 for solaris
  # Current time local: Thu Mar 27 09:20:57 2008
  # Current time GMT:   Thu Mar 27 09:20:57 2008
  # Using Test.pm version 1.25
  	../spamc/spamc -F data/spamc_blank.cf -d 127.0.0.1 -p 46475 -p 9 &lt; data/etc/hello.txt
  ok 1
  	Checking spamc
  ok 2
  
  </stdout>
      <stderr></stderr>
      <duration>0.0</duration>
      <id>59</id>
      <cases>
        <case>
          <duration>0.0</duration>
          <className>make_test.t_spamc_t</className>
          <testName>test      1</testName>
          <skipped>false</skipped>
          <failedSince>0</failedSince>
        </case>
        <case>
          <duration>0.0</duration>
          <className>make_test.t_spamc_t</className>
          <testName>test      2</testName>
          <skipped>false</skipped>
          <failedSince>0</failedSince>
        </case>
      </cases>
    </suite>
    <suite>
      <file>/var/jenkins_home/jobs/groupByError/workspace/target/junit-report-1472.xml</file>
      <name>make_test.t_spamc_B_t</name>
      <stdout>
  1..9
  # Running under perl version 5.008006 for solaris
  # Current time local: Thu Mar 27 09:21:00 2008
  # Current time GMT:   Thu Mar 27 09:21:00 2008
  # Using Test.pm version 1.25
  	/export/home/jm/tools/perl586/bin/perl SATest.pl -Mredirect -Olog/d.spamc_B/spamd.err.1 -olog/d.spamc_B/spamd.out.1 -- /export/home/jm/tools/perl586/bin/perl -T -w ../spamd/spamd.raw -D -x -s stderr -C log/test_rules_copy  --siteconfigpath log/localrules.tmp -p 46480 -A 127.0.0.1 -i 127.0.0.1 -L -s log/d.spamc_B/spamd.err.1.timestamped &amp;
  	../spamc/spamc -F data/spamc_blank.cf -d 127.0.0.1 -p 46480 -B &lt; data/spam/bsmtpnull
  ok 1
  	../spamc/spamc -F data/spamc_blank.cf -d 127.0.0.1 -p 46480 -B &lt; data/spam/bsmtp
  ok 2
  	Checking data
  ok 3
  	Checking helo
  ok 4
  	Checking status
  ok 5
  	Checking mailfrom
  ok 6
  	Checking quit
  ok 7
  	Checking rcptto
  ok 8
  	Checking spamflag
  ok 9
  Killed 1 spamd instances
  Waiting for spamd at pid 13716 to exit...
  
  </stdout>
      <stderr></stderr>
      <duration>0.0</duration>
      <id>60</id>
      <cases>
        <case>
          <duration>0.0</duration>
          <className>make_test.t_spamc_B_t</className>
          <testName>test      1</testName>
          <skipped>false</skipped>
          <failedSince>0</failedSince>
        </case>
        <case>
          <duration>0.0</duration>
          <className>make_test.t_spamc_B_t</className>
          <testName>test      2</testName>
          <skipped>false</skipped>
          <failedSince>0</failedSince>
        </case>
        <case>
          <duration>0.0</duration>
          <className>make_test.t_spamc_B_t</className>
          <testName>test      3</testName>
          <skipped>false</skipped>
          <failedSince>0</failedSince>
        </case>
        <case>
          <duration>0.0</duration>
          <className>make_test.t_spamc_B_t</className>
          <testName>test      4</testName>
          <skipped>false</skipped>
          <failedSince>0</failedSince>
        </case>
        <case>
          <duration>0.0</duration>
          <className>make_test.t_spamc_B_t</className>
          <testName>test      5</testName>
          <skipped>false</skipped>
          <failedSince>0</failedSince>
        </case>
        <case>
          <duration>0.0</duration>
          <className>make_test.t_spamc_B_t</className>
          <testName>test      6</testName>
          <skipped>false</skipped>
          <failedSince>0</failedSince>
        </case>
        <case>
          <duration>0.0</duration>
          <className>make_test.t_spamc_B_t</className>
          <testName>test      7</testName>
          <skipped>false</skipped>
          <failedSince>0</failedSince>
        </case>
        <case>
          <duration>0.0</duration>
          <className>make_test.t_spamc_B_t</className>
          <testName>test      8</testName>
          <skipped>false</skipped>
          <failedSince>0</failedSince>
        </case>
        <case>
          <duration>0.0</duration>
          <className>make_test.t_spamc_B_t</className>
          <testName>test      9</testName>
          <skipped>false</skipped>
          <failedSince>0</failedSince>
        </case>
      </cases>
    </suite>
    <suite>
      <file>/var/jenkins_home/jobs/groupByError/workspace/target/junit-report-1472.xml</file>
      <name>make_test.t_spamc_c_t</name>
      <stdout>
  1..2
  # Running under perl version 5.008006 for solaris
  # Current time local: Thu Mar 27 09:21:04 2008
  # Current time GMT:   Thu Mar 27 09:21:04 2008
  # Using Test.pm version 1.25
  	/export/home/jm/tools/perl586/bin/perl SATest.pl -Mredirect -Olog/d.spamc_c/spamd.err.1 -olog/d.spamc_c/spamd.out.1 -- /export/home/jm/tools/perl586/bin/perl -T -w ../spamd/spamd.raw -D -x -s stderr -C log/test_rules_copy  --siteconfigpath log/localrules.tmp -p 46494 -A 127.0.0.1 -i 127.0.0.1 -L -s log/d.spamc_c/spamd.err.1.timestamped &amp;
  	../spamc/spamc -F data/spamc_blank.cf -d 127.0.0.1 -p 46494 -c &lt; data/spam/001
  Killed 1 spamd instances
  Waiting for spamd at pid 13730 to exit...
  ok 1
  	../spamc/spamc -F data/spamc_blank.cf -d 127.0.0.1 -p 46494 -c &lt; data/nice/001
  ok 2
  
  </stdout>
      <stderr></stderr>
      <duration>0.0</duration>
      <id>61</id>
      <cases>
        <case>
          <duration>0.0</duration>
          <className>make_test.t_spamc_c_t</className>
          <testName>test      1</testName>
          <skipped>false</skipped>
          <failedSince>0</failedSince>
        </case>
        <case>
          <duration>0.0</duration>
          <className>make_test.t_spamc_c_t</className>
          <testName>test      2</testName>
          <skipped>false</skipped>
          <failedSince>0</failedSince>
        </case>
      </cases>
    </suite>
    <suite>
      <file>/var/jenkins_home/jobs/groupByError/workspace/target/junit-report-1472.xml</file>
      <name>make_test.t_spamc_c_stdout_closed_t</name>
      <stdout>
  1..2
  # Running under perl version 5.008006 for solaris
  # Current time local: Thu Mar 27 09:21:10 2008
  # Current time GMT:   Thu Mar 27 09:21:10 2008
  # Using Test.pm version 1.25
  	/export/home/jm/tools/perl586/bin/perl SATest.pl -Mredirect -Olog/d.spamc_c_stdout_closed/spamd.err.1 -olog/d.spamc_c_stdout_closed/spamd.out.1 -- /export/home/jm/tools/perl586/bin/perl -T -w ../spamd/spamd.raw -D -x -s stderr -C log/test_rules_copy  --siteconfigpath log/localrules.tmp -p 46508 -A 127.0.0.1 -i 127.0.0.1 -L -s log/d.spamc_c_stdout_closed/spamd.err.1.timestamped &amp;
  print() on closed filehandle STDOUT at t/SATest.pm line 351.
  print() on closed filehandle STDOUT at t/SATest.pm line 549.
  print() on closed filehandle STDOUT at t/SATest.pm line 555.
  ok 1
  print() on closed filehandle STDOUT at t/SATest.pm line 351.
  Filehandle STDOUT reopened as IN only for input at t/SATest.pm line 609.
  ok 2
  
  </stdout>
      <stderr></stderr>
      <duration>0.0</duration>
      <id>62</id>
      <cases>
        <case>
          <duration>0.0</duration>
          <className>make_test.t_spamc_c_stdout_closed_t</className>
          <testName>test      1</testName>
          <skipped>false</skipped>
          <failedSince>0</failedSince>
        </case>
        <case>
          <duration>0.0</duration>
          <className>make_test.t_spamc_c_stdout_closed_t</className>
          <testName>test      2</testName>
          <skipped>false</skipped>
          <failedSince>0</failedSince>
        </case>
      </cases>
    </suite>
    <suite>
      <file>/var/jenkins_home/jobs/groupByError/workspace/target/junit-report-1472.xml</file>
      <name>make_test.t_spamc_cf_t</name>
      <stdout>
  1..4
  # Running under perl version 5.008006 for solaris
  # Current time local: Thu Mar 27 09:21:17 2008
  # Current time GMT:   Thu Mar 27 09:21:17 2008
  # Using Test.pm version 1.25
  	/export/home/jm/tools/perl586/bin/perl SATest.pl -Mredirect -Olog/d.spamc_cf/spamd.err.1 -olog/d.spamc_cf/spamd.out.1 -- /export/home/jm/tools/perl586/bin/perl -T -w ../spamd/spamd.raw -D -x -s stderr -C log/test_rules_copy  --siteconfigpath log/localrules.tmp -D -L --socketpath=/tmp/satest.13754.84687.4114821297/spamd.sock -s log/d.spamc_cf/spamd.err.1.timestamped &amp;
  	../spamc/spamc -d 127.0.0.1 -p 46522 -F log/spamc_cf.cf &lt; data/spam/001
  ok 1
  	Checking subj
  ok 2
  	Checking flag
  ok 3
  	Checking status
  ok 4
  Killed 1 spamd instances
  Waiting for spamd at pid 13758 to exit...
  
  </stdout>
      <stderr></stderr>
      <duration>0.0</duration>
      <id>63</id>
      <cases>
        <case>
          <duration>0.0</duration>
          <className>make_test.t_spamc_cf_t</className>
          <testName>test      1</testName>
          <skipped>false</skipped>
          <failedSince>0</failedSince>
        </case>
        <case>
          <duration>0.0</duration>
          <className>make_test.t_spamc_cf_t</className>
          <testName>test      2</testName>
          <skipped>false</skipped>
          <failedSince>0</failedSince>
        </case>
        <case>
          <duration>0.0</duration>
          <className>make_test.t_spamc_cf_t</className>
          <testName>test      3</testName>
          <skipped>false</skipped>
          <failedSince>0</failedSince>
        </case>
        <case>
          <duration>0.0</duration>
          <className>make_test.t_spamc_cf_t</className>
          <testName>test      4</testName>
          <skipped>false</skipped>
          <failedSince>0</failedSince>
        </case>
      </cases>
    </suite>
    <suite>
      <file>/var/jenkins_home/jobs/groupByError/workspace/target/junit-report-1472.xml</file>
      <name>make_test.t_spamc_E_t</name>
      <stdout>
  1..2
  # Running under perl version 5.008006 for solaris
  # Current time local: Thu Mar 27 09:21:20 2008
  # Current time GMT:   Thu Mar 27 09:21:20 2008
  # Using Test.pm version 1.25
  	/export/home/jm/tools/perl586/bin/perl SATest.pl -Mredirect -Olog/d.spamc_E/spamd.err.1 -olog/d.spamc_E/spamd.out.1 -- /export/home/jm/tools/perl586/bin/perl -T -w ../spamd/spamd.raw -D -x -s stderr -C log/test_rules_copy  --siteconfigpath log/localrules.tmp -p 46534 -A 127.0.0.1 -i 127.0.0.1 -L -s log/d.spamc_E/spamd.err.1.timestamped &amp;
  	../spamc/spamc -F data/spamc_blank.cf -d 127.0.0.1 -p 46534 -E &lt; data/nice/001
  ok 1
  	../spamc/spamc -F data/spamc_blank.cf -d 127.0.0.1 -p 46534 -E &lt; data/spam/001
  Killed 1 spamd instances
  Waiting for spamd at pid 13770 to exit...
  ok 2
  
  </stdout>
      <stderr></stderr>
      <duration>0.0</duration>
      <id>64</id>
      <cases>
        <case>
          <duration>0.0</duration>
          <className>make_test.t_spamc_E_t</className>
          <testName>test      1</testName>
          <skipped>false</skipped>
          <failedSince>0</failedSince>
        </case>
        <case>
          <duration>0.0</duration>
          <className>make_test.t_spamc_E_t</className>
          <testName>test      2</testName>
          <skipped>false</skipped>
          <failedSince>0</failedSince>
        </case>
      </cases>
    </suite>
    <suite>
      <file>/var/jenkins_home/jobs/groupByError/workspace/target/junit-report-1472.xml</file>
      <name>make_test.t_spamc_headers_t</name>
      <stdout>
  1..0
  # Running under perl version 5.008006 for solaris
  # Current time local: Thu Mar 27 09:21:24 2008
  # Current time GMT:   Thu Mar 27 09:21:24 2008
  # Using Test.pm version 1.25
  skipped: (no reason given)
  t/spamc_headers...................
  1..5
  # Running under perl version 5.008006 for solaris
  # Current time local: Thu Mar 27 09:21:24 2008
  # Current time GMT:   Thu Mar 27 09:21:24 2008
  # Using Test.pm version 1.25
  	/export/home/jm/tools/perl586/bin/perl SATest.pl -Mred
...[truncated 95 chars]...
ols/perl586/bin/perl -T -w ../spamd/spamd.raw -D -x -s stderr -C log/test_rules_copy  --siteconfigpath log/localrules.tmp -p 46551 -A 127.0.0.1 -i 127.0.0.1 -L --cf=&apos;report_safe 0&apos; -s log/d.spamc_headers/spamd.err.1.timestamped &amp;
  	../spamc/spamc -F data/spamc_blank.cf -d 127.0.0.1 -p 46551 --headers &lt; data/spam/009
  ok 1
  	Checking msgid
  ok 2
  	Checking noreal
  ok 3
  	Checking xss
  ok 4
  	Checking body
  ok 5
  Killed 1 spamd instances
  Waiting for spamd at pid 13787 to exit...
  
  </stdout>
      <stderr></stderr>
      <duration>0.0</duration>
      <id>65</id>
      <cases>
        <case>
          <duration>0.0</duration>
          <className>make_test.t_spamc_headers_t</className>
          <testName>test      1</testName>
          <skipped>false</skipped>
          <failedSince>0</failedSince>
        </case>
        <case>
          <duration>0.0</duration>
          <className>make_test.t_spamc_headers_t</className>
          <testName>test      2</testName>
          <skipped>false</skipped>
          <failedSince>0</failedSince>
        </case>
        <case>
          <duration>0.0</duration>
          <className>make_test.t_spamc_headers_t</className>
          <testName>test      3</testName>
          <skipped>false</skipped>
          <failedSince>0</failedSince>
        </case>
        <case>
          <duration>0.0</duration>
          <className>make_test.t_spamc_headers_t</className>
          <testName>test      4</testName>
          <skipped>false</skipped>
          <failedSince>0</failedSince>
        </case>
        <case>
          <duration>0.0</duration>
          <className>make_test.t_spamc_headers_t</className>
          <testName>test      5</testName>
          <skipped>false</skipped>
          <failedSince>0</failedSince>
        </case>
      </cases>
    </suite>
    <suite>
      <file>/var/jenkins_home/jobs/groupByError/workspace/target/junit-report-1472.xml</file>
      <name>make_test.t_spamc_l_t</name>
      <stdout>
  1..4
  # Running under perl version 5.008006 for solaris
  # Current time local: Thu Mar 27 09:21:28 2008
  # Current time GMT:   Thu Mar 27 09:21:28 2008
  # Using Test.pm version 1.25
  	../spamc/spamc -F data/spamc_blank.cf -d 127.0.0.1 -p 46563 -l -p 8 &lt; data/etc/hello.txt
  ok 1
  	Checking connfailed_b
  ok 2
  	Checking spamc_l
  ok 3
  	Checking connfailed_a
  ok 4
  
  </stdout>
      <stderr></stderr>
      <duration>0.0</duration>
      <id>66</id>
      <cases>
        <case>
          <duration>0.0</duration>
          <className>make_test.t_spamc_l_t</className>
          <testName>test      1</testName>
          <skipped>false</skipped>
          <failedSince>0</failedSince>
        </case>
        <case>
          <duration>0.0</duration>
          <className>make_test.t_spamc_l_t</className>
          <testName>test      2</testName>
          <skipped>false</skipped>
          <failedSince>0</failedSince>
        </case>
        <case>
          <duration>0.0</duration>
          <className>make_test.t_spamc_l_t</className>
          <testName>test      3</testName>
          <skipped>false</skipped>
          <failedSince>0</failedSince>
        </case>
        <case>
          <duration>0.0</duration>
          <className>make_test.t_spamc_l_t</className>
          <testName>test      4</testName>
          <skipped>false</skipped>
          <failedSince>0</failedSince>
        </case>
      </cases>
    </suite>
    <suite>
      <file>/var/jenkins_home/jobs/groupByError/workspace/target/junit-report-1472.xml</file>
      <name>make_test.t_spamc_optC_t</name>
      <stdout>
  1..9
  # Running under perl version 5.008006 for solaris
  # Current time local: Thu Mar 27 09:21:32 2008
  # Current time GMT:   Thu Mar 27 09:21:32 2008
  # Using Test.pm version 1.25
  	/export/home/jm/tools/perl586/bin/perl SATest.pl -Mredirect -Olog/d.spamc_optC/spamd.err.1 -olog/d.spamc_optC/spamd.out.1 -- /export/home/jm/tools/perl586/bin/perl -T -w ../spamd/spamd.raw -D -x -s stderr -C log/test_rules_copy  --siteconfigpath log/localrules.tmp -p 46568 -A 127.0.0.1 -i 127.0.0.1 -L --all
...[truncated 166 chars]...
rted spam
  ok 2
  	../spamc/spamc -F data/spamc_blank.cf -d 127.0.0.1 -p 46568 -C revoke &lt; data/nice/001
  ok 3
  	Checking revoked ham
  ok 4
  	../spamc/spamc -F data/spamc_blank.cf -d 127.0.0.1 -p 46568 -C report &lt; data/spam/001
  ok 5
  	Checking failed to report spam
  ok 6
  	../spamc/spamc -F data/spamc_blank.cf -d 127.0.0.1 -p 46568 -C revoke &lt; data/nice/001
  ok 7
  	Checking failed to revoke ham
  ok 8
  Killed 1 spamd instances
  Waiting for spamd at pid 13804 to exit...
  ok 9
  
  </stdout>
      <stderr></stderr>
      <duration>0.0</duration>
      <id>67</id>
      <cases>
        <case>
          <duration>0.0</duration>
          <className>make_test.t_spamc_optC_t</className>
          <testName>test      1</testName>
          <skipped>false</skipped>
          <failedSince>0</failedSince>
        </case>
        <case>
          <duration>0.0</duration>
          <className>make_test.t_spamc_optC_t</className>
          <testName>test      2</testName>
          <skipped>false</skipped>
          <failedSince>0</failedSince>
        </case>
        <case>
          <duration>0.0</duration>
          <className>make_test.t_spamc_optC_t</className>
          <testName>test      3</testName>
          <skipped>false</skipped>
          <failedSince>0</failedSince>
        </case>
        <case>
          <duration>0.0</duration>
          <className>make_test.t_spamc_optC_t</className>
          <testName>test      4</testName>
          <skipped>false</skipped>
          <failedSince>0</failedSince>
        </case>
        <case>
          <duration>0.0</duration>
          <className>make_test.t_spamc_optC_t</className>
          <testName>test      5</testName>
          <skipped>false</skipped>
          <failedSince>0</failedSince>
        </case>
        <case>
          <duration>0.0</duration>
          <className>make_test.t_spamc_optC_t</className>
          <testName>test      6</testName>
          <skipped>false</skipped>
          <failedSince>0</failedSince>
        </case>
        <case>
          <duration>0.0</duration>
          <className>make_test.t_spamc_optC_t</className>
          <testName>test      7</testName>
          <skipped>false</skipped>
          <failedSince>0</failedSince>
        </case>
        <case>
          <duration>0.0</duration>
          <className>make_test.t_spamc_optC_t</className>
          <testName>test      8</testName>
          <skipped>false</skipped>
          <failedSince>0</failedSince>
        </case>
        <case>
          <duration>0.0</duration>
          <className>make_test.t_spamc_optC_t</className>
          <testName>test      9</testName>
          <skipped>false</skipped>
          <failedSince>0</failedSince>
        </case>
      </cases>
    </suite>
    <suite>
      <file>/var/jenkins_home/jobs/groupByError/workspace/target/junit-report-1472.xml</file>
      <name>make_test.t_spamc_optL_t</name>
      <stdout>
  1..16
  # Running under perl version 5.008006 for solaris
  # Current time local: Thu Mar 27 09:21:35 2008
  # Current time GMT:   Thu Mar 27 09:21:35 2008
  # Using Test.pm version 1.25
  	/export/home/jm/tools/perl586/bin/perl SATest.pl -Mredirect -Olog/d.spamc_optL/spamd.err.1 -olog/d.spamc_optL/spamd.out.1 -- /export/home/jm/tools/perl586/bin/perl -T -w ../spamd/spamd.raw -D -x -s stderr -C log/test_rules_copy  --siteconfigpath log/localrules.tmp -p 46587 -A 127.0.0.1 -i 127.0.0.1 -L --al
...[truncated 816 chars]...
27.0.0.1 -p 46587 -L ham &lt; data/nice/001
  ok 11
  	Checking already learned ham
  ok 12
  	/export/home/jm/tools/perl586/bin/perl -T -w ../sa-learn.raw -C log/test_rules_copy  --siteconfigpath log/localrules.tmp -p log/test_default.cf  --dump magic
  ok 13
  	Checking ham in database
  ok 14
  	../spamc/spamc -F data/spamc_blank.cf -d 127.0.0.1 -p 46587 -L forget &lt; data/nice/001
  ok 15
  	Checking learned ham
  ok 16
  Killed 1 spamd instances
  Waiting for spamd at pid 13823 to exit...
  

  </stdout>
      <stderr></stderr>
      <duration>0.0</duration>
      <id>68</id>
      <cases>
        <case>
          <duration>0.0</duration>
          <className>make_test.t_spamc_optL_t</className>
          <testName>test      1</testName>
          <skipped>false</skipped>
          <failedSince>0</failedSince>
        </case>
        <case>
          <duration>0.0</duration>
          <className>make_test.t_spamc_optL_t</className>
          <testName>test      2</testName>
          <skipped>false</skipped>
          <failedSince>0</failedSince>
        </case>
        <case>
          <duration>0.0</duration>
          <className>make_test.t_spamc_optL_t</className>
          <testName>test      3</testName>
          <skipped>false</skipped>
          <failedSince>0</failedSince>
        </case>
        <case>
          <duration>0.0</duration>
          <className>make_test.t_spamc_optL_t</className>
          <testName>test      4</testName>
          <skipped>false</skipped>
          <failedSince>0</failedSince>
        </case>
        <case>
          <duration>0.0</duration>
          <className>make_test.t_spamc_optL_t</className>
          <testName>test      5</testName>
          <skipped>false</skipped>
          <failedSince>0</failedSince>
        </case>
        <case>
          <duration>0.0</duration>
          <className>make_test.t_spamc_optL_t</className>
          <testName>test      6</testName>
          <skipped>false</skipped>
          <failedSince>0</failedSince>
        </case>
        <case>
          <duration>0.0</duration>
          <className>make_test.t_spamc_optL_t</className>
          <testName>test      7</testName>
          <skipped>false</skipped>
          <failedSince>0</failedSince>
        </case>
        <case>
          <duration>0.0</duration>
          <className>make_test.t_spamc_optL_t</className>
          <testName>test      8</testName>
          <skipped>false</skipped>
          <failedSince>0</failedSince>
        </case>
        <case>
          <duration>0.0</duration>
          <className>make_test.t_spamc_optL_t</className>
          <testName>test      9</testName>
          <skipped>false</skipped>
          <failedSince>0</failedSince>
        </case>
        <case>
          <duration>0.0</duration>
          <className>make_test.t_spamc_optL_t</className>
          <testName>test     10</testName>
          <skipped>false</skipped>
          <failedSince>0</failedSince>
        </case>
        <case>
          <duration>0.0</duration>
          <className>make_test.t_spamc_optL_t</className>
          <testName>test     11</testName>
          <skipped>false</skipped>
          <failedSince>0</failedSince>
        </case>
        <case>
          <duration>0.0</duration>
          <className>make_test.t_spamc_optL_t</className>
          <testName>test     12</testName>
          <skipped>false</skipped>
          <failedSince>0</failedSince>
        </case>
        <case>
          <duration>0.0</duration>
          <className>make_test.t_spamc_optL_t</className>
          <testName>test     13</testName>
          <skipped>false</skipped>
          <failedSince>0</failedSince>
        </case>
        <case>
          <duration>0.0</duration>
          <className>make_test.t_spamc_optL_t</className>
          <testName>test     14</testName>
          <skipped>false</skipped>
          <failedSince>0</failedSince>
        </case>
        <case>
          <duration>0.0</duration>
          <className>make_test.t_spamc_optL_t</className>
          <testName>test     15</testName>
          <skipped>false</skipped>
          <failedSince>0</failedSince>
        </case>
        <case>
          <duration>0.0</duration>
          <className>make_test.t_spamc_optL_t</className>
          <testName>test     16</testName>
          <skipped>false</skipped>
          <failedSince>0</failedSince>
        </case>
      </cases>
    </suite>
    <suite>
      <file>/var/jenkins_home/jobs/groupByError/workspace/target/junit-report-1472.xml</file>
      <name>make_test.t_spamc_x_e_t</name>
      <stdout>
  1..7
  # Running under perl version 5.008006 for solaris
  # Current time local: Thu Mar 27 09:21:41 2008
  # Current time GMT:   Thu Mar 27 09:21:41 2008
  # Using Test.pm version 1.25
  	/export/home/jm/tools/perl586/bin/perl SATest.pl -Mredirect -Olog/d.spamc_x_e/spamd.err.1 -olog/d.spamc_x_e/spamd.out.1 -- /export/home/jm/tools/perl586/bin/perl -T -w ../spamd/spamd.raw -D -x -s stderr -C log/test_rules_copy  --siteconfigpath log/localrules.tmp -p 46629 -A 127.0.0.1 -i 127.0.0.1 -L -s log/d.spamc_x_e/spamd.err.1.timestamped &amp;
  ok 1
  	../spamc/spamc -F data/spamc_blank.cf -d 127.0.0.1 -p 46629 -x -e /bin/echo Fine &lt; data/nice/001
  ok 2
  	Checking Fine
  ok 3
  ok 4
  Killed 1 spamd instances
  Waiting for spamd at pid 13865 to exit...
  	../spamc/spamc -F data/spamc_blank.cf -d 255.255.255.255 -p 46629 -x -e /bin/echo Fine &lt; data/nice/001
  ok 5
  	Checking for anti-pattern Fine
  ok 6
  ok 7
  
  </stdout>
      <stderr></stderr>
      <duration>0.0</duration>
      <id>69</id>
      <cases>
        <case>
          <duration>0.0</duration>
          <className>make_test.t_spamc_x_e_t</className>
          <testName>test      1</testName>
          <skipped>false</skipped>
          <failedSince>0</failedSince>
        </case>
        <case>
          <duration>0.0</duration>
          <className>make_test.t_spamc_x_e_t</className>
          <testName>test      2</testName>
          <skipped>false</skipped>
          <failedSince>0</failedSince>
        </case>
        <case>
          <duration>0.0</duration>
          <className>make_test.t_spamc_x_e_t</className>
          <testName>test      3</testName>
          <skipped>false</skipped>
          <failedSince>0</failedSince>
        </case>
        <case>
          <duration>0.0</duration>
          <className>make_test.t_spamc_x_e_t</className>
          <testName>test      4</testName>
          <skipped>false</skipped>
          <failedSince>0</failedSince>
        </case>
        <case>
          <duration>0.0</duration>
          <className>make_test.t_spamc_x_e_t</className>
          <testName>test      5</testName>
          <skipped>false</skipped>
          <failedSince>0</failedSince>
        </case>
        <case>
          <duration>0.0</duration>
          <className>make_test.t_spamc_x_e_t</className>
          <testName>test      6</testName>
          <skipped>false</skipped>
          <failedSince>0</failedSince>
        </case>
        <case>
          <duration>0.0</duration>
          <className>make_test.t_spamc_x_e_t</className>
          <testName>test      7</testName>
          <skipped>false</skipped>
          <failedSince>0</failedSince>
        </case>
      </cases>
    </suite>
    <suite>
      <file>/var/jenkins_home/jobs/groupByError/workspace/target/junit-report-1472.xml</file>
      <name>make_test.t_spamc_x_E_R_t</name>
      <stdout>

  1..49
  # Running under perl version 5.008006 for solaris
  # Current time local: Thu Mar 27 09:21:44 2008
  # Current time GMT:   Thu Mar 27 09:21:44 2008
  # Using Test.pm version 1.25
  	/export/home/jm/tools/perl586/bin/perl SATest.pl -Mredirect -Olog/d.spamc_x_E_R/spamd.err.1 -olog/d.spamc_x_E_R/spamd.out.1 -- /export/home/jm/tools/perl586/bin/perl -T -w ../spamd/spamd.raw -D -x -s stderr -C log/test_rules_copy  --siteconfigpath log/localrules.tmp -p 46644 -A 127.0.0.1 -i 127.0.0.1 -L -
...[truncated 3277 chars]...
attern subj
  ok 39
  	Checking for anti-pattern flag
  ok 40
  ok 41
  	../spamc/spamc -F data/spamc_blank.cf -d 255.255.255.255 -p 46644 --connect-retries 1 -x -E -R &lt; data/spam/001
  ok 42
  	Checking for anti-pattern subj
  ok 43
  	Checking for anti-pattern flag
  ok 44
  ok 45
  	../spamc/spamc -F data/spamc_blank.cf -d 255.255.255.255 -p 46644 --connect-retries 1 -x -E &lt; data/spam/001
  ok 46
  	Checking for anti-pattern subj
  ok 47
  	Checking for anti-pattern flag
  ok 48
  ok 49
  
  </stdout>
      <stderr></stderr>
      <duration>0.0</duration>
      <id>70</id>
      <cases>
        <case>
          <duration>0.0</duration>
          <className>make_test.t_spamc_x_E_R_t</className>
          <testName>test      1</testName>
          <skipped>false</skipped>
          <failedSince>0</failedSince>
        </case>
        <case>
          <duration>0.0</duration>
          <className>make_test.t_spamc_x_E_R_t</className>
          <testName>test      2</testName>
          <skipped>false</skipped>
          <failedSince>0</failedSince>
        </case>
        <case>
          <duration>0.0</duration>
          <className>make_test.t_spamc_x_E_R_t</className>
          <testName>test      3</testName>
          <skipped>false</skipped>
          <failedSince>0</failedSince>
        </case>
        <case>
          <duration>0.0</duration>
          <className>make_test.t_spamc_x_E_R_t</className>
          <testName>test      4</testName>
          <skipped>false</skipped>
          <failedSince>0</failedSince>
        </case>
        <case>
          <duration>0.0</duration>
          <className>make_test.t_spamc_x_E_R_t</className>
          <testName>test      5</testName>
          <skipped>false</skipped>
          <failedSince>0</failedSince>
        </case>
        <case>
          <duration>0.0</duration>
          <className>make_test.t_spamc_x_E_R_t</className>
          <testName>test      6</testName>
          <skipped>false</skipped>
          <failedSince>0</failedSince>
        </case>
        <case>
          <duration>0.0</duration>
          <className>make_test.t_spamc_x_E_R_t</className>
          <testName>test      7</testName>
          <skipped>false</skipped>
          <failedSince>0</failedSince>
        </case>
        <case>
          <duration>0.0</duration>
          <className>make_test.t_spamc_x_E_R_t</className>
          <testName>test      8</testName>
          <skipped>false</skipped>
          <failedSince>0</failedSince>
        </case>
        <case>
          <duration>0.0</duration>
          <className>make_test.t_spamc_x_E_R_t</className>
          <testName>test      9</testName>
          <skipped>false</skipped>
          <failedSince>0</failedSince>
        </case>
        <case>
          <duration>0.0</duration>
          <className>make_test.t_spamc_x_E_R_t</className>
          <testName>test     10</testName>
          <skipped>false</skipped>
          <failedSince>0</failedSince>
        </case>
        <case>
          <duration>0.0</duration>
          <className>make_test.t_spamc_x_E_R_t</className>
          <testName>test     11</testName>
          <skipped>false</skipped>
          <failedSince>0</failedSince>
        </case>
        <case>
          <duration>0.0</duration>
          <className>make_test.t_spamc_x_E_R_t</className>
          <testName>test     12</testName>
          <skipped>false</skipped>
          <failedSince>0</failedSince>
        </case>
        <case>
          <duration>0.0</duration>
          <className>make_test.t_spamc_x_E_R_t</className>
          <testName>test     13</testName>
          <skipped>false</skipped>
          <failedSince>0</failedSince>
        </case>
        <case>
          <duration>0.0</duration>
          <className>make_test.t_spamc_x_E_R_t</className>
          <testName>test     14</testName>
          <skipped>false</skipped>
          <failedSince>0</failedSince>
        </case>
        <case>
          <duration>0.0</duration>
          <className>make_test.t_spamc_x_E_R_t</className>
          <testName>test     15</testName>
          <skipped>false</skipped>
          <failedSince>0</failedSince>
        </case>
        <case>
          <duration>0.0</duration>
          <className>make_test.t_spamc_x_E_R_t</className>
          <testName>test     16</testName>
          <skipped>false</skipped>
          <failedSince>0</failedSince>
        </case>
        <case>
          <duration>0.0</duration>
          <className>make_test.t_spamc_x_E_R_t</className>
          <testName>test     17</testName>
          <skipped>false</skipped>
          <failedSince>0</failedSince>
        </case>
        <case>
          <duration>0.0</duration>
          <className>make_test.t_spamc_x_E_R_t</className>
          <testName>test     18</testName>
          <skipped>false</skipped>
          <failedSince>0</failedSince>
        </case>
        <case>
          <duration>0.0</duration>
          <className>make_test.t_spamc_x_E_R_t</className>
          <testName>test     19</testName>
          <skipped>false</skipped>
          <failedSince>0</failedSince>
        </case>
        <case>
          <duration>0.0</duration>
          <className>make_test.t_spamc_x_E_R_t</className>
          <testName>test     20</testName>
          <skipped>false</skipped>
          <failedSince>0</failedSince>
        </case>
        <case>
          <duration>0.0</duration>
          <className>make_test.t_spamc_x_E_R_t</className>
          <testName>test     21</testName>
          <skipped>false</skipped>
          <failedSince>0</failedSince>
        </case>
        <case>
          <duration>0.0</duration>
          <className>make_test.t_spamc_x_E_R_t</className>
          <testName>test     22</testName>
          <skipped>false</skipped>
          <failedSince>0</failedSince>
        </case>
        <case>
          <duration>0.0</duration>
          <className>make_test.t_spamc_x_E_R_t</className>
          <testName>test     23</testName>
          <skipped>false</skipped>
          <failedSince>0</failedSince>
        </case>
        <case>
          <duration>0.0</duration>
          <className>make_test.t_spamc_x_E_R_t</className>
          <testName>test     24</testName>
          <skipped>false</skipped>
          <failedSince>0</failedSince>
        </case>
        <case>
          <duration>0.0</duration>
          <className>make_test.t_spamc_x_E_R_t</className>
          <testName>test     25</testName>
          <skipped>false</skipped>
          <failedSince>0</failedSince>
        </case>
        <case>
          <duration>0.0</duration>
          <className>make_test.t_spamc_x_E_R_t</className>
          <testName>test     26</testName>
          <skipped>false</skipped>
          <failedSince>0</failedSince>
        </case>
        <case>
          <duration>0.0</duration>
          <className>make_test.t_spamc_x_E_R_t</className>
          <testName>test     27</testName>
          <skipped>false</skipped>
          <failedSince>0</failedSince>
        </case>
        <case>
          <duration>0.0</duration>
          <className>make_test.t_spamc_x_E_R_t</className>
          <testName>test     28</testName>
          <skipped>false</skipped>
          <failedSince>0</failedSince>
        </case>
        <case>
          <duration>0.0</duration>
          <className>make_test.t_spamc_x_E_R_t</className>
          <testName>test     29</testName>
          <skipped>false</skipped>
          <failedSince>0</failedSince>
        </case>
        <case>
          <duration>0.0</duration>
          <className>make_test.t_spamc_x_E_R_t</className>
          <testName>test     30</testName>
          <skipped>false</skipped>
          <failedSince>0</failedSince>
        </case>
        <case>
          <duration>0.0</duration>
          <className>make_test.t_spamc_x_E_R_t</className>
          <testName>test     31</testName>
          <skipped>false</skipped>
          <failedSince>0</failedSince>
        </case>
        <case>
          <duration>0.0</duration>
          <className>make_test.t_spamc_x_E_R_t</className>
          <testName>test     32</testName>
          <skipped>false</skipped>
          <failedSince>0</failedSince>
        </case>
        <case>
          <duration>0.0</duration>
          <className>make_test.t_spamc_x_E_R_t</className>
          <testName>test     33</testName>
          <skipped>false</skipped>
          <failedSince>0</failedSince>
        </case>
        <case>
          <duration>0.0</duration>
          <className>make_test.t_spamc_x_E_R_t</className>
          <testName>test     34</testName>
          <skipped>false</skipped>
          <failedSince>0</failedSince>
        </case>
        <case>
          <duration>0.0</duration>
          <className>make_test.t_spamc_x_E_R_t</className>
          <testName>test     35</testName>
          <skipped>false</skipped>
          <failedSince>0</failedSince>
        </case>
        <case>
          <duration>0.0</duration>
          <className>make_test.t_spamc_x_E_R_t</className>
          <testName>test     36</testName>
          <skipped>false</skipped>
          <failedSince>0</failedSince>
        </case>
        <case>
          <duration>0.0</duration>
          <className>make_test.t_spamc_x_E_R_t</className>
          <testName>test     37</testName>
          <skipped>false</skipped>
          <failedSince>0</failedSince>
        </case>
        <case>
          <duration>0.0</duration>
          <className>make_test.t_spamc_x_E_R_t</className>
          <testName>test     38</testName>
          <skipped>false</skipped>
          <failedSince>0</failedSince>
        </case>
        <case>
          <duration>0.0</duration>
          <className>make_test.t_spamc_x_E_R_t</className>
          <testName>test     39</testName>
          <skipped>false</skipped>
          <failedSince>0</failedSince>
        </case>
        <case>
          <duration>0.0</duration>
          <className>make_test.t_spamc_x_E_R_t</className>
          <testName>test     40</testName>
          <skipped>false</skipped>
          <failedSince>0</failedSince>
        </case>
        <case>
          <duration>0.0</duration>
          <className>make_test.t_spamc_x_E_R_t</className>
          <testName>test     41</testName>
          <skipped>false</skipped>
          <failedSince>0</failedSince>
        </case>
        <case>
          <duration>0.0</duration>
          <className>make_test.t_spamc_x_E_R_t</className>
          <testName>test     42</testName>
          <skipped>false</skipped>
          <failedSince>0</failedSince>
        </case>
        <case>
          <duration>0.0</duration>
          <className>make_test.t_spamc_x_E_R_t</className>
          <testName>test     43</testName>
          <skipped>false</skipped>
          <failedSince>0</failedSince>
        </case>
        <case>
          <duration>0.0</duration>
          <className>make_test.t_spamc_x_E_R_t</className>
          <testName>test     44</testName>
          <skipped>false</skipped>
          <failedSince>0</failedSince>
        </case>
        <case>
          <duration>0.0</duration>
          <className>make_test.t_spamc_x_E_R_t</className>
          <testName>test     45</testName>
          <skipped>false</skipped>
          <failedSince>0</failedSince>
        </case>
        <case>
          <duration>0.0</duration>
          <className>make_test.t_spamc_x_E_R_t</className>
          <testName>test     46</testName>
          <skipped>false</skipped>
          <failedSince>0</failedSince>
        </case>
        <case>
          <duration>0.0</duration>
          <className>make_test.t_spamc_x_E_R_t</className>
          <testName>test     47</testName>
          <skipped>false</skipped>
          <failedSince>0</failedSince>
        </case>
        <case>
          <duration>0.0</duration>
          <className>make_test.t_spamc_x_E_R_t</className>
          <testName>test     48</testName>
          <skipped>false</skipped>
          <failedSince>0</failedSince>
        </case>
        <case>
          <duration>0.0</duration>
          <className>make_test.t_spamc_x_E_R_t</className>
          <testName>test     49</testName>
          <skipped>false</skipped>
          <failedSince>0</failedSince>
        </case>
      </cases>
    </suite>
    <suite>
      <file>/var/jenkins_home/jobs/groupByError/workspace/target/junit-report-1472.xml</file>
      <name>make_test.t_spamc_y_t</name>
      <stdout>
  1..2
  # Running under perl version 5.008006 for solaris
  # Current time local: Thu Mar 27 09:21:55 2008
  # Current time GMT:   Thu Mar 27 09:21:55 2008
  # Using Test.pm version 1.25
  	../spamc/spamc -F data/spamc_blank.cf -d 127.0.0.1 -p 46710 -y -p 8 &lt; data/etc/hello.txt
  ok 1
  	Checking for anti-pattern spamc_y
  ok 2
  
  </stdout>
      <stderr></stderr>
      <duration>0.0</duration>
      <id>71</id>
      <cases>
        <case>
          <duration>0.0</duration>
          <className>make_test.t_spamc_y_t</className>
          <testName>test      1</testName>
          <skipped>false</skipped>
          <failedSince>0</failedSince>
        </case>
        <case>
          <duration>0.0</duration>
          <className>make_test.t_spamc_y_t</className>
          <testName>test      2</testName>
          <skipped>false</skipped>
          <failedSince>0</failedSince>
        </case>
      </cases>
    </suite>
    <suite>
      <file>/var/jenkins_home/jobs/groupByError/workspace/target/junit-report-1472.xml</file>
      <name>make_test.t_spamc_z_t</name>
      <stdout>
  1..9
  # Running under perl version 5.008006 for solaris
  # Current time local: Thu Mar 27 09:21:58 2008
  # Current time GMT:   Thu Mar 27 09:21:58 2008
  # Using Test.pm version 1.25
  	/export/home/jm/tools/perl586/bin/perl SATest.pl -Mredirect -Olog/d.spamc_z/spamd.err.1 -olog/d.spamc_z/spamd.out.1 -- /export/home/jm/tools/perl586/bin/perl -T -w ../spamd/spamd.raw -D -x -s stderr -C log/test_rules_copy  --siteconfigpath log/localrules.tmp -p 46715 -A 127.0.0.1 -i 127.0.0.1 -L -s log/d.spamc_z/spamd.err.1.timestamped &amp;
  	../spamc/spamc -F data/spamc_blank.cf -d 127.0.0.1 -p 46715 -z &lt; data/spam/001
  Killed 1 spamd instances
  Waiting for spamd at pid 13953 to exit...
  ok 1
  	Checking firstline
  ok 2
  	Checking subj
  ok 3
  	Checking endsinnums
  ok 4
  	Checking noreal
  ok 5
  	Checking lastline
  ok 6
  	Checking flag
  ok 7
  	Checking stars
  ok 8
  	Checking status
  ok 9
  
  </stdout>
      <stderr></stderr>
      <duration>0.0</duration>
      <id>72</id>
      <cases>
        <case>
          <duration>0.0</duration>
          <className>make_test.t_spamc_z_t</className>
          <testName>test      1</testName>
          <skipped>false</skipped>
          <failedSince>0</failedSince>
        </case>
        <case>
          <duration>0.0</duration>
          <className>make_test.t_spamc_z_t</className>
          <testName>test      2</testName>
          <skipped>false</skipped>
          <failedSince>0</failedSince>
        </case>
        <case>
          <duration>0.0</duration>
          <className>make_test.t_spamc_z_t</className>
          <testName>test      3</testName>
          <skipped>false</skipped>
          <failedSince>0</failedSince>
        </case>
        <case>
          <duration>0.0</duration>
          <className>make_test.t_spamc_z_t</className>
          <testName>test      4</testName>
          <skipped>false</skipped>
          <failedSince>0</failedSince>
        </case>
        <case>
          <duration>0.0</duration>
          <className>make_test.t_spamc_z_t</className>
          <testName>test      5</testName>
          <skipped>false</skipped>
          <failedSince>0</failedSince>
        </case>
        <case>
          <duration>0.0</duration>
          <className>make_test.t_spamc_z_t</className>
          <testName>test      6</testName>
          <skipped>false</skipped>
          <failedSince>0</failedSince>
        </case>
        <case>
          <duration>0.0</duration>
          <className>make_test.t_spamc_z_t</className>
          <testName>test      7</testName>
          <skipped>false</skipped>
          <failedSince>0</failedSince>
        </case>
        <case>
          <duration>0.0</duration>
          <className>make_test.t_spamc_z_t</className>
          <testName>test      8</testName>
          <skipped>false</skipped>
          <failedSince>0</failedSince>
        </case>
        <case>
          <duration>0.0</duration>
          <className>make_test.t_spamc_z_t</className>
          <testName>test      9</testName>
          <skipped>false</skipped>
          <failedSince>0</failedSince>
        </case>
      </cases>
    </suite>
    <suite>
      <file>/var/jenkins_home/jobs/groupByError/workspace/target/junit-report-1472.xml</file>
      <name>make_test.t_spamd_t</name>
      <stdout>
  1..14
  # Running under perl version 5.008006 for solaris
  # Current time local: Thu Mar 27 09:22:02 2008
  # Current time GMT:   Thu Mar 27 09:22:02 2008
  # Using Test.pm version 1.25
  	/export/home/jm/tools/perl586/bin/perl SATest.pl -Mredirect -Olog/d.spamd/spamd.err.1 -olog/d.spamd/spamd.out.1 -- /export/home/jm/tools/perl586/bin/perl -T -w ../spamd/spamd.raw -D -x -s stderr -C log/test_rules_copy  --siteconfigpath log/localrules.tmp -p 46729 -A 127.0.0.1 -i 127.0.0.1 -L -s log/d.spamd
...[truncated 56 chars]...
ata/spamc_blank.cf -d 127.0.0.1 -p 46729 &lt; data/spam/001
  ok 2
  	Checking firstline
  ok 3
  	Checking subj
  ok 4
  	Checking endsinnums
  ok 5
  	Checking noreal
  ok 6
  	Checking lastline
  ok 7
  	Checking flag
  ok 8
  	Checking stars
  ok 9
  	Checking status
  ok 10
  	../spamc/spamc -F data/spamc_blank.cf -d 127.0.0.1 -p 46729 &lt; data/spam/018
  ok 11
  	Checking flag
  ok 12
  	Checking status
  ok 13
  Killed 1 spamd instances
  Waiting for spamd at pid 13965 to exit...
  ok 14
  
  </stdout>
      <stderr></stderr>
      <duration>0.0</duration>
      <id>73</id>
      <cases>
        <case>
          <duration>0.0</duration>
          <className>make_test.t_spamd_t</className>
          <testName>test      1</testName>
          <skipped>false</skipped>
          <failedSince>0</failedSince>
        </case>
        <case>
          <duration>0.0</duration>
          <className>make_test.t_spamd_t</className>
          <testName>test      2</testName>
          <skipped>false</skipped>
          <failedSince>0</failedSince>
        </case>
        <case>
          <duration>0.0</duration>
          <className>make_test.t_spamd_t</className>
          <testName>test      3</testName>
          <skipped>false</skipped>
          <failedSince>0</failedSince>
        </case>
        <case>
          <duration>0.0</duration>
          <className>make_test.t_spamd_t</className>
          <testName>test      4</testName>
          <skipped>false</skipped>
          <failedSince>0</failedSince>
        </case>
        <case>
          <duration>0.0</duration>
          <className>make_test.t_spamd_t</className>
          <testName>test      5</testName>
          <skipped>false</skipped>
          <failedSince>0</failedSince>
        </case>
        <case>
          <duration>0.0</duration>
          <className>make_test.t_spamd_t</className>
          <testName>test      6</testName>
          <skipped>false</skipped>
          <failedSince>0</failedSince>
        </case>
        <case>
          <duration>0.0</duration>
          <className>make_test.t_spamd_t</className>
          <testName>test      7</testName>
          <skipped>false</skipped>
          <failedSince>0</failedSince>
        </case>
        <case>
          <duration>0.0</duration>
          <className>make_test.t_spamd_t</className>
          <testName>test      8</testName>
          <skipped>false</skipped>
          <failedSince>0</failedSince>
        </case>
        <case>
          <duration>0.0</duration>
          <className>make_test.t_spamd_t</className>
          <testName>test      9</testName>
          <skipped>false</skipped>
          <failedSince>0</failedSince>
        </case>
        <case>
          <duration>0.0</duration>
          <className>make_test.t_spamd_t</className>
          <testName>test     10</testName>
          <skipped>false</skipped>
          <failedSince>0</failedSince>
        </case>
        <case>
          <duration>0.0</duration>
          <className>make_test.t_spamd_t</className>
          <testName>test     11</testName>
          <skipped>false</skipped>
          <failedSince>0</failedSince>
        </case>
        <case>
          <duration>0.0</duration>
          <className>make_test.t_spamd_t</className>
          <testName>test     12</testName>
          <skipped>false</skipped>
          <failedSince>0</failedSince>
        </case>
        <case>
          <duration>0.0</duration>
          <className>make_test.t_spamd_t</className>
          <testName>test     13</testName>
          <skipped>false</skipped>
          <failedSince>0</failedSince>
        </case>
        <case>
          <duration>0.0</duration>
          <className>make_test.t_spamd_t</className>
          <testName>test     14</testName>
          <skipped>false</skipped>
          <failedSince>0</failedSince>
        </case>
      </cases>
    </suite>
    <suite>
      <file>/var/jenkins_home/jobs/groupByError/workspace/target/junit-report-1472.xml</file>
      <name>make_test.t_spamd_allow_user_rules_t</name>
      <stdout>
  1..5
  # Running under perl version 5.008006 for solaris
  # Current time local: Thu Mar 27 09:22:05 2008
  # Current time GMT:   Thu Mar 27 09:22:05 2008
  # Using Test.pm version 1.25
  	/export/home/jm/tools/perl586/bin/perl SATest.pl -Mredirect -Olog/d.spamd_allow_user_rules/spamd.err.1 -olog/d.spamd_allow_user_rules/spamd.out.1 -- /export/home/jm/tools/perl586/bin/perl -T -w ../spamd/spamd.raw -D -x -s stderr -C log/test_rules_copy  --siteconfigpath log/localrules.tmp -p 46743 -A 127.0.0.1 -i 127.0.0.1 --virtual-config-dir=log/virtualconfig/%u -L -u hudson -s log/d.spamd_allow_user_rules/spamd.err.1.timestamped &amp;
  ok 1
  	../spamc/spamc -F data/spamc_blank.cf -d 127.0.0.1 -p 46743 -u testuser &lt; data/spam/009
  ok 2
  Killed 1 spamd instances
  Waiting for spamd at pid 13979 to exit...
  ok 3
  	Checking myfoo
  ok 4
  	Checking for anti-pattern redefined_errors_in_spamd_log
  ok 5
  
  </stdout>
      <stderr></stderr>
      <duration>0.0</duration>
      <id>74</id>
      <cases>
        <case>
          <duration>0.0</duration>
          <className>make_test.t_spamd_allow_user_rules_t</className>
          <testName>test      1</testName>
          <skipped>false</skipped>
          <failedSince>0</failedSince>
        </case>
        <case>
          <duration>0.0</duration>
          <className>make_test.t_spamd_allow_user_rules_t</className>
          <testName>test      2</testName>
          <skipped>false</skipped>
          <failedSince>0</failedSince>
        </case>
        <case>
          <duration>0.0</duration>
          <className>make_test.t_spamd_allow_user_rules_t</className>
          <testName>test      3</testName>
          <skipped>false</skipped>
          <failedSince>0</failedSince>
        </case>
        <case>
          <duration>0.0</duration>
          <className>make_test.t_spamd_allow_user_rules_t</className>
          <testName>test      4</testName>
          <skipped>false</skipped>
          <failedSince>0</failedSince>
        </case>
        <case>
          <duration>0.0</duration>
          <className>make_test.t_spamd_allow_user_rules_t</className>
          <testName>test      5</testName>
          <skipped>false</skipped>
          <failedSince>0</failedSince>
        </case>
      </cases>
    </suite>
    <suite>
      <file>/var/jenkins_home/jobs/groupByError/workspace/target/junit-report-1472.xml</file>
      <name>make_test.t_spamd_client_t</name>
      <stdout>
  1..52
  # Running under perl version 5.008006 for solaris
  # Current time local: Thu Mar 27 09:22:10 2008
  # Current time GMT:   Thu Mar 27 09:22:10 2008
  # Using Test.pm version 1.25
  ok 1
  	/export/home/jm/tools/perl586/bin/perl SATest.pl -Mredirect -Olog/d.spamd_client/spamd.err.2 -olog/d.spamd_client/spamd.out.2 -- /export/home/jm/tools/perl586/bin/perl -T -w ../spamd/spamd.raw -D -x -s stderr -C log/test_rules_copy  --siteconfigpath log/localrules.tmp -p 46755 -A 127.0.0.1 -i 127.0.
...[truncated 1926 chars]...
rl -T -w ../sa-learn.raw -C log/test_rules_copy  --siteconfigpath log/localrules.tmp -p log/test_default.cf  --dump magic
  ok 46
  	Checking ham in database
  ok 47
  ok 48
  	/export/home/jm/tools/perl586/bin/perl -T -w ../sa-learn.raw -C log/test_rules_copy  --siteconfigpath log/localrules.tmp -p log/test_default.cf  --dump magic
  ok 49
  	Checking ham in database
  ok 50
  	Checking spam in database
  ok 51
  Killed 1 spamd instances
  Waiting for spamd at pid 14005 to exit...
  ok 52
  
  </stdout>
      <stderr></stderr>
      <duration>0.0</duration>
      <id>75</id>
      <cases>
        <case>
          <duration>0.0</duration>
          <className>make_test.t_spamd_client_t</className>
          <testName>test      1</testName>
          <skipped>false</skipped>
          <failedSince>0</failedSince>
        </case>
        <case>
          <duration>0.0</duration>
          <className>make_test.t_spamd_client_t</className>
          <testName>test      2</testName>
          <skipped>false</skipped>
          <failedSince>0</failedSince>
        </case>
        <case>
          <duration>0.0</duration>
          <className>make_test.t_spamd_client_t</className>
          <testName>test      3</testName>
          <skipped>false</skipped>
          <failedSince>0</failedSince>
        </case>
        <case>
          <duration>0.0</duration>
          <className>make_test.t_spamd_client_t</className>
          <testName>test      4</testName>
          <skipped>false</skipped>
          <failedSince>0</failedSince>
        </case>
        <case>
          <duration>0.0</duration>
          <className>make_test.t_spamd_client_t</className>
          <testName>test      5</testName>
          <skipped>false</skipped>
          <failedSince>0</failedSince>
        </case>
        <case>
          <duration>0.0</duration>
          <className>make_test.t_spamd_client_t</className>
          <testName>test      6</testName>
          <skipped>false</skipped>
          <failedSince>0</failedSince>
        </case>
        <case>
          <duration>0.0</duration>
          <className>make_test.t_spamd_client_t</className>
          <testName>test      7</testName>
          <skipped>false</skipped>
          <failedSince>0</failedSince>
        </case>
        <case>
          <duration>0.0</duration>
          <className>make_test.t_spamd_client_t</className>
          <testName>test      8</testName>
          <skipped>false</skipped>
          <failedSince>0</failedSince>
        </case>
        <case>
          <duration>0.0</duration>
          <className>make_test.t_spamd_client_t</className>
          <testName>test      9</testName>
          <skipped>false</skipped>
          <failedSince>0</failedSince>
        </case>
        <case>
          <duration>0.0</duration>
          <className>make_test.t_spamd_client_t</className>
          <testName>test     10</testName>
          <skipped>false</skipped>
          <failedSince>0</failedSince>
        </case>
        <case>
          <duration>0.0</duration>
          <className>make_test.t_spamd_client_t</className>
          <testName>test     11</testName>
          <skipped>false</skipped>
          <failedSince>0</failedSince>
        </case>
        <case>
          <duration>0.0</duration>
          <className>make_test.t_spamd_client_t</className>
          <testName>test     12</testName>
          <skipped>false</skipped>
          <failedSince>0</failedSince>
        </case>
        <case>
          <duration>0.0</duration>
          <className>make_test.t_spamd_client_t</className>
          <testName>test     13</testName>
          <skipped>false</skipped>
          <failedSince>0</failedSince>
        </case>
        <case>
          <duration>0.0</duration>
          <className>make_test.t_spamd_client_t</className>
          <testName>test     14</testName>
          <skipped>false</skipped>
          <failedSince>0</failedSince>
        </case>
        <case>
          <duration>0.0</duration>
          <className>make_test.t_spamd_client_t</className>
          <testName>test     15</testName>
          <skipped>false</skipped>
          <failedSince>0</failedSince>
        </case>
        <case>
          <duration>0.0</duration>
          <className>make_test.t_spamd_client_t</className>
          <testName>test     16</testName>
          <skipped>false</skipped>
          <failedSince>0</failedSince>
        </case>
        <case>
          <duration>0.0</duration>
          <className>make_test.t_spamd_client_t</className>
          <testName>test     17</testName>
          <skipped>false</skipped>
          <failedSince>0</failedSince>
        </case>
        <case>
          <duration>0.0</duration>
          <className>make_test.t_spamd_client_t</className>
          <testName>test     18</testName>
          <skipped>false</skipped>
          <failedSince>0</failedSince>
        </case>
        <case>
          <duration>0.0</duration>
          <className>make_test.t_spamd_client_t</className>
          <testName>test     19</testName>
          <skipped>false</skipped>
          <failedSince>0</failedSince>
        </case>
        <case>
          <duration>0.0</duration>
          <className>make_test.t_spamd_client_t</className>
          <testName>test     20</testName>
          <skipped>false</skipped>
          <failedSince>0</failedSince>
        </case>
        <case>
          <duration>0.0</duration>
          <className>make_test.t_spamd_client_t</className>
          <testName>test     21</testName>
          <skipped>false</skipped>
          <failedSince>0</failedSince>
        </case>
        <case>
          <duration>0.0</duration>
          <className>make_test.t_spamd_client_t</className>
          <testName>test     22</testName>
          <skipped>false</skipped>
          <failedSince>0</failedSince>
        </case>
        <case>
          <duration>0.0</duration>
          <className>make_test.t_spamd_client_t</className>
          <testName>test     23</testName>
          <skipped>false</skipped>
          <failedSince>0</failedSince>
        </case>
        <case>
          <duration>0.0</duration>
          <className>make_test.t_spamd_client_t</className>
          <testName>test     24</testName>
          <skipped>false</skipped>
          <failedSince>0</failedSince>
        </case>
        <case>
          <duration>0.0</duration>
          <className>make_test.t_spamd_client_t</className>
          <testName>test     25</testName>
          <skipped>false</skipped>
          <failedSince>0</failedSince>
        </case>
        <case>
          <duration>0.0</duration>
          <className>make_test.t_spamd_client_t</className>
          <testName>test     26</testName>
          <skipped>false</skipped>
          <failedSince>0</failedSince>
        </case>
        <case>
          <duration>0.0</duration>
          <className>make_test.t_spamd_client_t</className>
          <testName>test     27</testName>
          <skipped>false</skipped>
          <failedSince>0</failedSince>
        </case>
        <case>
          <duration>0.0</duration>
          <className>make_test.t_spamd_client_t</className>
          <testName>test     28</testName>
          <skipped>false</skipped>
          <failedSince>0</failedSince>
        </case>
        <case>
          <duration>0.0</duration>
          <className>make_test.t_spamd_client_t</className>
          <testName>test     29</testName>
          <skipped>false</skipped>
          <failedSince>0</failedSince>
        </case>
        <case>
          <duration>0.0</duration>
          <className>make_test.t_spamd_client_t</className>
          <testName>test     30</testName>
          <skipped>false</skipped>
          <failedSince>0</failedSince>
        </case>
        <case>
          <duration>0.0</duration>
          <className>make_test.t_spamd_client_t</className>
          <testName>test     31</testName>
          <skipped>false</skipped>
          <failedSince>0</failedSince>
        </case>
        <case>
          <duration>0.0</duration>
          <className>make_test.t_spamd_client_t</className>
          <testName>test     32</testName>
          <skipped>false</skipped>
          <failedSince>0</failedSince>
        </case>
        <case>
          <duration>0.0</duration>
          <className>make_test.t_spamd_client_t</className>
          <testName>test     33</testName>
          <skipped>false</skipped>
          <failedSince>0</failedSince>
        </case>
        <case>
          <duration>0.0</duration>
          <className>make_test.t_spamd_client_t</className>
          <testName>test     34</testName>
          <skipped>false</skipped>
          <failedSince>0</failedSince>
        </case>
        <case>
          <duration>0.0</duration>
          <className>make_test.t_spamd_client_t</className>
          <testName>test     35</testName>
          <skipped>false</skipped>
          <failedSince>0</failedSince>
        </case>
        <case>
          <duration>0.0</duration>
          <className>make_test.t_spamd_client_t</className>
          <testName>test     36</testName>
          <skipped>false</skipped>
          <failedSince>0</failedSince>
        </case>
        <case>
          <duration>0.0</duration>
          <className>make_test.t_spamd_client_t</className>
          <testName>test     37</testName>
          <skipped>false</skipped>
          <failedSince>0</failedSince>
        </case>
        <case>
          <duration>0.0</duration>
          <className>make_test.t_spamd_client_t</className>
          <testName>test     38</testName>
          <skipped>false</skipped>
          <failedSince>0</failedSince>
        </case>
        <case>
          <duration>0.0</duration>
          <className>make_test.t_spamd_client_t</className>
          <testName>test     39</testName>
          <skipped>false</skipped>
          <failedSince>0</failedSince>
        </case>
        <case>
          <duration>0.0</duration>
          <className>make_test.t_spamd_client_t</className>
          <testName>test     40</testName>
          <skipped>false</skipped>
          <failedSince>0</failedSince>
        </case>
        <case>
          <duration>0.0</duration>
          <className>make_test.t_spamd_client_t</className>
          <testName>test     41</testName>
          <skipped>false</skipped>
          <failedSince>0</failedSince>
        </case>
        <case>
          <duration>0.0</duration>
          <className>make_test.t_spamd_client_t</className>
          <testName>test     42</testName>
          <skipped>false</skipped>
          <failedSince>0</failedSince>
        </case>
        <case>
          <duration>0.0</duration>
          <className>make_test.t_spamd_client_t</className>
          <testName>test     43</testName>
          <skipped>false</skipped>
          <failedSince>0</failedSince>
        </case>
        <case>
          <duration>0.0</duration>
          <className>make_test.t_spamd_client_t</className>
          <testName>test     44</testName>
          <skipped>false</skipped>
          <failedSince>0</failedSince>
        </case>
        <case>
          <duration>0.0</duration>
          <className>make_test.t_spamd_client_t</className>
          <testName>test     45</testName>
          <skipped>false</skipped>
          <failedSince>0</failedSince>
        </case>
        <case>
          <duration>0.0</duration>
          <className>make_test.t_spamd_client_t</className>
          <testName>test     46</testName>
          <skipped>false</skipped>
          <failedSince>0</failedSince>
        </case>
        <case>
          <duration>0.0</duration>
          <className>make_test.t_spamd_client_t</className>
          <testName>test     47</testName>
          <skipped>false</skipped>
          <failedSince>0</failedSince>
        </case>
        <case>
          <duration>0.0</duration>
          <className>make_test.t_spamd_client_t</className>
          <testName>test     48</testName>
          <skipped>false</skipped>
          <failedSince>0</failedSince>
        </case>
        <case>
          <duration>0.0</duration>
          <className>make_test.t_spamd_client_t</className>
          <testName>test     49</testName>
          <skipped>false</skipped>
          <failedSince>0</failedSince>
        </case>
        <case>
          <duration>0.0</duration>
          <className>make_test.t_spamd_client_t</className>
          <testName>test     50</testName>
          <skipped>false</skipped>
          <failedSince>0</failedSince>
        </case>
        <case>
          <duration>0.0</duration>
          <className>make_test.t_spamd_client_t</className>
          <testName>test     51</testName>
          <skipped>false</skipped>
          <failedSince>0</failedSince>
        </case>
        <case>
          <duration>0.0</duration>
          <className>make_test.t_spamd_client_t</className>
          <testName>test     52</testName>
          <skipped>false</skipped>
          <failedSince>0</failedSince>
        </case>
      </cases>
    </suite>
    <suite>
      <file>/var/jenkins_home/jobs/groupByError/workspace/target/junit-report-1472.xml</file>
      <name>make_test.t_spamd_hup_t</name>
      <stdout>

  1..110
  # Running under perl version 5.008006 for solaris
  # Current time local: Thu Mar 27 09:22:24 2008
  # Current time GMT:   Thu Mar 27 09:22:24 2008
  # Using Test.pm version 1.25
  [1206609744] Starting spamd...
  	/export/home/jm/tools/perl586/bin/perl SATest.pl -Mredirect -Olog/d.spamd_hup/spamd.err.1 -olog/d.spamd_hup/spamd.out.1 -- /export/home/jm/tools/perl586/bin/perl -T -w ../spamd/spamd.raw -D -x -s stderr -C log/test_rules_copy  --siteconfigpath log/localrules.tmp -p 46795 
...[truncated 4712 chars]...
D file to change...
  [1206609786] Waiting for spamd at pid 14031 to restart...
  ok 104
  ok 105
  ok 106
  [1206609787] Looking for new spamd at pid 14031...
  ok 107
  [1206609787] A little time to settle...
  [1206609789] Checking GTUBE...
  	../spamc/spamc -F data/spamc_blank.cf -d 127.0.0.1 -p 46795 &lt; data/spam/gtube.eml
  ok 108
  	Checking gtube
  ok 109
  	Checking flag
  ok 110
  [1206609789] Stopping spamd...
  Killed 1 spamd instances
  Waiting for spamd at pid 14031 to exit...
  
  </stdout>
      <stderr></stderr>
      <duration>0.0</duration>
      <id>76</id>
      <cases>
        <case>
          <duration>0.0</duration>
          <className>make_test.t_spamd_hup_t</className>
          <testName>test      1</testName>
          <skipped>false</skipped>
          <failedSince>0</failedSince>
        </case>
        <case>
          <duration>0.0</duration>
          <className>make_test.t_spamd_hup_t</className>
          <testName>test      2</testName>
          <skipped>false</skipped>
          <failedSince>0</failedSince>
        </case>
        <case>
          <duration>0.0</duration>
          <className>make_test.t_spamd_hup_t</className>
          <testName>test      3</testName>
          <skipped>false</skipped>
          <failedSince>0</failedSince>
        </case>
        <case>
          <duration>0.0</duration>
          <className>make_test.t_spamd_hup_t</className>
          <testName>test      4</testName>
          <skipped>false</skipped>
          <failedSince>0</failedSince>
        </case>
        <case>
          <duration>0.0</duration>
          <className>make_test.t_spamd_hup_t</className>
          <testName>test      5</testName>
          <skipped>false</skipped>
          <failedSince>0</failedSince>
        </case>
        <case>
          <duration>0.0</duration>
          <className>make_test.t_spamd_hup_t</className>
          <testName>test      6</testName>
          <skipped>false</skipped>
          <failedSince>0</failedSince>
        </case>
        <case>
          <duration>0.0</duration>
          <className>make_test.t_spamd_hup_t</className>
          <testName>test      7</testName>
          <skipped>false</skipped>
          <failedSince>0</failedSince>
        </case>
        <case>
          <duration>0.0</duration>
          <className>make_test.t_spamd_hup_t</className>
          <testName>test      8</testName>
          <skipped>false</skipped>
          <failedSince>0</failedSince>
        </case>
        <case>
          <duration>0.0</duration>
          <className>make_test.t_spamd_hup_t</className>
          <testName>test      9</testName>
          <skipped>false</skipped>
          <failedSince>0</failedSince>
        </case>
        <case>
          <duration>0.0</duration>
          <className>make_test.t_spamd_hup_t</className>
          <testName>test     10</testName>
          <skipped>false</skipped>
          <failedSince>0</failedSince>
        </case>
        <case>
          <duration>0.0</duration>
          <className>make_test.t_spamd_hup_t</className>
          <testName>test     11</testName>
          <skipped>false</skipped>
          <failedSince>0</failedSince>
        </case>
        <case>
          <duration>0.0</duration>
          <className>make_test.t_spamd_hup_t</className>
          <testName>test     12</testName>
          <skipped>false</skipped>
          <failedSince>0</failedSince>
        </case>
        <case>
          <duration>0.0</duration>
          <className>make_test.t_spamd_hup_t</className>
          <testName>test     13</testName>
          <skipped>false</skipped>
          <failedSince>0</failedSince>
        </case>
        <case>
          <duration>0.0</duration>
          <className>make_test.t_spamd_hup_t</className>
          <testName>test     14</testName>
          <skipped>false</skipped>
          <failedSince>0</failedSince>
        </case>
        <case>
          <duration>0.0</duration>
          <className>make_test.t_spamd_hup_t</className>
          <testName>test     15</testName>
          <skipped>false</skipped>
          <failedSince>0</failedSince>
        </case>
        <case>
          <duration>0.0</duration>
          <className>make_test.t_spamd_hup_t</className>
          <testName>test     16</testName>
          <skipped>false</skipped>
          <failedSince>0</failedSince>
        </case>
        <case>
          <duration>0.0</duration>
          <className>make_test.t_spamd_hup_t</className>
          <testName>test     17</testName>
          <skipped>false</skipped>
          <failedSince>0</failedSince>
        </case>
        <case>
          <duration>0.0</duration>
          <className>make_test.t_spamd_hup_t</className>
          <testName>test     18</testName>
          <skipped>false</skipped>
          <failedSince>0</failedSince>
        </case>
        <case>
          <duration>0.0</duration>
          <className>make_test.t_spamd_hup_t</className>
          <testName>test     19</testName>
          <skipped>false</skipped>
          <failedSince>0</failedSince>
        </case>
        <case>
          <duration>0.0</duration>
          <className>make_test.t_spamd_hup_t</className>
          <testName>test     20</testName>
          <skipped>false</skipped>
          <failedSince>0</failedSince>
        </case>
        <case>
          <duration>0.0</duration>
          <className>make_test.t_spamd_hup_t</className>
          <testName>test     21</testName>
          <skipped>false</skipped>
          <failedSince>0</failedSince>
        </case>
        <case>
          <duration>0.0</duration>
          <className>make_test.t_spamd_hup_t</className>
          <testName>test     22</testName>
          <skipped>false</skipped>
          <failedSince>0</failedSince>
        </case>
        <case>
          <duration>0.0</duration>
          <className>make_test.t_spamd_hup_t</className>
          <testName>test     23</testName>
          <skipped>false</skipped>
          <failedSince>0</failedSince>
        </case>
        <case>
          <duration>0.0</duration>
          <className>make_test.t_spamd_hup_t</className>
          <testName>test     24</testName>
          <skipped>false</skipped>
          <failedSince>0</failedSince>
        </case>
        <case>
          <duration>0.0</duration>
          <className>make_test.t_spamd_hup_t</className>
          <testName>test     25</testName>
          <skipped>false</skipped>
          <failedSince>0</failedSince>
        </case>
        <case>
          <duration>0.0</duration>
          <className>make_test.t_spamd_hup_t</className>
          <testName>test     26</testName>
          <skipped>false</skipped>
          <failedSince>0</failedSince>
        </case>
        <case>
          <duration>0.0</duration>
          <className>make_test.t_spamd_hup_t</className>
          <testName>test     27</testName>
          <skipped>false</skipped>
          <failedSince>0</failedSince>
        </case>
        <case>
          <duration>0.0</duration>
          <className>make_test.t_spamd_hup_t</className>
          <testName>test     28</testName>
          <skipped>false</skipped>
          <failedSince>0</failedSince>
        </case>
        <case>
          <duration>0.0</duration>
          <className>make_test.t_spamd_hup_t</className>
          <testName>test     29</testName>
          <skipped>false</skipped>
          <failedSince>0</failedSince>
        </case>
        <case>
          <duration>0.0</duration>
          <className>make_test.t_spamd_hup_t</className>
          <testName>test     30</testName>
          <skipped>false</skipped>
          <failedSince>0</failedSince>
        </case>
        <case>
          <duration>0.0</duration>
          <className>make_test.t_spamd_hup_t</className>
          <testName>test     31</testName>
          <skipped>false</skipped>
          <failedSince>0</failedSince>
        </case>
        <case>
          <duration>0.0</duration>
          <className>make_test.t_spamd_hup_t</className>
          <testName>test     32</testName>
          <skipped>false</skipped>
          <failedSince>0</failedSince>
        </case>
        <case>
          <duration>0.0</duration>
          <className>make_test.t_spamd_hup_t</className>
          <testName>test     33</testName>
          <skipped>false</skipped>
          <failedSince>0</failedSince>
        </case>
        <case>
          <duration>0.0</duration>
          <className>make_test.t_spamd_hup_t</className>
          <testName>test     34</testName>
          <skipped>false</skipped>
          <failedSince>0</failedSince>
        </case>
        <case>
          <duration>0.0</duration>
          <className>make_test.t_spamd_hup_t</className>
          <testName>test     35</testName>
          <skipped>false</skipped>
          <failedSince>0</failedSince>
        </case>
        <case>
          <duration>0.0</duration>
          <className>make_test.t_spamd_hup_t</className>
          <testName>test     36</testName>
          <skipped>false</skipped>
          <failedSince>0</failedSince>
        </case>
        <case>
          <duration>0.0</duration>
          <className>make_test.t_spamd_hup_t</className>
          <testName>test     37</testName>
          <skipped>false</skipped>
          <failedSince>0</failedSince>
        </case>
        <case>
          <duration>0.0</duration>
          <className>make_test.t_spamd_hup_t</className>
          <testName>test     38</testName>
          <skipped>false</skipped>
          <failedSince>0</failedSince>
        </case>
        <case>
          <duration>0.0</duration>
          <className>make_test.t_spamd_hup_t</className>
          <testName>test     39</testName>
          <skipped>false</skipped>
          <failedSince>0</failedSince>
        </case>
        <case>
          <duration>0.0</duration>
          <className>make_test.t_spamd_hup_t</className>
          <testName>test     40</testName>
          <skipped>false</skipped>
          <failedSince>0</failedSince>
        </case>
        <case>
          <duration>0.0</duration>
          <className>make_test.t_spamd_hup_t</className>
          <testName>test     41</testName>
          <skipped>false</skipped>
          <failedSince>0</failedSince>
        </case>
        <case>
          <duration>0.0</duration>
          <className>make_test.t_spamd_hup_t</className>
          <testName>test     42</testName>
          <skipped>false</skipped>
          <failedSince>0</failedSince>
        </case>
        <case>
          <duration>0.0</duration>
          <className>make_test.t_spamd_hup_t</className>
          <testName>test     43</testName>
          <skipped>false</skipped>
          <failedSince>0</failedSince>
        </case>
        <case>
          <duration>0.0</duration>
          <className>make_test.t_spamd_hup_t</className>
          <testName>test     44</testName>
          <skipped>false</skipped>
          <failedSince>0</failedSince>
        </case>
        <case>
          <duration>0.0</duration>
          <className>make_test.t_spamd_hup_t</className>
          <testName>test     45</testName>
          <skipped>false</skipped>
          <failedSince>0</failedSince>
        </case>
        <case>
          <duration>0.0</duration>
          <className>make_test.t_spamd_hup_t</className>
          <testName>test     46</testName>
          <skipped>false</skipped>
          <failedSince>0</failedSince>
        </case>
        <case>
          <duration>0.0</duration>
          <className>make_test.t_spamd_hup_t</className>
          <testName>test     47</testName>
          <skipped>false</skipped>
          <failedSince>0</failedSince>
        </case>
        <case>
          <duration>0.0</duration>
          <className>make_test.t_spamd_hup_t</className>
          <testName>test     48</testName>
          <skipped>false</skipped>
          <failedSince>0</failedSince>
        </case>
        <case>
          <duration>0.0</duration>
          <className>make_test.t_spamd_hup_t</className>
          <testName>test     49</testName>
          <skipped>false</skipped>
          <failedSince>0</failedSince>
        </case>
        <case>
          <duration>0.0</duration>
          <className>make_test.t_spamd_hup_t</className>
          <testName>test     50</testName>
          <skipped>false</skipped>
          <failedSince>0</failedSince>
        </case>
        <case>
          <duration>0.0</duration>
          <className>make_test.t_spamd_hup_t</className>
          <testName>test     51</testName>
          <skipped>false</skipped>
          <failedSince>0</failedSince>
        </case>
        <case>
          <duration>0.0</duration>
          <className>make_test.t_spamd_hup_t</className>
          <testName>test     52</testName>
          <skipped>false</skipped>
          <failedSince>0</failedSince>
        </case>
        <case>
          <duration>0.0</duration>
          <className>make_test.t_spamd_hup_t</className>
          <testName>test     53</testName>
          <skipped>false</skipped>
          <failedSince>0</failedSince>
        </case>
        <case>
          <duration>0.0</duration>
          <className>make_test.t_spamd_hup_t</className>
          <testName>test     54</testName>
          <skipped>false</skipped>
          <failedSince>0</failedSince>
        </case>
        <case>
          <duration>0.0</duration>
          <className>make_test.t_spamd_hup_t</className>
          <testName>test     55</testName>
          <skipped>false</skipped>
          <failedSince>0</failedSince>
        </case>
        <case>
          <duration>0.0</duration>
          <className>make_test.t_spamd_hup_t</className>
          <testName>test     56</testName>
          <skipped>false</skipped>
          <failedSince>0</failedSince>
        </case>
        <case>
          <duration>0.0</duration>
          <className>make_test.t_spamd_hup_t</className>
          <testName>test     57</testName>
          <skipped>false</skipped>
          <failedSince>0</failedSince>
        </case>
        <case>
          <duration>0.0</duration>
          <className>make_test.t_spamd_hup_t</className>
          <testName>test     58</testName>
          <skipped>false</skipped>
          <failedSince>0</failedSince>
        </case>
        <case>
          <duration>0.0</duration>
          <className>make_test.t_spamd_hup_t</className>
          <testName>test     59</testName>
          <skipped>false</skipped>
          <failedSince>0</failedSince>
        </case>
        <case>
          <duration>0.0</duration>
          <className>make_test.t_spamd_hup_t</className>
          <testName>test     60</testName>
          <skipped>false</skipped>
          <failedSince>0</failedSince>
        </case>
        <case>
          <duration>0.0</duration>
          <className>make_test.t_spamd_hup_t</className>
          <testName>test     61</testName>
          <skipped>false</skipped>
          <failedSince>0</failedSince>
        </case>
        <case>
          <duration>0.0</duration>
          <className>make_test.t_spamd_hup_t</className>
          <testName>test     62</testName>
          <skipped>false</skipped>
          <failedSince>0</failedSince>
        </case>
        <case>
          <duration>0.0</duration>
          <className>make_test.t_spamd_hup_t</className>
          <testName>test     63</testName>
          <skipped>false</skipped>
          <failedSince>0</failedSince>
        </case>
        <case>
          <duration>0.0</duration>
          <className>make_test.t_spamd_hup_t</className>
          <testName>test     64</testName>
          <skipped>false</skipped>
          <failedSince>0</failedSince>
        </case>
        <case>
          <duration>0.0</duration>
          <className>make_test.t_spamd_hup_t</className>
          <testName>test     65</testName>
          <skipped>false</skipped>
          <failedSince>0</failedSince>
        </case>
        <case>
          <duration>0.0</duration>
          <className>make_test.t_spamd_hup_t</className>
          <testName>test     66</testName>
          <skipped>false</skipped>
          <failedSince>0</failedSince>
        </case>
        <case>
          <duration>0.0</duration>
          <className>make_test.t_spamd_hup_t</className>
          <testName>test     67</testName>
          <skipped>false</skipped>
          <failedSince>0</failedSince>
        </case>
        <case>
          <duration>0.0</duration>
          <className>make_test.t_spamd_hup_t</className>
          <testName>test     68</testName>
          <skipped>false</skipped>
          <failedSince>0</failedSince>
        </case>
        <case>
          <duration>0.0</duration>
          <className>make_test.t_spamd_hup_t</className>
          <testName>test     69</testName>
          <skipped>false</skipped>
          <failedSince>0</failedSince>
        </case>
        <case>
          <duration>0.0</duration>
          <className>make_test.t_spamd_hup_t</className>
          <testName>test     70</testName>
          <skipped>false</skipped>
          <failedSince>0</failedSince>
        </case>
        <case>
          <duration>0.0</duration>
          <className>make_test.t_spamd_hup_t</className>
          <testName>test     71</testName>
          <skipped>false</skipped>
          <failedSince>0</failedSince>
        </case>
        <case>
          <duration>0.0</duration>
          <className>make_test.t_spamd_hup_t</className>
          <testName>test     72</testName>
          <skipped>false</skipped>
          <failedSince>0</failedSince>
        </case>
        <case>
          <duration>0.0</duration>
          <className>make_test.t_spamd_hup_t</className>
          <testName>test     73</testName>
          <skipped>false</skipped>
          <failedSince>0</failedSince>
        </case>
        <case>
          <duration>0.0</duration>
          <className>make_test.t_spamd_hup_t</className>
          <testName>test     74</testName>
          <skipped>false</skipped>
          <failedSince>0</failedSince>
        </case>
        <case>
          <duration>0.0</duration>
          <className>make_test.t_spamd_hup_t</className>
          <testName>test     75</testName>
          <skipped>false</skipped>
          <failedSince>0</failedSince>
        </case>
        <case>
          <duration>0.0</duration>
          <className>make_test.t_spamd_hup_t</className>
          <testName>test     76</testName>
          <skipped>false</skipped>
          <failedSince>0</failedSince>
        </case>
        <case>
          <duration>0.0</duration>
          <className>make_test.t_spamd_hup_t</className>
          <testName>test     77</testName>
          <skipped>false</skipped>
          <failedSince>0</failedSince>
        </case>
        <case>
          <duration>0.0</duration>
          <className>make_test.t_spamd_hup_t</className>
          <testName>test     78</testName>
          <skipped>false</skipped>
          <failedSince>0</failedSince>
        </case>
        <case>
          <duration>0.0</duration>
          <className>make_test.t_spamd_hup_t</className>
          <testName>test     79</testName>
          <skipped>false</skipped>
          <failedSince>0</failedSince>
        </case>
        <case>
          <duration>0.0</duration>
          <className>make_test.t_spamd_hup_t</className>
          <testName>test     80</testName>
          <skipped>false</skipped>
          <failedSince>0</failedSince>
        </case>
        <case>
          <duration>0.0</duration>
          <className>make_test.t_spamd_hup_t</className>
          <testName>test     81</testName>
          <skipped>false</skipped>
          <failedSince>0</failedSince>
        </case>
        <case>
          <duration>0.0</duration>
          <className>make_test.t_spamd_hup_t</className>
          <testName>test     82</testName>
          <skipped>false</skipped>
          <failedSince>0</failedSince>
        </case>
        <case>
          <duration>0.0</duration>
          <className>make_test.t_spamd_hup_t</className>
          <testName>test     83</testName>
          <skipped>false</skipped>
          <failedSince>0</failedSince>
        </case>
        <case>
          <duration>0.0</duration>
          <className>make_test.t_spamd_hup_t</className>
          <testName>test     84</testName>
          <skipped>false</skipped>
          <failedSince>0</failedSince>
        </case>
        <case>
          <duration>0.0</duration>
          <className>make_test.t_spamd_hup_t</className>
          <testName>test     85</testName>
          <skipped>false</skipped>
          <failedSince>0</failedSince>
        </case>
        <case>
          <duration>0.0</duration>
          <className>make_test.t_spamd_hup_t</className>
          <testName>test     86</testName>
          <skipped>false</skipped>
          <failedSince>0</failedSince>
        </case>
        <case>
          <duration>0.0</duration>
          <className>make_test.t_spamd_hup_t</className>
          <testName>test     87</testName>
          <skipped>false</skipped>
          <failedSince>0</failedSince>
        </case>
        <case>
          <duration>0.0</duration>
          <className>make_test.t_spamd_hup_t</className>
          <testName>test     88</testName>
          <skipped>false</skipped>
          <failedSince>0</failedSince>
        </case>
        <case>
          <duration>0.0</duration>
          <className>make_test.t_spamd_hup_t</className>
          <testName>test     89</testName>
          <skipped>false</skipped>
          <failedSince>0</failedSince>
        </case>
        <case>
          <duration>0.0</duration>
          <className>make_test.t_spamd_hup_t</className>
          <testName>test     90</testName>
          <skipped>false</skipped>
          <failedSince>0</failedSince>
        </case>
        <case>
          <duration>0.0</duration>
          <className>make_test.t_spamd_hup_t</className>
          <testName>test     91</testName>
          <skipped>false</skipped>
          <failedSince>0</failedSince>
        </case>
        <case>
          <duration>0.0</duration>
          <className>make_test.t_spamd_hup_t</className>
          <testName>test     92</testName>
          <skipped>false</skipped>
          <failedSince>0</failedSince>
        </case>
        <case>
          <duration>0.0</duration>
          <className>make_test.t_spamd_hup_t</className>
          <testName>test     93</testName>
          <skipped>false</skipped>
          <failedSince>0</failedSince>
        </case>
        <case>
          <duration>0.0</duration>
          <className>make_test.t_spamd_hup_t</className>
          <testName>test     94</testName>
          <skipped>false</skipped>
          <failedSince>0</failedSince>
        </case>
        <case>
          <duration>0.0</duration>
          <className>make_test.t_spamd_hup_t</className>
          <testName>test     95</testName>
          <skipped>false</skipped>
          <failedSince>0</failedSince>
        </case>
        <case>
          <duration>0.0</duration>
          <className>make_test.t_spamd_hup_t</className>
          <testName>test     96</testName>
          <skipped>false</skipped>
          <failedSince>0</failedSince>
        </case>
        <case>
          <duration>0.0</duration>
          <className>make_test.t_spamd_hup_t</className>
          <testName>test     97</testName>
          <skipped>false</skipped>
          <failedSince>0</failedSince>
        </case>
        <case>
          <duration>0.0</duration>
          <className>make_test.t_spamd_hup_t</className>
          <testName>test     98</testName>
          <skipped>false</skipped>
          <failedSince>0</failedSince>
        </case>
        <case>
          <duration>0.0</duration>
          <className>make_test.t_spamd_hup_t</className>
          <testName>test     99</testName>
          <skipped>false</skipped>
          <failedSince>0</failedSince>
        </case>
        <case>
          <duration>0.0</duration>
          <className>make_test.t_spamd_hup_t</className>
          <testName>test    100</testName>
          <skipped>false</skipped>
          <failedSince>0</failedSince>
        </case>
        <case>
          <duration>0.0</duration>
          <className>make_test.t_spamd_hup_t</className>
          <testName>test    101</testName>
          <skipped>false</skipped>
          <failedSince>0</failedSince>
        </case>
        <case>
          <duration>0.0</duration>
          <className>make_test.t_spamd_hup_t</className>
          <testName>test    102</testName>
          <skipped>false</skipped>
          <failedSince>0</failedSince>
        </case>
        <case>
          <duration>0.0</duration>
          <className>make_test.t_spamd_hup_t</className>
          <testName>test    103</testName>
          <skipped>false</skipped>
          <failedSince>0</failedSince>
        </case>
        <case>
          <duration>0.0</duration>
          <className>make_test.t_spamd_hup_t</className>
          <testName>test    104</testName>
          <skipped>false</skipped>
          <failedSince>0</failedSince>
        </case>
        <case>
          <duration>0.0</duration>
          <className>make_test.t_spamd_hup_t</className>
          <testName>test    105</testName>
          <skipped>false</skipped>
          <failedSince>0</failedSince>
        </case>
        <case>
          <duration>0.0</duration>
          <className>make_test.t_spamd_hup_t</className>
          <testName>test    106</testName>
          <skipped>false</skipped>
          <failedSince>0</failedSince>
        </case>
        <case>
          <duration>0.0</duration>
          <className>make_test.t_spamd_hup_t</className>
          <testName>test    107</testName>
          <skipped>false</skipped>
          <failedSince>0</failedSince>
        </case>
        <case>
          <duration>0.0</duration>
          <className>make_test.t_spamd_hup_t</className>
          <testName>test    108</testName>
          <skipped>false</skipped>
          <failedSince>0</failedSince>
        </case>
        <case>
          <duration>0.0</duration>
          <className>make_test.t_spamd_hup_t</className>
          <testName>test    109</testName>
          <skipped>false</skipped>
          <failedSince>0</failedSince>
        </case>
        <case>
          <duration>0.0</duration>
          <className>make_test.t_spamd_hup_t</className>
          <testName>test    110</testName>
          <skipped>false</skipped>
          <failedSince>0</failedSince>
        </case>
      </cases>
    </suite>
    <suite>
      <file>/var/jenkins_home/jobs/groupByError/workspace/target/junit-report-1472.xml</file>
      <name>make_test.t_spamd_kill_restart_t</name>
      <stdout>
  1..93
  # Running under perl version 5.008006 for solaris
  # Current time local: Thu Mar 27 09:23:10 2008
  # Current time GMT:   Thu Mar 27 09:23:10 2008
  # Using Test.pm version 1.25
  [1206609790] Starting spamd...
  	/export/home/jm/tools/perl586/bin/perl SATest.pl -Mredirect -Olog/d.spamd_kill_restart/spamd.err.1 -olog/d.spamd_kill_restart/spamd.out.1 -- /export/home/jm/tools/perl586/bin/perl -T -w ../spamd/spamd.raw -D -x -s stderr -C log/test_rules_copy  --siteconfigpath log/localrul
...[truncated 7322 chars]...
spamd.err.87.timestamped &amp;
  [1206609832] Waiting for spamd at pid 14194 to restart...
  ok 87
  ok 88
  ok 89
  [1206609833] Looking for new spamd at pid 14202...
  ok 90
  [1206609833] A little time to settle...
  [1206609835] Checking GTUBE...
  	../spamc/spamc -F data/spamc_blank.cf -d 127.0.0.1 -p 46886 &lt; data/spam/gtube.eml
  ok 91
  	Checking gtube
  ok 92
  	Checking flag
  ok 93
  [1206609836] Stopping spamd...
  Killed 1 spamd instances
  Waiting for spamd at pid 14202 to exit...
  
  </stdout>
      <stderr></stderr>
      <duration>0.0</duration>
      <id>77</id>
      <cases>
        <case>
          <duration>0.0</duration>
          <className>make_test.t_spamd_kill_restart_t</className>
          <testName>test      1</testName>
          <skipped>false</skipped>
          <failedSince>0</failedSince>
        </case>
        <case>
          <duration>0.0</duration>
          <className>make_test.t_spamd_kill_restart_t</className>
          <testName>test      2</testName>
          <skipped>false</skipped>
          <failedSince>0</failedSince>
        </case>
        <case>
          <duration>0.0</duration>
          <className>make_test.t_spamd_kill_restart_t</className>
          <testName>test      3</testName>
          <skipped>false</skipped>
          <failedSince>0</failedSince>
        </case>
        <case>
          <duration>0.0</duration>
          <className>make_test.t_spamd_kill_restart_t</className>
          <testName>test      4</testName>
          <skipped>false</skipped>
          <failedSince>0</failedSince>
        </case>
        <case>
          <duration>0.0</duration>
          <className>make_test.t_spamd_kill_restart_t</className>
          <testName>test      5</testName>
          <skipped>false</skipped>
          <failedSince>0</failedSince>
        </case>
        <case>
          <duration>0.0</duration>
          <className>make_test.t_spamd_kill_restart_t</className>
          <testName>test      6</testName>
          <skipped>false</skipped>
          <failedSince>0</failedSince>
        </case>
        <case>
          <duration>0.0</duration>
          <className>make_test.t_spamd_kill_restart_t</className>
          <testName>test      7</testName>
          <skipped>false</skipped>
          <failedSince>0</failedSince>
        </case>
        <case>
          <duration>0.0</duration>
          <className>make_test.t_spamd_kill_restart_t</className>
          <testName>test      8</testName>
          <skipped>false</skipped>
          <failedSince>0</failedSince>
        </case>
        <case>
          <duration>0.0</duration>
          <className>make_test.t_spamd_kill_restart_t</className>
          <testName>test      9</testName>
          <skipped>false</skipped>
          <failedSince>0</failedSince>
        </case>
        <case>
          <duration>0.0</duration>
          <className>make_test.t_spamd_kill_restart_t</className>
          <testName>test     10</testName>
          <skipped>false</skipped>
          <failedSince>0</failedSince>
        </case>
        <case>
          <duration>0.0</duration>
          <className>make_test.t_spamd_kill_restart_t</className>
          <testName>test     11</testName>
          <skipped>false</skipped>
          <failedSince>0</failedSince>
        </case>
        <case>
          <duration>0.0</duration>
          <className>make_test.t_spamd_kill_restart_t</className>
          <testName>test     12</testName>
          <skipped>false</skipped>
          <failedSince>0</failedSince>
        </case>
        <case>
          <duration>0.0</duration>
          <className>make_test.t_spamd_kill_restart_t</className>
          <testName>test     13</testName>
          <skipped>false</skipped>
          <failedSince>0</failedSince>
        </case>
        <case>
          <duration>0.0</duration>
          <className>make_test.t_spamd_kill_restart_t</className>
          <testName>test     14</testName>
          <skipped>false</skipped>
          <failedSince>0</failedSince>
        </case>
        <case>
          <duration>0.0</duration>
          <className>make_test.t_spamd_kill_restart_t</className>
          <testName>test     15</testName>
          <skipped>false</skipped>
          <failedSince>0</failedSince>
        </case>
        <case>
          <duration>0.0</duration>
          <className>make_test.t_spamd_kill_restart_t</className>
          <testName>test     16</testName>
          <skipped>false</skipped>
          <failedSince>0</failedSince>
        </case>
        <case>
          <duration>0.0</duration>
          <className>make_test.t_spamd_kill_restart_t</className>
          <testName>test     17</testName>
          <skipped>false</skipped>
          <failedSince>0</failedSince>
        </case>
        <case>
          <duration>0.0</duration>
          <className>make_test.t_spamd_kill_restart_t</className>
          <testName>test     18</testName>
          <skipped>false</skipped>
          <failedSince>0</failedSince>
        </case>
        <case>
          <duration>0.0</duration>
          <className>make_test.t_spamd_kill_restart_t</className>
          <testName>test     19</testName>
          <skipped>false</skipped>
          <failedSince>0</failedSince>
        </case>
        <case>
          <duration>0.0</duration>
          <className>make_test.t_spamd_kill_restart_t</className>
          <testName>test     20</testName>
          <skipped>false</skipped>
          <failedSince>0</failedSince>
        </case>
        <case>
          <duration>0.0</duration>
          <className>make_test.t_spamd_kill_restart_t</className>
          <testName>test     21</testName>
          <skipped>false</skipped>
          <failedSince>0</failedSince>
        </case>
        <case>
          <duration>0.0</duration>
          <className>make_test.t_spamd_kill_restart_t</className>
          <testName>test     22</testName>
          <skipped>false</skipped>
          <failedSince>0</failedSince>
        </case>
        <case>
          <duration>0.0</duration>
          <className>make_test.t_spamd_kill_restart_t</className>
          <testName>test     23</testName>
          <skipped>false</skipped>
          <failedSince>0</failedSince>
        </case>
        <case>
          <duration>0.0</duration>
          <className>make_test.t_spamd_kill_restart_t</className>
          <testName>test     24</testName>
          <skipped>false</skipped>
          <failedSince>0</failedSince>
        </case>
        <case>
          <duration>0.0</duration>
          <className>make_test.t_spamd_kill_restart_t</className>
          <testName>test     25</testName>
          <skipped>false</skipped>
          <failedSince>0</failedSince>
        </case>
        <case>
          <duration>0.0</duration>
          <className>make_test.t_spamd_kill_restart_t</className>
          <testName>test     26</testName>
          <skipped>false</skipped>
          <failedSince>0</failedSince>
        </case>
        <case>
          <duration>0.0</duration>
          <className>make_test.t_spamd_kill_restart_t</className>
          <testName>test     27</testName>
          <skipped>false</skipped>
          <failedSince>0</failedSince>
        </case>
        <case>
          <duration>0.0</duration>
          <className>make_test.t_spamd_kill_restart_t</className>
          <testName>test     28</testName>
          <skipped>false</skipped>
          <failedSince>0</failedSince>
        </case>
        <case>
          <duration>0.0</duration>
          <className>make_test.t_spamd_kill_restart_t</className>
          <testName>test     29</testName>
          <skipped>false</skipped>
          <failedSince>0</failedSince>
        </case>
        <case>
          <duration>0.0</duration>
          <className>make_test.t_spamd_kill_restart_t</className>
          <testName>test     30</testName>
          <skipped>false</skipped>
          <failedSince>0</failedSince>
        </case>
        <case>
          <duration>0.0</duration>
          <className>make_test.t_spamd_kill_restart_t</className>
          <testName>test     31</testName>
          <skipped>false</skipped>
          <failedSince>0</failedSince>
        </case>
        <case>
          <duration>0.0</duration>
          <className>make_test.t_spamd_kill_restart_t</className>
          <testName>test     32</testName>
          <skipped>false</skipped>
          <failedSince>0</failedSince>
        </case>
        <case>
          <duration>0.0</duration>
          <className>make_test.t_spamd_kill_restart_t</className>
          <testName>test     33</testName>
          <skipped>false</skipped>
          <failedSince>0</failedSince>
        </case>
        <case>
          <duration>0.0</duration>
          <className>make_test.t_spamd_kill_restart_t</className>
          <testName>test     34</testName>
          <skipped>false</skipped>
          <failedSince>0</failedSince>
        </case>
        <case>
          <duration>0.0</duration>
          <className>make_test.t_spamd_kill_restart_t</className>
          <testName>test     35</testName>
          <skipped>false</skipped>
          <failedSince>0</failedSince>
        </case>
        <case>
          <duration>0.0</duration>
          <className>make_test.t_spamd_kill_restart_t</className>
          <testName>test     36</testName>
          <skipped>false</skipped>
          <failedSince>0</failedSince>
        </case>
        <case>
          <duration>0.0</duration>
          <className>make_test.t_spamd_kill_restart_t</className>
          <testName>test     37</testName>
          <skipped>false</skipped>
          <failedSince>0</failedSince>
        </case>
        <case>
          <duration>0.0</duration>
          <className>make_test.t_spamd_kill_restart_t</className>
          <testName>test     38</testName>
          <skipped>false</skipped>
          <failedSince>0</failedSince>
        </case>
        <case>
          <duration>0.0</duration>
          <className>make_test.t_spamd_kill_restart_t</className>
          <testName>test     39</testName>
          <skipped>false</skipped>
          <failedSince>0</failedSince>
        </case>
        <case>
          <duration>0.0</duration>
          <className>make_test.t_spamd_kill_restart_t</className>
          <testName>test     40</testName>
          <skipped>false</skipped>
          <failedSince>0</failedSince>
        </case>
        <case>
          <duration>0.0</duration>
          <className>make_test.t_spamd_kill_restart_t</className>
          <testName>test     41</testName>
          <skipped>false</skipped>
          <failedSince>0</failedSince>
        </case>
        <case>
          <duration>0.0</duration>
          <className>make_test.t_spamd_kill_restart_t</className>
          <testName>test     42</testName>
          <skipped>false</skipped>
          <failedSince>0</failedSince>
        </case>
        <case>
          <duration>0.0</duration>
          <className>make_test.t_spamd_kill_restart_t</className>
          <testName>test     43</testName>
          <skipped>false</skipped>
          <failedSince>0</failedSince>
        </case>
        <case>
          <duration>0.0</duration>
          <className>make_test.t_spamd_kill_restart_t</className>
          <testName>test     44</testName>
          <skipped>false</skipped>
          <failedSince>0</failedSince>
        </case>
        <case>
          <duration>0.0</duration>
          <className>make_test.t_spamd_kill_restart_t</className>
          <testName>test     45</testName>
          <skipped>false</skipped>
          <failedSince>0</failedSince>
        </case>
        <case>
          <duration>0.0</duration>
          <className>make_test.t_spamd_kill_restart_t</className>
          <testName>test     46</testName>
          <skipped>false</skipped>
          <failedSince>0</failedSince>
        </case>
        <case>
          <duration>0.0</duration>
          <className>make_test.t_spamd_kill_restart_t</className>
          <testName>test     47</testName>
          <skipped>false</skipped>
          <failedSince>0</failedSince>
        </case>
        <case>
          <duration>0.0</duration>
          <className>make_test.t_spamd_kill_restart_t</className>
          <testName>test     48</testName>
          <skipped>false</skipped>
          <failedSince>0</failedSince>
        </case>
        <case>
          <duration>0.0</duration>
          <className>make_test.t_spamd_kill_restart_t</className>
          <testName>test     49</testName>
          <skipped>false</skipped>
          <failedSince>0</failedSince>
        </case>
        <case>
          <duration>0.0</duration>
          <className>make_test.t_spamd_kill_restart_t</className>
          <testName>test     50</testName>
          <skipped>false</skipped>
          <failedSince>0</failedSince>
        </case>
        <case>
          <duration>0.0</duration>
          <className>make_test.t_spamd_kill_restart_t</className>
          <testName>test     51</testName>
          <skipped>false</skipped>
          <failedSince>0</failedSince>
        </case>
        <case>
          <duration>0.0</duration>
          <className>make_test.t_spamd_kill_restart_t</className>
          <testName>test     52</testName>
          <skipped>false</skipped>
          <failedSince>0</failedSince>
        </case>
        <case>
          <duration>0.0</duration>
          <className>make_test.t_spamd_kill_restart_t</className>
          <testName>test     53</testName>
          <skipped>false</skipped>
          <failedSince>0</failedSince>
        </case>
        <case>
          <duration>0.0</duration>
          <className>make_test.t_spamd_kill_restart_t</className>
          <testName>test     54</testName>
          <skipped>false</skipped>
          <failedSince>0</failedSince>
        </case>
        <case>
          <duration>0.0</duration>
          <className>make_test.t_spamd_kill_restart_t</className>
          <testName>test     55</testName>
          <skipped>false</skipped>
          <failedSince>0</failedSince>
        </case>
        <case>
          <duration>0.0</duration>
          <className>make_test.t_spamd_kill_restart_t</className>
          <testName>test     56</testName>
          <skipped>false</skipped>
          <failedSince>0</failedSince>
        </case>
        <case>
          <duration>0.0</duration>
          <className>make_test.t_spamd_kill_restart_t</className>
          <testName>test     57</testName>
          <skipped>false</skipped>
          <failedSince>0</failedSince>
        </case>
        <case>
          <duration>0.0</duration>
          <className>make_test.t_spamd_kill_restart_t</className>
          <testName>test     58</testName>
          <skipped>false</skipped>
          <failedSince>0</failedSince>
        </case>
        <case>
          <duration>0.0</duration>
          <className>make_test.t_spamd_kill_restart_t</className>
          <testName>test     59</testName>
          <skipped>false</skipped>
          <failedSince>0</failedSince>
        </case>
        <case>
          <duration>0.0</duration>
          <className>make_test.t_spamd_kill_restart_t</className>
          <testName>test     60</testName>
          <skipped>false</skipped>
          <failedSince>0</failedSince>
        </case>
        <case>
          <duration>0.0</duration>
          <className>make_test.t_spamd_kill_restart_t</className>
          <testName>test     61</testName>
          <skipped>false</skipped>
          <failedSince>0</failedSince>
        </case>
        <case>
          <duration>0.0</duration>
          <className>make_test.t_spamd_kill_restart_t</className>
          <testName>test     62</testName>
          <skipped>false</skipped>
          <failedSince>0</failedSince>
        </case>
        <case>
          <duration>0.0</duration>
          <className>make_test.t_spamd_kill_restart_t</className>
          <testName>test     63</testName>
          <skipped>false</skipped>
          <failedSince>0</failedSince>
        </case>
        <case>
          <duration>0.0</duration>
          <className>make_test.t_spamd_kill_restart_t</className>
          <testName>test     64</testName>
          <skipped>false</skipped>
          <failedSince>0</failedSince>
        </case>
        <case>
          <duration>0.0</duration>
          <className>make_test.t_spamd_kill_restart_t</className>
          <testName>test     65</testName>
          <skipped>false</skipped>
          <failedSince>0</failedSince>
        </case>
        <case>
          <duration>0.0</duration>
          <className>make_test.t_spamd_kill_restart_t</className>
          <testName>test     66</testName>
          <skipped>false</skipped>
          <failedSince>0</failedSince>
        </case>
        <case>
          <duration>0.0</duration>
          <className>make_test.t_spamd_kill_restart_t</className>
          <testName>test     67</testName>
          <skipped>false</skipped>
          <failedSince>0</failedSince>
        </case>
        <case>
          <duration>0.0</duration>
          <className>make_test.t_spamd_kill_restart_t</className>
          <testName>test     68</testName>
          <skipped>false</skipped>
          <failedSince>0</failedSince>
        </case>
        <case>
          <duration>0.0</duration>
          <className>make_test.t_spamd_kill_restart_t</className>
          <testName>test     69</testName>
          <skipped>false</skipped>
          <failedSince>0</failedSince>
        </case>
        <case>
          <duration>0.0</duration>
          <className>make_test.t_spamd_kill_restart_t</className>
          <testName>test     70</testName>
          <skipped>false</skipped>
          <failedSince>0</failedSince>
        </case>
        <case>
          <duration>0.0</duration>
          <className>make_test.t_spamd_kill_restart_t</className>
          <testName>test     71</testName>
          <skipped>false</skipped>
          <failedSince>0</failedSince>
        </case>
        <case>
          <duration>0.0</duration>
          <className>make_test.t_spamd_kill_restart_t</className>
          <testName>test     72</testName>
          <skipped>false</skipped>
          <failedSince>0</failedSince>
        </case>
        <case>
          <duration>0.0</duration>
          <className>make_test.t_spamd_kill_restart_t</className>
          <testName>test     73</testName>
          <skipped>false</skipped>
          <failedSince>0</failedSince>
        </case>
        <case>
          <duration>0.0</duration>
          <className>make_test.t_spamd_kill_restart_t</className>
          <testName>test     74</testName>
          <skipped>false</skipped>
          <failedSince>0</failedSince>
        </case>
        <case>
          <duration>0.0</duration>
          <className>make_test.t_spamd_kill_restart_t</className>
          <testName>test     75</testName>
          <skipped>false</skipped>
          <failedSince>0</failedSince>
        </case>
        <case>
          <duration>0.0</duration>
          <className>make_test.t_spamd_kill_restart_t</className>
          <testName>test     76</testName>
          <skipped>false</skipped>
          <failedSince>0</failedSince>
        </case>
        <case>
          <duration>0.0</duration>
          <className>make_test.t_spamd_kill_restart_t</className>
          <testName>test     77</testName>
          <skipped>false</skipped>
          <failedSince>0</failedSince>
        </case>
        <case>
          <duration>0.0</duration>
          <className>make_test.t_spamd_kill_restart_t</className>
          <testName>test     78</testName>
          <skipped>false</skipped>
          <failedSince>0</failedSince>
        </case>
        <case>
          <duration>0.0</duration>
          <className>make_test.t_spamd_kill_restart_t</className>
          <testName>test     79</testName>
          <skipped>false</skipped>
          <failedSince>0</failedSince>
        </case>
        <case>
          <duration>0.0</duration>
          <className>make_test.t_spamd_kill_restart_t</className>
          <testName>test     80</testName>
          <skipped>false</skipped>
          <failedSince>0</failedSince>
        </case>
        <case>
          <duration>0.0</duration>
          <className>make_test.t_spamd_kill_restart_t</className>
          <testName>test     81</testName>
          <skipped>false</skipped>
          <failedSince>0</failedSince>
        </case>
        <case>
          <duration>0.0</duration>
          <className>make_test.t_spamd_kill_restart_t</className>
          <testName>test     82</testName>
          <skipped>false</skipped>
          <failedSince>0</failedSince>
        </case>
        <case>
          <duration>0.0</duration>
          <className>make_test.t_spamd_kill_restart_t</className>
          <testName>test     83</testName>
          <skipped>false</skipped>
          <failedSince>0</failedSince>
        </case>
        <case>
          <duration>0.0</duration>
          <className>make_test.t_spamd_kill_restart_t</className>
          <testName>test     84</testName>
          <skipped>false</skipped>
          <failedSince>0</failedSince>
        </case>
        <case>
          <duration>0.0</duration>
          <className>make_test.t_spamd_kill_restart_t</className>
          <testName>test     85</testName>
          <skipped>false</skipped>
          <failedSince>0</failedSince>
        </case>
        <case>
          <duration>0.0</duration>
          <className>make_test.t_spamd_kill_restart_t</className>
          <testName>test     86</testName>
          <skipped>false</skipped>
          <failedSince>0</failedSince>
        </case>
        <case>
          <duration>0.0</duration>
          <className>make_test.t_spamd_kill_restart_t</className>
          <testName>test     87</testName>
          <skipped>false</skipped>
          <failedSince>0</failedSince>
        </case>
        <case>
          <duration>0.0</duration>
          <className>make_test.t_spamd_kill_restart_t</className>
          <testName>test     88</testName>
          <skipped>false</skipped>
          <failedSince>0</failedSince>
        </case>
        <case>
          <duration>0.0</duration>
          <className>make_test.t_spamd_kill_restart_t</className>
          <testName>test     89</testName>
          <skipped>false</skipped>
          <failedSince>0</failedSince>
        </case>
        <case>
          <duration>0.0</duration>
          <className>make_test.t_spamd_kill_restart_t</className>
          <testName>test     90</testName>
          <skipped>false</skipped>
          <failedSince>0</failedSince>
        </case>
        <case>
          <duration>0.0</duration>
          <className>make_test.t_spamd_kill_restart_t</className>
          <testName>test     91</testName>
          <skipped>false</skipped>
          <failedSince>0</failedSince>
        </case>
        <case>
          <duration>0.0</duration>
          <className>make_test.t_spamd_kill_restart_t</className>
          <testName>test     92</testName>
          <skipped>false</skipped>
          <failedSince>0</failedSince>
        </case>
        <case>
          <duration>0.0</duration>
          <className>make_test.t_spamd_kill_restart_t</className>
          <testName>test     93</testName>
          <skipped>false</skipped>
          <failedSince>0</failedSince>
        </case>
      </cases>
    </suite>
    <suite>
      <file>/var/jenkins_home/jobs/groupByError/workspace/target/junit-report-1472.xml</file>
      <name>make_test.t_spamd_kill_restart_rr_t</name>
      <stdout>
  1..93
  # Running under perl version 5.008006 for solaris
  # Current time local: Thu Mar 27 09:23:57 2008
  # Current time GMT:   Thu Mar 27 09:23:57 2008
  # Using Test.pm version 1.25
  [1206609837] Starting spamd...
  	/export/home/jm/tools/perl586/bin/perl SATest.pl -Mredirect -Olog/d.spamd_kill_restart_rr/spamd.err.1 -olog/d.spamd_kill_restart_rr/spamd.out.1 -- /export/home/jm/tools/perl586/bin/perl -T -w ../spamd/spamd.raw -D -x -s stderr -C log/test_rules_copy  --siteconfigpath log/lo
...[truncated 7531 chars]...
og/spamd.pid -s log/d.spamd_kill_restart_rr/spamd.err.87.timestamped &amp;
  [1206609879] Waiting for spamd at pid 14314 to restart...
  ok 87
  ok 88
  ok 89
  [1206609880] Looking for new spamd at pid 14325...
  ok 90
  [1206609880] A little time to settle...
  [1206609882] Checking GTUBE...
  	../spamc/spamc -F data/spamc_blank.cf -d 127.0.0.1 -p 46979 &lt; data/spam/gtube.eml
  ok 91
  	Checking gtube
  ok 92
  	Checking flag
  ok 93
  [1206609882] Stopping spamd...
  Killed 1 spamd instances
  
  </stdout>
      <stderr></stderr>
      <duration>0.0</duration>
      <id>78</id>
      <cases>
        <case>
          <duration>0.0</duration>
          <className>make_test.t_spamd_kill_restart_rr_t</className>
          <testName>test      1</testName>
          <skipped>false</skipped>
          <failedSince>0</failedSince>
        </case>
        <case>
          <duration>0.0</duration>
          <className>make_test.t_spamd_kill_restart_rr_t</className>
          <testName>test      2</testName>
          <skipped>false</skipped>
          <failedSince>0</failedSince>
        </case>
        <case>
          <duration>0.0</duration>
          <className>make_test.t_spamd_kill_restart_rr_t</className>
          <testName>test      3</testName>
          <skipped>false</skipped>
          <failedSince>0</failedSince>
        </case>
        <case>
          <duration>0.0</duration>
          <className>make_test.t_spamd_kill_restart_rr_t</className>
          <testName>test      4</testName>
          <skipped>false</skipped>
          <failedSince>0</failedSince>
        </case>
        <case>
          <duration>0.0</duration>
          <className>make_test.t_spamd_kill_restart_rr_t</className>
          <testName>test      5</testName>
          <skipped>false</skipped>
          <failedSince>0</failedSince>
        </case>
        <case>
          <duration>0.0</duration>
          <className>make_test.t_spamd_kill_restart_rr_t</className>
          <testName>test      6</testName>
          <skipped>false</skipped>
          <failedSince>0</failedSince>
        </case>
        <case>
          <duration>0.0</duration>
          <className>make_test.t_spamd_kill_restart_rr_t</className>
          <testName>test      7</testName>
          <skipped>false</skipped>
          <failedSince>0</failedSince>
        </case>
        <case>
          <duration>0.0</duration>
          <className>make_test.t_spamd_kill_restart_rr_t</className>
          <testName>test      8</testName>
          <skipped>false</skipped>
          <failedSince>0</failedSince>
        </case>
        <case>
          <duration>0.0</duration>
          <className>make_test.t_spamd_kill_restart_rr_t</className>
          <testName>test      9</testName>
          <skipped>false</skipped>
          <failedSince>0</failedSince>
        </case>
        <case>
          <duration>0.0</duration>
          <className>make_test.t_spamd_kill_restart_rr_t</className>
          <testName>test     10</testName>
          <skipped>false</skipped>
          <failedSince>0</failedSince>
        </case>
        <case>
          <duration>0.0</duration>
          <className>make_test.t_spamd_kill_restart_rr_t</className>
          <testName>test     11</testName>
          <skipped>false</skipped>
          <failedSince>0</failedSince>
        </case>
        <case>
          <duration>0.0</duration>
          <className>make_test.t_spamd_kill_restart_rr_t</className>
          <testName>test     12</testName>
          <skipped>false</skipped>
          <failedSince>0</failedSince>
        </case>
        <case>
          <duration>0.0</duration>
          <className>make_test.t_spamd_kill_restart_rr_t</className>
          <testName>test     13</testName>
          <skipped>false</skipped>
          <failedSince>0</failedSince>
        </case>
        <case>
          <duration>0.0</duration>
          <className>make_test.t_spamd_kill_restart_rr_t</className>
          <testName>test     14</testName>
          <skipped>false</skipped>
          <failedSince>0</failedSince>
        </case>
        <case>
          <duration>0.0</duration>
          <className>make_test.t_spamd_kill_restart_rr_t</className>
          <testName>test     15</testName>
          <skipped>false</skipped>
          <failedSince>0</failedSince>
        </case>
        <case>
          <duration>0.0</duration>
          <className>make_test.t_spamd_kill_restart_rr_t</className>
          <testName>test     16</testName>
          <skipped>false</skipped>
          <failedSince>0</failedSince>
        </case>
        <case>
          <duration>0.0</duration>
          <className>make_test.t_spamd_kill_restart_rr_t</className>
          <testName>test     17</testName>
          <skipped>false</skipped>
          <failedSince>0</failedSince>
        </case>
        <case>
          <duration>0.0</duration>
          <className>make_test.t_spamd_kill_restart_rr_t</className>
          <testName>test     18</testName>
          <skipped>false</skipped>
          <failedSince>0</failedSince>
        </case>
        <case>
          <duration>0.0</duration>
          <className>make_test.t_spamd_kill_restart_rr_t</className>
          <testName>test     19</testName>
          <skipped>false</skipped>
          <failedSince>0</failedSince>
        </case>
        <case>
          <duration>0.0</duration>
          <className>make_test.t_spamd_kill_restart_rr_t</className>
          <testName>test     20</testName>
          <skipped>false</skipped>
          <failedSince>0</failedSince>
        </case>
        <case>
          <duration>0.0</duration>
          <className>make_test.t_spamd_kill_restart_rr_t</className>
          <testName>test     21</testName>
          <skipped>false</skipped>
          <failedSince>0</failedSince>
        </case>
        <case>
          <duration>0.0</duration>
          <className>make_test.t_spamd_kill_restart_rr_t</className>
          <testName>test     22</testName>
          <skipped>false</skipped>
          <failedSince>0</failedSince>
        </case>
        <case>
          <duration>0.0</duration>
          <className>make_test.t_spamd_kill_restart_rr_t</className>
          <testName>test     23</testName>
          <skipped>false</skipped>
          <failedSince>0</failedSince>
        </case>
        <case>
          <duration>0.0</duration>
          <className>make_test.t_spamd_kill_restart_rr_t</className>
          <testName>test     24</testName>
          <skipped>false</skipped>
          <failedSince>0</failedSince>
        </case>
        <case>
          <duration>0.0</duration>
          <className>make_test.t_spamd_kill_restart_rr_t</className>
          <testName>test     25</testName>
          <skipped>false</skipped>
          <failedSince>0</failedSince>
        </case>
        <case>
          <duration>0.0</duration>
          <className>make_test.t_spamd_kill_restart_rr_t</className>
          <testName>test     26</testName>
          <skipped>false</skipped>
          <failedSince>0</failedSince>
        </case>
        <case>
          <duration>0.0</duration>
          <className>make_test.t_spamd_kill_restart_rr_t</className>
          <testName>test     27</testName>
          <skipped>false</skipped>
          <failedSince>0</failedSince>
        </case>
        <case>
          <duration>0.0</duration>
          <className>make_test.t_spamd_kill_restart_rr_t</className>
          <testName>test     28</testName>
          <skipped>false</skipped>
          <failedSince>0</failedSince>
        </case>
        <case>
          <duration>0.0</duration>
          <className>make_test.t_spamd_kill_restart_rr_t</className>
          <testName>test     29</testName>
          <skipped>false</skipped>
          <failedSince>0</failedSince>
        </case>
        <case>
          <duration>0.0</duration>
          <className>make_test.t_spamd_kill_restart_rr_t</className>
          <testName>test     30</testName>
          <skipped>false</skipped>
          <failedSince>0</failedSince>
        </case>
        <case>
          <duration>0.0</duration>
          <className>make_test.t_spamd_kill_restart_rr_t</className>
          <testName>test     31</testName>
          <skipped>false</skipped>
          <failedSince>0</failedSince>
        </case>
        <case>
          <duration>0.0</duration>
          <className>make_test.t_spamd_kill_restart_rr_t</className>
          <testName>test     32</testName>
          <skipped>false</skipped>
          <failedSince>0</failedSince>
        </case>
        <case>
          <duration>0.0</duration>
          <className>make_test.t_spamd_kill_restart_rr_t</className>
          <testName>test     33</testName>
          <skipped>false</skipped>
          <failedSince>0</failedSince>
        </case>
        <case>
          <duration>0.0</duration>
          <className>make_test.t_spamd_kill_restart_rr_t</className>
          <testName>test     34</testName>
          <skipped>false</skipped>
          <failedSince>0</failedSince>
        </case>
        <case>
          <duration>0.0</duration>
          <className>make_test.t_spamd_kill_restart_rr_t</className>
          <testName>test     35</testName>
          <skipped>false</skipped>
          <failedSince>0</failedSince>
        </case>
        <case>
          <duration>0.0</duration>
          <className>make_test.t_spamd_kill_restart_rr_t</className>
          <testName>test     36</testName>
          <skipped>false</skipped>
          <failedSince>0</failedSince>
        </case>
        <case>
          <duration>0.0</duration>
          <className>make_test.t_spamd_kill_restart_rr_t</className>
          <testName>test     37</testName>
          <skipped>false</skipped>
          <failedSince>0</failedSince>
        </case>
        <case>
          <duration>0.0</duration>
          <className>make_test.t_spamd_kill_restart_rr_t</className>
          <testName>test     38</testName>
          <skipped>false</skipped>
          <failedSince>0</failedSince>
        </case>
        <case>
          <duration>0.0</duration>
          <className>make_test.t_spamd_kill_restart_rr_t</className>
          <testName>test     39</testName>
          <skipped>false</skipped>
          <failedSince>0</failedSince>
        </case>
        <case>
          <duration>0.0</duration>
          <className>make_test.t_spamd_kill_restart_rr_t</className>
          <testName>test     40</testName>
          <skipped>false</skipped>
          <failedSince>0</failedSince>
        </case>
        <case>
          <duration>0.0</duration>
          <className>make_test.t_spamd_kill_restart_rr_t</className>
          <testName>test     41</testName>
          <skipped>false</skipped>
          <failedSince>0</failedSince>
        </case>
        <case>
          <duration>0.0</duration>
          <className>make_test.t_spamd_kill_restart_rr_t</className>
          <testName>test     42</testName>
          <skipped>false</skipped>
          <failedSince>0</failedSince>
        </case>
        <case>
          <duration>0.0</duration>
          <className>make_test.t_spamd_kill_restart_rr_t</className>
          <testName>test     43</testName>
          <skipped>false</skipped>
          <failedSince>0</failedSince>
        </case>
        <case>
          <duration>0.0</duration>
          <className>make_test.t_spamd_kill_restart_rr_t</className>
          <testName>test     44</testName>
          <skipped>false</skipped>
          <failedSince>0</failedSince>
        </case>
        <case>
          <duration>0.0</duration>
          <className>make_test.t_spamd_kill_restart_rr_t</className>
          <testName>test     45</testName>
          <skipped>false</skipped>
          <failedSince>0</failedSince>
        </case>
        <case>
          <duration>0.0</duration>
          <className>make_test.t_spamd_kill_restart_rr_t</className>
          <testName>test     46</testName>
          <skipped>false</skipped>
          <failedSince>0</failedSince>
        </case>
        <case>
          <duration>0.0</duration>
          <className>make_test.t_spamd_kill_restart_rr_t</className>
          <testName>test     47</testName>
          <skipped>false</skipped>
          <failedSince>0</failedSince>
        </case>
        <case>
          <duration>0.0</duration>
          <className>make_test.t_spamd_kill_restart_rr_t</className>
          <testName>test     48</testName>
          <skipped>false</skipped>
          <failedSince>0</failedSince>
        </case>
        <case>
          <duration>0.0</duration>
          <className>make_test.t_spamd_kill_restart_rr_t</className>
          <testName>test     49</testName>
          <skipped>false</skipped>
          <failedSince>0</failedSince>
        </case>
        <case>
          <duration>0.0</duration>
          <className>make_test.t_spamd_kill_restart_rr_t</className>
          <testName>test     50</testName>
          <skipped>false</skipped>
          <failedSince>0</failedSince>
        </case>
        <case>
          <duration>0.0</duration>
          <className>make_test.t_spamd_kill_restart_rr_t</className>
          <testName>test     51</testName>
          <skipped>false</skipped>
          <failedSince>0</failedSince>
        </case>
        <case>
          <duration>0.0</duration>
          <className>make_test.t_spamd_kill_restart_rr_t</className>
          <testName>test     52</testName>
          <skipped>false</skipped>
          <failedSince>0</failedSince>
        </case>
        <case>
          <duration>0.0</duration>
          <className>make_test.t_spamd_kill_restart_rr_t</className>
          <testName>test     53</testName>
          <skipped>false</skipped>
          <failedSince>0</failedSince>
        </case>
        <case>
          <duration>0.0</duration>
          <className>make_test.t_spamd_kill_restart_rr_t</className>
          <testName>test     54</testName>
          <skipped>false</skipped>
          <failedSince>0</failedSince>
        </case>
        <case>
          <duration>0.0</duration>
          <className>make_test.t_spamd_kill_restart_rr_t</className>
          <testName>test     55</testName>
          <skipped>false</skipped>
          <failedSince>0</failedSince>
        </case>
        <case>
          <duration>0.0</duration>
          <className>make_test.t_spamd_kill_restart_rr_t</className>
          <testName>test     56</testName>
          <skipped>false</skipped>
          <failedSince>0</failedSince>
        </case>
        <case>
          <duration>0.0</duration>
          <className>make_test.t_spamd_kill_restart_rr_t</className>
          <testName>test     57</testName>
          <skipped>false</skipped>
          <failedSince>0</failedSince>
        </case>
        <case>
          <duration>0.0</duration>
          <className>make_test.t_spamd_kill_restart_rr_t</className>
          <testName>test     58</testName>
          <skipped>false</skipped>
          <failedSince>0</failedSince>
        </case>
        <case>
          <duration>0.0</duration>
          <className>make_test.t_spamd_kill_restart_rr_t</className>
          <testName>test     59</testName>
          <skipped>false</skipped>
          <failedSince>0</failedSince>
        </case>
        <case>
          <duration>0.0</duration>
          <className>make_test.t_spamd_kill_restart_rr_t</className>
          <testName>test     60</testName>
          <skipped>false</skipped>
          <failedSince>0</failedSince>
        </case>
        <case>
          <duration>0.0</duration>
          <className>make_test.t_spamd_kill_restart_rr_t</className>
          <testName>test     61</testName>
          <skipped>false</skipped>
          <failedSince>0</failedSince>
        </case>
        <case>
          <duration>0.0</duration>
          <className>make_test.t_spamd_kill_restart_rr_t</className>
          <testName>test     62</testName>
          <skipped>false</skipped>
          <failedSince>0</failedSince>
        </case>
        <case>
          <duration>0.0</duration>
          <className>make_test.t_spamd_kill_restart_rr_t</className>
          <testName>test     63</testName>
          <skipped>false</skipped>
          <failedSince>0</failedSince>
        </case>
        <case>
          <duration>0.0</duration>
          <className>make_test.t_spamd_kill_restart_rr_t</className>
          <testName>test     64</testName>
          <skipped>false</skipped>
          <failedSince>0</failedSince>
        </case>
        <case>
          <duration>0.0</duration>
          <className>make_test.t_spamd_kill_restart_rr_t</className>
          <testName>test     65</testName>
          <skipped>false</skipped>
          <failedSince>0</failedSince>
        </case>
        <case>
          <duration>0.0</duration>
          <className>make_test.t_spamd_kill_restart_rr_t</className>
          <testName>test     66</testName>
          <skipped>false</skipped>
          <failedSince>0</failedSince>
        </case>
        <case>
          <duration>0.0</duration>
          <className>make_test.t_spamd_kill_restart_rr_t</className>
          <testName>test     67</testName>
          <skipped>false</skipped>
          <failedSince>0</failedSince>
        </case>
        <case>
          <duration>0.0</duration>
          <className>make_test.t_spamd_kill_restart_rr_t</className>
          <testName>test     68</testName>
          <skipped>false</skipped>
          <failedSince>0</failedSince>
        </case>
        <case>
          <duration>0.0</duration>
          <className>make_test.t_spamd_kill_restart_rr_t</className>
          <testName>test     69</testName>
          <skipped>false</skipped>
          <failedSince>0</failedSince>
        </case>
        <case>
          <duration>0.0</duration>
          <className>make_test.t_spamd_kill_restart_rr_t</className>
          <testName>test     70</testName>
          <skipped>false</skipped>
          <failedSince>0</failedSince>
        </case>
        <case>
          <duration>0.0</duration>
          <className>make_test.t_spamd_kill_restart_rr_t</className>
          <testName>test     71</testName>
          <skipped>false</skipped>
          <failedSince>0</failedSince>
        </case>
        <case>
          <duration>0.0</duration>
          <className>make_test.t_spamd_kill_restart_rr_t</className>
          <testName>test     72</testName>
          <skipped>false</skipped>
          <failedSince>0</failedSince>
        </case>
        <case>
          <duration>0.0</duration>
          <className>make_test.t_spamd_kill_restart_rr_t</className>
          <testName>test     73</testName>
          <skipped>false</skipped>
          <failedSince>0</failedSince>
        </case>
        <case>
          <duration>0.0</duration>
          <className>make_test.t_spamd_kill_restart_rr_t</className>
          <testName>test     74</testName>
          <skipped>false</skipped>
          <failedSince>0</failedSince>
        </case>
        <case>
          <duration>0.0</duration>
          <className>make_test.t_spamd_kill_restart_rr_t</className>
          <testName>test     75</testName>
          <skipped>false</skipped>
          <failedSince>0</failedSince>
        </case>
        <case>
          <duration>0.0</duration>
          <className>make_test.t_spamd_kill_restart_rr_t</className>
          <testName>test     76</testName>
          <skipped>false</skipped>
          <failedSince>0</failedSince>
        </case>
        <case>
          <duration>0.0</duration>
          <className>make_test.t_spamd_kill_restart_rr_t</className>
          <testName>test     77</testName>
          <skipped>false</skipped>
          <failedSince>0</failedSince>
        </case>
        <case>
          <duration>0.0</duration>
          <className>make_test.t_spamd_kill_restart_rr_t</className>
          <testName>test     78</testName>
          <skipped>false</skipped>
          <failedSince>0</failedSince>
        </case>
        <case>
          <duration>0.0</duration>
          <className>make_test.t_spamd_kill_restart_rr_t</className>
          <testName>test     79</testName>
          <skipped>false</skipped>
          <failedSince>0</failedSince>
        </case>
        <case>
          <duration>0.0</duration>
          <className>make_test.t_spamd_kill_restart_rr_t</className>
          <testName>test     80</testName>
          <skipped>false</skipped>
          <failedSince>0</failedSince>
        </case>
        <case>
          <duration>0.0</duration>
          <className>make_test.t_spamd_kill_restart_rr_t</className>
          <testName>test     81</testName>
          <skipped>false</skipped>
          <failedSince>0</failedSince>
        </case>
        <case>
          <duration>0.0</duration>
          <className>make_test.t_spamd_kill_restart_rr_t</className>
          <testName>test     82</testName>
          <skipped>false</skipped>
          <failedSince>0</failedSince>
        </case>
        <case>
          <duration>0.0</duration>
          <className>make_test.t_spamd_kill_restart_rr_t</className>
          <testName>test     83</testName>
          <skipped>false</skipped>
          <failedSince>0</failedSince>
        </case>
        <case>
          <duration>0.0</duration>
          <className>make_test.t_spamd_kill_restart_rr_t</className>
          <testName>test     84</testName>
          <skipped>false</skipped>
          <failedSince>0</failedSince>
        </case>
        <case>
          <duration>0.0</duration>
          <className>make_test.t_spamd_kill_restart_rr_t</className>
          <testName>test     85</testName>
          <skipped>false</skipped>
          <failedSince>0</failedSince>
        </case>
        <case>
          <duration>0.0</duration>
          <className>make_test.t_spamd_kill_restart_rr_t</className>
          <testName>test     86</testName>
          <skipped>false</skipped>
          <failedSince>0</failedSince>
        </case>
        <case>
          <duration>0.0</duration>
          <className>make_test.t_spamd_kill_restart_rr_t</className>
          <testName>test     87</testName>
          <skipped>false</skipped>
          <failedSince>0</failedSince>
        </case>
        <case>
          <duration>0.0</duration>
          <className>make_test.t_spamd_kill_restart_rr_t</className>
          <testName>test     88</testName>
          <skipped>false</skipped>
          <failedSince>0</failedSince>
        </case>
        <case>
          <duration>0.0</duration>
          <className>make_test.t_spamd_kill_restart_rr_t</className>
          <testName>test     89</testName>
          <skipped>false</skipped>
          <failedSince>0</failedSince>
        </case>
        <case>
          <duration>0.0</duration>
          <className>make_test.t_spamd_kill_restart_rr_t</className>
          <testName>test     90</testName>
          <skipped>false</skipped>
          <failedSince>0</failedSince>
        </case>
        <case>
          <duration>0.0</duration>
          <className>make_test.t_spamd_kill_restart_rr_t</className>
          <testName>test     91</testName>
          <skipped>false</skipped>
          <failedSince>0</failedSince>
        </case>
        <case>
          <duration>0.0</duration>
          <className>make_test.t_spamd_kill_restart_rr_t</className>
          <testName>test     92</testName>
          <skipped>false</skipped>
          <failedSince>0</failedSince>
        </case>
        <case>
          <duration>0.0</duration>
          <className>make_test.t_spamd_kill_restart_rr_t</className>
          <testName>test     93</testName>
          <skipped>false</skipped>
          <failedSince>0</failedSince>
        </case>
      </cases>
    </suite>
    <suite>
      <file>/var/jenkins_home/jobs/groupByError/workspace/target/junit-report-1472.xml</file>
      <name>make_test.t_spamd_maxchildren_t</name>
      <stdout>
  1..0
  # Running under perl version 5.008006 for solaris
  # Current time local: Thu Mar 27 09:24:43 2008
  # Current time GMT:   Thu Mar 27 09:24:43 2008
  # Using Test.pm version 1.25
  skipped: (no reason given)
  t/spamd_maxchildren...............
  1..22
  # Running under perl version 5.008006 for solaris
  # Current time local: Thu Mar 27 09:24:43 2008
  # Current time GMT:   Thu Mar 27 09:24:43 2008
  # Using Test.pm version 1.25
  	/export/home/jm/tools/perl586/bin/perl SATest.pl -Mre
...[truncated 774 chars]...
p 47111 &lt; data/spam/003 &amp;
  ok 12
  	../spamc/spamc -p 47111 &lt; data/spam/004 &amp;
  ok 13
  	../spamc/spamc -p 47111 &lt; data/spam/005 &amp;
  ok 14
  	../spamc/spamc -p 47111 &lt; data/spam/006 &amp;
  ok 15
  	../spamc/spamc -F data/spamc_blank.cf -d 127.0.0.1 -p 47111 &lt; data/spam/001
  ok 16
  	Checking endsinnums
  ok 17
  	Checking noreal
  ok 18
  	Checking flag
  ok 19
  	Checking stars
  ok 20
  	Checking status
  ok 21
  Killed 1 spamd instances
  Waiting for spamd at pid 14347 to exit...
  ok 22
  
  </stdout>
      <stderr></stderr>
      <duration>0.0</duration>
      <id>79</id>
      <cases>
        <case>
          <duration>0.0</duration>
          <className>make_test.t_spamd_maxchildren_t</className>
          <testName>test      1</testName>
          <skipped>false</skipped>
          <failedSince>0</failedSince>
        </case>
        <case>
          <duration>0.0</duration>
          <className>make_test.t_spamd_maxchildren_t</className>
          <testName>test      2</testName>
          <skipped>false</skipped>
          <failedSince>0</failedSince>
        </case>
        <case>
          <duration>0.0</duration>
          <className>make_test.t_spamd_maxchildren_t</className>
          <testName>test      3</testName>
          <skipped>false</skipped>
          <failedSince>0</failedSince>
        </case>
        <case>
          <duration>0.0</duration>
          <className>make_test.t_spamd_maxchildren_t</className>
          <testName>test      4</testName>
          <skipped>false</skipped>
          <failedSince>0</failedSince>
        </case>
        <case>
          <duration>0.0</duration>
          <className>make_test.t_spamd_maxchildren_t</className>
          <testName>test      5</testName>
          <skipped>false</skipped>
          <failedSince>0</failedSince>
        </case>
        <case>
          <duration>0.0</duration>
          <className>make_test.t_spamd_maxchildren_t</className>
          <testName>test      6</testName>
          <skipped>false</skipped>
          <failedSince>0</failedSince>
        </case>
        <case>
          <duration>0.0</duration>
          <className>make_test.t_spamd_maxchildren_t</className>
          <testName>test      7</testName>
          <skipped>false</skipped>
          <failedSince>0</failedSince>
        </case>
        <case>
          <duration>0.0</duration>
          <className>make_test.t_spamd_maxchildren_t</className>
          <testName>test      8</testName>
          <skipped>false</skipped>
          <failedSince>0</failedSince>
        </case>
        <case>
          <duration>0.0</duration>
          <className>make_test.t_spamd_maxchildren_t</className>
          <testName>test      9</testName>
          <skipped>false</skipped>
          <failedSince>0</failedSince>
        </case>
        <case>
          <duration>0.0</duration>
          <className>make_test.t_spamd_maxchildren_t</className>
          <testName>test     10</testName>
          <skipped>false</skipped>
          <failedSince>0</failedSince>
        </case>
        <case>
          <duration>0.0</duration>
          <className>make_test.t_spamd_maxchildren_t</className>
          <testName>test     11</testName>
          <skipped>false</skipped>
          <failedSince>0</failedSince>
        </case>
        <case>
          <duration>0.0</duration>
          <className>make_test.t_spamd_maxchildren_t</className>
          <testName>test     12</testName>
          <skipped>false</skipped>
          <failedSince>0</failedSince>
        </case>
        <case>
          <duration>0.0</duration>
          <className>make_test.t_spamd_maxchildren_t</className>
          <testName>test     13</testName>
          <skipped>false</skipped>
          <failedSince>0</failedSince>
        </case>
        <case>
          <duration>0.0</duration>
          <className>make_test.t_spamd_maxchildren_t</className>
          <testName>test     14</testName>
          <skipped>false</skipped>
          <failedSince>0</failedSince>
        </case>
        <case>
          <duration>0.0</duration>
          <className>make_test.t_spamd_maxchildren_t</className>
          <testName>test     15</testName>
          <skipped>false</skipped>
          <failedSince>0</failedSince>
        </case>
        <case>
          <duration>0.0</duration>
          <className>make_test.t_spamd_maxchildren_t</className>
          <testName>test     16</testName>
          <skipped>false</skipped>
          <failedSince>0</failedSince>
        </case>
        <case>
          <duration>0.0</duration>
          <className>make_test.t_spamd_maxchildren_t</className>
          <testName>test     17</testName>
          <skipped>false</skipped>
          <failedSince>0</failedSince>
        </case>
        <case>
          <duration>0.0</duration>
          <className>make_test.t_spamd_maxchildren_t</className>
          <testName>test     18</testName>
          <skipped>false</skipped>
          <failedSince>0</failedSince>
        </case>
        <case>
          <duration>0.0</duration>
          <className>make_test.t_spamd_maxchildren_t</className>
          <testName>test     19</testName>
          <skipped>false</skipped>
          <failedSince>0</failedSince>
        </case>
        <case>
          <duration>0.0</duration>
          <className>make_test.t_spamd_maxchildren_t</className>
          <testName>test     20</testName>
          <skipped>false</skipped>
          <failedSince>0</failedSince>
        </case>
        <case>
          <duration>0.0</duration>
          <className>make_test.t_spamd_maxchildren_t</className>
          <testName>test     21</testName>
          <skipped>false</skipped>
          <failedSince>0</failedSince>
        </case>
        <case>
          <duration>0.0</duration>
          <className>make_test.t_spamd_maxchildren_t</className>
          <testName>test     22</testName>
          <skipped>false</skipped>
          <failedSince>0</failedSince>
        </case>
      </cases>
    </suite>
    <suite>
      <file>/var/jenkins_home/jobs/groupByError/workspace/target/junit-report-1472.xml</file>
      <name>make_test.t_spamd_parallel_t</name>
      <stdout>
  1..0
  # Running under perl version 5.008006 for solaris
  # Current time local: Thu Mar 27 09:24:48 2008
  # Current time GMT:   Thu Mar 27 09:24:48 2008
  # Using Test.pm version 1.25
  skipped: (no reason given)
  t/spamd_parallel..................
  1..20
  # Running under perl version 5.008006 for solaris
  # Current time local: Thu Mar 27 09:24:48 2008
  # Current time GMT:   Thu Mar 27 09:24:48 2008
  # Using Test.pm version 1.25
  	/export/home/jm/tools/perl586/bin/perl SATest.pl -Mre
...[truncated 745 chars]...
/spamc -p 47143 &lt; data/spam/003 &amp;
  ok 11
  	../spamc/spamc -p 47143 &lt; data/spam/004 &amp;
  ok 12
  	../spamc/spamc -p 47143 &lt; data/spam/005 &amp;
  ok 13
  	../spamc/spamc -p 47143 &lt; data/spam/006 &amp;
  ok 14
  	../spamc/spamc -F data/spamc_blank.cf -d 127.0.0.1 -p 47143 &lt; data/spam/001
  ok 15
  	Checking endsinnums
  ok 16
  	Checking noreal
  ok 17
  	Checking flag
  ok 18
  	Checking stars
  ok 19
  	Checking status
  ok 20
  Killed 1 spamd instances
  Waiting for spamd at pid 14379 to exit...
  
  </stdout>
      <stderr></stderr>
      <duration>0.0</duration>
      <id>80</id>
      <cases>
        <case>
          <duration>0.0</duration>
          <className>make_test.t_spamd_parallel_t</className>
          <testName>test      1</testName>
          <skipped>false</skipped>
          <failedSince>0</failedSince>
        </case>
        <case>
          <duration>0.0</duration>
          <className>make_test.t_spamd_parallel_t</className>
          <testName>test      2</testName>
          <skipped>false</skipped>
          <failedSince>0</failedSince>
        </case>
        <case>
          <duration>0.0</duration>
          <className>make_test.t_spamd_parallel_t</className>
          <testName>test      3</testName>
          <skipped>false</skipped>
          <failedSince>0</failedSince>
        </case>
        <case>
          <duration>0.0</duration>
          <className>make_test.t_spamd_parallel_t</className>
          <testName>test      4</testName>
          <skipped>false</skipped>
          <failedSince>0</failedSince>
        </case>
        <case>
          <duration>0.0</duration>
          <className>make_test.t_spamd_parallel_t</className>
          <testName>test      5</testName>
          <skipped>false</skipped>
          <failedSince>0</failedSince>
        </case>
        <case>
          <duration>0.0</duration>
          <className>make_test.t_spamd_parallel_t</className>
          <testName>test      6</testName>
          <skipped>false</skipped>
          <failedSince>0</failedSince>
        </case>
        <case>
          <duration>0.0</duration>
          <className>make_test.t_spamd_parallel_t</className>
          <testName>test      7</testName>
          <skipped>false</skipped>
          <failedSince>0</failedSince>
        </case>
        <case>
          <duration>0.0</duration>
          <className>make_test.t_spamd_parallel_t</className>
          <testName>test      8</testName>
          <skipped>false</skipped>
          <failedSince>0</failedSince>
        </case>
        <case>
          <duration>0.0</duration>
          <className>make_test.t_spamd_parallel_t</className>
          <testName>test      9</testName>
          <skipped>false</skipped>
          <failedSince>0</failedSince>
        </case>
        <case>
          <duration>0.0</duration>
          <className>make_test.t_spamd_parallel_t</className>
          <testName>test     10</testName>
          <skipped>false</skipped>
          <failedSince>0</failedSince>
        </case>
        <case>
          <duration>0.0</duration>
          <className>make_test.t_spamd_parallel_t</className>
          <testName>test     11</testName>
          <skipped>false</skipped>
          <failedSince>0</failedSince>
        </case>
        <case>
          <duration>0.0</duration>
          <className>make_test.t_spamd_parallel_t</className>
          <testName>test     12</testName>
          <skipped>false</skipped>
          <failedSince>0</failedSince>
        </case>
        <case>
          <duration>0.0</duration>
          <className>make_test.t_spamd_parallel_t</className>
          <testName>test     13</testName>
          <skipped>false</skipped>
          <failedSince>0</failedSince>
        </case>
        <case>
          <duration>0.0</duration>
          <className>make_test.t_spamd_parallel_t</className>
          <testName>test     14</testName>
          <skipped>false</skipped>
          <failedSince>0</failedSince>
        </case>
        <case>
          <duration>0.0</duration>
          <className>make_test.t_spamd_parallel_t</className>
          <testName>test     15</testName>
          <skipped>false</skipped>
          <failedSince>0</failedSince>
        </case>
        <case>
          <duration>0.0</duration>
          <className>make_test.t_spamd_parallel_t</className>
          <testName>test     16</testName>
          <skipped>false</skipped>
          <failedSince>0</failedSince>
        </case>
        <case>
          <duration>0.0</duration>
          <className>make_test.t_spamd_parallel_t</className>
          <testName>test     17</testName>
          <skipped>false</skipped>
          <failedSince>0</failedSince>
        </case>
        <case>
          <duration>0.0</duration>
          <className>make_test.t_spamd_parallel_t</className>
          <testName>test     18</testName>
          <skipped>false</skipped>
          <failedSince>0</failedSince>
        </case>
        <case>
          <duration>0.0</duration>
          <className>make_test.t_spamd_parallel_t</className>
          <testName>test     19</testName>
          <skipped>false</skipped>
          <failedSince>0</failedSince>
        </case>
        <case>
          <duration>0.0</duration>
          <className>make_test.t_spamd_parallel_t</className>
          <testName>test     20</testName>
          <skipped>false</skipped>
          <failedSince>0</failedSince>
        </case>
      </cases>
    </suite>
    <suite>
      <file>/var/jenkins_home/jobs/groupByError/workspace/target/junit-report-1472.xml</file>
      <name>make_test.t_spamd_plugin_t</name>
      <stdout>
  1..6
  # Running under perl version 5.008006 for solaris
  # Current time local: Thu Mar 27 09:24:52 2008
  # Current time GMT:   Thu Mar 27 09:24:52 2008
  # Using Test.pm version 1.25
  	/export/home/jm/tools/perl586/bin/perl SATest.pl -Mredirect -Olog/d.spamd_plugin/spamd.err.1 -olog/d.spamd_plugin/spamd.out.1 -- /export/home/jm/tools/perl586/bin/perl -T -w ../spamd/spamd.raw -D -x -s stderr -C log/test_rules_copy  --siteconfigpath log/localrules.tmp -D -L --socketpath=/tmp/satest.14408.25
...[truncated 136 chars]...
 -U /tmp/satest.14408.2545.70210666299/spamd.sock &lt; data/spam/001
  ok 1
  	Checking called1
  ok 2
  	../spamc/spamc -F data/spamc_blank.cf -d 127.0.0.1 -p 47176 -U /tmp/satest.14408.2545.70210666299/spamd.sock &lt; data/nice/001
  ok 3
  	Checking called2
  ok 4
  	../spamc/spamc -F data/spamc_blank.cf -d 127.0.0.1 -p 47176 -U /tmp/satest.14408.2545.70210666299/spamd.sock &lt; data/nice/001
  ok 5
  	Checking called3
  ok 6
  Killed 1 spamd instances
  Waiting for spamd at pid 14412 to exit...
  
  </stdout>
      <stderr></stderr>
      <duration>0.0</duration>
      <id>81</id>
      <cases>
        <case>
          <duration>0.0</duration>
          <className>make_test.t_spamd_plugin_t</className>
          <testName>test      1</testName>
          <skipped>false</skipped>
          <failedSince>0</failedSince>
        </case>
        <case>
          <duration>0.0</duration>
          <className>make_test.t_spamd_plugin_t</className>
          <testName>test      2</testName>
          <skipped>false</skipped>
          <failedSince>0</failedSince>
        </case>
        <case>
          <duration>0.0</duration>
          <className>make_test.t_spamd_plugin_t</className>
          <testName>test      3</testName>
          <skipped>false</skipped>
          <failedSince>0</failedSince>
        </case>
        <case>
          <duration>0.0</duration>
          <className>make_test.t_spamd_plugin_t</className>
          <testName>test      4</testName>
          <skipped>false</skipped>
          <failedSince>0</failedSince>
        </case>
        <case>
          <duration>0.0</duration>
          <className>make_test.t_spamd_plugin_t</className>
          <testName>test      5</testName>
          <skipped>false</skipped>
          <failedSince>0</failedSince>
        </case>
        <case>
          <duration>0.0</duration>
          <className>make_test.t_spamd_plugin_t</className>
          <testName>test      6</testName>
          <skipped>false</skipped>
          <failedSince>0</failedSince>
        </case>
      </cases>
    </suite>
    <suite>
      <file>/var/jenkins_home/jobs/groupByError/workspace/target/junit-report-1472.xml</file>
      <name>make_test.t_spamd_port_t</name>
      <stdout>
  1..4
  # Running under perl version 5.008006 for solaris
  # Current time local: Thu Mar 27 09:24:55 2008
  # Current time GMT:   Thu Mar 27 09:24:55 2008
  # Using Test.pm version 1.25
  	/export/home/jm/tools/perl586/bin/perl SATest.pl -Mredirect -Olog/d.spamd_port/spamd.err.1 -olog/d.spamd_port/spamd.out.1 -- /export/home/jm/tools/perl586/bin/perl -T -w ../spamd/spamd.raw -D -x -s stderr -C log/test_rules_copy  --siteconfigpath log/localrules.tmp -A 127.0.0.1 -i 127.0.0.1 -L -p 47192 -s log/d.spamd_port/spamd.err.1.timestamped &amp;
  	../spamc/spamc -F data/spamc_blank.cf -d 127.0.0.1 -p 47192 -p 47192 &lt; data/spam/001
  Killed 1 spamd instances
  Waiting for spamd at pid 14429 to exit...
  ok 1
  	Checking subj
  ok 2
  	Checking flag
  ok 3
  	Checking status
  ok 4
  
  </stdout>
      <stderr></stderr>
      <duration>0.0</duration>
      <id>82</id>
      <cases>
        <case>
          <duration>0.0</duration>
          <className>make_test.t_spamd_port_t</className>
          <testName>test      1</testName>
          <skipped>false</skipped>
          <failedSince>0</failedSince>
        </case>
        <case>
          <duration>0.0</duration>
          <className>make_test.t_spamd_port_t</className>
          <testName>test      2</testName>
          <skipped>false</skipped>
          <failedSince>0</failedSince>
        </case>
        <case>
          <duration>0.0</duration>
          <className>make_test.t_spamd_port_t</className>
          <testName>test      3</testName>
          <skipped>false</skipped>
          <failedSince>0</failedSince>
        </case>
        <case>
          <duration>0.0</duration>
          <className>make_test.t_spamd_port_t</className>
          <testName>test      4</testName>
          <skipped>false</skipped>
          <failedSince>0</failedSince>
        </case>
      </cases>
    </suite>
    <suite>
      <file>/var/jenkins_home/jobs/groupByError/workspace/target/junit-report-1472.xml</file>
      <name>make_test.t_spamd_protocol_10_t</name>
      <stdout>
  1..0
  # Running under perl version 5.008006 for solaris
  # Current time local: Thu Mar 27 09:24:59 2008
  # Current time GMT:   Thu Mar 27 09:24:59 2008
  # Using Test.pm version 1.25
  NOTE: this test requires /usr/bin/pkill, /usr/bin/pgrep, and
  &apos;run_spamd_prefork_stress_test&apos; set to &apos;y&apos;.
  skipped: (no reason given)
  t/spamd_prefork_stress_2..........
  1..0
  # Running under perl version 5.008006 for solaris
  # Current time local: Thu Mar 27 09:24:59 2008
  # Current time GMT:   Thu 
...[truncated 3172 chars]...
7bit
  WRITE:
  WRITE: XJS*C4JDBQADN1.NSBN3*2IDNEN*GTUBE-STANDARD-ANTI-UBE-TEST-EMAIL*C.34X
  WRITE:
  WRITE: Generic
  WRITE: Test for
  WRITE: Unsolicited
  WRITE: Bulk
  WRITE: Email
  WRITE:
  READ:  SPAMD/1.1 0 EX_OK
  READ:  Spam: True ; 1000.0 / 5.0
  READ:
  READ:  GTUBE,NO_RECEIVED,NO_RELAYS,T_TVD_SUBJ_FINGER_04
  ok 6
  ok 7
  	Checking gtube
  ok 8
  	Checking response-11
  ok 9
  	Checking spamheader
  ok 10
  Killed 1 spamd instances
  Waiting for spamd at pid 14453 to exit...
  
  </stdout>
      <stderr></stderr>
      <duration>0.0</duration>
      <id>83</id>
      <cases>
        <case>
          <duration>0.0</duration>
          <className>make_test.t_spamd_protocol_10_t</className>
          <testName>test      1</testName>
          <skipped>false</skipped>
          <failedSince>0</failedSince>
        </case>
        <case>
          <duration>0.0</duration>
          <className>make_test.t_spamd_protocol_10_t</className>
          <testName>test      2</testName>
          <skipped>false</skipped>
          <failedSince>0</failedSince>
        </case>
        <case>
          <duration>0.0</duration>
          <className>make_test.t_spamd_protocol_10_t</className>
          <testName>test      3</testName>
          <skipped>false</skipped>
          <failedSince>0</failedSince>
        </case>
        <case>
          <duration>0.0</duration>
          <className>make_test.t_spamd_protocol_10_t</className>
          <testName>test      4</testName>
          <skipped>false</skipped>
          <failedSince>0</failedSince>
        </case>
        <case>
          <duration>0.0</duration>
          <className>make_test.t_spamd_protocol_10_t</className>
          <testName>test      5</testName>
          <skipped>false</skipped>
          <failedSince>0</failedSince>
        </case>
        <case>
          <duration>0.0</duration>
          <className>make_test.t_spamd_protocol_10_t</className>
          <testName>test      6</testName>
          <skipped>false</skipped>
          <failedSince>0</failedSince>
        </case>
        <case>
          <duration>0.0</duration>
          <className>make_test.t_spamd_protocol_10_t</className>
          <testName>test      7</testName>
          <skipped>false</skipped>
          <failedSince>0</failedSince>
        </case>
        <case>
          <duration>0.0</duration>
          <className>make_test.t_spamd_protocol_10_t</className>
          <testName>test      8</testName>
          <skipped>false</skipped>
          <failedSince>0</failedSince>
        </case>
        <case>
          <duration>0.0</duration>
          <className>make_test.t_spamd_protocol_10_t</className>
          <testName>test      9</testName>
          <skipped>false</skipped>
          <failedSince>0</failedSince>
        </case>
        <case>
          <duration>0.0</duration>
          <className>make_test.t_spamd_protocol_10_t</className>
          <testName>test     10</testName>
          <skipped>false</skipped>
          <failedSince>0</failedSince>
        </case>
      </cases>
    </suite>
    <suite>
      <file>/var/jenkins_home/jobs/groupByError/workspace/target/junit-report-1472.xml</file>
      <name>make_test.t_spamd_report_t</name>
      <stdout>
  1..6
  # Running under perl version 5.008006 for solaris
  # Current time local: Thu Mar 27 09:25:02 2008
  # Current time GMT:   Thu Mar 27 09:25:02 2008
  # Using Test.pm version 1.25
  	/export/home/jm/tools/perl586/bin/perl SATest.pl -Mredirect -Olog/d.spamd_report/spamd.err.1 -olog/d.spamd_report/spamd.out.1 -- /export/home/jm/tools/perl586/bin/perl -T -w ../spamd/spamd.raw -D -x -s stderr -C log/test_rules_copy  --siteconfigpath log/localrules.tmp -p 47227 -A 127.0.0.1 -i 127.0.0.1 -L -s log/d.spamd_report/spamd.err.1.timestamped &amp;
  ok 1
  	../spamc/spamc -F data/spamc_blank.cf -d 127.0.0.1 -p 47227 -R &lt; data/spam/001
  ok 2
  	Checking endsinnums
  ok 3
  	Checking date
  ok 4
  	Checking noreal
  ok 5
  Killed 1 spamd instances
  Waiting for spamd at pid 14463 to exit...
  ok 6
  
  </stdout>
      <stderr></stderr>
      <duration>0.0</duration>
      <id>84</id>
      <cases>
        <case>
          <duration>0.0</duration>
          <className>make_test.t_spamd_report_t</className>
          <testName>test      1</testName>
          <skipped>false</skipped>
          <failedSince>0</failedSince>
        </case>
        <case>
          <duration>0.0</duration>
          <className>make_test.t_spamd_report_t</className>
          <testName>test      2</testName>
          <skipped>false</skipped>
          <failedSince>0</failedSince>
        </case>
        <case>
          <duration>0.0</duration>
          <className>make_test.t_spamd_report_t</className>
          <testName>test      3</testName>
          <skipped>false</skipped>
          <failedSince>0</failedSince>
        </case>
        <case>
          <duration>0.0</duration>
          <className>make_test.t_spamd_report_t</className>
          <testName>test      4</testName>
          <skipped>false</skipped>
          <failedSince>0</failedSince>
        </case>
        <case>
          <duration>0.0</duration>
          <className>make_test.t_spamd_report_t</className>
          <testName>test      5</testName>
          <skipped>false</skipped>
          <failedSince>0</failedSince>
        </case>
        <case>
          <duration>0.0</duration>
          <className>make_test.t_spamd_report_t</className>
          <testName>test      6</testName>
          <skipped>false</skipped>
          <failedSince>0</failedSince>
        </case>
      </cases>
    </suite>
    <suite>
      <file>/var/jenkins_home/jobs/groupByError/workspace/target/junit-report-1472.xml</file>
      <name>make_test.t_spamd_report_ifspam_t</name>
      <stdout>
  1..10
  # Running under perl version 5.008006 for solaris
  # Current time local: Thu Mar 27 09:25:06 2008
  # Current time GMT:   Thu Mar 27 09:25:06 2008
  # Using Test.pm version 1.25
  	/export/home/jm/tools/perl586/bin/perl SATest.pl -Mredirect -Olog/d.spamd_report_ifspam/spamd.err.1 -olog/d.spamd_report_ifspam/spamd.out.1 -- /export/home/jm/tools/perl586/bin/perl -T -w ../spamd/spamd.raw -D -x -s stderr -C log/test_rules_copy  --siteconfigpath log/localrules.tmp -p 47239 -A 127.0.0.1 -i
...[truncated 49 chars]...
err.1.timestamped &amp;
  ok 1
  	../spamc/spamc -F data/spamc_blank.cf -d 127.0.0.1 -p 47239 -r &lt; data/spam/001
  ok 2
  	Checking endsinnums
  ok 3
  	Checking date
  ok 4
  	Checking noreal
  ok 5
  	../spamc/spamc -F data/spamc_blank.cf -d 127.0.0.1 -p 47239 -r &lt; data/nice/001
  ok 6
  	Checking for anti-pattern endsinnums
  ok 7
  	Checking for anti-pattern date
  ok 8
  	Checking for anti-pattern noreal
  ok 9
  Killed 1 spamd instances
  Waiting for spamd at pid 14475 to exit...
  ok 10
  
  </stdout>
      <stderr></stderr>
      <duration>0.0</duration>
      <id>85</id>
      <cases>
        <case>
          <duration>0.0</duration>
          <className>make_test.t_spamd_report_ifspam_t</className>
          <testName>test      1</testName>
          <skipped>false</skipped>
          <failedSince>0</failedSince>
        </case>
        <case>
          <duration>0.0</duration>
          <className>make_test.t_spamd_report_ifspam_t</className>
          <testName>test      2</testName>
          <skipped>false</skipped>
          <failedSince>0</failedSince>
        </case>
        <case>
          <duration>0.0</duration>
          <className>make_test.t_spamd_report_ifspam_t</className>
          <testName>test      3</testName>
          <skipped>false</skipped>
          <failedSince>0</failedSince>
        </case>
        <case>
          <duration>0.0</duration>
          <className>make_test.t_spamd_report_ifspam_t</className>
          <testName>test      4</testName>
          <skipped>false</skipped>
          <failedSince>0</failedSince>
        </case>
        <case>
          <duration>0.0</duration>
          <className>make_test.t_spamd_report_ifspam_t</className>
          <testName>test      5</testName>
          <skipped>false</skipped>
          <failedSince>0</failedSince>
        </case>
        <case>
          <duration>0.0</duration>
          <className>make_test.t_spamd_report_ifspam_t</className>
          <testName>test      6</testName>
          <skipped>false</skipped>
          <failedSince>0</failedSince>
        </case>
        <case>
          <duration>0.0</duration>
          <className>make_test.t_spamd_report_ifspam_t</className>
          <testName>test      7</testName>
          <skipped>false</skipped>
          <failedSince>0</failedSince>
        </case>
        <case>
          <duration>0.0</duration>
          <className>make_test.t_spamd_report_ifspam_t</className>
          <testName>test      8</testName>
          <skipped>false</skipped>
          <failedSince>0</failedSince>
        </case>
        <case>
          <duration>0.0</duration>
          <className>make_test.t_spamd_report_ifspam_t</className>
          <testName>test      9</testName>
          <skipped>false</skipped>
          <failedSince>0</failedSince>
        </case>
        <case>
          <duration>0.0</duration>
          <className>make_test.t_spamd_report_ifspam_t</className>
          <testName>test     10</testName>
          <skipped>false</skipped>
          <failedSince>0</failedSince>
        </case>
      </cases>
    </suite>
    <suite>
      <file>/var/jenkins_home/jobs/groupByError/workspace/target/junit-report-1472.xml</file>
      <name>make_test.t_spamd_stop_t</name>
      <stdout>

  1..0
  # Running under perl version 5.008006 for solaris
  # Current time local: Thu Mar 27 09:25:09 2008
  # Current time GMT:   Thu Mar 27 09:25:09 2008
  # Using Test.pm version 1.25
  skipped: (no reason given)
  t/spamd_ssl.......................
  1..0
  # Running under perl version 5.008006 for solaris
  # Current time local: Thu Mar 27 09:25:09 2008
  # Current time GMT:   Thu Mar 27 09:25:09 2008
  # Using Test.pm version 1.25
  skipped: (no reason given)
  t/spamd_ssl_accept_fail..
...[truncated 1508 chars]...
l SATest.pl -Mredirect -Olog/d.spamd_stop/spamd.err.1 -olog/d.spamd_stop/spamd.out.1 -- /export/home/jm/tools/perl586/bin/perl -T -w ../spamd/spamd.raw -D -x -s stderr -C log/test_rules_copy  --siteconfigpath log/localrules.tmp -p 47274 -A 127.0.0.1 -i 127.0.0.1 -L -s log/d.spamd_stop/spamd.err.1.timestamped &amp;
  	../spamc/spamc -F data/spamc_blank.cf -d 127.0.0.1 -p 47274 &lt; data/spam/001
  Killed 1 spamd instances
  Waiting for spamd at pid 14510 to exit...
  ok 1
  	Checking status
  ok 2
  
  </stdout>
      <stderr></stderr>
      <duration>0.0</duration>
      <id>86</id>
      <cases>
        <case>
          <duration>0.0</duration>
          <className>make_test.t_spamd_stop_t</className>
          <testName>test      1</testName>
          <skipped>false</skipped>
          <failedSince>0</failedSince>
        </case>
        <case>
          <duration>0.0</duration>
          <className>make_test.t_spamd_stop_t</className>
          <testName>test      2</testName>
          <skipped>false</skipped>
          <failedSince>0</failedSince>
        </case>
      </cases>
    </suite>
    <suite>
      <file>/var/jenkins_home/jobs/groupByError/workspace/target/junit-report-1472.xml</file>
      <name>make_test.t_spamd_symbols_t</name>
      <stdout>
  1..3
  # Running under perl version 5.008006 for solaris
  # Current time local: Thu Mar 27 09:25:13 2008
  # Current time GMT:   Thu Mar 27 09:25:13 2008
  # Using Test.pm version 1.25
  	/export/home/jm/tools/perl586/bin/perl SATest.pl -Mredirect -Olog/d.spamd_symbols/spamd.err.1 -olog/d.spamd_symbols/spamd.out.1 -- /export/home/jm/tools/perl586/bin/perl -T -w ../spamd/spamd.raw -D -x -s stderr -C log/test_rules_copy  --siteconfigpath log/localrules.tmp -p 47286 -A 127.0.0.1 -i 127.0.0.1 -L -s log/d.spamd_symbols/spamd.err.1.timestamped &amp;
  	../spamc/spamc -F data/spamc_blank.cf -d 127.0.0.1 -p 47286 -y &lt; data/spam/001
  Killed 1 spamd instances
  Waiting for spamd at pid 14522 to exit...
  ok 1
  	Checking endsinnums
  ok 2
  	Checking noreal
  ok 3
  
  </stdout>
      <stderr></stderr>
      <duration>0.0</duration>
      <id>87</id>
      <cases>
        <case>
          <duration>0.0</duration>
          <className>make_test.t_spamd_symbols_t</className>
          <testName>test      1</testName>
          <skipped>false</skipped>
          <failedSince>0</failedSince>
        </case>
        <case>
          <duration>0.0</duration>
          <className>make_test.t_spamd_symbols_t</className>
          <testName>test      2</testName>
          <skipped>false</skipped>
          <failedSince>0</failedSince>
        </case>
        <case>
          <duration>0.0</duration>
          <className>make_test.t_spamd_symbols_t</className>
          <testName>test      3</testName>
          <skipped>false</skipped>
          <failedSince>0</failedSince>
        </case>
      </cases>
    </suite>
    <suite>
      <file>/var/jenkins_home/jobs/groupByError/workspace/target/junit-report-1472.xml</file>
      <name>make_test.t_spamd_syslog_t</name>
      <stdout>

  1..7
  # Running under perl version 5.008006 for solaris
  # Current time local: Thu Mar 27 09:25:16 2008
  # Current time GMT:   Thu Mar 27 09:25:16 2008
  # Using Test.pm version 1.25
  	/export/home/jm/tools/perl586/bin/perl SATest.pl -Mredirect -Olog/d.spamd_syslog/spamd.err.1 -olog/d.spamd_syslog/spamd.out.1 -- /export/home/jm/tools/perl586/bin/perl -T -w ../spamd/spamd.raw -D -x -C log/test_rules_copy  --siteconfigpath log/localrules.tmp -p 47298 -A 127.0.0.1 -i 127.0.0.1 -L -s log/d.spamd_syslog/spamd.err.1.timestamped &amp;
  	../spamc/spamc -F data/spamc_blank.cf -d 127.0.0.1 -p 47298 &lt; data/spam/001
  Killed 1 spamd instances
  Waiting for spamd at pid 14534 to exit...
  ok 1
  	Checking subj
  ok 2
  	Checking endsinnums
  ok 3
  	Checking noreal
  ok 4
  	Checking flag
  ok 5
  	Checking stars
  ok 6
  	Checking status
  ok 7
  
  </stdout>
      <stderr></stderr>
      <duration>0.0</duration>
      <id>88</id>
      <cases>
        <case>
          <duration>0.0</duration>
          <className>make_test.t_spamd_syslog_t</className>
          <testName>test      1</testName>
          <skipped>false</skipped>
          <failedSince>0</failedSince>
        </case>
        <case>
          <duration>0.0</duration>
          <className>make_test.t_spamd_syslog_t</className>
          <testName>test      2</testName>
          <skipped>false</skipped>
          <failedSince>0</failedSince>
        </case>
        <case>
          <duration>0.0</duration>
          <className>make_test.t_spamd_syslog_t</className>
          <testName>test      3</testName>
          <skipped>false</skipped>
          <failedSince>0</failedSince>
        </case>
        <case>
          <duration>0.0</duration>
          <className>make_test.t_spamd_syslog_t</className>
          <testName>test      4</testName>
          <skipped>false</skipped>
          <failedSince>0</failedSince>
        </case>
        <case>
          <duration>0.0</duration>
          <className>make_test.t_spamd_syslog_t</className>
          <testName>test      5</testName>
          <skipped>false</skipped>
          <failedSince>0</failedSince>
        </case>
        <case>
          <duration>0.0</duration>
          <className>make_test.t_spamd_syslog_t</className>
          <testName>test      6</testName>
          <skipped>false</skipped>
          <failedSince>0</failedSince>
        </case>
        <case>
          <duration>0.0</duration>
          <className>make_test.t_spamd_syslog_t</className>
          <testName>test      7</testName>
          <skipped>false</skipped>
          <failedSince>0</failedSince>
        </case>
      </cases>
    </suite>
    <suite>
      <file>/var/jenkins_home/jobs/groupByError/workspace/target/junit-report-1472.xml</file>
      <name>make_test.t_spamd_unix_t</name>
      <stdout>
  1..4
  # Running under perl version 5.008006 for solaris
  # Current time local: Thu Mar 27 09:25:19 2008
  # Current time GMT:   Thu Mar 27 09:25:19 2008
  # Using Test.pm version 1.25
  	/export/home/jm/tools/perl586/bin/perl SATest.pl -Mredirect -Olog/d.spamd_unix/spamd.err.1 -olog/d.spamd_unix/spamd.out.1 -- /export/home/jm/tools/perl586/bin/perl -T -w ../spamd/spamd.raw -D -x -s stderr -C log/test_rules_copy  --siteconfigpath log/localrules.tmp -D -L --socketpath=/tmp/satest.14542.47036.1794631264/spamd.sock -s log/d.spamd_unix/spamd.err.1.timestamped &amp;
  	../spamc/spamc -F data/spamc_blank.cf -d 127.0.0.1 -p 47310 -U /tmp/satest.14542.47036.1794631264/spamd.sock &lt; data/spam/001
  ok 1
  	Checking subj
  ok 2
  	Checking flag
  ok 3
  	Checking status
  ok 4
  Killed 1 spamd instances
  Waiting for spamd at pid 14546 to exit...
  

  </stdout>
      <stderr></stderr>
      <duration>0.0</duration>
      <id>89</id>
      <cases>
        <case>
          <duration>0.0</duration>
          <className>make_test.t_spamd_unix_t</className>
          <testName>test      1</testName>
          <skipped>false</skipped>
          <failedSince>0</failedSince>
        </case>
        <case>
          <duration>0.0</duration>
          <className>make_test.t_spamd_unix_t</className>
          <testName>test      2</testName>
          <skipped>false</skipped>
          <failedSince>0</failedSince>
        </case>
        <case>
          <duration>0.0</duration>
          <className>make_test.t_spamd_unix_t</className>
          <testName>test      3</testName>
          <skipped>false</skipped>
          <failedSince>0</failedSince>
        </case>
        <case>
          <duration>0.0</duration>
          <className>make_test.t_spamd_unix_t</className>
          <testName>test      4</testName>
          <skipped>false</skipped>
          <failedSince>0</failedSince>
        </case>
      </cases>
    </suite>
    <suite>
      <file>/var/jenkins_home/jobs/groupByError/workspace/target/junit-report-1472.xml</file>
      <name>make_test.t_spamd_unix_and_tcp_t</name>
      <stdout>
  1..10
  # Running under perl version 5.008006 for solaris
  # Current time local: Thu Mar 27 09:25:23 2008
  # Current time GMT:   Thu Mar 27 09:25:23 2008
  # Using Test.pm version 1.25
  	/export/home/jm/tools/perl586/bin/perl SATest.pl -Mredirect -Olog/d.spamd_unix_and_tcp/spamd.err.1 -olog/d.spamd_unix_and_tcp/spamd.out.1 -- /export/home/jm/tools/perl586/bin/perl -T -w ../spamd/spamd.raw -D -x -s stderr -C log/test_rules_copy  --siteconfigpath log/localrules.tmp -D -L --socketpath=/tmp/sa
...[truncated 283 chars]...
 ok 3
  	../spamc/spamc -F data/spamc_blank.cf -d 127.0.0.1 -p 47322 &lt; data/spam/gtube.eml
  ok 4
  	Checking gtube
  ok 5
  	../spamc/spamc -F data/spamc_blank.cf -d 127.0.0.1 -p 47322 -U /tmp/satest.14554.6732.79956849544/spamd.sock &lt; data/spam/001
  ok 6
  	Checking subj
  ok 7
  	Checking flag
  ok 8
  	../spamc/spamc -F data/spamc_blank.cf -d 127.0.0.1 -p 47322 &lt; data/spam/gtube.eml
  ok 9
  	Checking gtube
  ok 10
  Killed 1 spamd instances
  Waiting for spamd at pid 14558 to exit...
  
  </stdout>
      <stderr></stderr>
      <duration>0.0</duration>
      <id>90</id>
      <cases>
        <case>
          <duration>0.0</duration>
          <className>make_test.t_spamd_unix_and_tcp_t</className>
          <testName>test      1</testName>
          <skipped>false</skipped>
          <failedSince>0</failedSince>
        </case>
        <case>
          <duration>0.0</duration>
          <className>make_test.t_spamd_unix_and_tcp_t</className>
          <testName>test      2</testName>
          <skipped>false</skipped>
          <failedSince>0</failedSince>
        </case>
        <case>
          <duration>0.0</duration>
          <className>make_test.t_spamd_unix_and_tcp_t</className>
          <testName>test      3</testName>
          <skipped>false</skipped>
          <failedSince>0</failedSince>
        </case>
        <case>
          <duration>0.0</duration>
          <className>make_test.t_spamd_unix_and_tcp_t</className>
          <testName>test      4</testName>
          <skipped>false</skipped>
          <failedSince>0</failedSince>
        </case>
        <case>
          <duration>0.0</duration>
          <className>make_test.t_spamd_unix_and_tcp_t</className>
          <testName>test      5</testName>
          <skipped>false</skipped>
          <failedSince>0</failedSince>
        </case>
        <case>
          <duration>0.0</duration>
          <className>make_test.t_spamd_unix_and_tcp_t</className>
          <testName>test      6</testName>
          <skipped>false</skipped>
          <failedSince>0</failedSince>
        </case>
        <case>
          <duration>0.0</duration>
          <className>make_test.t_spamd_unix_and_tcp_t</className>
          <testName>test      7</testName>
          <skipped>false</skipped>
          <failedSince>0</failedSince>
        </case>
        <case>
          <duration>0.0</duration>
          <className>make_test.t_spamd_unix_and_tcp_t</className>
          <testName>test      8</testName>
          <skipped>false</skipped>
          <failedSince>0</failedSince>
        </case>
        <case>
          <duration>0.0</duration>
          <className>make_test.t_spamd_unix_and_tcp_t</className>
          <testName>test      9</testName>
          <skipped>false</skipped>
          <failedSince>0</failedSince>
        </case>
        <case>
          <duration>0.0</duration>
          <className>make_test.t_spamd_unix_and_tcp_t</className>
          <testName>test     10</testName>
          <skipped>false</skipped>
          <failedSince>0</failedSince>
        </case>
      </cases>
    </suite>
    <suite>
      <file>/var/jenkins_home/jobs/groupByError/workspace/target/junit-report-1472.xml</file>
      <name>make_test.t_spamd_user_rules_leak_t</name>
      <stdout>

  1..28
  # Running under perl version 5.008006 for solaris
  # Current time local: Thu Mar 27 09:25:26 2008
  # Current time GMT:   Thu Mar 27 09:25:26 2008
  # Using Test.pm version 1.25
  	/export/home/jm/tools/perl586/bin/perl SATest.pl -Mredirect -Olog/d.spamd_user_rules_leak/spamd.err.1 -olog/d.spamd_user_rules_leak/spamd.out.1 -- /export/home/jm/tools/perl586/bin/perl -T -w ../spamd/spamd.raw -D -x -s stderr -C log/test_rules_copy  --siteconfigpath log/localrules.tmp -p 47340 -A 127.0.0
...[truncated 976 chars]...
&lt; data/spam/009
  ok 18
  Killed 1 spamd instances
  Waiting for spamd at pid 14576 to exit...
  ok 19
  	Checking TEST_NOREALNAME
  ok 20
  	Checking for anti-pattern MYBODY
  ok 21
  	Checking for anti-pattern MYFOO
  ok 22
  	Checking for anti-pattern MYFULL
  ok 23
  	Checking for anti-pattern MYRAWBODY
  ok 24
  	Checking for anti-pattern MYBODY
  ok 25
  	Checking for anti-pattern MYFOO
  ok 26
  	Checking for anti-pattern MYFULL
  ok 27
  	Checking for anti-pattern MYRAWBODY
  ok 28
  
  </stdout>
      <stderr></stderr>
      <duration>0.0</duration>
      <id>91</id>
      <cases>
        <case>
          <duration>0.0</duration>
          <className>make_test.t_spamd_user_rules_leak_t</className>
          <testName>test      1</testName>
          <skipped>false</skipped>
          <failedSince>0</failedSince>
        </case>
        <case>
          <duration>0.0</duration>
          <className>make_test.t_spamd_user_rules_leak_t</className>
          <testName>test      2</testName>
          <skipped>false</skipped>
          <failedSince>0</failedSince>
        </case>
        <case>
          <duration>0.0</duration>
          <className>make_test.t_spamd_user_rules_leak_t</className>
          <testName>test      3</testName>
          <skipped>false</skipped>
          <failedSince>0</failedSince>
        </case>
        <case>
          <duration>0.0</duration>
          <className>make_test.t_spamd_user_rules_leak_t</className>
          <testName>test      4</testName>
          <skipped>false</skipped>
          <failedSince>0</failedSince>
        </case>
        <case>
          <duration>0.0</duration>
          <className>make_test.t_spamd_user_rules_leak_t</className>
          <testName>test      5</testName>
          <skipped>false</skipped>
          <failedSince>0</failedSince>
        </case>
        <case>
          <duration>0.0</duration>
          <className>make_test.t_spamd_user_rules_leak_t</className>
          <testName>test      6</testName>
          <skipped>false</skipped>
          <failedSince>0</failedSince>
        </case>
        <case>
          <duration>0.0</duration>
          <className>make_test.t_spamd_user_rules_leak_t</className>
          <testName>test      7</testName>
          <skipped>false</skipped>
          <failedSince>0</failedSince>
        </case>
        <case>
          <duration>0.0</duration>
          <className>make_test.t_spamd_user_rules_leak_t</className>
          <testName>test      8</testName>
          <skipped>false</skipped>
          <failedSince>0</failedSince>
        </case>
        <case>
          <duration>0.0</duration>
          <className>make_test.t_spamd_user_rules_leak_t</className>
          <testName>test      9</testName>
          <skipped>false</skipped>
          <failedSince>0</failedSince>
        </case>
        <case>
          <duration>0.0</duration>
          <className>make_test.t_spamd_user_rules_leak_t</className>
          <testName>test     10</testName>
          <skipped>false</skipped>
          <failedSince>0</failedSince>
        </case>
        <case>
          <duration>0.0</duration>
          <className>make_test.t_spamd_user_rules_leak_t</className>
          <testName>test     11</testName>
          <skipped>false</skipped>
          <failedSince>0</failedSince>
        </case>
        <case>
          <duration>0.0</duration>
          <className>make_test.t_spamd_user_rules_leak_t</className>
          <testName>test     12</testName>
          <skipped>false</skipped>
          <failedSince>0</failedSince>
        </case>
        <case>
          <duration>0.0</duration>
          <className>make_test.t_spamd_user_rules_leak_t</className>
          <testName>test     13</testName>
          <skipped>false</skipped>
          <failedSince>0</failedSince>
        </case>
        <case>
          <duration>0.0</duration>
          <className>make_test.t_spamd_user_rules_leak_t</className>
          <testName>test     14</testName>
          <skipped>false</skipped>
          <failedSince>0</failedSince>
        </case>
        <case>
          <duration>0.0</duration>
          <className>make_test.t_spamd_user_rules_leak_t</className>
          <testName>test     15</testName>
          <skipped>false</skipped>
          <failedSince>0</failedSince>
        </case>
        <case>
          <duration>0.0</duration>
          <className>make_test.t_spamd_user_rules_leak_t</className>
          <testName>test     16</testName>
          <skipped>false</skipped>
          <failedSince>0</failedSince>
        </case>
        <case>
          <duration>0.0</duration>
          <className>make_test.t_spamd_user_rules_leak_t</className>
          <testName>test     17</testName>
          <skipped>false</skipped>
          <failedSince>0</failedSince>
        </case>
        <case>
          <duration>0.0</duration>
          <className>make_test.t_spamd_user_rules_leak_t</className>
          <testName>test     18</testName>
          <skipped>false</skipped>
          <failedSince>0</failedSince>
        </case>
        <case>
          <duration>0.0</duration>
          <className>make_test.t_spamd_user_rules_leak_t</className>
          <testName>test     19</testName>
          <skipped>false</skipped>
          <failedSince>0</failedSince>
        </case>
        <case>
          <duration>0.0</duration>
          <className>make_test.t_spamd_user_rules_leak_t</className>
          <testName>test     20</testName>
          <skipped>false</skipped>
          <failedSince>0</failedSince>
        </case>
        <case>
          <duration>0.0</duration>
          <className>make_test.t_spamd_user_rules_leak_t</className>
          <testName>test     21</testName>
          <skipped>false</skipped>
          <failedSince>0</failedSince>
        </case>
        <case>
          <duration>0.0</duration>
          <className>make_test.t_spamd_user_rules_leak_t</className>
          <testName>test     22</testName>
          <skipped>false</skipped>
          <failedSince>0</failedSince>
        </case>
        <case>
          <duration>0.0</duration>
          <className>make_test.t_spamd_user_rules_leak_t</className>
          <testName>test     23</testName>
          <skipped>false</skipped>
          <failedSince>0</failedSince>
        </case>
        <case>
          <duration>0.0</duration>
          <className>make_test.t_spamd_user_rules_leak_t</className>
          <testName>test     24</testName>
          <skipped>false</skipped>
          <failedSince>0</failedSince>
        </case>
        <case>
          <duration>0.0</duration>
          <className>make_test.t_spamd_user_rules_leak_t</className>
          <testName>test     25</testName>
          <skipped>false</skipped>
          <failedSince>0</failedSince>
        </case>
        <case>
          <duration>0.0</duration>
          <className>make_test.t_spamd_user_rules_leak_t</className>
          <testName>test     26</testName>
          <skipped>false</skipped>
          <failedSince>0</failedSince>
        </case>
        <case>
          <duration>0.0</duration>
          <className>make_test.t_spamd_user_rules_leak_t</className>
          <testName>test     27</testName>
          <skipped>false</skipped>
          <failedSince>0</failedSince>
        </case>
        <case>
          <duration>0.0</duration>
          <className>make_test.t_spamd_user_rules_leak_t</className>
          <testName>test     28</testName>
          <skipped>false</skipped>
          <failedSince>0</failedSince>
        </case>
      </cases>
    </suite>
    <suite>
      <file>/var/jenkins_home/jobs/groupByError/workspace/target/junit-report-1472.xml</file>
      <name>make_test.t_strip2_t</name>
      <stdout>
  1..0
  # Running under perl version 5.008006 for solaris
  # Current time local: Thu Mar 27 09:25:34 2008
  # Current time GMT:   Thu Mar 27 09:25:34 2008
  # Using Test.pm version 1.25
  skipped: (no reason given)
  t/spf.............................
  1..0
  # Running under perl version 5.008006 for solaris
  # Current time local: Thu Mar 27 09:25:34 2008
  # Current time GMT:   Thu Mar 27 09:25:34 2008
  # Using Test.pm version 1.25
  skipped: (no reason given)
  t/sql_based_whitelist.....
...[truncated 7667 chars]...
figpath log/localrules.tmp -p log/tst.cf  -L &lt; data/nice/crlf-endings
  ok 91
  ok 92
  output: log/d.strip2/91
  	/export/home/jm/tools/perl586/bin/perl -T -w ../spamassassin.raw -C log/test_rules_copy  --siteconfigpath log/localrules.tmp -p log/tst.cf  -d &lt; log/d.strip2/91
  ok 93
  ok 94
  ok 95
  	/export/home/jm/tools/perl586/bin/perl -T -w ../spamassassin.raw -C log/test_rules_copy  --siteconfigpath log/localrules.tmp -p log/tst.cf  -d &lt; data/nice/crlf-endings
  ok 96
  ok 97
  ok 98
  
  </stdout>
      <stderr></stderr>
      <duration>0.0</duration>
      <id>92</id>
      <cases>
        <case>
          <duration>0.0</duration>
          <className>make_test.t_strip2_t</className>
          <testName>test      1</testName>
          <skipped>false</skipped>
          <failedSince>0</failedSince>
        </case>
        <case>
          <duration>0.0</duration>
          <className>make_test.t_strip2_t</className>
          <testName>test      2</testName>
          <skipped>false</skipped>
          <failedSince>0</failedSince>
        </case>
        <case>
          <duration>0.0</duration>
          <className>make_test.t_strip2_t</className>
          <testName>test      3</testName>
          <skipped>false</skipped>
          <failedSince>0</failedSince>
        </case>
        <case>
          <duration>0.0</duration>
          <className>make_test.t_strip2_t</className>
          <testName>test      4</testName>
          <skipped>false</skipped>
          <failedSince>0</failedSince>
        </case>
        <case>
          <duration>0.0</duration>
          <className>make_test.t_strip2_t</className>
          <testName>test      5</testName>
          <skipped>false</skipped>
          <failedSince>0</failedSince>
        </case>
        <case>
          <duration>0.0</duration>
          <className>make_test.t_strip2_t</className>
          <testName>test      6</testName>
          <skipped>false</skipped>
          <failedSince>0</failedSince>
        </case>
        <case>
          <duration>0.0</duration>
          <className>make_test.t_strip2_t</className>
          <testName>test      7</testName>
          <skipped>false</skipped>
          <failedSince>0</failedSince>
        </case>
        <case>
          <duration>0.0</duration>
          <className>make_test.t_strip2_t</className>
          <testName>test      8</testName>
          <skipped>false</skipped>
          <failedSince>0</failedSince>
        </case>
        <case>
          <duration>0.0</duration>
          <className>make_test.t_strip2_t</className>
          <testName>test      9</testName>
          <skipped>false</skipped>
          <failedSince>0</failedSince>
        </case>
        <case>
          <duration>0.0</duration>
          <className>make_test.t_strip2_t</className>
          <testName>test     10</testName>
          <skipped>false</skipped>
          <failedSince>0</failedSince>
        </case>
        <case>
          <duration>0.0</duration>
          <className>make_test.t_strip2_t</className>
          <testName>test     11</testName>
          <skipped>false</skipped>
          <failedSince>0</failedSince>
        </case>
        <case>
          <duration>0.0</duration>
          <className>make_test.t_strip2_t</className>
          <testName>test     12</testName>
          <skipped>false</skipped>
          <failedSince>0</failedSince>
        </case>
        <case>
          <duration>0.0</duration>
          <className>make_test.t_strip2_t</className>
          <testName>test     13</testName>
          <skipped>false</skipped>
          <failedSince>0</failedSince>
        </case>
        <case>
          <duration>0.0</duration>
          <className>make_test.t_strip2_t</className>
          <testName>test     14</testName>
          <skipped>false</skipped>
          <failedSince>0</failedSince>
        </case>
        <case>
          <duration>0.0</duration>
          <className>make_test.t_strip2_t</className>
          <testName>test     15</testName>
          <skipped>false</skipped>
          <failedSince>0</failedSince>
        </case>
        <case>
          <duration>0.0</duration>
          <className>make_test.t_strip2_t</className>
          <testName>test     16</testName>
          <skipped>false</skipped>
          <failedSince>0</failedSince>
        </case>
        <case>
          <duration>0.0</duration>
          <className>make_test.t_strip2_t</className>
          <testName>test     17</testName>
          <skipped>false</skipped>
          <failedSince>0</failedSince>
        </case>
        <case>
          <duration>0.0</duration>
          <className>make_test.t_strip2_t</className>
          <testName>test     18</testName>
          <skipped>false</skipped>
          <failedSince>0</failedSince>
        </case>
        <case>
          <duration>0.0</duration>
          <className>make_test.t_strip2_t</className>
          <testName>test     19</testName>
          <skipped>false</skipped>
          <failedSince>0</failedSince>
        </case>
        <case>
          <duration>0.0</duration>
          <className>make_test.t_strip2_t</className>
          <testName>test     20</testName>
          <skipped>false</skipped>
          <failedSince>0</failedSince>
        </case>
        <case>
          <duration>0.0</duration>
          <className>make_test.t_strip2_t</className>
          <testName>test     21</testName>
          <skipped>false</skipped>
          <failedSince>0</failedSince>
        </case>
        <case>
          <duration>0.0</duration>
          <className>make_test.t_strip2_t</className>
          <testName>test     22</testName>
          <skipped>false</skipped>
          <failedSince>0</failedSince>
        </case>
        <case>
          <duration>0.0</duration>
          <className>make_test.t_strip2_t</className>
          <testName>test     23</testName>
          <skipped>false</skipped>
          <failedSince>0</failedSince>
        </case>
        <case>
          <duration>0.0</duration>
          <className>make_test.t_strip2_t</className>
          <testName>test     24</testName>
          <skipped>false</skipped>
          <failedSince>0</failedSince>
        </case>
        <case>
          <duration>0.0</duration>
          <className>make_test.t_strip2_t</className>
          <testName>test     25</testName>
          <skipped>false</skipped>
          <failedSince>0</failedSince>
        </case>
        <case>
          <duration>0.0</duration>
          <className>make_test.t_strip2_t</className>
          <testName>test     26</testName>
          <skipped>false</skipped>
          <failedSince>0</failedSince>
        </case>
        <case>
          <duration>0.0</duration>
          <className>make_test.t_strip2_t</className>
          <testName>test     27</testName>
          <skipped>false</skipped>
          <failedSince>0</failedSince>
        </case>
        <case>
          <duration>0.0</duration>
          <className>make_test.t_strip2_t</className>
          <testName>test     28</testName>
          <skipped>false</skipped>
          <failedSince>0</failedSince>
        </case>
        <case>
          <duration>0.0</duration>
          <className>make_test.t_strip2_t</className>
          <testName>test     29</testName>
          <skipped>false</skipped>
          <failedSince>0</failedSince>
        </case>
        <case>
          <duration>0.0</duration>
          <className>make_test.t_strip2_t</className>
          <testName>test     30</testName>
          <skipped>false</skipped>
          <failedSince>0</failedSince>
        </case>
        <case>
          <duration>0.0</duration>
          <className>make_test.t_strip2_t</className>
          <testName>test     31</testName>
          <skipped>false</skipped>
          <failedSince>0</failedSince>
        </case>
        <case>
          <duration>0.0</duration>
          <className>make_test.t_strip2_t</className>
          <testName>test     32</testName>
          <skipped>false</skipped>
          <failedSince>0</failedSince>
        </case>
        <case>
          <duration>0.0</duration>
          <className>make_test.t_strip2_t</className>
          <testName>test     33</testName>
          <skipped>false</skipped>
          <failedSince>0</failedSince>
        </case>
        <case>
          <duration>0.0</duration>
          <className>make_test.t_strip2_t</className>
          <testName>test     34</testName>
          <skipped>false</skipped>
          <failedSince>0</failedSince>
        </case>
        <case>
          <duration>0.0</duration>
          <className>make_test.t_strip2_t</className>
          <testName>test     35</testName>
          <skipped>false</skipped>
          <failedSince>0</failedSince>
        </case>
        <case>
          <duration>0.0</duration>
          <className>make_test.t_strip2_t</className>
          <testName>test     36</testName>
          <skipped>false</skipped>
          <failedSince>0</failedSince>
        </case>
        <case>
          <duration>0.0</duration>
          <className>make_test.t_strip2_t</className>
          <testName>test     37</testName>
          <skipped>false</skipped>
          <failedSince>0</failedSince>
        </case>
        <case>
          <duration>0.0</duration>
          <className>make_test.t_strip2_t</className>
          <testName>test     38</testName>
          <skipped>false</skipped>
          <failedSince>0</failedSince>
        </case>
        <case>
          <duration>0.0</duration>
          <className>make_test.t_strip2_t</className>
          <testName>test     39</testName>
          <skipped>false</skipped>
          <failedSince>0</failedSince>
        </case>
        <case>
          <duration>0.0</duration>
          <className>make_test.t_strip2_t</className>
          <testName>test     40</testName>
          <skipped>false</skipped>
          <failedSince>0</failedSince>
        </case>
        <case>
          <duration>0.0</duration>
          <className>make_test.t_strip2_t</className>
          <testName>test     41</testName>
          <skipped>false</skipped>
          <failedSince>0</failedSince>
        </case>
        <case>
          <duration>0.0</duration>
          <className>make_test.t_strip2_t</className>
          <testName>test     42</testName>
          <skipped>false</skipped>
          <failedSince>0</failedSince>
        </case>
        <case>
          <duration>0.0</duration>
          <className>make_test.t_strip2_t</className>
          <testName>test     43</testName>
          <skipped>false</skipped>
          <failedSince>0</failedSince>
        </case>
        <case>
          <duration>0.0</duration>
          <className>make_test.t_strip2_t</className>
          <testName>test     44</testName>
          <skipped>false</skipped>
          <failedSince>0</failedSince>
        </case>
        <case>
          <duration>0.0</duration>
          <className>make_test.t_strip2_t</className>
          <testName>test     45</testName>
          <skipped>false</skipped>
          <failedSince>0</failedSince>
        </case>
        <case>
          <duration>0.0</duration>
          <className>make_test.t_strip2_t</className>
          <testName>test     46</testName>
          <skipped>false</skipped>
          <failedSince>0</failedSince>
        </case>
        <case>
          <duration>0.0</duration>
          <className>make_test.t_strip2_t</className>
          <testName>test     47</testName>
          <skipped>false</skipped>
          <failedSince>0</failedSince>
        </case>
        <case>
          <duration>0.0</duration>
          <className>make_test.t_strip2_t</className>
          <testName>test     48</testName>
          <skipped>false</skipped>
          <failedSince>0</failedSince>
        </case>
        <case>
          <duration>0.0</duration>
          <className>make_test.t_strip2_t</className>
          <testName>test     49</testName>
          <skipped>false</skipped>
          <failedSince>0</failedSince>
        </case>
        <case>
          <duration>0.0</duration>
          <className>make_test.t_strip2_t</className>
          <testName>test     50</testName>
          <skipped>false</skipped>
          <failedSince>0</failedSince>
        </case>
        <case>
          <duration>0.0</duration>
          <className>make_test.t_strip2_t</className>
          <testName>test     51</testName>
          <skipped>false</skipped>
          <failedSince>0</failedSince>
        </case>
        <case>
          <duration>0.0</duration>
          <className>make_test.t_strip2_t</className>
          <testName>test     52</testName>
          <skipped>false</skipped>
          <failedSince>0</failedSince>
        </case>
        <case>
          <duration>0.0</duration>
          <className>make_test.t_strip2_t</className>
          <testName>test     53</testName>
          <skipped>false</skipped>
          <failedSince>0</failedSince>
        </case>
        <case>
          <duration>0.0</duration>
          <className>make_test.t_strip2_t</className>
          <testName>test     54</testName>
          <skipped>false</skipped>
          <failedSince>0</failedSince>
        </case>
        <case>
          <duration>0.0</duration>
          <className>make_test.t_strip2_t</className>
          <testName>test     55</testName>
          <skipped>false</skipped>
          <failedSince>0</failedSince>
        </case>
        <case>
          <duration>0.0</duration>
          <className>make_test.t_strip2_t</className>
          <testName>test     56</testName>
          <skipped>false</skipped>
          <failedSince>0</failedSince>
        </case>
        <case>
          <duration>0.0</duration>
          <className>make_test.t_strip2_t</className>
          <testName>test     57</testName>
          <skipped>false</skipped>
          <failedSince>0</failedSince>
        </case>
        <case>
          <duration>0.0</duration>
          <className>make_test.t_strip2_t</className>
          <testName>test     58</testName>
          <skipped>false</skipped>
          <failedSince>0</failedSince>
        </case>
        <case>
          <duration>0.0</duration>
          <className>make_test.t_strip2_t</className>
          <testName>test     59</testName>
          <skipped>false</skipped>
          <failedSince>0</failedSince>
        </case>
        <case>
          <duration>0.0</duration>
          <className>make_test.t_strip2_t</className>
          <testName>test     60</testName>
          <skipped>false</skipped>
          <failedSince>0</failedSince>
        </case>
        <case>
          <duration>0.0</duration>
          <className>make_test.t_strip2_t</className>
          <testName>test     61</testName>
          <skipped>false</skipped>
          <failedSince>0</failedSince>
        </case>
        <case>
          <duration>0.0</duration>
          <className>make_test.t_strip2_t</className>
          <testName>test     62</testName>
          <skipped>false</skipped>
          <failedSince>0</failedSince>
        </case>
        <case>
          <duration>0.0</duration>
          <className>make_test.t_strip2_t</className>
          <testName>test     63</testName>
          <skipped>false</skipped>
          <failedSince>0</failedSince>
        </case>
        <case>
          <duration>0.0</duration>
          <className>make_test.t_strip2_t</className>
          <testName>test     64</testName>
          <skipped>false</skipped>
          <failedSince>0</failedSince>
        </case>
        <case>
          <duration>0.0</duration>
          <className>make_test.t_strip2_t</className>
          <testName>test     65</testName>
          <skipped>false</skipped>
          <failedSince>0</failedSince>
        </case>
        <case>
          <duration>0.0</duration>
          <className>make_test.t_strip2_t</className>
          <testName>test     66</testName>
          <skipped>false</skipped>
          <failedSince>0</failedSince>
        </case>
        <case>
          <duration>0.0</duration>
          <className>make_test.t_strip2_t</className>
          <testName>test     67</testName>
          <skipped>false</skipped>
          <failedSince>0</failedSince>
        </case>
        <case>
          <duration>0.0</duration>
          <className>make_test.t_strip2_t</className>
          <testName>test     68</testName>
          <skipped>false</skipped>
          <failedSince>0</failedSince>
        </case>
        <case>
          <duration>0.0</duration>
          <className>make_test.t_strip2_t</className>
          <testName>test     69</testName>
          <skipped>false</skipped>
          <failedSince>0</failedSince>
        </case>
        <case>
          <duration>0.0</duration>
          <className>make_test.t_strip2_t</className>
          <testName>test     70</testName>
          <skipped>false</skipped>
          <failedSince>0</failedSince>
        </case>
        <case>
          <duration>0.0</duration>
          <className>make_test.t_strip2_t</className>
          <testName>test     71</testName>
          <skipped>false</skipped>
          <failedSince>0</failedSince>
        </case>
        <case>
          <duration>0.0</duration>
          <className>make_test.t_strip2_t</className>
          <testName>test     72</testName>
          <skipped>false</skipped>
          <failedSince>0</failedSince>
        </case>
        <case>
          <duration>0.0</duration>
          <className>make_test.t_strip2_t</className>
          <testName>test     73</testName>
          <skipped>false</skipped>
          <failedSince>0</failedSince>
        </case>
        <case>
          <duration>0.0</duration>
          <className>make_test.t_strip2_t</className>
          <testName>test     74</testName>
          <skipped>false</skipped>
          <failedSince>0</failedSince>
        </case>
        <case>
          <duration>0.0</duration>
          <className>make_test.t_strip2_t</className>
          <testName>test     75</testName>
          <skipped>false</skipped>
          <failedSince>0</failedSince>
        </case>
        <case>
          <duration>0.0</duration>
          <className>make_test.t_strip2_t</className>
          <testName>test     76</testName>
          <skipped>false</skipped>
          <failedSince>0</failedSince>
        </case>
        <case>
          <duration>0.0</duration>
          <className>make_test.t_strip2_t</className>
          <testName>test     77</testName>
          <skipped>false</skipped>
          <failedSince>0</failedSince>
        </case>
        <case>
          <duration>0.0</duration>
          <className>make_test.t_strip2_t</className>
          <testName>test     78</testName>
          <skipped>false</skipped>
          <failedSince>0</failedSince>
        </case>
        <case>
          <duration>0.0</duration>
          <className>make_test.t_strip2_t</className>
          <testName>test     79</testName>
          <skipped>false</skipped>
          <failedSince>0</failedSince>
        </case>
        <case>
          <duration>0.0</duration>
          <className>make_test.t_strip2_t</className>
          <testName>test     80</testName>
          <skipped>false</skipped>
          <failedSince>0</failedSince>
        </case>
        <case>
          <duration>0.0</duration>
          <className>make_test.t_strip2_t</className>
          <testName>test     81</testName>
          <skipped>false</skipped>
          <failedSince>0</failedSince>
        </case>
        <case>
          <duration>0.0</duration>
          <className>make_test.t_strip2_t</className>
          <testName>test     82</testName>
          <skipped>false</skipped>
          <failedSince>0</failedSince>
        </case>
        <case>
          <duration>0.0</duration>
          <className>make_test.t_strip2_t</className>
          <testName>test     83</testName>
          <skipped>false</skipped>
          <failedSince>0</failedSince>
        </case>
        <case>
          <duration>0.0</duration>
          <className>make_test.t_strip2_t</className>
          <testName>test     84</testName>
          <skipped>false</skipped>
          <failedSince>0</failedSince>
        </case>
        <case>
          <duration>0.0</duration>
          <className>make_test.t_strip2_t</className>
          <testName>test     85</testName>
          <skipped>false</skipped>
          <failedSince>0</failedSince>
        </case>
        <case>
          <duration>0.0</duration>
          <className>make_test.t_strip2_t</className>
          <testName>test     86</testName>
          <skipped>false</skipped>
          <failedSince>0</failedSince>
        </case>
        <case>
          <duration>0.0</duration>
          <className>make_test.t_strip2_t</className>
          <testName>test     87</testName>
          <skipped>false</skipped>
          <failedSince>0</failedSince>
        </case>
        <case>
          <duration>0.0</duration>
          <className>make_test.t_strip2_t</className>
          <testName>test     88</testName>
          <skipped>false</skipped>
          <failedSince>0</failedSince>
        </case>
        <case>
          <duration>0.0</duration>
          <className>make_test.t_strip2_t</className>
          <testName>test     89</testName>
          <skipped>false</skipped>
          <failedSince>0</failedSince>
        </case>
        <case>
          <duration>0.0</duration>
          <className>make_test.t_strip2_t</className>
          <testName>test     90</testName>
          <skipped>false</skipped>
          <failedSince>0</failedSince>
        </case>
        <case>
          <duration>0.0</duration>
          <className>make_test.t_strip2_t</className>
          <testName>test     91</testName>
          <skipped>false</skipped>
          <failedSince>0</failedSince>
        </case>
        <case>
          <duration>0.0</duration>
          <className>make_test.t_strip2_t</className>
          <testName>test     92</testName>
          <skipped>false</skipped>
          <failedSince>0</failedSince>
        </case>
        <case>
          <duration>0.0</duration>
          <className>make_test.t_strip2_t</className>
          <testName>test     93</testName>
          <skipped>false</skipped>
          <failedSince>0</failedSince>
        </case>
        <case>
          <duration>0.0</duration>
          <className>make_test.t_strip2_t</className>
          <testName>test     94</testName>
          <skipped>false</skipped>
          <failedSince>0</failedSince>
        </case>
        <case>
          <duration>0.0</duration>
          <className>make_test.t_strip2_t</className>
          <testName>test     95</testName>
          <skipped>false</skipped>
          <failedSince>0</failedSince>
        </case>
        <case>
          <duration>0.0</duration>
          <className>make_test.t_strip2_t</className>
          <testName>test     96</testName>
          <skipped>false</skipped>
          <failedSince>0</failedSince>
        </case>
        <case>
          <duration>0.0</duration>
          <className>make_test.t_strip2_t</className>
          <testName>test     97</testName>
          <skipped>false</skipped>
          <failedSince>0</failedSince>
        </case>
        <case>
          <duration>0.0</duration>
          <className>make_test.t_strip2_t</className>
          <testName>test     98</testName>
          <skipped>false</skipped>
          <failedSince>0</failedSince>
        </case>
      </cases>
    </suite>
    <suite>
      <file>/var/jenkins_home/jobs/groupByError/workspace/target/junit-report-1472.xml</file>
      <name>make_test.t_strip_no_subject_t</name>
      <stdout>
  1..4
  # Running under perl version 5.008006 for solaris
  # Current time local: Thu Mar 27 09:26:28 2008
  # Current time GMT:   Thu Mar 27 09:26:28 2008
  # Using Test.pm version 1.25
  	/export/home/jm/tools/perl586/bin/perl -T -w ../spamassassin.raw -C log/test_rules_copy  --siteconfigpath log/localrules.tmp -p log/tst.cf  -L -t &lt; data/spam/014
  	/export/home/jm/tools/perl586/bin/perl -T -w ../spamassassin.raw -C log/test_rules_copy  --siteconfigpath log/localrules.tmp -p log/tst.cf  -d 
...[truncated 401 chars]...
tools/perl586/bin/perl -T -w ../spamassassin.raw -C log/test_rules_copy  --siteconfigpath log/localrules.tmp -p log/tst.cf  -L &lt; data/spam/014
  	/export/home/jm/tools/perl586/bin/perl -T -w ../spamassassin.raw -C log/test_rules_copy  --siteconfigpath log/localrules.tmp -p log/tst.cf  -d &lt; log/strip_no_subject.munged
  ok 3
  	/export/home/jm/tools/perl586/bin/perl -T -w ../spamassassin.raw -C log/test_rules_copy  --siteconfigpath log/localrules.tmp -p log/tst.cf  -d &lt; data/spam/014
  ok 4
  
  </stdout>
      <stderr></stderr>
      <duration>0.0</duration>
      <id>93</id>
      <cases>
        <case>
          <duration>0.0</duration>
          <className>make_test.t_strip_no_subject_t</className>
          <testName>test      1</testName>
          <skipped>false</skipped>
          <failedSince>0</failedSince>
        </case>
        <case>
          <duration>0.0</duration>
          <className>make_test.t_strip_no_subject_t</className>
          <testName>test      2</testName>
          <skipped>false</skipped>
          <failedSince>0</failedSince>
        </case>
        <case>
          <duration>0.0</duration>
          <className>make_test.t_strip_no_subject_t</className>
          <testName>test      3</testName>
          <skipped>false</skipped>
          <failedSince>0</failedSince>
        </case>
        <case>
          <duration>0.0</duration>
          <className>make_test.t_strip_no_subject_t</className>
          <testName>test      4</testName>
          <skipped>false</skipped>
          <failedSince>0</failedSince>
        </case>
      </cases>
    </suite>
    <suite>
      <file>/var/jenkins_home/jobs/groupByError/workspace/target/junit-report-1472.xml</file>
      <name>make_test.t_stripmarkup_t</name>
      <stdout>
  1..4
  # Running under perl version 5.008006 for solaris
  # Current time local: Thu Mar 27 09:26:37 2008
  # Current time GMT:   Thu Mar 27 09:26:37 2008
  # Using Test.pm version 1.25
  	/export/home/jm/tools/perl586/bin/perl -T -w ../spamassassin.raw -C log/test_rules_copy  --siteconfigpath log/localrules.tmp -p log/tst.cf  -d &lt; data/spam/003
  ok 1
  	Checking startofbody
  ok 2
  	Checking contenttype
  ok 3
  	Checking subj
  ok 4
  
  </stdout>
      <stderr></stderr>
      <duration>0.0</duration>
      <id>94</id>
      <cases>
        <case>
          <duration>0.0</duration>
          <className>make_test.t_stripmarkup_t</className>
          <testName>test      1</testName>
          <skipped>false</skipped>
          <failedSince>0</failedSince>
        </case>
        <case>
          <duration>0.0</duration>
          <className>make_test.t_stripmarkup_t</className>
          <testName>test      2</testName>
          <skipped>false</skipped>
          <failedSince>0</failedSince>
        </case>
        <case>
          <duration>0.0</duration>
          <className>make_test.t_stripmarkup_t</className>
          <testName>test      3</testName>
          <skipped>false</skipped>
          <failedSince>0</failedSince>
        </case>
        <case>
          <duration>0.0</duration>
          <className>make_test.t_stripmarkup_t</className>
          <testName>test      4</testName>
          <skipped>false</skipped>
          <failedSince>0</failedSince>
        </case>
      </cases>
    </suite>
    <suite>
      <file>/var/jenkins_home/jobs/groupByError/workspace/target/junit-report-1472.xml</file>
      <name>make_test.t_tainted_msg_t</name>
      <stdout>
  1..9
  # Running under perl version 5.008006 for solaris
  # Current time local: Thu Mar 27 09:26:38 2008
  # Current time GMT:   Thu Mar 27 09:26:38 2008
  # Using Test.pm version 1.25
  	/export/home/jm/tools/perl586/bin/perl -T -w ../spamassassin.raw -C log/test_rules_copy  --siteconfigpath log/localrules.tmp -p log/test_default.cf  -L -t &lt; data/spam/gtube.eml
  ok 1
  	Checking  tainted get_body found
  ok 2
  	Checking  tainted get_decoded_body_text_array found
  ok 3
  	Checking  tainted get_header found
  ok 4
  	Checking  tainted get_pristine found
  ok 5
  	Checking  tainted get_pristine_body found
  ok 6
  	Checking  tainted get_pristine_header found
  ok 7
  	Checking  tainted get_rendered_body_text_array found
  ok 8
  	Checking  tainted get_visible_rendered_body_text_array found
  ok 9
  
  </stdout>
      <stderr></stderr>
      <duration>0.0</duration>
      <id>95</id>
      <cases>
        <case>
          <duration>0.0</duration>
          <className>make_test.t_tainted_msg_t</className>
          <testName>test      1</testName>
          <skipped>false</skipped>
          <failedSince>0</failedSince>
        </case>
        <case>
          <duration>0.0</duration>
          <className>make_test.t_tainted_msg_t</className>
          <testName>test      2</testName>
          <skipped>false</skipped>
          <failedSince>0</failedSince>
        </case>
        <case>
          <duration>0.0</duration>
          <className>make_test.t_tainted_msg_t</className>
          <testName>test      3</testName>
          <skipped>false</skipped>
          <failedSince>0</failedSince>
        </case>
        <case>
          <duration>0.0</duration>
          <className>make_test.t_tainted_msg_t</className>
          <testName>test      4</testName>
          <skipped>false</skipped>
          <failedSince>0</failedSince>
        </case>
        <case>
          <duration>0.0</duration>
          <className>make_test.t_tainted_msg_t</className>
          <testName>test      5</testName>
          <skipped>false</skipped>
          <failedSince>0</failedSince>
        </case>
        <case>
          <duration>0.0</duration>
          <className>make_test.t_tainted_msg_t</className>
          <testName>test      6</testName>
          <skipped>false</skipped>
          <failedSince>0</failedSince>
        </case>
        <case>
          <duration>0.0</duration>
          <className>make_test.t_tainted_msg_t</className>
          <testName>test      7</testName>
          <skipped>false</skipped>
          <failedSince>0</failedSince>
        </case>
        <case>
          <duration>0.0</duration>
          <className>make_test.t_tainted_msg_t</className>
          <testName>test      8</testName>
          <skipped>false</skipped>
          <failedSince>0</failedSince>
        </case>
        <case>
          <duration>0.0</duration>
          <className>make_test.t_tainted_msg_t</className>
          <testName>test      9</testName>
          <skipped>false</skipped>
          <failedSince>0</failedSince>
        </case>
      </cases>
    </suite>
    <suite>
      <file>/var/jenkins_home/jobs/groupByError/workspace/target/junit-report-1472.xml</file>
      <name>make_test.t_text_bad_ctype_t</name>
      <stdout>
  1..2
  # Running under perl version 5.008006 for solaris
  # Current time local: Thu Mar 27 09:26:41 2008
  # Current time GMT:   Thu Mar 27 09:26:41 2008
  # Using Test.pm version 1.25
  	/export/home/jm/tools/perl586/bin/perl -T -w ../spamassassin.raw -C log/test_rules_copy  --siteconfigpath log/localrules.tmp -p log/test_default.cf  -L -t &lt; data/spam/badctype1
  	Checking NATURAL
  ok 1
  	/export/home/jm/tools/perl586/bin/perl -T -w ../spamassassin.raw -C log/test_rules_copy  --siteconfigpath log/localrules.tmp -p log/test_default.cf  -L -t &lt; data/spam/badctype2
  	Checking for anti-pattern NATURAL
  ok 2
  
  </stdout>
      <stderr></stderr>
      <duration>0.0</duration>
      <id>96</id>
      <cases>
        <case>
          <duration>0.0</duration>
          <className>make_test.t_text_bad_ctype_t</className>
          <testName>test      1</testName>
          <skipped>false</skipped>
          <failedSince>0</failedSince>
        </case>
        <case>
          <duration>0.0</duration>
          <className>make_test.t_text_bad_ctype_t</className>
          <testName>test      2</testName>
          <skipped>false</skipped>
          <failedSince>0</failedSince>
        </case>
      </cases>
    </suite>
    <suite>
      <file>/var/jenkins_home/jobs/groupByError/workspace/target/junit-report-1472.xml</file>
      <name>make_test.t_trust_path_t</name>
      <stdout>
  1..96
  # Running under perl version 5.008006 for solaris
  # Current time local: Thu Mar 27 09:26:44 2008
  # Current time GMT:   Thu Mar 27 09:26:44 2008
  # Using Test.pm version 1.25
  ok 1
  ok 2
  ok 3
  [netset warning expected here...]
  ok 4
  ok 5
  netset warn: netset: cannot include 127.0.0.0/8 as it has already been included
  ok 6
  [netset warning expected here...]
  ok 7
  ok 8
  netset warn: netset: cannot include 127.0.0.0/8 as it has already been included
  ok 9
  [netset w
...[truncated 1303 chars]...
 [netset warning expected here...]
  ok 64
  ok 65
  netset warn: netset: cannot exclude 1.0.0.0/8 as it has already been included
  ok 66
  ok 67
  ok 68
  ok 69
  ok 70
  ok 71
  ok 72
  ok 73
  ok 74
  ok 75
  ok 76
  ok 77
  ok 78
  [netset warning expected here...]
  ok 79
  ok 80
  netset warn: netset: cannot include 1.0.0.0/8 as it has already been excluded
  ok 81
  ok 82
  ok 83
  ok 84
  ok 85
  ok 86
  ok 87
  ok 88
  ok 89
  ok 90
  ok 91
  ok 92
  ok 93
  ok 94
  ok 95
  ok 96
  
  </stdout>
      <stderr></stderr>
      <duration>0.0</duration>
      <id>97</id>
      <cases>
        <case>
          <duration>0.0</duration>
          <className>make_test.t_trust_path_t</className>
          <testName>test      1</testName>
          <skipped>false</skipped>
          <failedSince>0</failedSince>
        </case>
        <case>
          <duration>0.0</duration>
          <className>make_test.t_trust_path_t</className>
          <testName>test      2</testName>
          <skipped>false</skipped>
          <failedSince>0</failedSince>
        </case>
        <case>
          <duration>0.0</duration>
          <className>make_test.t_trust_path_t</className>
          <testName>test      3</testName>
          <skipped>false</skipped>
          <failedSince>0</failedSince>
        </case>
        <case>
          <duration>0.0</duration>
          <className>make_test.t_trust_path_t</className>
          <testName>test      4</testName>
          <skipped>false</skipped>
          <failedSince>0</failedSince>
        </case>
        <case>
          <duration>0.0</duration>
          <className>make_test.t_trust_path_t</className>
          <testName>test      5</testName>
          <skipped>false</skipped>
          <failedSince>0</failedSince>
        </case>
        <case>
          <duration>0.0</duration>
          <className>make_test.t_trust_path_t</className>
          <testName>test      6</testName>
          <skipped>false</skipped>
          <failedSince>0</failedSince>
        </case>
        <case>
          <duration>0.0</duration>
          <className>make_test.t_trust_path_t</className>
          <testName>test      7</testName>
          <skipped>false</skipped>
          <failedSince>0</failedSince>
        </case>
        <case>
          <duration>0.0</duration>
          <className>make_test.t_trust_path_t</className>
          <testName>test      8</testName>
          <skipped>false</skipped>
          <failedSince>0</failedSince>
        </case>
        <case>
          <duration>0.0</duration>
          <className>make_test.t_trust_path_t</className>
          <testName>test      9</testName>
          <skipped>false</skipped>
          <failedSince>0</failedSince>
        </case>
        <case>
          <duration>0.0</duration>
          <className>make_test.t_trust_path_t</className>
          <testName>test     10</testName>
          <skipped>false</skipped>
          <failedSince>0</failedSince>
        </case>
        <case>
          <duration>0.0</duration>
          <className>make_test.t_trust_path_t</className>
          <testName>test     11</testName>
          <skipped>false</skipped>
          <failedSince>0</failedSince>
        </case>
        <case>
          <duration>0.0</duration>
          <className>make_test.t_trust_path_t</className>
          <testName>test     12</testName>
          <skipped>false</skipped>
          <failedSince>0</failedSince>
        </case>
        <case>
          <duration>0.0</duration>
          <className>make_test.t_trust_path_t</className>
          <testName>test     13</testName>
          <skipped>false</skipped>
          <failedSince>0</failedSince>
        </case>
        <case>
          <duration>0.0</duration>
          <className>make_test.t_trust_path_t</className>
          <testName>test     14</testName>
          <skipped>false</skipped>
          <failedSince>0</failedSince>
        </case>
        <case>
          <duration>0.0</duration>
          <className>make_test.t_trust_path_t</className>
          <testName>test     15</testName>
          <skipped>false</skipped>
          <failedSince>0</failedSince>
        </case>
        <case>
          <duration>0.0</duration>
          <className>make_test.t_trust_path_t</className>
          <testName>test     16</testName>
          <skipped>false</skipped>
          <failedSince>0</failedSince>
        </case>
        <case>
          <duration>0.0</duration>
          <className>make_test.t_trust_path_t</className>
          <testName>test     17</testName>
          <skipped>false</skipped>
          <failedSince>0</failedSince>
        </case>
        <case>
          <duration>0.0</duration>
          <className>make_test.t_trust_path_t</className>
          <testName>test     18</testName>
          <skipped>false</skipped>
          <failedSince>0</failedSince>
        </case>
        <case>
          <duration>0.0</duration>
          <className>make_test.t_trust_path_t</className>
          <testName>test     19</testName>
          <skipped>false</skipped>
          <failedSince>0</failedSince>
        </case>
        <case>
          <duration>0.0</duration>
          <className>make_test.t_trust_path_t</className>
          <testName>test     20</testName>
          <skipped>false</skipped>
          <failedSince>0</failedSince>
        </case>
        <case>
          <duration>0.0</duration>
          <className>make_test.t_trust_path_t</className>
          <testName>test     21</testName>
          <skipped>false</skipped>
          <failedSince>0</failedSince>
        </case>
        <case>
          <duration>0.0</duration>
          <className>make_test.t_trust_path_t</className>
          <testName>test     22</testName>
          <skipped>false</skipped>
          <failedSince>0</failedSince>
        </case>
        <case>
          <duration>0.0</duration>
          <className>make_test.t_trust_path_t</className>
          <testName>test     23</testName>
          <skipped>false</skipped>
          <failedSince>0</failedSince>
        </case>
        <case>
          <duration>0.0</duration>
          <className>make_test.t_trust_path_t</className>
          <testName>test     24</testName>
          <skipped>false</skipped>
          <failedSince>0</failedSince>
        </case>
        <case>
          <duration>0.0</duration>
          <className>make_test.t_trust_path_t</className>
          <testName>test     25</testName>
          <skipped>false</skipped>
          <failedSince>0</failedSince>
        </case>
        <case>
          <duration>0.0</duration>
          <className>make_test.t_trust_path_t</className>
          <testName>test     26</testName>
          <skipped>false</skipped>
          <failedSince>0</failedSince>
        </case>
        <case>
          <duration>0.0</duration>
          <className>make_test.t_trust_path_t</className>
          <testName>test     27</testName>
          <skipped>false</skipped>
          <failedSince>0</failedSince>
        </case>
        <case>
          <duration>0.0</duration>
          <className>make_test.t_trust_path_t</className>
          <testName>test     28</testName>
          <skipped>false</skipped>
          <failedSince>0</failedSince>
        </case>
        <case>
          <duration>0.0</duration>
          <className>make_test.t_trust_path_t</className>
          <testName>test     29</testName>
          <skipped>false</skipped>
          <failedSince>0</failedSince>
        </case>
        <case>
          <duration>0.0</duration>
          <className>make_test.t_trust_path_t</className>
          <testName>test     30</testName>
          <skipped>false</skipped>
          <failedSince>0</failedSince>
        </case>
        <case>
          <duration>0.0</duration>
          <className>make_test.t_trust_path_t</className>
          <testName>test     31</testName>
          <skipped>false</skipped>
          <failedSince>0</failedSince>
        </case>
        <case>
          <duration>0.0</duration>
          <className>make_test.t_trust_path_t</className>
          <testName>test     32</testName>
          <skipped>false</skipped>
          <failedSince>0</failedSince>
        </case>
        <case>
          <duration>0.0</duration>
          <className>make_test.t_trust_path_t</className>
          <testName>test     33</testName>
          <skipped>false</skipped>
          <failedSince>0</failedSince>
        </case>
        <case>
          <duration>0.0</duration>
          <className>make_test.t_trust_path_t</className>
          <testName>test     34</testName>
          <skipped>false</skipped>
          <failedSince>0</failedSince>
        </case>
        <case>
          <duration>0.0</duration>
          <className>make_test.t_trust_path_t</className>
          <testName>test     35</testName>
          <skipped>false</skipped>
          <failedSince>0</failedSince>
        </case>
        <case>
          <duration>0.0</duration>
          <className>make_test.t_trust_path_t</className>
          <testName>test     36</testName>
          <skipped>false</skipped>
          <failedSince>0</failedSince>
        </case>
        <case>
          <duration>0.0</duration>
          <className>make_test.t_trust_path_t</className>
          <testName>test     37</testName>
          <skipped>false</skipped>
          <failedSince>0</failedSince>
        </case>
        <case>
          <duration>0.0</duration>
          <className>make_test.t_trust_path_t</className>
          <testName>test     38</testName>
          <skipped>false</skipped>
          <failedSince>0</failedSince>
        </case>
        <case>
          <duration>0.0</duration>
          <className>make_test.t_trust_path_t</className>
          <testName>test     39</testName>
          <skipped>false</skipped>
          <failedSince>0</failedSince>
        </case>
        <case>
          <duration>0.0</duration>
          <className>make_test.t_trust_path_t</className>
          <testName>test     40</testName>
          <skipped>false</skipped>
          <failedSince>0</failedSince>
        </case>
        <case>
          <duration>0.0</duration>
          <className>make_test.t_trust_path_t</className>
          <testName>test     41</testName>
          <skipped>false</skipped>
          <failedSince>0</failedSince>
        </case>
        <case>
          <duration>0.0</duration>
          <className>make_test.t_trust_path_t</className>
          <testName>test     42</testName>
          <skipped>false</skipped>
          <failedSince>0</failedSince>
        </case>
        <case>
          <duration>0.0</duration>
          <className>make_test.t_trust_path_t</className>
          <testName>test     43</testName>
          <skipped>false</skipped>
          <failedSince>0</failedSince>
        </case>
        <case>
          <duration>0.0</duration>
          <className>make_test.t_trust_path_t</className>
          <testName>test     44</testName>
          <skipped>false</skipped>
          <failedSince>0</failedSince>
        </case>
        <case>
          <duration>0.0</duration>
          <className>make_test.t_trust_path_t</className>
          <testName>test     45</testName>
          <skipped>false</skipped>
          <failedSince>0</failedSince>
        </case>
        <case>
          <duration>0.0</duration>
          <className>make_test.t_trust_path_t</className>
          <testName>test     46</testName>
          <skipped>false</skipped>
          <failedSince>0</failedSince>
        </case>
        <case>
          <duration>0.0</duration>
          <className>make_test.t_trust_path_t</className>
          <testName>test     47</testName>
          <skipped>false</skipped>
          <failedSince>0</failedSince>
        </case>
        <case>
          <duration>0.0</duration>
          <className>make_test.t_trust_path_t</className>
          <testName>test     48</testName>
          <skipped>false</skipped>
          <failedSince>0</failedSince>
        </case>
        <case>
          <duration>0.0</duration>
          <className>make_test.t_trust_path_t</className>
          <testName>test     49</testName>
          <skipped>false</skipped>
          <failedSince>0</failedSince>
        </case>
        <case>
          <duration>0.0</duration>
          <className>make_test.t_trust_path_t</className>
          <testName>test     50</testName>
          <skipped>false</skipped>
          <failedSince>0</failedSince>
        </case>
        <case>
          <duration>0.0</duration>
          <className>make_test.t_trust_path_t</className>
          <testName>test     51</testName>
          <skipped>false</skipped>
          <failedSince>0</failedSince>
        </case>
        <case>
          <duration>0.0</duration>
          <className>make_test.t_trust_path_t</className>
          <testName>test     52</testName>
          <skipped>false</skipped>
          <failedSince>0</failedSince>
        </case>
        <case>
          <duration>0.0</duration>
          <className>make_test.t_trust_path_t</className>
          <testName>test     53</testName>
          <skipped>false</skipped>
          <failedSince>0</failedSince>
        </case>
        <case>
          <duration>0.0</duration>
          <className>make_test.t_trust_path_t</className>
          <testName>test     54</testName>
          <skipped>false</skipped>
          <failedSince>0</failedSince>
        </case>
        <case>
          <duration>0.0</duration>
          <className>make_test.t_trust_path_t</className>
          <testName>test     55</testName>
          <skipped>false</skipped>
          <failedSince>0</failedSince>
        </case>
        <case>
          <duration>0.0</duration>
          <className>make_test.t_trust_path_t</className>
          <testName>test     56</testName>
          <skipped>false</skipped>
          <failedSince>0</failedSince>
        </case>
        <case>
          <duration>0.0</duration>
          <className>make_test.t_trust_path_t</className>
          <testName>test     57</testName>
          <skipped>false</skipped>
          <failedSince>0</failedSince>
        </case>
        <case>
          <duration>0.0</duration>
          <className>make_test.t_trust_path_t</className>
          <testName>test     58</testName>
          <skipped>false</skipped>
          <failedSince>0</failedSince>
        </case>
        <case>
          <duration>0.0</duration>
          <className>make_test.t_trust_path_t</className>
          <testName>test     59</testName>
          <skipped>false</skipped>
          <failedSince>0</failedSince>
        </case>
        <case>
          <duration>0.0</duration>
          <className>make_test.t_trust_path_t</className>
          <testName>test     60</testName>
          <skipped>false</skipped>
          <failedSince>0</failedSince>
        </case>
        <case>
          <duration>0.0</duration>
          <className>make_test.t_trust_path_t</className>
          <testName>test     61</testName>
          <skipped>false</skipped>
          <failedSince>0</failedSince>
        </case>
        <case>
          <duration>0.0</duration>
          <className>make_test.t_trust_path_t</className>
          <testName>test     62</testName>
          <skipped>false</skipped>
          <failedSince>0</failedSince>
        </case>
        <case>
          <duration>0.0</duration>
          <className>make_test.t_trust_path_t</className>
          <testName>test     63</testName>
          <skipped>false</skipped>
          <failedSince>0</failedSince>
        </case>
        <case>
          <duration>0.0</duration>
          <className>make_test.t_trust_path_t</className>
          <testName>test     64</testName>
          <skipped>false</skipped>
          <failedSince>0</failedSince>
        </case>
        <case>
          <duration>0.0</duration>
          <className>make_test.t_trust_path_t</className>
          <testName>test     65</testName>
          <skipped>false</skipped>
          <failedSince>0</failedSince>
        </case>
        <case>
          <duration>0.0</duration>
          <className>make_test.t_trust_path_t</className>
          <testName>test     66</testName>
          <skipped>false</skipped>
          <failedSince>0</failedSince>
        </case>
        <case>
          <duration>0.0</duration>
          <className>make_test.t_trust_path_t</className>
          <testName>test     67</testName>
          <skipped>false</skipped>
          <failedSince>0</failedSince>
        </case>
        <case>
          <duration>0.0</duration>
          <className>make_test.t_trust_path_t</className>
          <testName>test     68</testName>
          <skipped>false</skipped>
          <failedSince>0</failedSince>
        </case>
        <case>
          <duration>0.0</duration>
          <className>make_test.t_trust_path_t</className>
          <testName>test     69</testName>
          <skipped>false</skipped>
          <failedSince>0</failedSince>
        </case>
        <case>
          <duration>0.0</duration>
          <className>make_test.t_trust_path_t</className>
          <testName>test     70</testName>
          <skipped>false</skipped>
          <failedSince>0</failedSince>
        </case>
        <case>
          <duration>0.0</duration>
          <className>make_test.t_trust_path_t</className>
          <testName>test     71</testName>
          <skipped>false</skipped>
          <failedSince>0</failedSince>
        </case>
        <case>
          <duration>0.0</duration>
          <className>make_test.t_trust_path_t</className>
          <testName>test     72</testName>
          <skipped>false</skipped>
          <failedSince>0</failedSince>
        </case>
        <case>
          <duration>0.0</duration>
          <className>make_test.t_trust_path_t</className>
          <testName>test     73</testName>
          <skipped>false</skipped>
          <failedSince>0</failedSince>
        </case>
        <case>
          <duration>0.0</duration>
          <className>make_test.t_trust_path_t</className>
          <testName>test     74</testName>
          <skipped>false</skipped>
          <failedSince>0</failedSince>
        </case>
        <case>
          <duration>0.0</duration>
          <className>make_test.t_trust_path_t</className>
          <testName>test     75</testName>
          <skipped>false</skipped>
          <failedSince>0</failedSince>
        </case>
        <case>
          <duration>0.0</duration>
          <className>make_test.t_trust_path_t</className>
          <testName>test     76</testName>
          <skipped>false</skipped>
          <failedSince>0</failedSince>
        </case>
        <case>
          <duration>0.0</duration>
          <className>make_test.t_trust_path_t</className>
          <testName>test     77</testName>
          <skipped>false</skipped>
          <failedSince>0</failedSince>
        </case>
        <case>
          <duration>0.0</duration>
          <className>make_test.t_trust_path_t</className>
          <testName>test     78</testName>
          <skipped>false</skipped>
          <failedSince>0</failedSince>
        </case>
        <case>
          <duration>0.0</duration>
          <className>make_test.t_trust_path_t</className>
          <testName>test     79</testName>
          <skipped>false</skipped>
          <failedSince>0</failedSince>
        </case>
        <case>
          <duration>0.0</duration>
          <className>make_test.t_trust_path_t</className>
          <testName>test     80</testName>
          <skipped>false</skipped>
          <failedSince>0</failedSince>
        </case>
        <case>
          <duration>0.0</duration>
          <className>make_test.t_trust_path_t</className>
          <testName>test     81</testName>
          <skipped>false</skipped>
          <failedSince>0</failedSince>
        </case>
        <case>
          <duration>0.0</duration>
          <className>make_test.t_trust_path_t</className>
          <testName>test     82</testName>
          <skipped>false</skipped>
          <failedSince>0</failedSince>
        </case>
        <case>
          <duration>0.0</duration>
          <className>make_test.t_trust_path_t</className>
          <testName>test     83</testName>
          <skipped>false</skipped>
          <failedSince>0</failedSince>
        </case>
        <case>
          <duration>0.0</duration>
          <className>make_test.t_trust_path_t</className>
          <testName>test     84</testName>
          <skipped>false</skipped>
          <failedSince>0</failedSince>
        </case>
        <case>
          <duration>0.0</duration>
          <className>make_test.t_trust_path_t</className>
          <testName>test     85</testName>
          <skipped>false</skipped>
          <failedSince>0</failedSince>
        </case>
        <case>
          <duration>0.0</duration>
          <className>make_test.t_trust_path_t</className>
          <testName>test     86</testName>
          <skipped>false</skipped>
          <failedSince>0</failedSince>
        </case>
        <case>
          <duration>0.0</duration>
          <className>make_test.t_trust_path_t</className>
          <testName>test     87</testName>
          <skipped>false</skipped>
          <failedSince>0</failedSince>
        </case>
        <case>
          <duration>0.0</duration>
          <className>make_test.t_trust_path_t</className>
          <testName>test     88</testName>
          <skipped>false</skipped>
          <failedSince>0</failedSince>
        </case>
        <case>
          <duration>0.0</duration>
          <className>make_test.t_trust_path_t</className>
          <testName>test     89</testName>
          <skipped>false</skipped>
          <failedSince>0</failedSince>
        </case>
        <case>
          <duration>0.0</duration>
          <className>make_test.t_trust_path_t</className>
          <testName>test     90</testName>
          <skipped>false</skipped>
          <failedSince>0</failedSince>
        </case>
        <case>
          <duration>0.0</duration>
          <className>make_test.t_trust_path_t</className>
          <testName>test     91</testName>
          <skipped>false</skipped>
          <failedSince>0</failedSince>
        </case>
        <case>
          <duration>0.0</duration>
          <className>make_test.t_trust_path_t</className>
          <testName>test     92</testName>
          <skipped>false</skipped>
          <failedSince>0</failedSince>
        </case>
        <case>
          <duration>0.0</duration>
          <className>make_test.t_trust_path_t</className>
          <testName>test     93</testName>
          <skipped>false</skipped>
          <failedSince>0</failedSince>
        </case>
        <case>
          <duration>0.0</duration>
          <className>make_test.t_trust_path_t</className>
          <testName>test     94</testName>
          <skipped>false</skipped>
          <failedSince>0</failedSince>
        </case>
        <case>
          <duration>0.0</duration>
          <className>make_test.t_trust_path_t</className>
          <testName>test     95</testName>
          <skipped>false</skipped>
          <failedSince>0</failedSince>
        </case>
        <case>
          <duration>0.0</duration>
          <className>make_test.t_trust_path_t</className>
          <testName>test     96</testName>
          <skipped>false</skipped>
          <failedSince>0</failedSince>
        </case>
      </cases>
    </suite>
    <suite>
      <file>/var/jenkins_home/jobs/groupByError/workspace/target/junit-report-1472.xml</file>
      <name>make_test.t_uri_t</name>
      <stdout>
  1..91
  # Running under perl version 5.008006 for solaris
  # Current time local: Thu Mar 27 09:27:09 2008
  # Current time GMT:   Thu Mar 27 09:27:09 2008
  # Using Test.pm version 1.25
  got URIs: address@foo.net, twema2001@yahoo.com, http://163.125.6.199/ATV, http://2742879943/ATV, mailto:address@foo.net, http://66.92.69.222/, http://0x425c45de/, http://1113343455/, http://66.92.69.223/, http://66.92.0x45.221/, http://66.92.69.221/, http://slashdot.org@1113343456/, http://1113343456/, http
...[truncated 328 chars]...
ok 30
  ok 31
  ok 32
  ok 33
  ok 34
  ok 35
  ok 36
  ok 37
  ok 38
  ok 39
  ok 40
  ok 41
  ok 42
  ok 43
  ok 44
  ok 45
  ok 46
  ok 47
  ok 48
  ok 49
  ok 50
  ok 51
  ok 52
  ok 53
  ok 54
  ok 55
  ok 56
  ok 57
  ok 58
  ok 59
  ok 60
  ok 61
  ok 62
  ok 63
  ok 64
  ok 65
  ok 66
  ok 67
  ok 68
  ok 69
  ok 70
  ok 71
  ok 72
  ok 73
  ok 74
  ok 75
  ok 76
  ok 77
  ok 78
  ok 79
  ok 80
  ok 81
  ok 82
  ok 83
  ok 84
  ok 85
  ok 86
  ok 87
  ok 88
  ok 89
  ok 90
  ok 91
  

  </stdout>
      <stderr></stderr>
      <duration>0.0</duration>
      <id>98</id>
      <cases>
        <case>
          <duration>0.0</duration>
          <className>make_test.t_uri_t</className>
          <testName>test      1</testName>
          <skipped>false</skipped>
          <failedSince>0</failedSince>
        </case>
        <case>
          <duration>0.0</duration>
          <className>make_test.t_uri_t</className>
          <testName>test      2</testName>
          <skipped>false</skipped>
          <failedSince>0</failedSince>
        </case>
        <case>
          <duration>0.0</duration>
          <className>make_test.t_uri_t</className>
          <testName>test      3</testName>
          <skipped>false</skipped>
          <failedSince>0</failedSince>
        </case>
        <case>
          <duration>0.0</duration>
          <className>make_test.t_uri_t</className>
          <testName>test      4</testName>
          <skipped>false</skipped>
          <failedSince>0</failedSince>
        </case>
        <case>
          <duration>0.0</duration>
          <className>make_test.t_uri_t</className>
          <testName>test      5</testName>
          <skipped>false</skipped>
          <failedSince>0</failedSince>
        </case>
        <case>
          <duration>0.0</duration>
          <className>make_test.t_uri_t</className>
          <testName>test      6</testName>
          <skipped>false</skipped>
          <failedSince>0</failedSince>
        </case>
        <case>
          <duration>0.0</duration>
          <className>make_test.t_uri_t</className>
          <testName>test      7</testName>
          <skipped>false</skipped>
          <failedSince>0</failedSince>
        </case>
        <case>
          <duration>0.0</duration>
          <className>make_test.t_uri_t</className>
          <testName>test      8</testName>
          <skipped>false</skipped>
          <failedSince>0</failedSince>
        </case>
        <case>
          <duration>0.0</duration>
          <className>make_test.t_uri_t</className>
          <testName>test      9</testName>
          <skipped>false</skipped>
          <failedSince>0</failedSince>
        </case>
        <case>
          <duration>0.0</duration>
          <className>make_test.t_uri_t</className>
          <testName>test     10</testName>
          <skipped>false</skipped>
          <failedSince>0</failedSince>
        </case>
        <case>
          <duration>0.0</duration>
          <className>make_test.t_uri_t</className>
          <testName>test     11</testName>
          <skipped>false</skipped>
          <failedSince>0</failedSince>
        </case>
        <case>
          <duration>0.0</duration>
          <className>make_test.t_uri_t</className>
          <testName>test     12</testName>
          <skipped>false</skipped>
          <failedSince>0</failedSince>
        </case>
        <case>
          <duration>0.0</duration>
          <className>make_test.t_uri_t</className>
          <testName>test     13</testName>
          <skipped>false</skipped>
          <failedSince>0</failedSince>
        </case>
        <case>
          <duration>0.0</duration>
          <className>make_test.t_uri_t</className>
          <testName>test     14</testName>
          <skipped>false</skipped>
          <failedSince>0</failedSince>
        </case>
        <case>
          <duration>0.0</duration>
          <className>make_test.t_uri_t</className>
          <testName>test     15</testName>
          <skipped>false</skipped>
          <failedSince>0</failedSince>
        </case>
        <case>
          <duration>0.0</duration>
          <className>make_test.t_uri_t</className>
          <testName>test     16</testName>
          <skipped>false</skipped>
          <failedSince>0</failedSince>
        </case>
        <case>
          <duration>0.0</duration>
          <className>make_test.t_uri_t</className>
          <testName>test     17</testName>
          <skipped>false</skipped>
          <failedSince>0</failedSince>
        </case>
        <case>
          <duration>0.0</duration>
          <className>make_test.t_uri_t</className>
          <testName>test     18</testName>
          <skipped>false</skipped>
          <failedSince>0</failedSince>
        </case>
        <case>
          <duration>0.0</duration>
          <className>make_test.t_uri_t</className>
          <testName>test     19</testName>
          <skipped>false</skipped>
          <failedSince>0</failedSince>
        </case>
        <case>
          <duration>0.0</duration>
          <className>make_test.t_uri_t</className>
          <testName>test     20</testName>
          <skipped>false</skipped>
          <failedSince>0</failedSince>
        </case>
        <case>
          <duration>0.0</duration>
          <className>make_test.t_uri_t</className>
          <testName>test     21</testName>
          <skipped>false</skipped>
          <failedSince>0</failedSince>
        </case>
        <case>
          <duration>0.0</duration>
          <className>make_test.t_uri_t</className>
          <testName>test     22</testName>
          <skipped>false</skipped>
          <failedSince>0</failedSince>
        </case>
        <case>
          <duration>0.0</duration>
          <className>make_test.t_uri_t</className>
          <testName>test     23</testName>
          <skipped>false</skipped>
          <failedSince>0</failedSince>
        </case>
        <case>
          <duration>0.0</duration>
          <className>make_test.t_uri_t</className>
          <testName>test     24</testName>
          <skipped>false</skipped>
          <failedSince>0</failedSince>
        </case>
        <case>
          <duration>0.0</duration>
          <className>make_test.t_uri_t</className>
          <testName>test     25</testName>
          <skipped>false</skipped>
          <failedSince>0</failedSince>
        </case>
        <case>
          <duration>0.0</duration>
          <className>make_test.t_uri_t</className>
          <testName>test     26</testName>
          <skipped>false</skipped>
          <failedSince>0</failedSince>
        </case>
        <case>
          <duration>0.0</duration>
          <className>make_test.t_uri_t</className>
          <testName>test     27</testName>
          <skipped>false</skipped>
          <failedSince>0</failedSince>
        </case>
        <case>
          <duration>0.0</duration>
          <className>make_test.t_uri_t</className>
          <testName>test     28</testName>
          <skipped>false</skipped>
          <failedSince>0</failedSince>
        </case>
        <case>
          <duration>0.0</duration>
          <className>make_test.t_uri_t</className>
          <testName>test     29</testName>
          <skipped>false</skipped>
          <failedSince>0</failedSince>
        </case>
        <case>
          <duration>0.0</duration>
          <className>make_test.t_uri_t</className>
          <testName>test     30</testName>
          <skipped>false</skipped>
          <failedSince>0</failedSince>
        </case>
        <case>
          <duration>0.0</duration>
          <className>make_test.t_uri_t</className>
          <testName>test     31</testName>
          <skipped>false</skipped>
          <failedSince>0</failedSince>
        </case>
        <case>
          <duration>0.0</duration>
          <className>make_test.t_uri_t</className>
          <testName>test     32</testName>
          <skipped>false</skipped>
          <failedSince>0</failedSince>
        </case>
        <case>
          <duration>0.0</duration>
          <className>make_test.t_uri_t</className>
          <testName>test     33</testName>
          <skipped>false</skipped>
          <failedSince>0</failedSince>
        </case>
        <case>
          <duration>0.0</duration>
          <className>make_test.t_uri_t</className>
          <testName>test     34</testName>
          <skipped>false</skipped>
          <failedSince>0</failedSince>
        </case>
        <case>
          <duration>0.0</duration>
          <className>make_test.t_uri_t</className>
          <testName>test     35</testName>
          <skipped>false</skipped>
          <failedSince>0</failedSince>
        </case>
        <case>
          <duration>0.0</duration>
          <className>make_test.t_uri_t</className>
          <testName>test     36</testName>
          <skipped>false</skipped>
          <failedSince>0</failedSince>
        </case>
        <case>
          <duration>0.0</duration>
          <className>make_test.t_uri_t</className>
          <testName>test     37</testName>
          <skipped>false</skipped>
          <failedSince>0</failedSince>
        </case>
        <case>
          <duration>0.0</duration>
          <className>make_test.t_uri_t</className>
          <testName>test     38</testName>
          <skipped>false</skipped>
          <failedSince>0</failedSince>
        </case>
        <case>
          <duration>0.0</duration>
          <className>make_test.t_uri_t</className>
          <testName>test     39</testName>
          <skipped>false</skipped>
          <failedSince>0</failedSince>
        </case>
        <case>
          <duration>0.0</duration>
          <className>make_test.t_uri_t</className>
          <testName>test     40</testName>
          <skipped>false</skipped>
          <failedSince>0</failedSince>
        </case>
        <case>
          <duration>0.0</duration>
          <className>make_test.t_uri_t</className>
          <testName>test     41</testName>
          <skipped>false</skipped>
          <failedSince>0</failedSince>
        </case>
        <case>
          <duration>0.0</duration>
          <className>make_test.t_uri_t</className>
          <testName>test     42</testName>
          <skipped>false</skipped>
          <failedSince>0</failedSince>
        </case>
        <case>
          <duration>0.0</duration>
          <className>make_test.t_uri_t</className>
          <testName>test     43</testName>
          <skipped>false</skipped>
          <failedSince>0</failedSince>
        </case>
        <case>
          <duration>0.0</duration>
          <className>make_test.t_uri_t</className>
          <testName>test     44</testName>
          <skipped>false</skipped>
          <failedSince>0</failedSince>
        </case>
        <case>
          <duration>0.0</duration>
          <className>make_test.t_uri_t</className>
          <testName>test     45</testName>
          <skipped>false</skipped>
          <failedSince>0</failedSince>
        </case>
        <case>
          <duration>0.0</duration>
          <className>make_test.t_uri_t</className>
          <testName>test     46</testName>
          <skipped>false</skipped>
          <failedSince>0</failedSince>
        </case>
        <case>
          <duration>0.0</duration>
          <className>make_test.t_uri_t</className>
          <testName>test     47</testName>
          <skipped>false</skipped>
          <failedSince>0</failedSince>
        </case>
        <case>
          <duration>0.0</duration>
          <className>make_test.t_uri_t</className>
          <testName>test     48</testName>
          <skipped>false</skipped>
          <failedSince>0</failedSince>
        </case>
        <case>
          <duration>0.0</duration>
          <className>make_test.t_uri_t</className>
          <testName>test     49</testName>
          <skipped>false</skipped>
          <failedSince>0</failedSince>
        </case>
        <case>
          <duration>0.0</duration>
          <className>make_test.t_uri_t</className>
          <testName>test     50</testName>
          <skipped>false</skipped>
          <failedSince>0</failedSince>
        </case>
        <case>
          <duration>0.0</duration>
          <className>make_test.t_uri_t</className>
          <testName>test     51</testName>
          <skipped>false</skipped>
          <failedSince>0</failedSince>
        </case>
        <case>
          <duration>0.0</duration>
          <className>make_test.t_uri_t</className>
          <testName>test     52</testName>
          <skipped>false</skipped>
          <failedSince>0</failedSince>
        </case>
        <case>
          <duration>0.0</duration>
          <className>make_test.t_uri_t</className>
          <testName>test     53</testName>
          <skipped>false</skipped>
          <failedSince>0</failedSince>
        </case>
        <case>
          <duration>0.0</duration>
          <className>make_test.t_uri_t</className>
          <testName>test     54</testName>
          <skipped>false</skipped>
          <failedSince>0</failedSince>
        </case>
        <case>
          <duration>0.0</duration>
          <className>make_test.t_uri_t</className>
          <testName>test     55</testName>
          <skipped>false</skipped>
          <failedSince>0</failedSince>
        </case>
        <case>
          <duration>0.0</duration>
          <className>make_test.t_uri_t</className>
          <testName>test     56</testName>
          <skipped>false</skipped>
          <failedSince>0</failedSince>
        </case>
        <case>
          <duration>0.0</duration>
          <className>make_test.t_uri_t</className>
          <testName>test     57</testName>
          <skipped>false</skipped>
          <failedSince>0</failedSince>
        </case>
        <case>
          <duration>0.0</duration>
          <className>make_test.t_uri_t</className>
          <testName>test     58</testName>
          <skipped>false</skipped>
          <failedSince>0</failedSince>
        </case>
        <case>
          <duration>0.0</duration>
          <className>make_test.t_uri_t</className>
          <testName>test     59</testName>
          <skipped>false</skipped>
          <failedSince>0</failedSince>
        </case>
        <case>
          <duration>0.0</duration>
          <className>make_test.t_uri_t</className>
          <testName>test     60</testName>
          <skipped>false</skipped>
          <failedSince>0</failedSince>
        </case>
        <case>
          <duration>0.0</duration>
          <className>make_test.t_uri_t</className>
          <testName>test     61</testName>
          <skipped>false</skipped>
          <failedSince>0</failedSince>
        </case>
        <case>
          <duration>0.0</duration>
          <className>make_test.t_uri_t</className>
          <testName>test     62</testName>
          <skipped>false</skipped>
          <failedSince>0</failedSince>
        </case>
        <case>
          <duration>0.0</duration>
          <className>make_test.t_uri_t</className>
          <testName>test     63</testName>
          <skipped>false</skipped>
          <failedSince>0</failedSince>
        </case>
        <case>
          <duration>0.0</duration>
          <className>make_test.t_uri_t</className>
          <testName>test     64</testName>
          <skipped>false</skipped>
          <failedSince>0</failedSince>
        </case>
        <case>
          <duration>0.0</duration>
          <className>make_test.t_uri_t</className>
          <testName>test     65</testName>
          <skipped>false</skipped>
          <failedSince>0</failedSince>
        </case>
        <case>
          <duration>0.0</duration>
          <className>make_test.t_uri_t</className>
          <testName>test     66</testName>
          <skipped>false</skipped>
          <failedSince>0</failedSince>
        </case>
        <case>
          <duration>0.0</duration>
          <className>make_test.t_uri_t</className>
          <testName>test     67</testName>
          <skipped>false</skipped>
          <failedSince>0</failedSince>
        </case>
        <case>
          <duration>0.0</duration>
          <className>make_test.t_uri_t</className>
          <testName>test     68</testName>
          <skipped>false</skipped>
          <failedSince>0</failedSince>
        </case>
        <case>
          <duration>0.0</duration>
          <className>make_test.t_uri_t</className>
          <testName>test     69</testName>
          <skipped>false</skipped>
          <failedSince>0</failedSince>
        </case>
        <case>
          <duration>0.0</duration>
          <className>make_test.t_uri_t</className>
          <testName>test     70</testName>
          <skipped>false</skipped>
          <failedSince>0</failedSince>
        </case>
        <case>
          <duration>0.0</duration>
          <className>make_test.t_uri_t</className>
          <testName>test     71</testName>
          <skipped>false</skipped>
          <failedSince>0</failedSince>
        </case>
        <case>
          <duration>0.0</duration>
          <className>make_test.t_uri_t</className>
          <testName>test     72</testName>
          <skipped>false</skipped>
          <failedSince>0</failedSince>
        </case>
        <case>
          <duration>0.0</duration>
          <className>make_test.t_uri_t</className>
          <testName>test     73</testName>
          <skipped>false</skipped>
          <failedSince>0</failedSince>
        </case>
        <case>
          <duration>0.0</duration>
          <className>make_test.t_uri_t</className>
          <testName>test     74</testName>
          <skipped>false</skipped>
          <failedSince>0</failedSince>
        </case>
        <case>
          <duration>0.0</duration>
          <className>make_test.t_uri_t</className>
          <testName>test     75</testName>
          <skipped>false</skipped>
          <failedSince>0</failedSince>
        </case>
        <case>
          <duration>0.0</duration>
          <className>make_test.t_uri_t</className>
          <testName>test     76</testName>
          <skipped>false</skipped>
          <failedSince>0</failedSince>
        </case>
        <case>
          <duration>0.0</duration>
          <className>make_test.t_uri_t</className>
          <testName>test     77</testName>
          <skipped>false</skipped>
          <failedSince>0</failedSince>
        </case>
        <case>
          <duration>0.0</duration>
          <className>make_test.t_uri_t</className>
          <testName>test     78</testName>
          <skipped>false</skipped>
          <failedSince>0</failedSince>
        </case>
        <case>
          <duration>0.0</duration>
          <className>make_test.t_uri_t</className>
          <testName>test     79</testName>
          <skipped>false</skipped>
          <failedSince>0</failedSince>
        </case>
        <case>
          <duration>0.0</duration>
          <className>make_test.t_uri_t</className>
          <testName>test     80</testName>
          <skipped>false</skipped>
          <failedSince>0</failedSince>
        </case>
        <case>
          <duration>0.0</duration>
          <className>make_test.t_uri_t</className>
          <testName>test     81</testName>
          <skipped>false</skipped>
          <failedSince>0</failedSince>
        </case>
        <case>
          <duration>0.0</duration>
          <className>make_test.t_uri_t</className>
          <testName>test     82</testName>
          <skipped>false</skipped>
          <failedSince>0</failedSince>
        </case>
        <case>
          <duration>0.0</duration>
          <className>make_test.t_uri_t</className>
          <testName>test     83</testName>
          <skipped>false</skipped>
          <failedSince>0</failedSince>
        </case>
        <case>
          <duration>0.0</duration>
          <className>make_test.t_uri_t</className>
          <testName>test     84</testName>
          <skipped>false</skipped>
          <failedSince>0</failedSince>
        </case>
        <case>
          <duration>0.0</duration>
          <className>make_test.t_uri_t</className>
          <testName>test     85</testName>
          <skipped>false</skipped>
          <failedSince>0</failedSince>
        </case>
        <case>
          <duration>0.0</duration>
          <className>make_test.t_uri_t</className>
          <testName>test     86</testName>
          <skipped>false</skipped>
          <failedSince>0</failedSince>
        </case>
        <case>
          <duration>0.0</duration>
          <className>make_test.t_uri_t</className>
          <testName>test     87</testName>
          <skipped>false</skipped>
          <failedSince>0</failedSince>
        </case>
        <case>
          <duration>0.0</duration>
          <className>make_test.t_uri_t</className>
          <testName>test     88</testName>
          <skipped>false</skipped>
          <failedSince>0</failedSince>
        </case>
        <case>
          <duration>0.0</duration>
          <className>make_test.t_uri_t</className>
          <testName>test     89</testName>
          <skipped>false</skipped>
          <failedSince>0</failedSince>
        </case>
        <case>
          <duration>0.0</duration>
          <className>make_test.t_uri_t</className>
          <testName>test     90</testName>
          <skipped>false</skipped>
          <failedSince>0</failedSince>
        </case>
        <case>
          <duration>0.0</duration>
          <className>make_test.t_uri_t</className>
          <testName>test     91</testName>
          <skipped>false</skipped>
          <failedSince>0</failedSince>
        </case>
      </cases>
    </suite>
    <suite>
      <file>/var/jenkins_home/jobs/groupByError/workspace/target/junit-report-1472.xml</file>
      <name>make_test.t_uri_html_t</name>
      <stdout>
  1..2
  # Running under perl version 5.008006 for solaris
  # Current time local: Thu Mar 27 09:27:10 2008
  # Current time GMT:   Thu Mar 27 09:27:10 2008
  # Using Test.pm version 1.25
  ok 1
  ok 2
  
  </stdout>
      <stderr></stderr>
      <duration>0.0</duration>
      <id>99</id>
      <cases>
        <case>
          <duration>0.0</duration>
          <className>make_test.t_uri_html_t</className>
          <testName>test      1</testName>
          <skipped>false</skipped>
          <failedSince>0</failedSince>
        </case>
        <case>
          <duration>0.0</duration>
          <className>make_test.t_uri_html_t</className>
          <testName>test      2</testName>
          <skipped>false</skipped>
          <failedSince>0</failedSince>
        </case>
      </cases>
    </suite>
    <suite>
      <file>/var/jenkins_home/jobs/groupByError/workspace/target/junit-report-1472.xml</file>
      <name>make_test.t_uri_text_t</name>
      <stdout>
  1..678
  # Running under perl version 5.008006 for solaris
  # Current time local: Thu Mar 27 09:27:11 2008
  # Current time GMT:   Thu Mar 27 09:27:11 2008
  # Using Test.pm version 1.25
  ok 1
  ok 2
  ok 3
  ok 4
  ok 5
  ok 6
  ok 7
  ok 8
  ok 9
  ok 10
  ok 11
  ok 12
  ok 13
  ok 14
  ok 15
  ok 16
  ok 17
  ok 18
  ok 19
  ok 20
  ok 21
  ok 22
  ok 23
  ok 24
  ok 25
  ok 26
  ok 27
  ok 28
  ok 29
  ok 30
  ok 31
  ok 32
  ok 33
  ok 34
  ok 35
  ok 36
  ok 37
  ok 38
  ok 39
  ok 4
...[truncated 5190 chars]...
  ok 624
  ok 625
  ok 626
  ok 627
  ok 628
  ok 629
  ok 630
  ok 631
  ok 632
  ok 633
  ok 634
  ok 635
  ok 636
  ok 637
  ok 638
  ok 639
  ok 640
  ok 641
  ok 642
  ok 643
  ok 644
  ok 645
  ok 646
  ok 647
  ok 648
  ok 649
  ok 650
  ok 651
  ok 652
  ok 653
  ok 654
  ok 655
  ok 656
  ok 657
  ok 658
  ok 659
  ok 660
  ok 661
  ok 662
  ok 663
  ok 664
  ok 665
  ok 666
  ok 667
  ok 668
  ok 669
  ok 670
  ok 671
  ok 672
  ok 673
  ok 674
  ok 675
  ok 676
  ok 677
  ok 678
  
  </stdout>
      <stderr></stderr>
      <duration>0.0</duration>
      <id>100</id>
      <cases>
        <case>
          <duration>0.0</duration>
          <className>make_test.t_uri_text_t</className>
          <testName>test      1</testName>
          <skipped>false</skipped>
          <failedSince>0</failedSince>
        </case>
        <case>
          <duration>0.0</duration>
          <className>make_test.t_uri_text_t</className>
          <testName>test      2</testName>
          <skipped>false</skipped>
          <failedSince>0</failedSince>
        </case>
        <case>
          <duration>0.0</duration>
          <className>make_test.t_uri_text_t</className>
          <testName>test      3</testName>
          <skipped>false</skipped>
          <failedSince>0</failedSince>
        </case>
        <case>
          <duration>0.0</duration>
          <className>make_test.t_uri_text_t</className>
          <testName>test      4</testName>
          <skipped>false</skipped>
          <failedSince>0</failedSince>
        </case>
        <case>
          <duration>0.0</duration>
          <className>make_test.t_uri_text_t</className>
          <testName>test      5</testName>
          <skipped>false</skipped>
          <failedSince>0</failedSince>
        </case>
        <case>
          <duration>0.0</duration>
          <className>make_test.t_uri_text_t</className>
          <testName>test      6</testName>
          <skipped>false</skipped>
          <failedSince>0</failedSince>
        </case>
        <case>
          <duration>0.0</duration>
          <className>make_test.t_uri_text_t</className>
          <testName>test      7</testName>
          <skipped>false</skipped>
          <failedSince>0</failedSince>
        </case>
        <case>
          <duration>0.0</duration>
          <className>make_test.t_uri_text_t</className>
          <testName>test      8</testName>
          <skipped>false</skipped>
          <failedSince>0</failedSince>
        </case>
        <case>
          <duration>0.0</duration>
          <className>make_test.t_uri_text_t</className>
          <testName>test      9</testName>
          <skipped>false</skipped>
          <failedSince>0</failedSince>
        </case>
        <case>
          <duration>0.0</duration>
          <className>make_test.t_uri_text_t</className>
          <testName>test     10</testName>
          <skipped>false</skipped>
          <failedSince>0</failedSince>
        </case>
        <case>
          <duration>0.0</duration>
          <className>make_test.t_uri_text_t</className>
          <testName>test     11</testName>
          <skipped>false</skipped>
          <failedSince>0</failedSince>
        </case>
        <case>
          <duration>0.0</duration>
          <className>make_test.t_uri_text_t</className>
          <testName>test     12</testName>
          <skipped>false</skipped>
          <failedSince>0</failedSince>
        </case>
        <case>
          <duration>0.0</duration>
          <className>make_test.t_uri_text_t</className>
          <testName>test     13</testName>
          <skipped>false</skipped>
          <failedSince>0</failedSince>
        </case>
        <case>
          <duration>0.0</duration>
          <className>make_test.t_uri_text_t</className>
          <testName>test     14</testName>
          <skipped>false</skipped>
          <failedSince>0</failedSince>
        </case>
        <case>
          <duration>0.0</duration>
          <className>make_test.t_uri_text_t</className>
          <testName>test     15</testName>
          <skipped>false</skipped>
          <failedSince>0</failedSince>
        </case>
        <case>
          <duration>0.0</duration>
          <className>make_test.t_uri_text_t</className>
          <testName>test     16</testName>
          <skipped>false</skipped>
          <failedSince>0</failedSince>
        </case>
        <case>
          <duration>0.0</duration>
          <className>make_test.t_uri_text_t</className>
          <testName>test     17</testName>
          <skipped>false</skipped>
          <failedSince>0</failedSince>
        </case>
        <case>
          <duration>0.0</duration>
          <className>make_test.t_uri_text_t</className>
          <testName>test     18</testName>
          <skipped>false</skipped>
          <failedSince>0</failedSince>
        </case>
        <case>
          <duration>0.0</duration>
          <className>make_test.t_uri_text_t</className>
          <testName>test     19</testName>
          <skipped>false</skipped>
          <failedSince>0</failedSince>
        </case>
        <case>
          <duration>0.0</duration>
          <className>make_test.t_uri_text_t</className>
          <testName>test     20</testName>
          <skipped>false</skipped>
          <failedSince>0</failedSince>
        </case>
        <case>
          <duration>0.0</duration>
          <className>make_test.t_uri_text_t</className>
          <testName>test     21</testName>
          <skipped>false</skipped>
          <failedSince>0</failedSince>
        </case>
        <case>
          <duration>0.0</duration>
          <className>make_test.t_uri_text_t</className>
          <testName>test     22</testName>
          <skipped>false</skipped>
          <failedSince>0</failedSince>
        </case>
        <case>
          <duration>0.0</duration>
          <className>make_test.t_uri_text_t</className>
          <testName>test     23</testName>
          <skipped>false</skipped>
          <failedSince>0</failedSince>
        </case>
        <case>
          <duration>0.0</duration>
          <className>make_test.t_uri_text_t</className>
          <testName>test     24</testName>
          <skipped>false</skipped>
          <failedSince>0</failedSince>
        </case>
        <case>
          <duration>0.0</duration>
          <className>make_test.t_uri_text_t</className>
          <testName>test     25</testName>
          <skipped>false</skipped>
          <failedSince>0</failedSince>
        </case>
        <case>
          <duration>0.0</duration>
          <className>make_test.t_uri_text_t</className>
          <testName>test     26</testName>
          <skipped>false</skipped>
          <failedSince>0</failedSince>
        </case>
        <case>
          <duration>0.0</duration>
          <className>make_test.t_uri_text_t</className>
          <testName>test     27</testName>
          <skipped>false</skipped>
          <failedSince>0</failedSince>
        </case>
        <case>
          <duration>0.0</duration>
          <className>make_test.t_uri_text_t</className>
          <testName>test     28</testName>
          <skipped>false</skipped>
          <failedSince>0</failedSince>
        </case>
        <case>
          <duration>0.0</duration>
          <className>make_test.t_uri_text_t</className>
          <testName>test     29</testName>
          <skipped>false</skipped>
          <failedSince>0</failedSince>
        </case>
        <case>
          <duration>0.0</duration>
          <className>make_test.t_uri_text_t</className>
          <testName>test     30</testName>
          <skipped>false</skipped>
          <failedSince>0</failedSince>
        </case>
        <case>
          <duration>0.0</duration>
          <className>make_test.t_uri_text_t</className>
          <testName>test     31</testName>
          <skipped>false</skipped>
          <failedSince>0</failedSince>
        </case>
        <case>
          <duration>0.0</duration>
          <className>make_test.t_uri_text_t</className>
          <testName>test     32</testName>
          <skipped>false</skipped>
          <failedSince>0</failedSince>
        </case>
        <case>
          <duration>0.0</duration>
          <className>make_test.t_uri_text_t</className>
          <testName>test     33</testName>
          <skipped>false</skipped>
          <failedSince>0</failedSince>
        </case>
        <case>
          <duration>0.0</duration>
          <className>make_test.t_uri_text_t</className>
          <testName>test     34</testName>
          <skipped>false</skipped>
          <failedSince>0</failedSince>
        </case>
        <case>
          <duration>0.0</duration>
          <className>make_test.t_uri_text_t</className>
          <testName>test     35</testName>
          <skipped>false</skipped>
          <failedSince>0</failedSince>
        </case>
        <case>
          <duration>0.0</duration>
          <className>make_test.t_uri_text_t</className>
          <testName>test     36</testName>
          <skipped>false</skipped>
          <failedSince>0</failedSince>
        </case>
        <case>
          <duration>0.0</duration>
          <className>make_test.t_uri_text_t</className>
          <testName>test     37</testName>
          <skipped>false</skipped>
          <failedSince>0</failedSince>
        </case>
        <case>
          <duration>0.0</duration>
          <className>make_test.t_uri_text_t</className>
          <testName>test     38</testName>
          <skipped>false</skipped>
          <failedSince>0</failedSince>
        </case>
        <case>
          <duration>0.0</duration>
          <className>make_test.t_uri_text_t</className>
          <testName>test     39</testName>
          <skipped>false</skipped>
          <failedSince>0</failedSince>
        </case>
        <case>
          <duration>0.0</duration>
          <className>make_test.t_uri_text_t</className>
          <testName>test     40</testName>
          <skipped>false</skipped>
          <failedSince>0</failedSince>
        </case>
        <case>
          <duration>0.0</duration>
          <className>make_test.t_uri_text_t</className>
          <testName>test     41</testName>
          <skipped>false</skipped>
          <failedSince>0</failedSince>
        </case>
        <case>
          <duration>0.0</duration>
          <className>make_test.t_uri_text_t</className>
          <testName>test     42</testName>
          <skipped>false</skipped>
          <failedSince>0</failedSince>
        </case>
        <case>
          <duration>0.0</duration>
          <className>make_test.t_uri_text_t</className>
          <testName>test     43</testName>
          <skipped>false</skipped>
          <failedSince>0</failedSince>
        </case>
        <case>
          <duration>0.0</duration>
          <className>make_test.t_uri_text_t</className>
          <testName>test     44</testName>
          <skipped>false</skipped>
          <failedSince>0</failedSince>
        </case>
        <case>
          <duration>0.0</duration>
          <className>make_test.t_uri_text_t</className>
          <testName>test     45</testName>
          <skipped>false</skipped>
          <failedSince>0</failedSince>
        </case>
        <case>
          <duration>0.0</duration>
          <className>make_test.t_uri_text_t</className>
          <testName>test     46</testName>
          <skipped>false</skipped>
          <failedSince>0</failedSince>
        </case>
        <case>
          <duration>0.0</duration>
          <className>make_test.t_uri_text_t</className>
          <testName>test     47</testName>
          <skipped>false</skipped>
          <failedSince>0</failedSince>
        </case>
        <case>
          <duration>0.0</duration>
          <className>make_test.t_uri_text_t</className>
          <testName>test     48</testName>
          <skipped>false</skipped>
          <failedSince>0</failedSince>
        </case>
        <case>
          <duration>0.0</duration>
          <className>make_test.t_uri_text_t</className>
          <testName>test     49</testName>
          <skipped>false</skipped>
          <failedSince>0</failedSince>
        </case>
        <case>
          <duration>0.0</duration>
          <className>make_test.t_uri_text_t</className>
          <testName>test     50</testName>
          <skipped>false</skipped>
          <failedSince>0</failedSince>
        </case>
        <case>
          <duration>0.0</duration>
          <className>make_test.t_uri_text_t</className>
          <testName>test     51</testName>
          <skipped>false</skipped>
          <failedSince>0</failedSince>
        </case>
        <case>
          <duration>0.0</duration>
          <className>make_test.t_uri_text_t</className>
          <testName>test     52</testName>
          <skipped>false</skipped>
          <failedSince>0</failedSince>
        </case>
        <case>
          <duration>0.0</duration>
          <className>make_test.t_uri_text_t</className>
          <testName>test     53</testName>
          <skipped>false</skipped>
          <failedSince>0</failedSince>
        </case>
        <case>
          <duration>0.0</duration>
          <className>make_test.t_uri_text_t</className>
          <testName>test     54</testName>
          <skipped>false</skipped>
          <failedSince>0</failedSince>
        </case>
        <case>
          <duration>0.0</duration>
          <className>make_test.t_uri_text_t</className>
          <testName>test     55</testName>
          <skipped>false</skipped>
          <failedSince>0</failedSince>
        </case>
        <case>
          <duration>0.0</duration>
          <className>make_test.t_uri_text_t</className>
          <testName>test     56</testName>
          <skipped>false</skipped>
          <failedSince>0</failedSince>
        </case>
        <case>
          <duration>0.0</duration>
          <className>make_test.t_uri_text_t</className>
          <testName>test     57</testName>
          <skipped>false</skipped>
          <failedSince>0</failedSince>
        </case>
        <case>
          <duration>0.0</duration>
          <className>make_test.t_uri_text_t</className>
          <testName>test     58</testName>
          <skipped>false</skipped>
          <failedSince>0</failedSince>
        </case>
        <case>
          <duration>0.0</duration>
          <className>make_test.t_uri_text_t</className>
          <testName>test     59</testName>
          <skipped>false</skipped>
          <failedSince>0</failedSince>
        </case>
        <case>
          <duration>0.0</duration>
          <className>make_test.t_uri_text_t</className>
          <testName>test     60</testName>
          <skipped>false</skipped>
          <failedSince>0</failedSince>
        </case>
        <case>
          <duration>0.0</duration>
          <className>make_test.t_uri_text_t</className>
          <testName>test     61</testName>
          <skipped>false</skipped>
          <failedSince>0</failedSince>
        </case>
        <case>
          <duration>0.0</duration>
          <className>make_test.t_uri_text_t</className>
          <testName>test     62</testName>
          <skipped>false</skipped>
          <failedSince>0</failedSince>
        </case>
        <case>
          <duration>0.0</duration>
          <className>make_test.t_uri_text_t</className>
          <testName>test     63</testName>
          <skipped>false</skipped>
          <failedSince>0</failedSince>
        </case>
        <case>
          <duration>0.0</duration>
          <className>make_test.t_uri_text_t</className>
          <testName>test     64</testName>
          <skipped>false</skipped>
          <failedSince>0</failedSince>
        </case>
        <case>
          <duration>0.0</duration>
          <className>make_test.t_uri_text_t</className>
          <testName>test     65</testName>
          <skipped>false</skipped>
          <failedSince>0</failedSince>
        </case>
        <case>
          <duration>0.0</duration>
          <className>make_test.t_uri_text_t</className>
          <testName>test     66</testName>
          <skipped>false</skipped>
          <failedSince>0</failedSince>
        </case>
        <case>
          <duration>0.0</duration>
          <className>make_test.t_uri_text_t</className>
          <testName>test     67</testName>
          <skipped>false</skipped>
          <failedSince>0</failedSince>
        </case>
        <case>
          <duration>0.0</duration>
          <className>make_test.t_uri_text_t</className>
          <testName>test     68</testName>
          <skipped>false</skipped>
          <failedSince>0</failedSince>
        </case>
        <case>
          <duration>0.0</duration>
          <className>make_test.t_uri_text_t</className>
          <testName>test     69</testName>
          <skipped>false</skipped>
          <failedSince>0</failedSince>
        </case>
        <case>
          <duration>0.0</duration>
          <className>make_test.t_uri_text_t</className>
          <testName>test     70</testName>
          <skipped>false</skipped>
          <failedSince>0</failedSince>
        </case>
        <case>
          <duration>0.0</duration>
          <className>make_test.t_uri_text_t</className>
          <testName>test     71</testName>
          <skipped>false</skipped>
          <failedSince>0</failedSince>
        </case>
        <case>
          <duration>0.0</duration>
          <className>make_test.t_uri_text_t</className>
          <testName>test     72</testName>
          <skipped>false</skipped>
          <failedSince>0</failedSince>
        </case>
        <case>
          <duration>0.0</duration>
          <className>make_test.t_uri_text_t</className>
          <testName>test     73</testName>
          <skipped>false</skipped>
          <failedSince>0</failedSince>
        </case>
        <case>
          <duration>0.0</duration>
          <className>make_test.t_uri_text_t</className>
          <testName>test     74</testName>
          <skipped>false</skipped>
          <failedSince>0</failedSince>
        </case>
        <case>
          <duration>0.0</duration>
          <className>make_test.t_uri_text_t</className>
          <testName>test     75</testName>
          <skipped>false</skipped>
          <failedSince>0</failedSince>
        </case>
        <case>
          <duration>0.0</duration>
          <className>make_test.t_uri_text_t</className>
          <testName>test     76</testName>
          <skipped>false</skipped>
          <failedSince>0</failedSince>
        </case>
        <case>
          <duration>0.0</duration>
          <className>make_test.t_uri_text_t</className>
          <testName>test     77</testName>
          <skipped>false</skipped>
          <failedSince>0</failedSince>
        </case>
        <case>
          <duration>0.0</duration>
          <className>make_test.t_uri_text_t</className>
          <testName>test     78</testName>
          <skipped>false</skipped>
          <failedSince>0</failedSince>
        </case>
        <case>
          <duration>0.0</duration>
          <className>make_test.t_uri_text_t</className>
          <testName>test     79</testName>
          <skipped>false</skipped>
          <failedSince>0</failedSince>
        </case>
        <case>
          <duration>0.0</duration>
          <className>make_test.t_uri_text_t</className>
          <testName>test     80</testName>
          <skipped>false</skipped>
          <failedSince>0</failedSince>
        </case>
        <case>
          <duration>0.0</duration>
          <className>make_test.t_uri_text_t</className>
          <testName>test     81</testName>
          <skipped>false</skipped>
          <failedSince>0</failedSince>
        </case>
        <case>
          <duration>0.0</duration>
          <className>make_test.t_uri_text_t</className>
          <testName>test     82</testName>
          <skipped>false</skipped>
          <failedSince>0</failedSince>
        </case>
        <case>
          <duration>0.0</duration>
          <className>make_test.t_uri_text_t</className>
          <testName>test     83</testName>
          <skipped>false</skipped>
          <failedSince>0</failedSince>
        </case>
        <case>
          <duration>0.0</duration>
          <className>make_test.t_uri_text_t</className>
          <testName>test     84</testName>
          <skipped>false</skipped>
          <failedSince>0</failedSince>
        </case>
        <case>
          <duration>0.0</duration>
          <className>make_test.t_uri_text_t</className>
          <testName>test     85</testName>
          <skipped>false</skipped>
          <failedSince>0</failedSince>
        </case>
        <case>
          <duration>0.0</duration>
          <className>make_test.t_uri_text_t</className>
          <testName>test     86</testName>
          <skipped>false</skipped>
          <failedSince>0</failedSince>
        </case>
        <case>
          <duration>0.0</duration>
          <className>make_test.t_uri_text_t</className>
          <testName>test     87</testName>
          <skipped>false</skipped>
          <failedSince>0</failedSince>
        </case>
        <case>
          <duration>0.0</duration>
          <className>make_test.t_uri_text_t</className>
          <testName>test     88</testName>
          <skipped>false</skipped>
          <failedSince>0</failedSince>
        </case>
        <case>
          <duration>0.0</duration>
          <className>make_test.t_uri_text_t</className>
          <testName>test     89</testName>
          <skipped>false</skipped>
          <failedSince>0</failedSince>
        </case>
        <case>
          <duration>0.0</duration>
          <className>make_test.t_uri_text_t</className>
          <testName>test     90</testName>
          <skipped>false</skipped>
          <failedSince>0</failedSince>
        </case>
        <case>
          <duration>0.0</duration>
          <className>make_test.t_uri_text_t</className>
          <testName>test     91</testName>
          <skipped>false</skipped>
          <failedSince>0</failedSince>
        </case>
        <case>
          <duration>0.0</duration>
          <className>make_test.t_uri_text_t</className>
          <testName>test     92</testName>
          <skipped>false</skipped>
          <failedSince>0</failedSince>
        </case>
        <case>
          <duration>0.0</duration>
          <className>make_test.t_uri_text_t</className>
          <testName>test     93</testName>
          <skipped>false</skipped>
          <failedSince>0</failedSince>
        </case>
        <case>
          <duration>0.0</duration>
          <className>make_test.t_uri_text_t</className>
          <testName>test     94</testName>
          <skipped>false</skipped>
          <failedSince>0</failedSince>
        </case>
        <case>
          <duration>0.0</duration>
          <className>make_test.t_uri_text_t</className>
          <testName>test     95</testName>
          <skipped>false</skipped>
          <failedSince>0</failedSince>
        </case>
        <case>
          <duration>0.0</duration>
          <className>make_test.t_uri_text_t</className>
          <testName>test     96</testName>
          <skipped>false</skipped>
          <failedSince>0</failedSince>
        </case>
        <case>
          <duration>0.0</duration>
          <className>make_test.t_uri_text_t</className>
          <testName>test     97</testName>
          <skipped>false</skipped>
          <failedSince>0</failedSince>
        </case>
        <case>
          <duration>0.0</duration>
          <className>make_test.t_uri_text_t</className>
          <testName>test     98</testName>
          <skipped>false</skipped>
          <failedSince>0</failedSince>
        </case>
        <case>
          <duration>0.0</duration>
          <className>make_test.t_uri_text_t</className>
          <testName>test     99</testName>
          <skipped>false</skipped>
          <failedSince>0</failedSince>
        </case>
        <case>
          <duration>0.0</duration>
          <className>make_test.t_uri_text_t</className>
          <testName>test    100</testName>
          <skipped>false</skipped>
          <failedSince>0</failedSince>
        </case>
        <case>
          <duration>0.0</duration>
          <className>make_test.t_uri_text_t</className>
          <testName>test    101</testName>
          <skipped>false</skipped>
          <failedSince>0</failedSince>
        </case>
        <case>
          <duration>0.0</duration>
          <className>make_test.t_uri_text_t</className>
          <testName>test    102</testName>
          <skipped>false</skipped>
          <failedSince>0</failedSince>
        </case>
        <case>
          <duration>0.0</duration>
          <className>make_test.t_uri_text_t</className>
          <testName>test    103</testName>
          <skipped>false</skipped>
          <failedSince>0</failedSince>
        </case>
        <case>
          <duration>0.0</duration>
          <className>make_test.t_uri_text_t</className>
          <testName>test    104</testName>
          <skipped>false</skipped>
          <failedSince>0</failedSince>
        </case>
        <case>
          <duration>0.0</duration>
          <className>make_test.t_uri_text_t</className>
          <testName>test    105</testName>
          <skipped>false</skipped>
          <failedSince>0</failedSince>
        </case>
        <case>
          <duration>0.0</duration>
          <className>make_test.t_uri_text_t</className>
          <testName>test    106</testName>
          <skipped>false</skipped>
          <failedSince>0</failedSince>
        </case>
        <case>
          <duration>0.0</duration>
          <className>make_test.t_uri_text_t</className>
          <testName>test    107</testName>
          <skipped>false</skipped>
          <failedSince>0</failedSince>
        </case>
        <case>
          <duration>0.0</duration>
          <className>make_test.t_uri_text_t</className>
          <testName>test    108</testName>
          <skipped>false</skipped>
          <failedSince>0</failedSince>
        </case>
        <case>
          <duration>0.0</duration>
          <className>make_test.t_uri_text_t</className>
          <testName>test    109</testName>
          <skipped>false</skipped>
          <failedSince>0</failedSince>
        </case>
        <case>
          <duration>0.0</duration>
          <className>make_test.t_uri_text_t</className>
          <testName>test    110</testName>
          <skipped>false</skipped>
          <failedSince>0</failedSince>
        </case>
        <case>
          <duration>0.0</duration>
          <className>make_test.t_uri_text_t</className>
          <testName>test    111</testName>
          <skipped>false</skipped>
          <failedSince>0</failedSince>
        </case>
        <case>
          <duration>0.0</duration>
          <className>make_test.t_uri_text_t</className>
          <testName>test    112</testName>
          <skipped>false</skipped>
          <failedSince>0</failedSince>
        </case>
        <case>
          <duration>0.0</duration>
          <className>make_test.t_uri_text_t</className>
          <testName>test    113</testName>
          <skipped>false</skipped>
          <failedSince>0</failedSince>
        </case>
        <case>
          <duration>0.0</duration>
          <className>make_test.t_uri_text_t</className>
          <testName>test    114</testName>
          <skipped>false</skipped>
          <failedSince>0</failedSince>
        </case>
        <case>
          <duration>0.0</duration>
          <className>make_test.t_uri_text_t</className>
          <testName>test    115</testName>
          <skipped>false</skipped>
          <failedSince>0</failedSince>
        </case>
        <case>
          <duration>0.0</duration>
          <className>make_test.t_uri_text_t</className>
          <testName>test    116</testName>
          <skipped>false</skipped>
          <failedSince>0</failedSince>
        </case>
        <case>
          <duration>0.0</duration>
          <className>make_test.t_uri_text_t</className>
          <testName>test    117</testName>
          <skipped>false</skipped>
          <failedSince>0</failedSince>
        </case>
        <case>
          <duration>0.0</duration>
          <className>make_test.t_uri_text_t</className>
          <testName>test    118</testName>
          <skipped>false</skipped>
          <failedSince>0</failedSince>
        </case>
        <case>
          <duration>0.0</duration>
          <className>make_test.t_uri_text_t</className>
          <testName>test    119</testName>
          <skipped>false</skipped>
          <failedSince>0</failedSince>
        </case>
        <case>
          <duration>0.0</duration>
          <className>make_test.t_uri_text_t</className>
          <testName>test    120</testName>
          <skipped>false</skipped>
          <failedSince>0</failedSince>
        </case>
        <case>
          <duration>0.0</duration>
          <className>make_test.t_uri_text_t</className>
          <testName>test    121</testName>
          <skipped>false</skipped>
          <failedSince>0</failedSince>
        </case>
        <case>
          <duration>0.0</duration>
          <className>make_test.t_uri_text_t</className>
          <testName>test    122</testName>
          <skipped>false</skipped>
          <failedSince>0</failedSince>
        </case>
        <case>
          <duration>0.0</duration>
          <className>make_test.t_uri_text_t</className>
          <testName>test    123</testName>
          <skipped>false</skipped>
          <failedSince>0</failedSince>
        </case>
        <case>
          <duration>0.0</duration>
          <className>make_test.t_uri_text_t</className>
          <testName>test    124</testName>
          <skipped>false</skipped>
          <failedSince>0</failedSince>
        </case>
        <case>
          <duration>0.0</duration>
          <className>make_test.t_uri_text_t</className>
          <testName>test    125</testName>
          <skipped>false</skipped>
          <failedSince>0</failedSince>
        </case>
        <case>
          <duration>0.0</duration>
          <className>make_test.t_uri_text_t</className>
          <testName>test    126</testName>
          <skipped>false</skipped>
          <failedSince>0</failedSince>
        </case>
        <case>
          <duration>0.0</duration>
          <className>make_test.t_uri_text_t</className>
          <testName>test    127</testName>
          <skipped>false</skipped>
          <failedSince>0</failedSince>
        </case>
        <case>
          <duration>0.0</duration>
          <className>make_test.t_uri_text_t</className>
          <testName>test    128</testName>
          <skipped>false</skipped>
          <failedSince>0</failedSince>
        </case>
        <case>
          <duration>0.0</duration>
          <className>make_test.t_uri_text_t</className>
          <testName>test    129</testName>
          <skipped>false</skipped>
          <failedSince>0</failedSince>
        </case>
        <case>
          <duration>0.0</duration>
          <className>make_test.t_uri_text_t</className>
          <testName>test    130</testName>
          <skipped>false</skipped>
          <failedSince>0</failedSince>
        </case>
        <case>
          <duration>0.0</duration>
          <className>make_test.t_uri_text_t</className>
          <testName>test    131</testName>
          <skipped>false</skipped>
          <failedSince>0</failedSince>
        </case>
        <case>
          <duration>0.0</duration>
          <className>make_test.t_uri_text_t</className>
          <testName>test    132</testName>
          <skipped>false</skipped>
          <failedSince>0</failedSince>
        </case>
        <case>
          <duration>0.0</duration>
          <className>make_test.t_uri_text_t</className>
          <testName>test    133</testName>
          <skipped>false</skipped>
          <failedSince>0</failedSince>
        </case>
        <case>
          <duration>0.0</duration>
          <className>make_test.t_uri_text_t</className>
          <testName>test    134</testName>
          <skipped>false</skipped>
          <failedSince>0</failedSince>
        </case>
        <case>
          <duration>0.0</duration>
          <className>make_test.t_uri_text_t</className>
          <testName>test    135</testName>
          <skipped>false</skipped>
          <failedSince>0</failedSince>
        </case>
        <case>
          <duration>0.0</duration>
          <className>make_test.t_uri_text_t</className>
          <testName>test    136</testName>
          <skipped>false</skipped>
          <failedSince>0</failedSince>
        </case>
        <case>
          <duration>0.0</duration>
          <className>make_test.t_uri_text_t</className>
          <testName>test    137</testName>
          <skipped>false</skipped>
          <failedSince>0</failedSince>
        </case>
        <case>
          <duration>0.0</duration>
          <className>make_test.t_uri_text_t</className>
          <testName>test    138</testName>
          <skipped>false</skipped>
          <failedSince>0</failedSince>
        </case>
        <case>
          <duration>0.0</duration>
          <className>make_test.t_uri_text_t</className>
          <testName>test    139</testName>
          <skipped>false</skipped>
          <failedSince>0</failedSince>
        </case>
        <case>
          <duration>0.0</duration>
          <className>make_test.t_uri_text_t</className>
          <testName>test    140</testName>
          <skipped>false</skipped>
          <failedSince>0</failedSince>
        </case>
        <case>
          <duration>0.0</duration>
          <className>make_test.t_uri_text_t</className>
          <testName>test    141</testName>
          <skipped>false</skipped>
          <failedSince>0</failedSince>
        </case>
        <case>
          <duration>0.0</duration>
          <className>make_test.t_uri_text_t</className>
          <testName>test    142</testName>
          <skipped>false</skipped>
          <failedSince>0</failedSince>
        </case>
        <case>
          <duration>0.0</duration>
          <className>make_test.t_uri_text_t</className>
          <testName>test    143</testName>
          <skipped>false</skipped>
          <failedSince>0</failedSince>
        </case>
        <case>
          <duration>0.0</duration>
          <className>make_test.t_uri_text_t</className>
          <testName>test    144</testName>
          <skipped>false</skipped>
          <failedSince>0</failedSince>
        </case>
        <case>
          <duration>0.0</duration>
          <className>make_test.t_uri_text_t</className>
          <testName>test    145</testName>
          <skipped>false</skipped>
          <failedSince>0</failedSince>
        </case>
        <case>
          <duration>0.0</duration>
          <className>make_test.t_uri_text_t</className>
          <testName>test    146</testName>
          <skipped>false</skipped>
          <failedSince>0</failedSince>
        </case>
        <case>
          <duration>0.0</duration>
          <className>make_test.t_uri_text_t</className>
          <testName>test    147</testName>
          <skipped>false</skipped>
          <failedSince>0</failedSince>
        </case>
        <case>
          <duration>0.0</duration>
          <className>make_test.t_uri_text_t</className>
          <testName>test    148</testName>
          <skipped>false</skipped>
          <failedSince>0</failedSince>
        </case>
        <case>
          <duration>0.0</duration>
          <className>make_test.t_uri_text_t</className>
          <testName>test    149</testName>
          <skipped>false</skipped>
          <failedSince>0</failedSince>
        </case>
        <case>
          <duration>0.0</duration>
          <className>make_test.t_uri_text_t</className>
          <testName>test    150</testName>
          <skipped>false</skipped>
          <failedSince>0</failedSince>
        </case>
        <case>
          <duration>0.0</duration>
          <className>make_test.t_uri_text_t</className>
          <testName>test    151</testName>
          <skipped>false</skipped>
          <failedSince>0</failedSince>
        </case>
        <case>
          <duration>0.0</duration>
          <className>make_test.t_uri_text_t</className>
          <testName>test    152</testName>
          <skipped>false</skipped>
          <failedSince>0</failedSince>
        </case>
        <case>
          <duration>0.0</duration>
          <className>make_test.t_uri_text_t</className>
          <testName>test    153</testName>
          <skipped>false</skipped>
          <failedSince>0</failedSince>
        </case>
        <case>
          <duration>0.0</duration>
          <className>make_test.t_uri_text_t</className>
          <testName>test    154</testName>
          <skipped>false</skipped>
          <failedSince>0</failedSince>
        </case>
        <case>
          <duration>0.0</duration>
          <className>make_test.t_uri_text_t</className>
          <testName>test    155</testName>
          <skipped>false</skipped>
          <failedSince>0</failedSince>
        </case>
        <case>
          <duration>0.0</duration>
          <className>make_test.t_uri_text_t</className>
          <testName>test    156</testName>
          <skipped>false</skipped>
          <failedSince>0</failedSince>
        </case>
        <case>
          <duration>0.0</duration>
          <className>make_test.t_uri_text_t</className>
          <testName>test    157</testName>
          <skipped>false</skipped>
          <failedSince>0</failedSince>
        </case>
        <case>
          <duration>0.0</duration>
          <className>make_test.t_uri_text_t</className>
          <testName>test    158</testName>
          <skipped>false</skipped>
          <failedSince>0</failedSince>
        </case>
        <case>
          <duration>0.0</duration>
          <className>make_test.t_uri_text_t</className>
          <testName>test    159</testName>
          <skipped>false</skipped>
          <failedSince>0</failedSince>
        </case>
        <case>
          <duration>0.0</duration>
          <className>make_test.t_uri_text_t</className>
          <testName>test    160</testName>
          <skipped>false</skipped>
          <failedSince>0</failedSince>
        </case>
        <case>
          <duration>0.0</duration>
          <className>make_test.t_uri_text_t</className>
          <testName>test    161</testName>
          <skipped>false</skipped>
          <failedSince>0</failedSince>
        </case>
        <case>
          <duration>0.0</duration>
          <className>make_test.t_uri_text_t</className>
          <testName>test    162</testName>
          <skipped>false</skipped>
          <failedSince>0</failedSince>
        </case>
        <case>
          <duration>0.0</duration>
          <className>make_test.t_uri_text_t</className>
          <testName>test    163</testName>
          <skipped>false</skipped>
          <failedSince>0</failedSince>
        </case>
        <case>
          <duration>0.0</duration>
          <className>make_test.t_uri_text_t</className>
          <testName>test    164</testName>
          <skipped>false</skipped>
          <failedSince>0</failedSince>
        </case>
        <case>
          <duration>0.0</duration>
          <className>make_test.t_uri_text_t</className>
          <testName>test    165</testName>
          <skipped>false</skipped>
          <failedSince>0</failedSince>
        </case>
        <case>
          <duration>0.0</duration>
          <className>make_test.t_uri_text_t</className>
          <testName>test    166</testName>
          <skipped>false</skipped>
          <failedSince>0</failedSince>
        </case>
        <case>
          <duration>0.0</duration>
          <className>make_test.t_uri_text_t</className>
          <testName>test    167</testName>
          <skipped>false</skipped>
          <failedSince>0</failedSince>
        </case>
        <case>
          <duration>0.0</duration>
          <className>make_test.t_uri_text_t</className>
          <testName>test    168</testName>
          <skipped>false</skipped>
          <failedSince>0</failedSince>
        </case>
        <case>
          <duration>0.0</duration>
          <className>make_test.t_uri_text_t</className>
          <testName>test    169</testName>
          <skipped>false</skipped>
          <failedSince>0</failedSince>
        </case>
        <case>
          <duration>0.0</duration>
          <className>make_test.t_uri_text_t</className>
          <testName>test    170</testName>
          <skipped>false</skipped>
          <failedSince>0</failedSince>
        </case>
        <case>
          <duration>0.0</duration>
          <className>make_test.t_uri_text_t</className>
          <testName>test    171</testName>
          <skipped>false</skipped>
          <failedSince>0</failedSince>
        </case>
        <case>
          <duration>0.0</duration>
          <className>make_test.t_uri_text_t</className>
          <testName>test    172</testName>
          <skipped>false</skipped>
          <failedSince>0</failedSince>
        </case>
        <case>
          <duration>0.0</duration>
          <className>make_test.t_uri_text_t</className>
          <testName>test    173</testName>
          <skipped>false</skipped>
          <failedSince>0</failedSince>
        </case>
        <case>
          <duration>0.0</duration>
          <className>make_test.t_uri_text_t</className>
          <testName>test    174</testName>
          <skipped>false</skipped>
          <failedSince>0</failedSince>
        </case>
        <case>
          <duration>0.0</duration>
          <className>make_test.t_uri_text_t</className>
          <testName>test    175</testName>
          <skipped>false</skipped>
          <failedSince>0</failedSince>
        </case>
        <case>
          <duration>0.0</duration>
          <className>make_test.t_uri_text_t</className>
          <testName>test    176</testName>
          <skipped>false</skipped>
          <failedSince>0</failedSince>
        </case>
        <case>
          <duration>0.0</duration>
          <className>make_test.t_uri_text_t</className>
          <testName>test    177</testName>
          <skipped>false</skipped>
          <failedSince>0</failedSince>
        </case>
        <case>
          <duration>0.0</duration>
          <className>make_test.t_uri_text_t</className>
          <testName>test    178</testName>
          <skipped>false</skipped>
          <failedSince>0</failedSince>
        </case>
        <case>
          <duration>0.0</duration>
          <className>make_test.t_uri_text_t</className>
          <testName>test    179</testName>
          <skipped>false</skipped>
          <failedSince>0</failedSince>
        </case>
        <case>
          <duration>0.0</duration>
          <className>make_test.t_uri_text_t</className>
          <testName>test    180</testName>
          <skipped>false</skipped>
          <failedSince>0</failedSince>
        </case>
        <case>
          <duration>0.0</duration>
          <className>make_test.t_uri_text_t</className>
          <testName>test    181</testName>
          <skipped>false</skipped>
          <failedSince>0</failedSince>
        </case>
        <case>
          <duration>0.0</duration>
          <className>make_test.t_uri_text_t</className>
          <testName>test    182</testName>
          <skipped>false</skipped>
          <failedSince>0</failedSince>
        </case>
        <case>
          <duration>0.0</duration>
          <className>make_test.t_uri_text_t</className>
          <testName>test    183</testName>
          <skipped>false</skipped>
          <failedSince>0</failedSince>
        </case>
        <case>
          <duration>0.0</duration>
          <className>make_test.t_uri_text_t</className>
          <testName>test    184</testName>
          <skipped>false</skipped>
          <failedSince>0</failedSince>
        </case>
        <case>
          <duration>0.0</duration>
          <className>make_test.t_uri_text_t</className>
          <testName>test    185</testName>
          <skipped>false</skipped>
          <failedSince>0</failedSince>
        </case>
        <case>
          <duration>0.0</duration>
          <className>make_test.t_uri_text_t</className>
          <testName>test    186</testName>
          <skipped>false</skipped>
          <failedSince>0</failedSince>
        </case>
        <case>
          <duration>0.0</duration>
          <className>make_test.t_uri_text_t</className>
          <testName>test    187</testName>
          <skipped>false</skipped>
          <failedSince>0</failedSince>
        </case>
        <case>
          <duration>0.0</duration>
          <className>make_test.t_uri_text_t</className>
          <testName>test    188</testName>
          <skipped>false</skipped>
          <failedSince>0</failedSince>
        </case>
        <case>
          <duration>0.0</duration>
          <className>make_test.t_uri_text_t</className>
          <testName>test    189</testName>
          <skipped>false</skipped>
          <failedSince>0</failedSince>
        </case>
        <case>
          <duration>0.0</duration>
          <className>make_test.t_uri_text_t</className>
          <testName>test    190</testName>
          <skipped>false</skipped>
          <failedSince>0</failedSince>
        </case>
        <case>
          <duration>0.0</duration>
          <className>make_test.t_uri_text_t</className>
          <testName>test    191</testName>
          <skipped>false</skipped>
          <failedSince>0</failedSince>
        </case>
        <case>
          <duration>0.0</duration>
          <className>make_test.t_uri_text_t</className>
          <testName>test    192</testName>
          <skipped>false</skipped>
          <failedSince>0</failedSince>
        </case>
        <case>
          <duration>0.0</duration>
          <className>make_test.t_uri_text_t</className>
          <testName>test    193</testName>
          <skipped>false</skipped>
          <failedSince>0</failedSince>
        </case>
        <case>
          <duration>0.0</duration>
          <className>make_test.t_uri_text_t</className>
          <testName>test    194</testName>
          <skipped>false</skipped>
          <failedSince>0</failedSince>
        </case>
        <case>
          <duration>0.0</duration>
          <className>make_test.t_uri_text_t</className>
          <testName>test    195</testName>
          <skipped>false</skipped>
          <failedSince>0</failedSince>
        </case>
        <case>
          <duration>0.0</duration>
          <className>make_test.t_uri_text_t</className>
          <testName>test    196</testName>
          <skipped>false</skipped>
          <failedSince>0</failedSince>
        </case>
        <case>
          <duration>0.0</duration>
          <className>make_test.t_uri_text_t</className>
          <testName>test    197</testName>
          <skipped>false</skipped>
          <failedSince>0</failedSince>
        </case>
        <case>
          <duration>0.0</duration>
          <className>make_test.t_uri_text_t</className>
          <testName>test    198</testName>
          <skipped>false</skipped>
          <failedSince>0</failedSince>
        </case>
        <case>
          <duration>0.0</duration>
          <className>make_test.t_uri_text_t</className>
          <testName>test    199</testName>
          <skipped>false</skipped>
          <failedSince>0</failedSince>
        </case>
        <case>
          <duration>0.0</duration>
          <className>make_test.t_uri_text_t</className>
          <testName>test    200</testName>
          <skipped>false</skipped>
          <failedSince>0</failedSince>
        </case>
        <case>
          <duration>0.0</duration>
          <className>make_test.t_uri_text_t</className>
          <testName>test    201</testName>
          <skipped>false</skipped>
          <failedSince>0</failedSince>
        </case>
        <case>
          <duration>0.0</duration>
          <className>make_test.t_uri_text_t</className>
          <testName>test    202</testName>
          <skipped>false</skipped>
          <failedSince>0</failedSince>
        </case>
        <case>
          <duration>0.0</duration>
          <className>make_test.t_uri_text_t</className>
          <testName>test    203</testName>
          <skipped>false</skipped>
          <failedSince>0</failedSince>
        </case>
        <case>
          <duration>0.0</duration>
          <className>make_test.t_uri_text_t</className>
          <testName>test    204</testName>
          <skipped>false</skipped>
          <failedSince>0</failedSince>
        </case>
        <case>
          <duration>0.0</duration>
          <className>make_test.t_uri_text_t</className>
          <testName>test    205</testName>
          <skipped>false</skipped>
          <failedSince>0</failedSince>
        </case>
        <case>
          <duration>0.0</duration>
          <className>make_test.t_uri_text_t</className>
          <testName>test    206</testName>
          <skipped>false</skipped>
          <failedSince>0</failedSince>
        </case>
        <case>
          <duration>0.0</duration>
          <className>make_test.t_uri_text_t</className>
          <testName>test    207</testName>
          <skipped>false</skipped>
          <failedSince>0</failedSince>
        </case>
        <case>
          <duration>0.0</duration>
          <className>make_test.t_uri_text_t</className>
          <testName>test    208</testName>
          <skipped>false</skipped>
          <failedSince>0</failedSince>
        </case>
        <case>
          <duration>0.0</duration>
          <className>make_test.t_uri_text_t</className>
          <testName>test    209</testName>
          <skipped>false</skipped>
          <failedSince>0</failedSince>
        </case>
        <case>
          <duration>0.0</duration>
          <className>make_test.t_uri_text_t</className>
          <testName>test    210</testName>
          <skipped>false</skipped>
          <failedSince>0</failedSince>
        </case>
        <case>
          <duration>0.0</duration>
          <className>make_test.t_uri_text_t</className>
          <testName>test    211</testName>
          <skipped>false</skipped>
          <failedSince>0</failedSince>
        </case>
        <case>
          <duration>0.0</duration>
          <className>make_test.t_uri_text_t</className>
          <testName>test    212</testName>
          <skipped>false</skipped>
          <failedSince>0</failedSince>
        </case>
        <case>
          <duration>0.0</duration>
          <className>make_test.t_uri_text_t</className>
          <testName>test    213</testName>
          <skipped>false</skipped>
          <failedSince>0</failedSince>
        </case>
        <case>
          <duration>0.0</duration>
          <className>make_test.t_uri_text_t</className>
          <testName>test    214</testName>
          <skipped>false</skipped>
          <failedSince>0</failedSince>
        </case>
        <case>
          <duration>0.0</duration>
          <className>make_test.t_uri_text_t</className>
          <testName>test    215</testName>
          <skipped>false</skipped>
          <failedSince>0</failedSince>
        </case>
        <case>
          <duration>0.0</duration>
          <className>make_test.t_uri_text_t</className>
          <testName>test    216</testName>
          <skipped>false</skipped>
          <failedSince>0</failedSince>
        </case>
        <case>
          <duration>0.0</duration>
          <className>make_test.t_uri_text_t</className>
          <testName>test    217</testName>
          <skipped>false</skipped>
          <failedSince>0</failedSince>
        </case>
        <case>
          <duration>0.0</duration>
          <className>make_test.t_uri_text_t</className>
          <testName>test    218</testName>
          <skipped>false</skipped>
          <failedSince>0</failedSince>
        </case>
        <case>
          <duration>0.0</duration>
          <className>make_test.t_uri_text_t</className>
          <testName>test    219</testName>
          <skipped>false</skipped>
          <failedSince>0</failedSince>
        </case>
        <case>
          <duration>0.0</duration>
          <className>make_test.t_uri_text_t</className>
          <testName>test    220</testName>
          <skipped>false</skipped>
          <failedSince>0</failedSince>
        </case>
        <case>
          <duration>0.0</duration>
          <className>make_test.t_uri_text_t</className>
          <testName>test    221</testName>
          <skipped>false</skipped>
          <failedSince>0</failedSince>
        </case>
        <case>
          <duration>0.0</duration>
          <className>make_test.t_uri_text_t</className>
          <testName>test    222</testName>
          <skipped>false</skipped>
          <failedSince>0</failedSince>
        </case>
        <case>
          <duration>0.0</duration>
          <className>make_test.t_uri_text_t</className>
          <testName>test    223</testName>
          <skipped>false</skipped>
          <failedSince>0</failedSince>
        </case>
        <case>
          <duration>0.0</duration>
          <className>make_test.t_uri_text_t</className>
          <testName>test    224</testName>
          <skipped>false</skipped>
          <failedSince>0</failedSince>
        </case>
        <case>
          <duration>0.0</duration>
          <className>make_test.t_uri_text_t</className>
          <testName>test    225</testName>
          <skipped>false</skipped>
          <failedSince>0</failedSince>
        </case>
        <case>
          <duration>0.0</duration>
          <className>make_test.t_uri_text_t</className>
          <testName>test    226</testName>
          <skipped>false</skipped>
          <failedSince>0</failedSince>
        </case>
        <case>
          <duration>0.0</duration>
          <className>make_test.t_uri_text_t</className>
          <testName>test    227</testName>
          <skipped>false</skipped>
          <failedSince>0</failedSince>
        </case>
        <case>
          <duration>0.0</duration>
          <className>make_test.t_uri_text_t</className>
          <testName>test    228</testName>
          <skipped>false</skipped>
          <failedSince>0</failedSince>
        </case>
        <case>
          <duration>0.0</duration>
          <className>make_test.t_uri_text_t</className>
          <testName>test    229</testName>
          <skipped>false</skipped>
          <failedSince>0</failedSince>
        </case>
        <case>
          <duration>0.0</duration>
          <className>make_test.t_uri_text_t</className>
          <testName>test    230</testName>
          <skipped>false</skipped>
          <failedSince>0</failedSince>
        </case>
        <case>
          <duration>0.0</duration>
          <className>make_test.t_uri_text_t</className>
          <testName>test    231</testName>
          <skipped>false</skipped>
          <failedSince>0</failedSince>
        </case>
        <case>
          <duration>0.0</duration>
          <className>make_test.t_uri_text_t</className>
          <testName>test    232</testName>
          <skipped>false</skipped>
          <failedSince>0</failedSince>
        </case>
        <case>
          <duration>0.0</duration>
          <className>make_test.t_uri_text_t</className>
          <testName>test    233</testName>
          <skipped>false</skipped>
          <failedSince>0</failedSince>
        </case>
        <case>
          <duration>0.0</duration>
          <className>make_test.t_uri_text_t</className>
          <testName>test    234</testName>
          <skipped>false</skipped>
          <failedSince>0</failedSince>
        </case>
        <case>
          <duration>0.0</duration>
          <className>make_test.t_uri_text_t</className>
          <testName>test    235</testName>
          <skipped>false</skipped>
          <failedSince>0</failedSince>
        </case>
        <case>
          <duration>0.0</duration>
          <className>make_test.t_uri_text_t</className>
          <testName>test    236</testName>
          <skipped>false</skipped>
          <failedSince>0</failedSince>
        </case>
        <case>
          <duration>0.0</duration>
          <className>make_test.t_uri_text_t</className>
          <testName>test    237</testName>
          <skipped>false</skipped>
          <failedSince>0</failedSince>
        </case>
        <case>
          <duration>0.0</duration>
          <className>make_test.t_uri_text_t</className>
          <testName>test    238</testName>
          <skipped>false</skipped>
          <failedSince>0</failedSince>
        </case>
        <case>
          <duration>0.0</duration>
          <className>make_test.t_uri_text_t</className>
          <testName>test    239</testName>
          <skipped>false</skipped>
          <failedSince>0</failedSince>
        </case>
        <case>
          <duration>0.0</duration>
          <className>make_test.t_uri_text_t</className>
          <testName>test    240</testName>
          <skipped>false</skipped>
          <failedSince>0</failedSince>
        </case>
        <case>
          <duration>0.0</duration>
          <className>make_test.t_uri_text_t</className>
          <testName>test    241</testName>
          <skipped>false</skipped>
          <failedSince>0</failedSince>
        </case>
        <case>
          <duration>0.0</duration>
          <className>make_test.t_uri_text_t</className>
          <testName>test    242</testName>
          <skipped>false</skipped>
          <failedSince>0</failedSince>
        </case>
        <case>
          <duration>0.0</duration>
          <className>make_test.t_uri_text_t</className>
          <testName>test    243</testName>
          <skipped>false</skipped>
          <failedSince>0</failedSince>
        </case>
        <case>
          <duration>0.0</duration>
          <className>make_test.t_uri_text_t</className>
          <testName>test    244</testName>
          <skipped>false</skipped>
          <failedSince>0</failedSince>
        </case>
        <case>
          <duration>0.0</duration>
          <className>make_test.t_uri_text_t</className>
          <testName>test    245</testName>
          <skipped>false</skipped>
          <failedSince>0</failedSince>
        </case>
        <case>
          <duration>0.0</duration>
          <className>make_test.t_uri_text_t</className>
          <testName>test    246</testName>
          <skipped>false</skipped>
          <failedSince>0</failedSince>
        </case>
        <case>
          <duration>0.0</duration>
          <className>make_test.t_uri_text_t</className>
          <testName>test    247</testName>
          <skipped>false</skipped>
          <failedSince>0</failedSince>
        </case>
        <case>
          <duration>0.0</duration>
          <className>make_test.t_uri_text_t</className>
          <testName>test    248</testName>
          <skipped>false</skipped>
          <failedSince>0</failedSince>
        </case>
        <case>
          <duration>0.0</duration>
          <className>make_test.t_uri_text_t</className>
          <testName>test    249</testName>
          <skipped>false</skipped>
          <failedSince>0</failedSince>
        </case>
        <case>
          <duration>0.0</duration>
          <className>make_test.t_uri_text_t</className>
          <testName>test    250</testName>
          <skipped>false</skipped>
          <failedSince>0</failedSince>
        </case>
        <case>
          <duration>0.0</duration>
          <className>make_test.t_uri_text_t</className>
          <testName>test    251</testName>
          <skipped>false</skipped>
          <failedSince>0</failedSince>
        </case>
        <case>
          <duration>0.0</duration>
          <className>make_test.t_uri_text_t</className>
          <testName>test    252</testName>
          <skipped>false</skipped>
          <failedSince>0</failedSince>
        </case>
        <case>
          <duration>0.0</duration>
          <className>make_test.t_uri_text_t</className>
          <testName>test    253</testName>
          <skipped>false</skipped>
          <failedSince>0</failedSince>
        </case>
        <case>
          <duration>0.0</duration>
          <className>make_test.t_uri_text_t</className>
          <testName>test    254</testName>
          <skipped>false</skipped>
          <failedSince>0</failedSince>
        </case>
        <case>
          <duration>0.0</duration>
          <className>make_test.t_uri_text_t</className>
          <testName>test    255</testName>
          <skipped>false</skipped>
          <failedSince>0</failedSince>
        </case>
        <case>
          <duration>0.0</duration>
          <className>make_test.t_uri_text_t</className>
          <testName>test    256</testName>
          <skipped>false</skipped>
          <failedSince>0</failedSince>
        </case>
        <case>
          <duration>0.0</duration>
          <className>make_test.t_uri_text_t</className>
          <testName>test    257</testName>
          <skipped>false</skipped>
          <failedSince>0</failedSince>
        </case>
        <case>
          <duration>0.0</duration>
          <className>make_test.t_uri_text_t</className>
          <testName>test    258</testName>
          <skipped>false</skipped>
          <failedSince>0</failedSince>
        </case>
        <case>
          <duration>0.0</duration>
          <className>make_test.t_uri_text_t</className>
          <testName>test    259</testName>
          <skipped>false</skipped>
          <failedSince>0</failedSince>
        </case>
        <case>
          <duration>0.0</duration>
          <className>make_test.t_uri_text_t</className>
          <testName>test    260</testName>
          <skipped>false</skipped>
          <failedSince>0</failedSince>
        </case>
        <case>
          <duration>0.0</duration>
          <className>make_test.t_uri_text_t</className>
          <testName>test    261</testName>
          <skipped>false</skipped>
          <failedSince>0</failedSince>
        </case>
        <case>
          <duration>0.0</duration>
          <className>make_test.t_uri_text_t</className>
          <testName>test    262</testName>
          <skipped>false</skipped>
          <failedSince>0</failedSince>
        </case>
        <case>
          <duration>0.0</duration>
          <className>make_test.t_uri_text_t</className>
          <testName>test    263</testName>
          <skipped>false</skipped>
          <failedSince>0</failedSince>
        </case>
        <case>
          <duration>0.0</duration>
          <className>make_test.t_uri_text_t</className>
          <testName>test    264</testName>
          <skipped>false</skipped>
          <failedSince>0</failedSince>
        </case>
        <case>
          <duration>0.0</duration>
          <className>make_test.t_uri_text_t</className>
          <testName>test    265</testName>
          <skipped>false</skipped>
          <failedSince>0</failedSince>
        </case>
        <case>
          <duration>0.0</duration>
          <className>make_test.t_uri_text_t</className>
          <testName>test    266</testName>
          <skipped>false</skipped>
          <failedSince>0</failedSince>
        </case>
        <case>
          <duration>0.0</duration>
          <className>make_test.t_uri_text_t</className>
          <testName>test    267</testName>
          <skipped>false</skipped>
          <failedSince>0</failedSince>
        </case>
        <case>
          <duration>0.0</duration>
          <className>make_test.t_uri_text_t</className>
          <testName>test    268</testName>
          <skipped>false</skipped>
          <failedSince>0</failedSince>
        </case>
        <case>
          <duration>0.0</duration>
          <className>make_test.t_uri_text_t</className>
          <testName>test    269</testName>
          <skipped>false</skipped>
          <failedSince>0</failedSince>
        </case>
        <case>
          <duration>0.0</duration>
          <className>make_test.t_uri_text_t</className>
          <testName>test    270</testName>
          <skipped>false</skipped>
          <failedSince>0</failedSince>
        </case>
        <case>
          <duration>0.0</duration>
          <className>make_test.t_uri_text_t</className>
          <testName>test    271</testName>
          <skipped>false</skipped>
          <failedSince>0</failedSince>
        </case>
        <case>
          <duration>0.0</duration>
          <className>make_test.t_uri_text_t</className>
          <testName>test    272</testName>
          <skipped>false</skipped>
          <failedSince>0</failedSince>
        </case>
        <case>
          <duration>0.0</duration>
          <className>make_test.t_uri_text_t</className>
          <testName>test    273</testName>
          <skipped>false</skipped>
          <failedSince>0</failedSince>
        </case>
        <case>
          <duration>0.0</duration>
          <className>make_test.t_uri_text_t</className>
          <testName>test    274</testName>
          <skipped>false</skipped>
          <failedSince>0</failedSince>
        </case>
        <case>
          <duration>0.0</duration>
          <className>make_test.t_uri_text_t</className>
          <testName>test    275</testName>
          <skipped>false</skipped>
          <failedSince>0</failedSince>
        </case>
        <case>
          <duration>0.0</duration>
          <className>make_test.t_uri_text_t</className>
          <testName>test    276</testName>
          <skipped>false</skipped>
          <failedSince>0</failedSince>
        </case>
        <case>
          <duration>0.0</duration>
          <className>make_test.t_uri_text_t</className>
          <testName>test    277</testName>
          <skipped>false</skipped>
          <failedSince>0</failedSince>
        </case>
        <case>
          <duration>0.0</duration>
          <className>make_test.t_uri_text_t</className>
          <testName>test    278</testName>
          <skipped>false</skipped>
          <failedSince>0</failedSince>
        </case>
        <case>
          <duration>0.0</duration>
          <className>make_test.t_uri_text_t</className>
          <testName>test    279</testName>
          <skipped>false</skipped>
          <failedSince>0</failedSince>
        </case>
        <case>
          <duration>0.0</duration>
          <className>make_test.t_uri_text_t</className>
          <testName>test    280</testName>
          <skipped>false</skipped>
          <failedSince>0</failedSince>
        </case>
        <case>
          <duration>0.0</duration>
          <className>make_test.t_uri_text_t</className>
          <testName>test    281</testName>
          <skipped>false</skipped>
          <failedSince>0</failedSince>
        </case>
        <case>
          <duration>0.0</duration>
          <className>make_test.t_uri_text_t</className>
          <testName>test    282</testName>
          <skipped>false</skipped>
          <failedSince>0</failedSince>
        </case>
        <case>
          <duration>0.0</duration>
          <className>make_test.t_uri_text_t</className>
          <testName>test    283</testName>
          <skipped>false</skipped>
          <failedSince>0</failedSince>
        </case>
        <case>
          <duration>0.0</duration>
          <className>make_test.t_uri_text_t</className>
          <testName>test    284</testName>
          <skipped>false</skipped>
          <failedSince>0</failedSince>
        </case>
        <case>
          <duration>0.0</duration>
          <className>make_test.t_uri_text_t</className>
          <testName>test    285</testName>
          <skipped>false</skipped>
          <failedSince>0</failedSince>
        </case>
        <case>
          <duration>0.0</duration>
          <className>make_test.t_uri_text_t</className>
          <testName>test    286</testName>
          <skipped>false</skipped>
          <failedSince>0</failedSince>
        </case>
        <case>
          <duration>0.0</duration>
          <className>make_test.t_uri_text_t</className>
          <testName>test    287</testName>
          <skipped>false</skipped>
          <failedSince>0</failedSince>
        </case>
        <case>
          <duration>0.0</duration>
          <className>make_test.t_uri_text_t</className>
          <testName>test    288</testName>
          <skipped>false</skipped>
          <failedSince>0</failedSince>
        </case>
        <case>
          <duration>0.0</duration>
          <className>make_test.t_uri_text_t</className>
          <testName>test    289</testName>
          <skipped>false</skipped>
          <failedSince>0</failedSince>
        </case>
        <case>
          <duration>0.0</duration>
          <className>make_test.t_uri_text_t</className>
          <testName>test    290</testName>
          <skipped>false</skipped>
          <failedSince>0</failedSince>
        </case>
        <case>
          <duration>0.0</duration>
          <className>make_test.t_uri_text_t</className>
          <testName>test    291</testName>
          <skipped>false</skipped>
          <failedSince>0</failedSince>
        </case>
        <case>
          <duration>0.0</duration>
          <className>make_test.t_uri_text_t</className>
          <testName>test    292</testName>
          <skipped>false</skipped>
          <failedSince>0</failedSince>
        </case>
        <case>
          <duration>0.0</duration>
          <className>make_test.t_uri_text_t</className>
          <testName>test    293</testName>
          <skipped>false</skipped>
          <failedSince>0</failedSince>
        </case>
        <case>
          <duration>0.0</duration>
          <className>make_test.t_uri_text_t</className>
          <testName>test    294</testName>
          <skipped>false</skipped>
          <failedSince>0</failedSince>
        </case>
        <case>
          <duration>0.0</duration>
          <className>make_test.t_uri_text_t</className>
          <testName>test    295</testName>
          <skipped>false</skipped>
          <failedSince>0</failedSince>
        </case>
        <case>
          <duration>0.0</duration>
          <className>make_test.t_uri_text_t</className>
          <testName>test    296</testName>
          <skipped>false</skipped>
          <failedSince>0</failedSince>
        </case>
        <case>
          <duration>0.0</duration>
          <className>make_test.t_uri_text_t</className>
          <testName>test    297</testName>
          <skipped>false</skipped>
          <failedSince>0</failedSince>
        </case>
        <case>
          <duration>0.0</duration>
          <className>make_test.t_uri_text_t</className>
          <testName>test    298</testName>
          <skipped>false</skipped>
          <failedSince>0</failedSince>
        </case>
        <case>
          <duration>0.0</duration>
          <className>make_test.t_uri_text_t</className>
          <testName>test    299</testName>
          <skipped>false</skipped>
          <failedSince>0</failedSince>
        </case>
        <case>
          <duration>0.0</duration>
          <className>make_test.t_uri_text_t</className>
          <testName>test    300</testName>
          <skipped>false</skipped>
          <failedSince>0</failedSince>
        </case>
        <case>
          <duration>0.0</duration>
          <className>make_test.t_uri_text_t</className>
          <testName>test    301</testName>
          <skipped>false</skipped>
          <failedSince>0</failedSince>
        </case>
        <case>
          <duration>0.0</duration>
          <className>make_test.t_uri_text_t</className>
          <testName>test    302</testName>
          <skipped>false</skipped>
          <failedSince>0</failedSince>
        </case>
        <case>
          <duration>0.0</duration>
          <className>make_test.t_uri_text_t</className>
          <testName>test    303</testName>
          <skipped>false</skipped>
          <failedSince>0</failedSince>
        </case>
        <case>
          <duration>0.0</duration>
          <className>make_test.t_uri_text_t</className>
          <testName>test    304</testName>
          <skipped>false</skipped>
          <failedSince>0</failedSince>
        </case>
        <case>
          <duration>0.0</duration>
          <className>make_test.t_uri_text_t</className>
          <testName>test    305</testName>
          <skipped>false</skipped>
          <failedSince>0</failedSince>
        </case>
        <case>
          <duration>0.0</duration>
          <className>make_test.t_uri_text_t</className>
          <testName>test    306</testName>
          <skipped>false</skipped>
          <failedSince>0</failedSince>
        </case>
        <case>
          <duration>0.0</duration>
          <className>make_test.t_uri_text_t</className>
          <testName>test    307</testName>
          <skipped>false</skipped>
          <failedSince>0</failedSince>
        </case>
        <case>
          <duration>0.0</duration>
          <className>make_test.t_uri_text_t</className>
          <testName>test    308</testName>
          <skipped>false</skipped>
          <failedSince>0</failedSince>
        </case>
        <case>
          <duration>0.0</duration>
          <className>make_test.t_uri_text_t</className>
          <testName>test    309</testName>
          <skipped>false</skipped>
          <failedSince>0</failedSince>
        </case>
        <case>
          <duration>0.0</duration>
          <className>make_test.t_uri_text_t</className>
          <testName>test    310</testName>
          <skipped>false</skipped>
          <failedSince>0</failedSince>
        </case>
        <case>
          <duration>0.0</duration>
          <className>make_test.t_uri_text_t</className>
          <testName>test    311</testName>
          <skipped>false</skipped>
          <failedSince>0</failedSince>
        </case>
        <case>
          <duration>0.0</duration>
          <className>make_test.t_uri_text_t</className>
          <testName>test    312</testName>
          <skipped>false</skipped>
          <failedSince>0</failedSince>
        </case>
        <case>
          <duration>0.0</duration>
          <className>make_test.t_uri_text_t</className>
          <testName>test    313</testName>
          <skipped>false</skipped>
          <failedSince>0</failedSince>
        </case>
        <case>
          <duration>0.0</duration>
          <className>make_test.t_uri_text_t</className>
          <testName>test    314</testName>
          <skipped>false</skipped>
          <failedSince>0</failedSince>
        </case>
        <case>
          <duration>0.0</duration>
          <className>make_test.t_uri_text_t</className>
          <testName>test    315</testName>
          <skipped>false</skipped>
          <failedSince>0</failedSince>
        </case>
        <case>
          <duration>0.0</duration>
          <className>make_test.t_uri_text_t</className>
          <testName>test    316</testName>
          <skipped>false</skipped>
          <failedSince>0</failedSince>
        </case>
        <case>
          <duration>0.0</duration>
          <className>make_test.t_uri_text_t</className>
          <testName>test    317</testName>
          <skipped>false</skipped>
          <failedSince>0</failedSince>
        </case>
        <case>
          <duration>0.0</duration>
          <className>make_test.t_uri_text_t</className>
          <testName>test    318</testName>
          <skipped>false</skipped>
          <failedSince>0</failedSince>
        </case>
        <case>
          <duration>0.0</duration>
          <className>make_test.t_uri_text_t</className>
          <testName>test    319</testName>
          <skipped>false</skipped>
          <failedSince>0</failedSince>
        </case>
        <case>
          <duration>0.0</duration>
          <className>make_test.t_uri_text_t</className>
          <testName>test    320</testName>
          <skipped>false</skipped>
          <failedSince>0</failedSince>
        </case>
        <case>
          <duration>0.0</duration>
          <className>make_test.t_uri_text_t</className>
          <testName>test    321</testName>
          <skipped>false</skipped>
          <failedSince>0</failedSince>
        </case>
        <case>
          <duration>0.0</duration>
          <className>make_test.t_uri_text_t</className>
          <testName>test    322</testName>
          <skipped>false</skipped>
          <failedSince>0</failedSince>
        </case>
        <case>
          <duration>0.0</duration>
          <className>make_test.t_uri_text_t</className>
          <testName>test    323</testName>
          <skipped>false</skipped>
          <failedSince>0</failedSince>
        </case>
        <case>
          <duration>0.0</duration>
          <className>make_test.t_uri_text_t</className>
          <testName>test    324</testName>
          <skipped>false</skipped>
          <failedSince>0</failedSince>
        </case>
        <case>
          <duration>0.0</duration>
          <className>make_test.t_uri_text_t</className>
          <testName>test    325</testName>
          <skipped>false</skipped>
          <failedSince>0</failedSince>
        </case>
        <case>
          <duration>0.0</duration>
          <className>make_test.t_uri_text_t</className>
          <testName>test    326</testName>
          <skipped>false</skipped>
          <failedSince>0</failedSince>
        </case>
        <case>
          <duration>0.0</duration>
          <className>make_test.t_uri_text_t</className>
          <testName>test    327</testName>
          <skipped>false</skipped>
          <failedSince>0</failedSince>
        </case>
        <case>
          <duration>0.0</duration>
          <className>make_test.t_uri_text_t</className>
          <testName>test    328</testName>
          <skipped>false</skipped>
          <failedSince>0</failedSince>
        </case>
        <case>
          <duration>0.0</duration>
          <className>make_test.t_uri_text_t</className>
          <testName>test    329</testName>
          <skipped>false</skipped>
          <failedSince>0</failedSince>
        </case>
        <case>
          <duration>0.0</duration>
          <className>make_test.t_uri_text_t</className>
          <testName>test    330</testName>
          <skipped>false</skipped>
          <failedSince>0</failedSince>
        </case>
        <case>
          <duration>0.0</duration>
          <className>make_test.t_uri_text_t</className>
          <testName>test    331</testName>
          <skipped>false</skipped>
          <failedSince>0</failedSince>
        </case>
        <case>
          <duration>0.0</duration>
          <className>make_test.t_uri_text_t</className>
          <testName>test    332</testName>
          <skipped>false</skipped>
          <failedSince>0</failedSince>
        </case>
        <case>
          <duration>0.0</duration>
          <className>make_test.t_uri_text_t</className>
          <testName>test    333</testName>
          <skipped>false</skipped>
          <failedSince>0</failedSince>
        </case>
        <case>
          <duration>0.0</duration>
          <className>make_test.t_uri_text_t</className>
          <testName>test    334</testName>
          <skipped>false</skipped>
          <failedSince>0</failedSince>
        </case>
        <case>
          <duration>0.0</duration>
          <className>make_test.t_uri_text_t</className>
          <testName>test    335</testName>
          <skipped>false</skipped>
          <failedSince>0</failedSince>
        </case>
        <case>
          <duration>0.0</duration>
          <className>make_test.t_uri_text_t</className>
          <testName>test    336</testName>
          <skipped>false</skipped>
          <failedSince>0</failedSince>
        </case>
        <case>
          <duration>0.0</duration>
          <className>make_test.t_uri_text_t</className>
          <testName>test    337</testName>
          <skipped>false</skipped>
          <failedSince>0</failedSince>
        </case>
        <case>
          <duration>0.0</duration>
          <className>make_test.t_uri_text_t</className>
          <testName>test    338</testName>
          <skipped>false</skipped>
          <failedSince>0</failedSince>
        </case>
        <case>
          <duration>0.0</duration>
          <className>make_test.t_uri_text_t</className>
          <testName>test    339</testName>
          <skipped>false</skipped>
          <failedSince>0</failedSince>
        </case>
        <case>
          <duration>0.0</duration>
          <className>make_test.t_uri_text_t</className>
          <testName>test    340</testName>
          <skipped>false</skipped>
          <failedSince>0</failedSince>
        </case>
        <case>
          <duration>0.0</duration>
          <className>make_test.t_uri_text_t</className>
          <testName>test    341</testName>
          <skipped>false</skipped>
          <failedSince>0</failedSince>
        </case>
        <case>
          <duration>0.0</duration>
          <className>make_test.t_uri_text_t</className>
          <testName>test    342</testName>
          <skipped>false</skipped>
          <failedSince>0</failedSince>
        </case>
        <case>
          <duration>0.0</duration>
          <className>make_test.t_uri_text_t</className>
          <testName>test    343</testName>
          <skipped>false</skipped>
          <failedSince>0</failedSince>
        </case>
        <case>
          <duration>0.0</duration>
          <className>make_test.t_uri_text_t</className>
          <testName>test    344</testName>
          <skipped>false</skipped>
          <failedSince>0</failedSince>
        </case>
        <case>
          <duration>0.0</duration>
          <className>make_test.t_uri_text_t</className>
          <testName>test    345</testName>
          <skipped>false</skipped>
          <failedSince>0</failedSince>
        </case>
        <case>
          <duration>0.0</duration>
          <className>make_test.t_uri_text_t</className>
          <testName>test    346</testName>
          <skipped>false</skipped>
          <failedSince>0</failedSince>
        </case>
        <case>
          <duration>0.0</duration>
          <className>make_test.t_uri_text_t</className>
          <testName>test    347</testName>
          <skipped>false</skipped>
          <failedSince>0</failedSince>
        </case>
        <case>
          <duration>0.0</duration>
          <className>make_test.t_uri_text_t</className>
          <testName>test    348</testName>
          <skipped>false</skipped>
          <failedSince>0</failedSince>
        </case>
        <case>
          <duration>0.0</duration>
          <className>make_test.t_uri_text_t</className>
          <testName>test    349</testName>
          <skipped>false</skipped>
          <failedSince>0</failedSince>
        </case>
        <case>
          <duration>0.0</duration>
          <className>make_test.t_uri_text_t</className>
          <testName>test    350</testName>
          <skipped>false</skipped>
          <failedSince>0</failedSince>
        </case>
        <case>
          <duration>0.0</duration>
          <className>make_test.t_uri_text_t</className>
          <testName>test    351</testName>
          <skipped>false</skipped>
          <failedSince>0</failedSince>
        </case>
        <case>
          <duration>0.0</duration>
          <className>make_test.t_uri_text_t</className>
          <testName>test    352</testName>
          <skipped>false</skipped>
          <failedSince>0</failedSince>
        </case>
        <case>
          <duration>0.0</duration>
          <className>make_test.t_uri_text_t</className>
          <testName>test    353</testName>
          <skipped>false</skipped>
          <failedSince>0</failedSince>
        </case>
        <case>
          <duration>0.0</duration>
          <className>make_test.t_uri_text_t</className>
          <testName>test    354</testName>
          <skipped>false</skipped>
          <failedSince>0</failedSince>
        </case>
        <case>
          <duration>0.0</duration>
          <className>make_test.t_uri_text_t</className>
          <testName>test    355</testName>
          <skipped>false</skipped>
          <failedSince>0</failedSince>
        </case>
        <case>
          <duration>0.0</duration>
          <className>make_test.t_uri_text_t</className>
          <testName>test    356</testName>
          <skipped>false</skipped>
          <failedSince>0</failedSince>
        </case>
        <case>
          <duration>0.0</duration>
          <className>make_test.t_uri_text_t</className>
          <testName>test    357</testName>
          <skipped>false</skipped>
          <failedSince>0</failedSince>
        </case>
        <case>
          <duration>0.0</duration>
          <className>make_test.t_uri_text_t</className>
          <testName>test    358</testName>
          <skipped>false</skipped>
          <failedSince>0</failedSince>
        </case>
        <case>
          <duration>0.0</duration>
          <className>make_test.t_uri_text_t</className>
          <testName>test    359</testName>
          <skipped>false</skipped>
          <failedSince>0</failedSince>
        </case>
        <case>
          <duration>0.0</duration>
          <className>make_test.t_uri_text_t</className>
          <testName>test    360</testName>
          <skipped>false</skipped>
          <failedSince>0</failedSince>
        </case>
        <case>
          <duration>0.0</duration>
          <className>make_test.t_uri_text_t</className>
          <testName>test    361</testName>
          <skipped>false</skipped>
          <failedSince>0</failedSince>
        </case>
        <case>
          <duration>0.0</duration>
          <className>make_test.t_uri_text_t</className>
          <testName>test    362</testName>
          <skipped>false</skipped>
          <failedSince>0</failedSince>
        </case>
        <case>
          <duration>0.0</duration>
          <className>make_test.t_uri_text_t</className>
          <testName>test    363</testName>
          <skipped>false</skipped>
          <failedSince>0</failedSince>
        </case>
        <case>
          <duration>0.0</duration>
          <className>make_test.t_uri_text_t</className>
          <testName>test    364</testName>
          <skipped>false</skipped>
          <failedSince>0</failedSince>
        </case>
        <case>
          <duration>0.0</duration>
          <className>make_test.t_uri_text_t</className>
          <testName>test    365</testName>
          <skipped>false</skipped>
          <failedSince>0</failedSince>
        </case>
        <case>
          <duration>0.0</duration>
          <className>make_test.t_uri_text_t</className>
          <testName>test    366</testName>
          <skipped>false</skipped>
          <failedSince>0</failedSince>
        </case>
        <case>
          <duration>0.0</duration>
          <className>make_test.t_uri_text_t</className>
          <testName>test    367</testName>
          <skipped>false</skipped>
          <failedSince>0</failedSince>
        </case>
        <case>
          <duration>0.0</duration>
          <className>make_test.t_uri_text_t</className>
          <testName>test    368</testName>
          <skipped>false</skipped>
          <failedSince>0</failedSince>
        </case>
        <case>
          <duration>0.0</duration>
          <className>make_test.t_uri_text_t</className>
          <testName>test    369</testName>
          <skipped>false</skipped>
          <failedSince>0</failedSince>
        </case>
        <case>
          <duration>0.0</duration>
          <className>make_test.t_uri_text_t</className>
          <testName>test    370</testName>
          <skipped>false</skipped>
          <failedSince>0</failedSince>
        </case>
        <case>
          <duration>0.0</duration>
          <className>make_test.t_uri_text_t</className>
          <testName>test    371</testName>
          <skipped>false</skipped>
          <failedSince>0</failedSince>
        </case>
        <case>
          <duration>0.0</duration>
          <className>make_test.t_uri_text_t</className>
          <testName>test    372</testName>
          <skipped>false</skipped>
          <failedSince>0</failedSince>
        </case>
        <case>
          <duration>0.0</duration>
          <className>make_test.t_uri_text_t</className>
          <testName>test    373</testName>
          <skipped>false</skipped>
          <failedSince>0</failedSince>
        </case>
        <case>
          <duration>0.0</duration>
          <className>make_test.t_uri_text_t</className>
          <testName>test    374</testName>
          <skipped>false</skipped>
          <failedSince>0</failedSince>
        </case>
        <case>
          <duration>0.0</duration>
          <className>make_test.t_uri_text_t</className>
          <testName>test    375</testName>
          <skipped>false</skipped>
          <failedSince>0</failedSince>
        </case>
        <case>
          <duration>0.0</duration>
          <className>make_test.t_uri_text_t</className>
          <testName>test    376</testName>
          <skipped>false</skipped>
          <failedSince>0</failedSince>
        </case>
        <case>
          <duration>0.0</duration>
          <className>make_test.t_uri_text_t</className>
          <testName>test    377</testName>
          <skipped>false</skipped>
          <failedSince>0</failedSince>
        </case>
        <case>
          <duration>0.0</duration>
          <className>make_test.t_uri_text_t</className>
          <testName>test    378</testName>
          <skipped>false</skipped>
          <failedSince>0</failedSince>
        </case>
        <case>
          <duration>0.0</duration>
          <className>make_test.t_uri_text_t</className>
          <testName>test    379</testName>
          <skipped>false</skipped>
          <failedSince>0</failedSince>
        </case>
        <case>
          <duration>0.0</duration>
          <className>make_test.t_uri_text_t</className>
          <testName>test    380</testName>
          <skipped>false</skipped>
          <failedSince>0</failedSince>
        </case>
        <case>
          <duration>0.0</duration>
          <className>make_test.t_uri_text_t</className>
          <testName>test    381</testName>
          <skipped>false</skipped>
          <failedSince>0</failedSince>
        </case>
        <case>
          <duration>0.0</duration>
          <className>make_test.t_uri_text_t</className>
          <testName>test    382</testName>
          <skipped>false</skipped>
          <failedSince>0</failedSince>
        </case>
        <case>
          <duration>0.0</duration>
          <className>make_test.t_uri_text_t</className>
          <testName>test    383</testName>
          <skipped>false</skipped>
          <failedSince>0</failedSince>
        </case>
        <case>
          <duration>0.0</duration>
          <className>make_test.t_uri_text_t</className>
          <testName>test    384</testName>
          <skipped>false</skipped>
          <failedSince>0</failedSince>
        </case>
        <case>
          <duration>0.0</duration>
          <className>make_test.t_uri_text_t</className>
          <testName>test    385</testName>
          <skipped>false</skipped>
          <failedSince>0</failedSince>
        </case>
        <case>
          <duration>0.0</duration>
          <className>make_test.t_uri_text_t</className>
          <testName>test    386</testName>
          <skipped>false</skipped>
          <failedSince>0</failedSince>
        </case>
        <case>
          <duration>0.0</duration>
          <className>make_test.t_uri_text_t</className>
          <testName>test    387</testName>
          <skipped>false</skipped>
          <failedSince>0</failedSince>
        </case>
        <case>
          <duration>0.0</duration>
          <className>make_test.t_uri_text_t</className>
          <testName>test    388</testName>
          <skipped>false</skipped>
          <failedSince>0</failedSince>
        </case>
        <case>
          <duration>0.0</duration>
          <className>make_test.t_uri_text_t</className>
          <testName>test    389</testName>
          <skipped>false</skipped>
          <failedSince>0</failedSince>
        </case>
        <case>
          <duration>0.0</duration>
          <className>make_test.t_uri_text_t</className>
          <testName>test    390</testName>
          <skipped>false</skipped>
          <failedSince>0</failedSince>
        </case>
        <case>
          <duration>0.0</duration>
          <className>make_test.t_uri_text_t</className>
          <testName>test    391</testName>
          <skipped>false</skipped>
          <failedSince>0</failedSince>
        </case>
        <case>
          <duration>0.0</duration>
          <className>make_test.t_uri_text_t</className>
          <testName>test    392</testName>
          <skipped>false</skipped>
          <failedSince>0</failedSince>
        </case>
        <case>
          <duration>0.0</duration>
          <className>make_test.t_uri_text_t</className>
          <testName>test    393</testName>
          <skipped>false</skipped>
          <failedSince>0</failedSince>
        </case>
        <case>
          <duration>0.0</duration>
          <className>make_test.t_uri_text_t</className>
          <testName>test    394</testName>
          <skipped>false</skipped>
          <failedSince>0</failedSince>
        </case>
        <case>
          <duration>0.0</duration>
          <className>make_test.t_uri_text_t</className>
          <testName>test    395</testName>
          <skipped>false</skipped>
          <failedSince>0</failedSince>
        </case>
        <case>
          <duration>0.0</duration>
          <className>make_test.t_uri_text_t</className>
          <testName>test    396</testName>
          <skipped>false</skipped>
          <failedSince>0</failedSince>
        </case>
        <case>
          <duration>0.0</duration>
          <className>make_test.t_uri_text_t</className>
          <testName>test    397</testName>
          <skipped>false</skipped>
          <failedSince>0</failedSince>
        </case>
        <case>
          <duration>0.0</duration>
          <className>make_test.t_uri_text_t</className>
          <testName>test    398</testName>
          <skipped>false</skipped>
          <failedSince>0</failedSince>
        </case>
        <case>
          <duration>0.0</duration>
          <className>make_test.t_uri_text_t</className>
          <testName>test    399</testName>
          <skipped>false</skipped>
          <failedSince>0</failedSince>
        </case>
        <case>
          <duration>0.0</duration>
          <className>make_test.t_uri_text_t</className>
          <testName>test    400</testName>
          <skipped>false</skipped>
          <failedSince>0</failedSince>
        </case>
        <case>
          <duration>0.0</duration>
          <className>make_test.t_uri_text_t</className>
          <testName>test    401</testName>
          <skipped>false</skipped>
          <failedSince>0</failedSince>
        </case>
        <case>
          <duration>0.0</duration>
          <className>make_test.t_uri_text_t</className>
          <testName>test    402</testName>
          <skipped>false</skipped>
          <failedSince>0</failedSince>
        </case>
        <case>
          <duration>0.0</duration>
          <className>make_test.t_uri_text_t</className>
          <testName>test    403</testName>
          <skipped>false</skipped>
          <failedSince>0</failedSince>
        </case>
        <case>
          <duration>0.0</duration>
          <className>make_test.t_uri_text_t</className>
          <testName>test    404</testName>
          <skipped>false</skipped>
          <failedSince>0</failedSince>
        </case>
        <case>
          <duration>0.0</duration>
          <className>make_test.t_uri_text_t</className>
          <testName>test    405</testName>
          <skipped>false</skipped>
          <failedSince>0</failedSince>
        </case>
        <case>
          <duration>0.0</duration>
          <className>make_test.t_uri_text_t</className>
          <testName>test    406</testName>
          <skipped>false</skipped>
          <failedSince>0</failedSince>
        </case>
        <case>
          <duration>0.0</duration>
          <className>make_test.t_uri_text_t</className>
          <testName>test    407</testName>
          <skipped>false</skipped>
          <failedSince>0</failedSince>
        </case>
        <case>
          <duration>0.0</duration>
          <className>make_test.t_uri_text_t</className>
          <testName>test    408</testName>
          <skipped>false</skipped>
          <failedSince>0</failedSince>
        </case>
        <case>
          <duration>0.0</duration>
          <className>make_test.t_uri_text_t</className>
          <testName>test    409</testName>
          <skipped>false</skipped>
          <failedSince>0</failedSince>
        </case>
        <case>
          <duration>0.0</duration>
          <className>make_test.t_uri_text_t</className>
          <testName>test    410</testName>
          <skipped>false</skipped>
          <failedSince>0</failedSince>
        </case>
        <case>
          <duration>0.0</duration>
          <className>make_test.t_uri_text_t</className>
          <testName>test    411</testName>
          <skipped>false</skipped>
          <failedSince>0</failedSince>
        </case>
        <case>
          <duration>0.0</duration>
          <className>make_test.t_uri_text_t</className>
          <testName>test    412</testName>
          <skipped>false</skipped>
          <failedSince>0</failedSince>
        </case>
        <case>
          <duration>0.0</duration>
          <className>make_test.t_uri_text_t</className>
          <testName>test    413</testName>
          <skipped>false</skipped>
          <failedSince>0</failedSince>
        </case>
        <case>
          <duration>0.0</duration>
          <className>make_test.t_uri_text_t</className>
          <testName>test    414</testName>
          <skipped>false</skipped>
          <failedSince>0</failedSince>
        </case>
        <case>
          <duration>0.0</duration>
          <className>make_test.t_uri_text_t</className>
          <testName>test    415</testName>
          <skipped>false</skipped>
          <failedSince>0</failedSince>
        </case>
        <case>
          <duration>0.0</duration>
          <className>make_test.t_uri_text_t</className>
          <testName>test    416</testName>
          <skipped>false</skipped>
          <failedSince>0</failedSince>
        </case>
        <case>
          <duration>0.0</duration>
          <className>make_test.t_uri_text_t</className>
          <testName>test    417</testName>
          <skipped>false</skipped>
          <failedSince>0</failedSince>
        </case>
        <case>
          <duration>0.0</duration>
          <className>make_test.t_uri_text_t</className>
          <testName>test    418</testName>
          <skipped>false</skipped>
          <failedSince>0</failedSince>
        </case>
        <case>
          <duration>0.0</duration>
          <className>make_test.t_uri_text_t</className>
          <testName>test    419</testName>
          <skipped>false</skipped>
          <failedSince>0</failedSince>
        </case>
        <case>
          <duration>0.0</duration>
          <className>make_test.t_uri_text_t</className>
          <testName>test    420</testName>
          <skipped>false</skipped>
          <failedSince>0</failedSince>
        </case>
        <case>
          <duration>0.0</duration>
          <className>make_test.t_uri_text_t</className>
          <testName>test    421</testName>
          <skipped>false</skipped>
          <failedSince>0</failedSince>
        </case>
        <case>
          <duration>0.0</duration>
          <className>make_test.t_uri_text_t</className>
          <testName>test    422</testName>
          <skipped>false</skipped>
          <failedSince>0</failedSince>
        </case>
        <case>
          <duration>0.0</duration>
          <className>make_test.t_uri_text_t</className>
          <testName>test    423</testName>
          <skipped>false</skipped>
          <failedSince>0</failedSince>
        </case>
        <case>
          <duration>0.0</duration>
          <className>make_test.t_uri_text_t</className>
          <testName>test    424</testName>
          <skipped>false</skipped>
          <failedSince>0</failedSince>
        </case>
        <case>
          <duration>0.0</duration>
          <className>make_test.t_uri_text_t</className>
          <testName>test    425</testName>
          <skipped>false</skipped>
          <failedSince>0</failedSince>
        </case>
        <case>
          <duration>0.0</duration>
          <className>make_test.t_uri_text_t</className>
          <testName>test    426</testName>
          <skipped>false</skipped>
          <failedSince>0</failedSince>
        </case>
        <case>
          <duration>0.0</duration>
          <className>make_test.t_uri_text_t</className>
          <testName>test    427</testName>
          <skipped>false</skipped>
          <failedSince>0</failedSince>
        </case>
        <case>
          <duration>0.0</duration>
          <className>make_test.t_uri_text_t</className>
          <testName>test    428</testName>
          <skipped>false</skipped>
          <failedSince>0</failedSince>
        </case>
        <case>
          <duration>0.0</duration>
          <className>make_test.t_uri_text_t</className>
          <testName>test    429</testName>
          <skipped>false</skipped>
          <failedSince>0</failedSince>
        </case>
        <case>
          <duration>0.0</duration>
          <className>make_test.t_uri_text_t</className>
          <testName>test    430</testName>
          <skipped>false</skipped>
          <failedSince>0</failedSince>
        </case>
        <case>
          <duration>0.0</duration>
          <className>make_test.t_uri_text_t</className>
          <testName>test    431</testName>
          <skipped>false</skipped>
          <failedSince>0</failedSince>
        </case>
        <case>
          <duration>0.0</duration>
          <className>make_test.t_uri_text_t</className>
          <testName>test    432</testName>
          <skipped>false</skipped>
          <failedSince>0</failedSince>
        </case>
        <case>
          <duration>0.0</duration>
          <className>make_test.t_uri_text_t</className>
          <testName>test    433</testName>
          <skipped>false</skipped>
          <failedSince>0</failedSince>
        </case>
        <case>
          <duration>0.0</duration>
          <className>make_test.t_uri_text_t</className>
          <testName>test    434</testName>
          <skipped>false</skipped>
          <failedSince>0</failedSince>
        </case>
        <case>
          <duration>0.0</duration>
          <className>make_test.t_uri_text_t</className>
          <testName>test    435</testName>
          <skipped>false</skipped>
          <failedSince>0</failedSince>
        </case>
        <case>
          <duration>0.0</duration>
          <className>make_test.t_uri_text_t</className>
          <testName>test    436</testName>
          <skipped>false</skipped>
          <failedSince>0</failedSince>
        </case>
        <case>
          <duration>0.0</duration>
          <className>make_test.t_uri_text_t</className>
          <testName>test    437</testName>
          <skipped>false</skipped>
          <failedSince>0</failedSince>
        </case>
        <case>
          <duration>0.0</duration>
          <className>make_test.t_uri_text_t</className>
          <testName>test    438</testName>
          <skipped>false</skipped>
          <failedSince>0</failedSince>
        </case>
        <case>
          <duration>0.0</duration>
          <className>make_test.t_uri_text_t</className>
          <testName>test    439</testName>
          <skipped>false</skipped>
          <failedSince>0</failedSince>
        </case>
        <case>
          <duration>0.0</duration>
          <className>make_test.t_uri_text_t</className>
          <testName>test    440</testName>
          <skipped>false</skipped>
          <failedSince>0</failedSince>
        </case>
        <case>
          <duration>0.0</duration>
          <className>make_test.t_uri_text_t</className>
          <testName>test    441</testName>
          <skipped>false</skipped>
          <failedSince>0</failedSince>
        </case>
        <case>
          <duration>0.0</duration>
          <className>make_test.t_uri_text_t</className>
          <testName>test    442</testName>
          <skipped>false</skipped>
          <failedSince>0</failedSince>
        </case>
        <case>
          <duration>0.0</duration>
          <className>make_test.t_uri_text_t</className>
          <testName>test    443</testName>
          <skipped>false</skipped>
          <failedSince>0</failedSince>
        </case>
        <case>
          <duration>0.0</duration>
          <className>make_test.t_uri_text_t</className>
          <testName>test    444</testName>
          <skipped>false</skipped>
          <failedSince>0</failedSince>
        </case>
        <case>
          <duration>0.0</duration>
          <className>make_test.t_uri_text_t</className>
          <testName>test    445</testName>
          <skipped>false</skipped>
          <failedSince>0</failedSince>
        </case>
        <case>
          <duration>0.0</duration>
          <className>make_test.t_uri_text_t</className>
          <testName>test    446</testName>
          <skipped>false</skipped>
          <failedSince>0</failedSince>
        </case>
        <case>
          <duration>0.0</duration>
          <className>make_test.t_uri_text_t</className>
          <testName>test    447</testName>
          <skipped>false</skipped>
          <failedSince>0</failedSince>
        </case>
        <case>
          <duration>0.0</duration>
          <className>make_test.t_uri_text_t</className>
          <testName>test    448</testName>
          <skipped>false</skipped>
          <failedSince>0</failedSince>
        </case>
        <case>
          <duration>0.0</duration>
          <className>make_test.t_uri_text_t</className>
          <testName>test    449</testName>
          <skipped>false</skipped>
          <failedSince>0</failedSince>
        </case>
        <case>
          <duration>0.0</duration>
          <className>make_test.t_uri_text_t</className>
          <testName>test    450</testName>
          <skipped>false</skipped>
          <failedSince>0</failedSince>
        </case>
        <case>
          <duration>0.0</duration>
          <className>make_test.t_uri_text_t</className>
          <testName>test    451</testName>
          <skipped>false</skipped>
          <failedSince>0</failedSince>
        </case>
        <case>
          <duration>0.0</duration>
          <className>make_test.t_uri_text_t</className>
          <testName>test    452</testName>
          <skipped>false</skipped>
          <failedSince>0</failedSince>
        </case>
        <case>
          <duration>0.0</duration>
          <className>make_test.t_uri_text_t</className>
          <testName>test    453</testName>
          <skipped>false</skipped>
          <failedSince>0</failedSince>
        </case>
        <case>
          <duration>0.0</duration>
          <className>make_test.t_uri_text_t</className>
          <testName>test    454</testName>
          <skipped>false</skipped>
          <failedSince>0</failedSince>
        </case>
        <case>
          <duration>0.0</duration>
          <className>make_test.t_uri_text_t</className>
          <testName>test    455</testName>
          <skipped>false</skipped>
          <failedSince>0</failedSince>
        </case>
        <case>
          <duration>0.0</duration>
          <className>make_test.t_uri_text_t</className>
          <testName>test    456</testName>
          <skipped>false</skipped>
          <failedSince>0</failedSince>
        </case>
        <case>
          <duration>0.0</duration>
          <className>make_test.t_uri_text_t</className>
          <testName>test    457</testName>
          <skipped>false</skipped>
          <failedSince>0</failedSince>
        </case>
        <case>
          <duration>0.0</duration>
          <className>make_test.t_uri_text_t</className>
          <testName>test    458</testName>
          <skipped>false</skipped>
          <failedSince>0</failedSince>
        </case>
        <case>
          <duration>0.0</duration>
          <className>make_test.t_uri_text_t</className>
          <testName>test    459</testName>
          <skipped>false</skipped>
          <failedSince>0</failedSince>
        </case>
        <case>
          <duration>0.0</duration>
          <className>make_test.t_uri_text_t</className>
          <testName>test    460</testName>
          <skipped>false</skipped>
          <failedSince>0</failedSince>
        </case>
        <case>
          <duration>0.0</duration>
          <className>make_test.t_uri_text_t</className>
          <testName>test    461</testName>
          <skipped>false</skipped>
          <failedSince>0</failedSince>
        </case>
        <case>
          <duration>0.0</duration>
          <className>make_test.t_uri_text_t</className>
          <testName>test    462</testName>
          <skipped>false</skipped>
          <failedSince>0</failedSince>
        </case>
        <case>
          <duration>0.0</duration>
          <className>make_test.t_uri_text_t</className>
          <testName>test    463</testName>
          <skipped>false</skipped>
          <failedSince>0</failedSince>
        </case>
        <case>
          <duration>0.0</duration>
          <className>make_test.t_uri_text_t</className>
          <testName>test    464</testName>
          <skipped>false</skipped>
          <failedSince>0</failedSince>
        </case>
        <case>
          <duration>0.0</duration>
          <className>make_test.t_uri_text_t</className>
          <testName>test    465</testName>
          <skipped>false</skipped>
          <failedSince>0</failedSince>
        </case>
        <case>
          <duration>0.0</duration>
          <className>make_test.t_uri_text_t</className>
          <testName>test    466</testName>
          <skipped>false</skipped>
          <failedSince>0</failedSince>
        </case>
        <case>
          <duration>0.0</duration>
          <className>make_test.t_uri_text_t</className>
          <testName>test    467</testName>
          <skipped>false</skipped>
          <failedSince>0</failedSince>
        </case>
        <case>
          <duration>0.0</duration>
          <className>make_test.t_uri_text_t</className>
          <testName>test    468</testName>
          <skipped>false</skipped>
          <failedSince>0</failedSince>
        </case>
        <case>
          <duration>0.0</duration>
          <className>make_test.t_uri_text_t</className>
          <testName>test    469</testName>
          <skipped>false</skipped>
          <failedSince>0</failedSince>
        </case>
        <case>
          <duration>0.0</duration>
          <className>make_test.t_uri_text_t</className>
          <testName>test    470</testName>
          <skipped>false</skipped>
          <failedSince>0</failedSince>
        </case>
        <case>
          <duration>0.0</duration>
          <className>make_test.t_uri_text_t</className>
          <testName>test    471</testName>
          <skipped>false</skipped>
          <failedSince>0</failedSince>
        </case>
        <case>
          <duration>0.0</duration>
          <className>make_test.t_uri_text_t</className>
          <testName>test    472</testName>
          <skipped>false</skipped>
          <failedSince>0</failedSince>
        </case>
        <case>
          <duration>0.0</duration>
          <className>make_test.t_uri_text_t</className>
          <testName>test    473</testName>
          <skipped>false</skipped>
          <failedSince>0</failedSince>
        </case>
        <case>
          <duration>0.0</duration>
          <className>make_test.t_uri_text_t</className>
          <testName>test    474</testName>
          <skipped>false</skipped>
          <failedSince>0</failedSince>
        </case>
        <case>
          <duration>0.0</duration>
          <className>make_test.t_uri_text_t</className>
          <testName>test    475</testName>
          <skipped>false</skipped>
          <failedSince>0</failedSince>
        </case>
        <case>
          <duration>0.0</duration>
          <className>make_test.t_uri_text_t</className>
          <testName>test    476</testName>
          <skipped>false</skipped>
          <failedSince>0</failedSince>
        </case>
        <case>
          <duration>0.0</duration>
          <className>make_test.t_uri_text_t</className>
          <testName>test    477</testName>
          <skipped>false</skipped>
          <failedSince>0</failedSince>
        </case>
        <case>
          <duration>0.0</duration>
          <className>make_test.t_uri_text_t</className>
          <testName>test    478</testName>
          <skipped>false</skipped>
          <failedSince>0</failedSince>
        </case>
        <case>
          <duration>0.0</duration>
          <className>make_test.t_uri_text_t</className>
          <testName>test    479</testName>
          <skipped>false</skipped>
          <failedSince>0</failedSince>
        </case>
        <case>
          <duration>0.0</duration>
          <className>make_test.t_uri_text_t</className>
          <testName>test    480</testName>
          <skipped>false</skipped>
          <failedSince>0</failedSince>
        </case>
        <case>
          <duration>0.0</duration>
          <className>make_test.t_uri_text_t</className>
          <testName>test    481</testName>
          <skipped>false</skipped>
          <failedSince>0</failedSince>
        </case>
        <case>
          <duration>0.0</duration>
          <className>make_test.t_uri_text_t</className>
          <testName>test    482</testName>
          <skipped>false</skipped>
          <failedSince>0</failedSince>
        </case>
        <case>
          <duration>0.0</duration>
          <className>make_test.t_uri_text_t</className>
          <testName>test    483</testName>
          <skipped>false</skipped>
          <failedSince>0</failedSince>
        </case>
        <case>
          <duration>0.0</duration>
          <className>make_test.t_uri_text_t</className>
          <testName>test    484</testName>
          <skipped>false</skipped>
          <failedSince>0</failedSince>
        </case>
        <case>
          <duration>0.0</duration>
          <className>make_test.t_uri_text_t</className>
          <testName>test    485</testName>
          <skipped>false</skipped>
          <failedSince>0</failedSince>
        </case>
        <case>
          <duration>0.0</duration>
          <className>make_test.t_uri_text_t</className>
          <testName>test    486</testName>
          <skipped>false</skipped>
          <failedSince>0</failedSince>
        </case>
        <case>
          <duration>0.0</duration>
          <className>make_test.t_uri_text_t</className>
          <testName>test    487</testName>
          <skipped>false</skipped>
          <failedSince>0</failedSince>
        </case>
        <case>
          <duration>0.0</duration>
          <className>make_test.t_uri_text_t</className>
          <testName>test    488</testName>
          <skipped>false</skipped>
          <failedSince>0</failedSince>
        </case>
        <case>
          <duration>0.0</duration>
          <className>make_test.t_uri_text_t</className>
          <testName>test    489</testName>
          <skipped>false</skipped>
          <failedSince>0</failedSince>
        </case>
        <case>
          <duration>0.0</duration>
          <className>make_test.t_uri_text_t</className>
          <testName>test    490</testName>
          <skipped>false</skipped>
          <failedSince>0</failedSince>
        </case>
        <case>
          <duration>0.0</duration>
          <className>make_test.t_uri_text_t</className>
          <testName>test    491</testName>
          <skipped>false</skipped>
          <failedSince>0</failedSince>
        </case>
        <case>
          <duration>0.0</duration>
          <className>make_test.t_uri_text_t</className>
          <testName>test    492</testName>
          <skipped>false</skipped>
          <failedSince>0</failedSince>
        </case>
        <case>
          <duration>0.0</duration>
          <className>make_test.t_uri_text_t</className>
          <testName>test    493</testName>
          <skipped>false</skipped>
          <failedSince>0</failedSince>
        </case>
        <case>
          <duration>0.0</duration>
          <className>make_test.t_uri_text_t</className>
          <testName>test    494</testName>
          <skipped>false</skipped>
          <failedSince>0</failedSince>
        </case>
        <case>
          <duration>0.0</duration>
          <className>make_test.t_uri_text_t</className>
          <testName>test    495</testName>
          <skipped>false</skipped>
          <failedSince>0</failedSince>
        </case>
        <case>
          <duration>0.0</duration>
          <className>make_test.t_uri_text_t</className>
          <testName>test    496</testName>
          <skipped>false</skipped>
          <failedSince>0</failedSince>
        </case>
        <case>
          <duration>0.0</duration>
          <className>make_test.t_uri_text_t</className>
          <testName>test    497</testName>
          <skipped>false</skipped>
          <failedSince>0</failedSince>
        </case>
        <case>
          <duration>0.0</duration>
          <className>make_test.t_uri_text_t</className>
          <testName>test    498</testName>
          <skipped>false</skipped>
          <failedSince>0</failedSince>
        </case>
        <case>
          <duration>0.0</duration>
          <className>make_test.t_uri_text_t</className>
          <testName>test    499</testName>
          <skipped>false</skipped>
          <failedSince>0</failedSince>
        </case>
        <case>
          <duration>0.0</duration>
          <className>make_test.t_uri_text_t</className>
          <testName>test    500</testName>
          <skipped>false</skipped>
          <failedSince>0</failedSince>
        </case>
        <case>
          <duration>0.0</duration>
          <className>make_test.t_uri_text_t</className>
          <testName>test    501</testName>
          <skipped>false</skipped>
          <failedSince>0</failedSince>
        </case>
        <case>
          <duration>0.0</duration>
          <className>make_test.t_uri_text_t</className>
          <testName>test    502</testName>
          <skipped>false</skipped>
          <failedSince>0</failedSince>
        </case>
        <case>
          <duration>0.0</duration>
          <className>make_test.t_uri_text_t</className>
          <testName>test    503</testName>
          <skipped>false</skipped>
          <failedSince>0</failedSince>
        </case>
        <case>
          <duration>0.0</duration>
          <className>make_test.t_uri_text_t</className>
          <testName>test    504</testName>
          <skipped>false</skipped>
          <failedSince>0</failedSince>
        </case>
        <case>
          <duration>0.0</duration>
          <className>make_test.t_uri_text_t</className>
          <testName>test    505</testName>
          <skipped>false</skipped>
          <failedSince>0</failedSince>
        </case>
        <case>
          <duration>0.0</duration>
          <className>make_test.t_uri_text_t</className>
          <testName>test    506</testName>
          <skipped>false</skipped>
          <failedSince>0</failedSince>
        </case>
        <case>
          <duration>0.0</duration>
          <className>make_test.t_uri_text_t</className>
          <testName>test    507</testName>
          <skipped>false</skipped>
          <failedSince>0</failedSince>
        </case>
        <case>
          <duration>0.0</duration>
          <className>make_test.t_uri_text_t</className>
          <testName>test    508</testName>
          <skipped>false</skipped>
          <failedSince>0</failedSince>
        </case>
        <case>
          <duration>0.0</duration>
          <className>make_test.t_uri_text_t</className>
          <testName>test    509</testName>
          <skipped>false</skipped>
          <failedSince>0</failedSince>
        </case>
        <case>
          <duration>0.0</duration>
          <className>make_test.t_uri_text_t</className>
          <testName>test    510</testName>
          <skipped>false</skipped>
          <failedSince>0</failedSince>
        </case>
        <case>
          <duration>0.0</duration>
          <className>make_test.t_uri_text_t</className>
          <testName>test    511</testName>
          <skipped>false</skipped>
          <failedSince>0</failedSince>
        </case>
        <case>
          <duration>0.0</duration>
          <className>make_test.t_uri_text_t</className>
          <testName>test    512</testName>
          <skipped>false</skipped>
          <failedSince>0</failedSince>
        </case>
        <case>
          <duration>0.0</duration>
          <className>make_test.t_uri_text_t</className>
          <testName>test    513</testName>
          <skipped>false</skipped>
          <failedSince>0</failedSince>
        </case>
        <case>
          <duration>0.0</duration>
          <className>make_test.t_uri_text_t</className>
          <testName>test    514</testName>
          <skipped>false</skipped>
          <failedSince>0</failedSince>
        </case>
        <case>
          <duration>0.0</duration>
          <className>make_test.t_uri_text_t</className>
          <testName>test    515</testName>
          <skipped>false</skipped>
          <failedSince>0</failedSince>
        </case>
        <case>
          <duration>0.0</duration>
          <className>make_test.t_uri_text_t</className>
          <testName>test    516</testName>
          <skipped>false</skipped>
          <failedSince>0</failedSince>
        </case>
        <case>
          <duration>0.0</duration>
          <className>make_test.t_uri_text_t</className>
          <testName>test    517</testName>
          <skipped>false</skipped>
          <failedSince>0</failedSince>
        </case>
        <case>
          <duration>0.0</duration>
          <className>make_test.t_uri_text_t</className>
          <testName>test    518</testName>
          <skipped>false</skipped>
          <failedSince>0</failedSince>
        </case>
        <case>
          <duration>0.0</duration>
          <className>make_test.t_uri_text_t</className>
          <testName>test    519</testName>
          <skipped>false</skipped>
          <failedSince>0</failedSince>
        </case>
        <case>
          <duration>0.0</duration>
          <className>make_test.t_uri_text_t</className>
          <testName>test    520</testName>
          <skipped>false</skipped>
          <failedSince>0</failedSince>
        </case>
        <case>
          <duration>0.0</duration>
          <className>make_test.t_uri_text_t</className>
          <testName>test    521</testName>
          <skipped>false</skipped>
          <failedSince>0</failedSince>
        </case>
        <case>
          <duration>0.0</duration>
          <className>make_test.t_uri_text_t</className>
          <testName>test    522</testName>
          <skipped>false</skipped>
          <failedSince>0</failedSince>
        </case>
        <case>
          <duration>0.0</duration>
          <className>make_test.t_uri_text_t</className>
          <testName>test    523</testName>
          <skipped>false</skipped>
          <failedSince>0</failedSince>
        </case>
        <case>
          <duration>0.0</duration>
          <className>make_test.t_uri_text_t</className>
          <testName>test    524</testName>
          <skipped>false</skipped>
          <failedSince>0</failedSince>
        </case>
        <case>
          <duration>0.0</duration>
          <className>make_test.t_uri_text_t</className>
          <testName>test    525</testName>
          <skipped>false</skipped>
          <failedSince>0</failedSince>
        </case>
        <case>
          <duration>0.0</duration>
          <className>make_test.t_uri_text_t</className>
          <testName>test    526</testName>
          <skipped>false</skipped>
          <failedSince>0</failedSince>
        </case>
        <case>
          <duration>0.0</duration>
          <className>make_test.t_uri_text_t</className>
          <testName>test    527</testName>
          <skipped>false</skipped>
          <failedSince>0</failedSince>
        </case>
        <case>
          <duration>0.0</duration>
          <className>make_test.t_uri_text_t</className>
          <testName>test    528</testName>
          <skipped>false</skipped>
          <failedSince>0</failedSince>
        </case>
        <case>
          <duration>0.0</duration>
          <className>make_test.t_uri_text_t</className>
          <testName>test    529</testName>
          <skipped>false</skipped>
          <failedSince>0</failedSince>
        </case>
        <case>
          <duration>0.0</duration>
          <className>make_test.t_uri_text_t</className>
          <testName>test    530</testName>
          <skipped>false</skipped>
          <failedSince>0</failedSince>
        </case>
        <case>
          <duration>0.0</duration>
          <className>make_test.t_uri_text_t</className>
          <testName>test    531</testName>
          <skipped>false</skipped>
          <failedSince>0</failedSince>
        </case>
        <case>
          <duration>0.0</duration>
          <className>make_test.t_uri_text_t</className>
          <testName>test    532</testName>
          <skipped>false</skipped>
          <failedSince>0</failedSince>
        </case>
        <case>
          <duration>0.0</duration>
          <className>make_test.t_uri_text_t</className>
          <testName>test    533</testName>
          <skipped>false</skipped>
          <failedSince>0</failedSince>
        </case>
        <case>
          <duration>0.0</duration>
          <className>make_test.t_uri_text_t</className>
          <testName>test    534</testName>
          <skipped>false</skipped>
          <failedSince>0</failedSince>
        </case>
        <case>
          <duration>0.0</duration>
          <className>make_test.t_uri_text_t</className>
          <testName>test    535</testName>
          <skipped>false</skipped>
          <failedSince>0</failedSince>
        </case>
        <case>
          <duration>0.0</duration>
          <className>make_test.t_uri_text_t</className>
          <testName>test    536</testName>
          <skipped>false</skipped>
          <failedSince>0</failedSince>
        </case>
        <case>
          <duration>0.0</duration>
          <className>make_test.t_uri_text_t</className>
          <testName>test    537</testName>
          <skipped>false</skipped>
          <failedSince>0</failedSince>
        </case>
        <case>
          <duration>0.0</duration>
          <className>make_test.t_uri_text_t</className>
          <testName>test    538</testName>
          <skipped>false</skipped>
          <failedSince>0</failedSince>
        </case>
        <case>
          <duration>0.0</duration>
          <className>make_test.t_uri_text_t</className>
          <testName>test    539</testName>
          <skipped>false</skipped>
          <failedSince>0</failedSince>
        </case>
        <case>
          <duration>0.0</duration>
          <className>make_test.t_uri_text_t</className>
          <testName>test    540</testName>
          <skipped>false</skipped>
          <failedSince>0</failedSince>
        </case>
        <case>
          <duration>0.0</duration>
          <className>make_test.t_uri_text_t</className>
          <testName>test    541</testName>
          <skipped>false</skipped>
          <failedSince>0</failedSince>
        </case>
        <case>
          <duration>0.0</duration>
          <className>make_test.t_uri_text_t</className>
          <testName>test    542</testName>
          <skipped>false</skipped>
          <failedSince>0</failedSince>
        </case>
        <case>
          <duration>0.0</duration>
          <className>make_test.t_uri_text_t</className>
          <testName>test    543</testName>
          <skipped>false</skipped>
          <failedSince>0</failedSince>
        </case>
        <case>
          <duration>0.0</duration>
          <className>make_test.t_uri_text_t</className>
          <testName>test    544</testName>
          <skipped>false</skipped>
          <failedSince>0</failedSince>
        </case>
        <case>
          <duration>0.0</duration>
          <className>make_test.t_uri_text_t</className>
          <testName>test    545</testName>
          <skipped>false</skipped>
          <failedSince>0</failedSince>
        </case>
        <case>
          <duration>0.0</duration>
          <className>make_test.t_uri_text_t</className>
          <testName>test    546</testName>
          <skipped>false</skipped>
          <failedSince>0</failedSince>
        </case>
        <case>
          <duration>0.0</duration>
          <className>make_test.t_uri_text_t</className>
          <testName>test    547</testName>
          <skipped>false</skipped>
          <failedSince>0</failedSince>
        </case>
        <case>
          <duration>0.0</duration>
          <className>make_test.t_uri_text_t</className>
          <testName>test    548</testName>
          <skipped>false</skipped>
          <failedSince>0</failedSince>
        </case>
        <case>
          <duration>0.0</duration>
          <className>make_test.t_uri_text_t</className>
          <testName>test    549</testName>
          <skipped>false</skipped>
          <failedSince>0</failedSince>
        </case>
        <case>
          <duration>0.0</duration>
          <className>make_test.t_uri_text_t</className>
          <testName>test    550</testName>
          <skipped>false</skipped>
          <failedSince>0</failedSince>
        </case>
        <case>
          <duration>0.0</duration>
          <className>make_test.t_uri_text_t</className>
          <testName>test    551</testName>
          <skipped>false</skipped>
          <failedSince>0</failedSince>
        </case>
        <case>
          <duration>0.0</duration>
          <className>make_test.t_uri_text_t</className>
          <testName>test    552</testName>
          <skipped>false</skipped>
          <failedSince>0</failedSince>
        </case>
        <case>
          <duration>0.0</duration>
          <className>make_test.t_uri_text_t</className>
          <testName>test    553</testName>
          <skipped>false</skipped>
          <failedSince>0</failedSince>
        </case>
        <case>
          <duration>0.0</duration>
          <className>make_test.t_uri_text_t</className>
          <testName>test    554</testName>
          <skipped>false</skipped>
          <failedSince>0</failedSince>
        </case>
        <case>
          <duration>0.0</duration>
          <className>make_test.t_uri_text_t</className>
          <testName>test    555</testName>
          <skipped>false</skipped>
          <failedSince>0</failedSince>
        </case>
        <case>
          <duration>0.0</duration>
          <className>make_test.t_uri_text_t</className>
          <testName>test    556</testName>
          <skipped>false</skipped>
          <failedSince>0</failedSince>
        </case>
        <case>
          <duration>0.0</duration>
          <className>make_test.t_uri_text_t</className>
          <testName>test    557</testName>
          <skipped>false</skipped>
          <failedSince>0</failedSince>
        </case>
        <case>
          <duration>0.0</duration>
          <className>make_test.t_uri_text_t</className>
          <testName>test    558</testName>
          <skipped>false</skipped>
          <failedSince>0</failedSince>
        </case>
        <case>
          <duration>0.0</duration>
          <className>make_test.t_uri_text_t</className>
          <testName>test    559</testName>
          <skipped>false</skipped>
          <failedSince>0</failedSince>
        </case>
        <case>
          <duration>0.0</duration>
          <className>make_test.t_uri_text_t</className>
          <testName>test    560</testName>
          <skipped>false</skipped>
          <failedSince>0</failedSince>
        </case>
        <case>
          <duration>0.0</duration>
          <className>make_test.t_uri_text_t</className>
          <testName>test    561</testName>
          <skipped>false</skipped>
          <failedSince>0</failedSince>
        </case>
        <case>
          <duration>0.0</duration>
          <className>make_test.t_uri_text_t</className>
          <testName>test    562</testName>
          <skipped>false</skipped>
          <failedSince>0</failedSince>
        </case>
        <case>
          <duration>0.0</duration>
          <className>make_test.t_uri_text_t</className>
          <testName>test    563</testName>
          <skipped>false</skipped>
          <failedSince>0</failedSince>
        </case>
        <case>
          <duration>0.0</duration>
          <className>make_test.t_uri_text_t</className>
          <testName>test    564</testName>
          <skipped>false</skipped>
          <failedSince>0</failedSince>
        </case>
        <case>
          <duration>0.0</duration>
          <className>make_test.t_uri_text_t</className>
          <testName>test    565</testName>
          <skipped>false</skipped>
          <failedSince>0</failedSince>
        </case>
        <case>
          <duration>0.0</duration>
          <className>make_test.t_uri_text_t</className>
          <testName>test    566</testName>
          <skipped>false</skipped>
          <failedSince>0</failedSince>
        </case>
        <case>
          <duration>0.0</duration>
          <className>make_test.t_uri_text_t</className>
          <testName>test    567</testName>
          <skipped>false</skipped>
          <failedSince>0</failedSince>
        </case>
        <case>
          <duration>0.0</duration>
          <className>make_test.t_uri_text_t</className>
          <testName>test    568</testName>
          <skipped>false</skipped>
          <failedSince>0</failedSince>
        </case>
        <case>
          <duration>0.0</duration>
          <className>make_test.t_uri_text_t</className>
          <testName>test    569</testName>
          <skipped>false</skipped>
          <failedSince>0</failedSince>
        </case>
        <case>
          <duration>0.0</duration>
          <className>make_test.t_uri_text_t</className>
          <testName>test    570</testName>
          <skipped>false</skipped>
          <failedSince>0</failedSince>
        </case>
        <case>
          <duration>0.0</duration>
          <className>make_test.t_uri_text_t</className>
          <testName>test    571</testName>
          <skipped>false</skipped>
          <failedSince>0</failedSince>
        </case>
        <case>
          <duration>0.0</duration>
          <className>make_test.t_uri_text_t</className>
          <testName>test    572</testName>
          <skipped>false</skipped>
          <failedSince>0</failedSince>
        </case>
        <case>
          <duration>0.0</duration>
          <className>make_test.t_uri_text_t</className>
          <testName>test    573</testName>
          <skipped>false</skipped>
          <failedSince>0</failedSince>
        </case>
        <case>
          <duration>0.0</duration>
          <className>make_test.t_uri_text_t</className>
          <testName>test    574</testName>
          <skipped>false</skipped>
          <failedSince>0</failedSince>
        </case>
        <case>
          <duration>0.0</duration>
          <className>make_test.t_uri_text_t</className>
          <testName>test    575</testName>
          <skipped>false</skipped>
          <failedSince>0</failedSince>
        </case>
        <case>
          <duration>0.0</duration>
          <className>make_test.t_uri_text_t</className>
          <testName>test    576</testName>
          <skipped>false</skipped>
          <failedSince>0</failedSince>
        </case>
        <case>
          <duration>0.0</duration>
          <className>make_test.t_uri_text_t</className>
          <testName>test    577</testName>
          <skipped>false</skipped>
          <failedSince>0</failedSince>
        </case>
        <case>
          <duration>0.0</duration>
          <className>make_test.t_uri_text_t</className>
          <testName>test    578</testName>
          <skipped>false</skipped>
          <failedSince>0</failedSince>
        </case>
        <case>
          <duration>0.0</duration>
          <className>make_test.t_uri_text_t</className>
          <testName>test    579</testName>
          <skipped>false</skipped>
          <failedSince>0</failedSince>
        </case>
        <case>
          <duration>0.0</duration>
          <className>make_test.t_uri_text_t</className>
          <testName>test    580</testName>
          <skipped>false</skipped>
          <failedSince>0</failedSince>
        </case>
        <case>
          <duration>0.0</duration>
          <className>make_test.t_uri_text_t</className>
          <testName>test    581</testName>
          <skipped>false</skipped>
          <failedSince>0</failedSince>
        </case>
        <case>
          <duration>0.0</duration>
          <className>make_test.t_uri_text_t</className>
          <testName>test    582</testName>
          <skipped>false</skipped>
          <failedSince>0</failedSince>
        </case>
        <case>
          <duration>0.0</duration>
          <className>make_test.t_uri_text_t</className>
          <testName>test    583</testName>
          <skipped>false</skipped>
          <failedSince>0</failedSince>
        </case>
        <case>
          <duration>0.0</duration>
          <className>make_test.t_uri_text_t</className>
          <testName>test    584</testName>
          <skipped>false</skipped>
          <failedSince>0</failedSince>
        </case>
        <case>
          <duration>0.0</duration>
          <className>make_test.t_uri_text_t</className>
          <testName>test    585</testName>
          <skipped>false</skipped>
          <failedSince>0</failedSince>
        </case>
        <case>
          <duration>0.0</duration>
          <className>make_test.t_uri_text_t</className>
          <testName>test    586</testName>
          <skipped>false</skipped>
          <failedSince>0</failedSince>
        </case>
        <case>
          <duration>0.0</duration>
          <className>make_test.t_uri_text_t</className>
          <testName>test    587</testName>
          <skipped>false</skipped>
          <failedSince>0</failedSince>
        </case>
        <case>
          <duration>0.0</duration>
          <className>make_test.t_uri_text_t</className>
          <testName>test    588</testName>
          <skipped>false</skipped>
          <failedSince>0</failedSince>
        </case>
        <case>
          <duration>0.0</duration>
          <className>make_test.t_uri_text_t</className>
          <testName>test    589</testName>
          <skipped>false</skipped>
          <failedSince>0</failedSince>
        </case>
        <case>
          <duration>0.0</duration>
          <className>make_test.t_uri_text_t</className>
          <testName>test    590</testName>
          <skipped>false</skipped>
          <failedSince>0</failedSince>
        </case>
        <case>
          <duration>0.0</duration>
          <className>make_test.t_uri_text_t</className>
          <testName>test    591</testName>
          <skipped>false</skipped>
          <failedSince>0</failedSince>
        </case>
        <case>
          <duration>0.0</duration>
          <className>make_test.t_uri_text_t</className>
          <testName>test    592</testName>
          <skipped>false</skipped>
          <failedSince>0</failedSince>
        </case>
        <case>
          <duration>0.0</duration>
          <className>make_test.t_uri_text_t</className>
          <testName>test    593</testName>
          <skipped>false</skipped>
          <failedSince>0</failedSince>
        </case>
        <case>
          <duration>0.0</duration>
          <className>make_test.t_uri_text_t</className>
          <testName>test    594</testName>
          <skipped>false</skipped>
          <failedSince>0</failedSince>
        </case>
        <case>
          <duration>0.0</duration>
          <className>make_test.t_uri_text_t</className>
          <testName>test    595</testName>
          <skipped>false</skipped>
          <failedSince>0</failedSince>
        </case>
        <case>
          <duration>0.0</duration>
          <className>make_test.t_uri_text_t</className>
          <testName>test    596</testName>
          <skipped>false</skipped>
          <failedSince>0</failedSince>
        </case>
        <case>
          <duration>0.0</duration>
          <className>make_test.t_uri_text_t</className>
          <testName>test    597</testName>
          <skipped>false</skipped>
          <failedSince>0</failedSince>
        </case>
        <case>
          <duration>0.0</duration>
          <className>make_test.t_uri_text_t</className>
          <testName>test    598</testName>
          <skipped>false</skipped>
          <failedSince>0</failedSince>
        </case>
        <case>
          <duration>0.0</duration>
          <className>make_test.t_uri_text_t</className>
          <testName>test    599</testName>
          <skipped>false</skipped>
          <failedSince>0</failedSince>
        </case>
        <case>
          <duration>0.0</duration>
          <className>make_test.t_uri_text_t</className>
          <testName>test    600</testName>
          <skipped>false</skipped>
          <failedSince>0</failedSince>
        </case>
        <case>
          <duration>0.0</duration>
          <className>make_test.t_uri_text_t</className>
          <testName>test    601</testName>
          <skipped>false</skipped>
          <failedSince>0</failedSince>
        </case>
        <case>
          <duration>0.0</duration>
          <className>make_test.t_uri_text_t</className>
          <testName>test    602</testName>
          <skipped>false</skipped>
          <failedSince>0</failedSince>
        </case>
        <case>
          <duration>0.0</duration>
          <className>make_test.t_uri_text_t</className>
          <testName>test    603</testName>
          <skipped>false</skipped>
          <failedSince>0</failedSince>
        </case>
        <case>
          <duration>0.0</duration>
          <className>make_test.t_uri_text_t</className>
          <testName>test    604</testName>
          <skipped>false</skipped>
          <failedSince>0</failedSince>
        </case>
        <case>
          <duration>0.0</duration>
          <className>make_test.t_uri_text_t</className>
          <testName>test    605</testName>
          <skipped>false</skipped>
          <failedSince>0</failedSince>
        </case>
        <case>
          <duration>0.0</duration>
          <className>make_test.t_uri_text_t</className>
          <testName>test    606</testName>
          <skipped>false</skipped>
          <failedSince>0</failedSince>
        </case>
        <case>
          <duration>0.0</duration>
          <className>make_test.t_uri_text_t</className>
          <testName>test    607</testName>
          <skipped>false</skipped>
          <failedSince>0</failedSince>
        </case>
        <case>
          <duration>0.0</duration>
          <className>make_test.t_uri_text_t</className>
          <testName>test    608</testName>
          <skipped>false</skipped>
          <failedSince>0</failedSince>
        </case>
        <case>
          <duration>0.0</duration>
          <className>make_test.t_uri_text_t</className>
          <testName>test    609</testName>
          <skipped>false</skipped>
          <failedSince>0</failedSince>
        </case>
        <case>
          <duration>0.0</duration>
          <className>make_test.t_uri_text_t</className>
          <testName>test    610</testName>
          <skipped>false</skipped>
          <failedSince>0</failedSince>
        </case>
        <case>
          <duration>0.0</duration>
          <className>make_test.t_uri_text_t</className>
          <testName>test    611</testName>
          <skipped>false</skipped>
          <failedSince>0</failedSince>
        </case>
        <case>
          <duration>0.0</duration>
          <className>make_test.t_uri_text_t</className>
          <testName>test    612</testName>
          <skipped>false</skipped>
          <failedSince>0</failedSince>
        </case>
        <case>
          <duration>0.0</duration>
          <className>make_test.t_uri_text_t</className>
          <testName>test    613</testName>
          <skipped>false</skipped>
          <failedSince>0</failedSince>
        </case>
        <case>
          <duration>0.0</duration>
          <className>make_test.t_uri_text_t</className>
          <testName>test    614</testName>
          <skipped>false</skipped>
          <failedSince>0</failedSince>
        </case>
        <case>
          <duration>0.0</duration>
          <className>make_test.t_uri_text_t</className>
          <testName>test    615</testName>
          <skipped>false</skipped>
          <failedSince>0</failedSince>
        </case>
        <case>
          <duration>0.0</duration>
          <className>make_test.t_uri_text_t</className>
          <testName>test    616</testName>
          <skipped>false</skipped>
          <failedSince>0</failedSince>
        </case>
        <case>
          <duration>0.0</duration>
          <className>make_test.t_uri_text_t</className>
          <testName>test    617</testName>
          <skipped>false</skipped>
          <failedSince>0</failedSince>
        </case>
        <case>
          <duration>0.0</duration>
          <className>make_test.t_uri_text_t</className>
          <testName>test    618</testName>
          <skipped>false</skipped>
          <failedSince>0</failedSince>
        </case>
        <case>
          <duration>0.0</duration>
          <className>make_test.t_uri_text_t</className>
          <testName>test    619</testName>
          <skipped>false</skipped>
          <failedSince>0</failedSince>
        </case>
        <case>
          <duration>0.0</duration>
          <className>make_test.t_uri_text_t</className>
          <testName>test    620</testName>
          <skipped>false</skipped>
          <failedSince>0</failedSince>
        </case>
        <case>
          <duration>0.0</duration>
          <className>make_test.t_uri_text_t</className>
          <testName>test    621</testName>
          <skipped>false</skipped>
          <failedSince>0</failedSince>
        </case>
        <case>
          <duration>0.0</duration>
          <className>make_test.t_uri_text_t</className>
          <testName>test    622</testName>
          <skipped>false</skipped>
          <failedSince>0</failedSince>
        </case>
        <case>
          <duration>0.0</duration>
          <className>make_test.t_uri_text_t</className>
          <testName>test    623</testName>
          <skipped>false</skipped>
          <failedSince>0</failedSince>
        </case>
        <case>
          <duration>0.0</duration>
          <className>make_test.t_uri_text_t</className>
          <testName>test    624</testName>
          <skipped>false</skipped>
          <failedSince>0</failedSince>
        </case>
        <case>
          <duration>0.0</duration>
          <className>make_test.t_uri_text_t</className>
          <testName>test    625</testName>
          <skipped>false</skipped>
          <failedSince>0</failedSince>
        </case>
        <case>
          <duration>0.0</duration>
          <className>make_test.t_uri_text_t</className>
          <testName>test    626</testName>
          <skipped>false</skipped>
          <failedSince>0</failedSince>
        </case>
        <case>
          <duration>0.0</duration>
          <className>make_test.t_uri_text_t</className>
          <testName>test    627</testName>
          <skipped>false</skipped>
          <failedSince>0</failedSince>
        </case>
        <case>
          <duration>0.0</duration>
          <className>make_test.t_uri_text_t</className>
          <testName>test    628</testName>
          <skipped>false</skipped>
          <failedSince>0</failedSince>
        </case>
        <case>
          <duration>0.0</duration>
          <className>make_test.t_uri_text_t</className>
          <testName>test    629</testName>
          <skipped>false</skipped>
          <failedSince>0</failedSince>
        </case>
        <case>
          <duration>0.0</duration>
          <className>make_test.t_uri_text_t</className>
          <testName>test    630</testName>
          <skipped>false</skipped>
          <failedSince>0</failedSince>
        </case>
        <case>
          <duration>0.0</duration>
          <className>make_test.t_uri_text_t</className>
          <testName>test    631</testName>
          <skipped>false</skipped>
          <failedSince>0</failedSince>
        </case>
        <case>
          <duration>0.0</duration>
          <className>make_test.t_uri_text_t</className>
          <testName>test    632</testName>
          <skipped>false</skipped>
          <failedSince>0</failedSince>
        </case>
        <case>
          <duration>0.0</duration>
          <className>make_test.t_uri_text_t</className>
          <testName>test    633</testName>
          <skipped>false</skipped>
          <failedSince>0</failedSince>
        </case>
        <case>
          <duration>0.0</duration>
          <className>make_test.t_uri_text_t</className>
          <testName>test    634</testName>
          <skipped>false</skipped>
          <failedSince>0</failedSince>
        </case>
        <case>
          <duration>0.0</duration>
          <className>make_test.t_uri_text_t</className>
          <testName>test    635</testName>
          <skipped>false</skipped>
          <failedSince>0</failedSince>
        </case>
        <case>
          <duration>0.0</duration>
          <className>make_test.t_uri_text_t</className>
          <testName>test    636</testName>
          <skipped>false</skipped>
          <failedSince>0</failedSince>
        </case>
        <case>
          <duration>0.0</duration>
          <className>make_test.t_uri_text_t</className>
          <testName>test    637</testName>
          <skipped>false</skipped>
          <failedSince>0</failedSince>
        </case>
        <case>
          <duration>0.0</duration>
          <className>make_test.t_uri_text_t</className>
          <testName>test    638</testName>
          <skipped>false</skipped>
          <failedSince>0</failedSince>
        </case>
        <case>
          <duration>0.0</duration>
          <className>make_test.t_uri_text_t</className>
          <testName>test    639</testName>
          <skipped>false</skipped>
          <failedSince>0</failedSince>
        </case>
        <case>
          <duration>0.0</duration>
          <className>make_test.t_uri_text_t</className>
          <testName>test    640</testName>
          <skipped>false</skipped>
          <failedSince>0</failedSince>
        </case>
        <case>
          <duration>0.0</duration>
          <className>make_test.t_uri_text_t</className>
          <testName>test    641</testName>
          <skipped>false</skipped>
          <failedSince>0</failedSince>
        </case>
        <case>
          <duration>0.0</duration>
          <className>make_test.t_uri_text_t</className>
          <testName>test    642</testName>
          <skipped>false</skipped>
          <failedSince>0</failedSince>
        </case>
        <case>
          <duration>0.0</duration>
          <className>make_test.t_uri_text_t</className>
          <testName>test    643</testName>
          <skipped>false</skipped>
          <failedSince>0</failedSince>
        </case>
        <case>
          <duration>0.0</duration>
          <className>make_test.t_uri_text_t</className>
          <testName>test    644</testName>
          <skipped>false</skipped>
          <failedSince>0</failedSince>
        </case>
        <case>
          <duration>0.0</duration>
          <className>make_test.t_uri_text_t</className>
          <testName>test    645</testName>
          <skipped>false</skipped>
          <failedSince>0</failedSince>
        </case>
        <case>
          <duration>0.0</duration>
          <className>make_test.t_uri_text_t</className>
          <testName>test    646</testName>
          <skipped>false</skipped>
          <failedSince>0</failedSince>
        </case>
        <case>
          <duration>0.0</duration>
          <className>make_test.t_uri_text_t</className>
          <testName>test    647</testName>
          <skipped>false</skipped>
          <failedSince>0</failedSince>
        </case>
        <case>
          <duration>0.0</duration>
          <className>make_test.t_uri_text_t</className>
          <testName>test    648</testName>
          <skipped>false</skipped>
          <failedSince>0</failedSince>
        </case>
        <case>
          <duration>0.0</duration>
          <className>make_test.t_uri_text_t</className>
          <testName>test    649</testName>
          <skipped>false</skipped>
          <failedSince>0</failedSince>
        </case>
        <case>
          <duration>0.0</duration>
          <className>make_test.t_uri_text_t</className>
          <testName>test    650</testName>
          <skipped>false</skipped>
          <failedSince>0</failedSince>
        </case>
        <case>
          <duration>0.0</duration>
          <className>make_test.t_uri_text_t</className>
          <testName>test    651</testName>
          <skipped>false</skipped>
          <failedSince>0</failedSince>
        </case>
        <case>
          <duration>0.0</duration>
          <className>make_test.t_uri_text_t</className>
          <testName>test    652</testName>
          <skipped>false</skipped>
          <failedSince>0</failedSince>
        </case>
        <case>
          <duration>0.0</duration>
          <className>make_test.t_uri_text_t</className>
          <testName>test    653</testName>
          <skipped>false</skipped>
          <failedSince>0</failedSince>
        </case>
        <case>
          <duration>0.0</duration>
          <className>make_test.t_uri_text_t</className>
          <testName>test    654</testName>
          <skipped>false</skipped>
          <failedSince>0</failedSince>
        </case>
        <case>
          <duration>0.0</duration>
          <className>make_test.t_uri_text_t</className>
          <testName>test    655</testName>
          <skipped>false</skipped>
          <failedSince>0</failedSince>
        </case>
        <case>
          <duration>0.0</duration>
          <className>make_test.t_uri_text_t</className>
          <testName>test    656</testName>
          <skipped>false</skipped>
          <failedSince>0</failedSince>
        </case>
        <case>
          <duration>0.0</duration>
          <className>make_test.t_uri_text_t</className>
          <testName>test    657</testName>
          <skipped>false</skipped>
          <failedSince>0</failedSince>
        </case>
        <case>
          <duration>0.0</duration>
          <className>make_test.t_uri_text_t</className>
          <testName>test    658</testName>
          <skipped>false</skipped>
          <failedSince>0</failedSince>
        </case>
        <case>
          <duration>0.0</duration>
          <className>make_test.t_uri_text_t</className>
          <testName>test    659</testName>
          <skipped>false</skipped>
          <failedSince>0</failedSince>
        </case>
        <case>
          <duration>0.0</duration>
          <className>make_test.t_uri_text_t</className>
          <testName>test    660</testName>
          <skipped>false</skipped>
          <failedSince>0</failedSince>
        </case>
        <case>
          <duration>0.0</duration>
          <className>make_test.t_uri_text_t</className>
          <testName>test    661</testName>
          <skipped>false</skipped>
          <failedSince>0</failedSince>
        </case>
        <case>
          <duration>0.0</duration>
          <className>make_test.t_uri_text_t</className>
          <testName>test    662</testName>
          <skipped>false</skipped>
          <failedSince>0</failedSince>
        </case>
        <case>
          <duration>0.0</duration>
          <className>make_test.t_uri_text_t</className>
          <testName>test    663</testName>
          <skipped>false</skipped>
          <failedSince>0</failedSince>
        </case>
        <case>
          <duration>0.0</duration>
          <className>make_test.t_uri_text_t</className>
          <testName>test    664</testName>
          <skipped>false</skipped>
          <failedSince>0</failedSince>
        </case>
        <case>
          <duration>0.0</duration>
          <className>make_test.t_uri_text_t</className>
          <testName>test    665</testName>
          <skipped>false</skipped>
          <failedSince>0</failedSince>
        </case>
        <case>
          <duration>0.0</duration>
          <className>make_test.t_uri_text_t</className>
          <testName>test    666</testName>
          <skipped>false</skipped>
          <failedSince>0</failedSince>
        </case>
        <case>
          <duration>0.0</duration>
          <className>make_test.t_uri_text_t</className>
          <testName>test    667</testName>
          <skipped>false</skipped>
          <failedSince>0</failedSince>
        </case>
        <case>
          <duration>0.0</duration>
          <className>make_test.t_uri_text_t</className>
          <testName>test    668</testName>
          <skipped>false</skipped>
          <failedSince>0</failedSince>
        </case>
        <case>
          <duration>0.0</duration>
          <className>make_test.t_uri_text_t</className>
          <testName>test    669</testName>
          <skipped>false</skipped>
          <failedSince>0</failedSince>
        </case>
        <case>
          <duration>0.0</duration>
          <className>make_test.t_uri_text_t</className>
          <testName>test    670</testName>
          <skipped>false</skipped>
          <failedSince>0</failedSince>
        </case>
        <case>
          <duration>0.0</duration>
          <className>make_test.t_uri_text_t</className>
          <testName>test    671</testName>
          <skipped>false</skipped>
          <failedSince>0</failedSince>
        </case>
        <case>
          <duration>0.0</duration>
          <className>make_test.t_uri_text_t</className>
          <testName>test    672</testName>
          <skipped>false</skipped>
          <failedSince>0</failedSince>
        </case>
        <case>
          <duration>0.0</duration>
          <className>make_test.t_uri_text_t</className>
          <testName>test    673</testName>
          <skipped>false</skipped>
          <failedSince>0</failedSince>
        </case>
        <case>
          <duration>0.0</duration>
          <className>make_test.t_uri_text_t</className>
          <testName>test    674</testName>
          <skipped>false</skipped>
          <failedSince>0</failedSince>
        </case>
        <case>
          <duration>0.0</duration>
          <className>make_test.t_uri_text_t</className>
          <testName>test    675</testName>
          <skipped>false</skipped>
          <failedSince>0</failedSince>
        </case>
        <case>
          <duration>0.0</duration>
          <className>make_test.t_uri_text_t</className>
          <testName>test    676</testName>
          <skipped>false</skipped>
          <failedSince>0</failedSince>
        </case>
        <case>
          <duration>0.0</duration>
          <className>make_test.t_uri_text_t</className>
          <testName>test    677</testName>
          <skipped>false</skipped>
          <failedSince>0</failedSince>
        </case>
        <case>
          <duration>0.0</duration>
          <className>make_test.t_uri_text_t</className>
          <testName>test    678</testName>
          <skipped>false</skipped>
          <failedSince>0</failedSince>
        </case>
      </cases>
    </suite>
    <suite>
      <file>/var/jenkins_home/jobs/groupByError/workspace/target/junit-report-1472.xml</file>
      <name>make_test.t_utf8_t</name>
      <stdout>
  1..0
  # Running under perl version 5.008006 for solaris
  # Current time local: Thu Mar 27 09:27:12 2008
  # Current time GMT:   Thu Mar 27 09:27:12 2008
  # Using Test.pm version 1.25
  skipped: (no reason given)
  t/utf8............................
  1..4
  # Running under perl version 5.008006 for solaris
  # Current time local: Thu Mar 27 09:27:12 2008
  # Current time GMT:   Thu Mar 27 09:27:12 2008
  # Using Test.pm version 1.25
  	/export/home/jm/tools/perl586/bin/perl -T -w ../spamassassin.raw -C log/test_rules_copy  --siteconfigpath log/localrules.tmp -p log/test_default.cf  -L -t &lt; data/spam/009
  ok 1
  	Checking flag
  ok 2
  	Checking stars
  ok 3
  	Checking status
  ok 4
  
  </stdout>
      <stderr></stderr>
      <duration>0.0</duration>
      <id>101</id>
      <cases>
        <case>
          <duration>0.0</duration>
          <className>make_test.t_utf8_t</className>
          <testName>test      1</testName>
          <skipped>false</skipped>
          <failedSince>0</failedSince>
        </case>
        <case>
          <duration>0.0</duration>
          <className>make_test.t_utf8_t</className>
          <testName>test      2</testName>
          <skipped>false</skipped>
          <failedSince>0</failedSince>
        </case>
        <case>
          <duration>0.0</duration>
          <className>make_test.t_utf8_t</className>
          <testName>test      3</testName>
          <skipped>false</skipped>
          <failedSince>0</failedSince>
        </case>
        <case>
          <duration>0.0</duration>
          <className>make_test.t_utf8_t</className>
          <testName>test      4</testName>
          <skipped>false</skipped>
          <failedSince>0</failedSince>
        </case>
      </cases>
    </suite>
    <suite>
      <file>/var/jenkins_home/jobs/groupByError/workspace/target/junit-report-1472.xml</file>
      <name>make_test.t_util_wrap_t</name>
      <stdout>
  1..5
  # Running under perl version 5.008006 for solaris
  # Current time local: Thu Mar 27 09:27:14 2008
  # Current time GMT:   Thu Mar 27 09:27:14 2008
  # Using Test.pm version 1.25
  ok 1
  ok 2
  ok 3
  ok 4
  ok 5
  
  </stdout>
      <stderr></stderr>
      <duration>0.0</duration>
      <id>102</id>
      <cases>
        <case>
          <duration>0.0</duration>
          <className>make_test.t_util_wrap_t</className>
          <testName>test      1</testName>
          <skipped>false</skipped>
          <failedSince>0</failedSince>
        </case>
        <case>
          <duration>0.0</duration>
          <className>make_test.t_util_wrap_t</className>
          <testName>test      2</testName>
          <skipped>false</skipped>
          <failedSince>0</failedSince>
        </case>
        <case>
          <duration>0.0</duration>
          <className>make_test.t_util_wrap_t</className>
          <testName>test      3</testName>
          <skipped>false</skipped>
          <failedSince>0</failedSince>
        </case>
        <case>
          <duration>0.0</duration>
          <className>make_test.t_util_wrap_t</className>
          <testName>test      4</testName>
          <skipped>false</skipped>
          <failedSince>0</failedSince>
        </case>
        <case>
          <duration>0.0</duration>
          <className>make_test.t_util_wrap_t</className>
          <testName>test      5</testName>
          <skipped>false</skipped>
          <failedSince>0</failedSince>
        </case>
      </cases>
    </suite>
    <suite>
      <file>/var/jenkins_home/jobs/groupByError/workspace/target/junit-report-1472.xml</file>
      <name>make_test.t_whitelist_addrs_t</name>
      <stdout>
  1..5
  # Running under perl version 5.008006 for solaris
  # Current time local: Thu Mar 27 09:27:14 2008
  # Current time GMT:   Thu Mar 27 09:27:14 2008
  # Using Test.pm version 1.25
  	/export/home/jm/tools/perl586/bin/perl -T -w ../spamassassin.raw -C log/test_rules_copy  --siteconfigpath log/localrules.tmp -p log/test_default.cf  --add-addr-to-whitelist whitelist_test@whitelist.spamassassin.taint.org
  	/export/home/jm/tools/perl586/bin/perl -T -w ../spamassassin.raw -C log/test_rules_c
...[truncated 668 chars]...
mp -p log/test_default.cf  -L &lt; data/spam/004
  	Checking spamyes
  ok 4
  	/export/home/jm/tools/perl586/bin/perl -T -w ../spamassassin.raw -C log/test_rules_copy  --siteconfigpath log/localrules.tmp -p log/test_default.cf  --add-addr-to-blacklist whitelist_test@whitelist.spamassassin.taint.org
  	/export/home/jm/tools/perl586/bin/perl -T -w ../spamassassin.raw -C log/test_rules_copy  --siteconfigpath log/localrules.tmp -p log/test_default.cf  -L &lt; data/nice/002
  	Checking spamyes
  ok 5
  
  </stdout>
      <stderr></stderr>
      <duration>0.0</duration>
      <id>103</id>
      <cases>
        <case>
          <duration>0.0</duration>
          <className>make_test.t_whitelist_addrs_t</className>
          <testName>test      1</testName>
          <skipped>false</skipped>
          <failedSince>0</failedSince>
        </case>
        <case>
          <duration>0.0</duration>
          <className>make_test.t_whitelist_addrs_t</className>
          <testName>test      2</testName>
          <skipped>false</skipped>
          <failedSince>0</failedSince>
        </case>
        <case>
          <duration>0.0</duration>
          <className>make_test.t_whitelist_addrs_t</className>
          <testName>test      3</testName>
          <skipped>false</skipped>
          <failedSince>0</failedSince>
        </case>
        <case>
          <duration>0.0</duration>
          <className>make_test.t_whitelist_addrs_t</className>
          <testName>test      4</testName>
          <skipped>false</skipped>
          <failedSince>0</failedSince>
        </case>
        <case>
          <duration>0.0</duration>
          <className>make_test.t_whitelist_addrs_t</className>
          <testName>test      5</testName>
          <skipped>false</skipped>
          <failedSince>0</failedSince>
        </case>
      </cases>
    </suite>
    <suite>
      <file>/var/jenkins_home/jobs/groupByError/workspace/target/junit-report-1472.xml</file>
      <name>make_test.t_whitelist_from_t</name>
      <stdout>
  1..32
  # Running under perl version 5.008006 for solaris
  # Current time local: Thu Mar 27 09:27:24 2008
  # Current time GMT:   Thu Mar 27 09:27:24 2008
  # Using Test.pm version 1.25
  	/export/home/jm/tools/perl586/bin/perl -T -w ../spamassassin.raw -C log/test_rules_copy  --siteconfigpath log/localrules.tmp -p log/tst.cf  -L -t &lt; data/nice/008
  	Checking w1
  ok 1
  	Checking for anti-pattern a4
  ok 2
  	Checking for anti-pattern a2
  ok 3
  	Checking for anti-pattern a3
  ok 4
  	/ex
...[truncated 1710 chars]...
014
  	Checking for anti-pattern a12
  ok 25
  	Checking for anti-pattern a10
  ok 26
  	Checking for anti-pattern a11
  ok 27
  	Checking for anti-pattern a9
  ok 28
  	/export/home/jm/tools/perl586/bin/perl -T -w ../spamassassin.raw -C log/test_rules_copy  --siteconfigpath log/localrules.tmp -p log/tst.cf  -L -t &lt; data/nice/015
  	Checking for anti-pattern a12
  ok 29
  	Checking for anti-pattern a10
  ok 30
  	Checking for anti-pattern a11
  ok 31
  	Checking for anti-pattern a9
  ok 32
  
  </stdout>
      <stderr></stderr>
      <duration>0.0</duration>
      <id>104</id>
      <cases>
        <case>
          <duration>0.0</duration>
          <className>make_test.t_whitelist_from_t</className>
          <testName>test      1</testName>
          <skipped>false</skipped>
          <failedSince>0</failedSince>
        </case>
        <case>
          <duration>0.0</duration>
          <className>make_test.t_whitelist_from_t</className>
          <testName>test      2</testName>
          <skipped>false</skipped>
          <failedSince>0</failedSince>
        </case>
        <case>
          <duration>0.0</duration>
          <className>make_test.t_whitelist_from_t</className>
          <testName>test      3</testName>
          <skipped>false</skipped>
          <failedSince>0</failedSince>
        </case>
        <case>
          <duration>0.0</duration>
          <className>make_test.t_whitelist_from_t</className>
          <testName>test      4</testName>
          <skipped>false</skipped>
          <failedSince>0</failedSince>
        </case>
        <case>
          <duration>0.0</duration>
          <className>make_test.t_whitelist_from_t</className>
          <testName>test      5</testName>
          <skipped>false</skipped>
          <failedSince>0</failedSince>
        </case>
        <case>
          <duration>0.0</duration>
          <className>make_test.t_whitelist_from_t</className>
          <testName>test      6</testName>
          <skipped>false</skipped>
          <failedSince>0</failedSince>
        </case>
        <case>
          <duration>0.0</duration>
          <className>make_test.t_whitelist_from_t</className>
          <testName>test      7</testName>
          <skipped>false</skipped>
          <failedSince>0</failedSince>
        </case>
        <case>
          <duration>0.0</duration>
          <className>make_test.t_whitelist_from_t</className>
          <testName>test      8</testName>
          <skipped>false</skipped>
          <failedSince>0</failedSince>
        </case>
        <case>
          <duration>0.0</duration>
          <className>make_test.t_whitelist_from_t</className>
          <testName>test      9</testName>
          <skipped>false</skipped>
          <failedSince>0</failedSince>
        </case>
        <case>
          <duration>0.0</duration>
          <className>make_test.t_whitelist_from_t</className>
          <testName>test     10</testName>
          <skipped>false</skipped>
          <failedSince>0</failedSince>
        </case>
        <case>
          <duration>0.0</duration>
          <className>make_test.t_whitelist_from_t</className>
          <testName>test     11</testName>
          <skipped>false</skipped>
          <failedSince>0</failedSince>
        </case>
        <case>
          <duration>0.0</duration>
          <className>make_test.t_whitelist_from_t</className>
          <testName>test     12</testName>
          <skipped>false</skipped>
          <failedSince>0</failedSince>
        </case>
        <case>
          <duration>0.0</duration>
          <className>make_test.t_whitelist_from_t</className>
          <testName>test     13</testName>
          <skipped>false</skipped>
          <failedSince>0</failedSince>
        </case>
        <case>
          <duration>0.0</duration>
          <className>make_test.t_whitelist_from_t</className>
          <testName>test     14</testName>
          <skipped>false</skipped>
          <failedSince>0</failedSince>
        </case>
        <case>
          <duration>0.0</duration>
          <className>make_test.t_whitelist_from_t</className>
          <testName>test     15</testName>
          <skipped>false</skipped>
          <failedSince>0</failedSince>
        </case>
        <case>
          <duration>0.0</duration>
          <className>make_test.t_whitelist_from_t</className>
          <testName>test     16</testName>
          <skipped>false</skipped>
          <failedSince>0</failedSince>
        </case>
        <case>
          <duration>0.0</duration>
          <className>make_test.t_whitelist_from_t</className>
          <testName>test     17</testName>
          <skipped>false</skipped>
          <failedSince>0</failedSince>
        </case>
        <case>
          <duration>0.0</duration>
          <className>make_test.t_whitelist_from_t</className>
          <testName>test     18</testName>
          <skipped>false</skipped>
          <failedSince>0</failedSince>
        </case>
        <case>
          <duration>0.0</duration>
          <className>make_test.t_whitelist_from_t</className>
          <testName>test     19</testName>
          <skipped>false</skipped>
          <failedSince>0</failedSince>
        </case>
        <case>
          <duration>0.0</duration>
          <className>make_test.t_whitelist_from_t</className>
          <testName>test     20</testName>
          <skipped>false</skipped>
          <failedSince>0</failedSince>
        </case>
        <case>
          <duration>0.0</duration>
          <className>make_test.t_whitelist_from_t</className>
          <testName>test     21</testName>
          <skipped>false</skipped>
          <failedSince>0</failedSince>
        </case>
        <case>
          <duration>0.0</duration>
          <className>make_test.t_whitelist_from_t</className>
          <testName>test     22</testName>
          <skipped>false</skipped>
          <failedSince>0</failedSince>
        </case>
        <case>
          <duration>0.0</duration>
          <className>make_test.t_whitelist_from_t</className>
          <testName>test     23</testName>
          <skipped>false</skipped>
          <failedSince>0</failedSince>
        </case>
        <case>
          <duration>0.0</duration>
          <className>make_test.t_whitelist_from_t</className>
          <testName>test     24</testName>
          <skipped>false</skipped>
          <failedSince>0</failedSince>
        </case>
        <case>
          <duration>0.0</duration>
          <className>make_test.t_whitelist_from_t</className>
          <testName>test     25</testName>
          <skipped>false</skipped>
          <failedSince>0</failedSince>
        </case>
        <case>
          <duration>0.0</duration>
          <className>make_test.t_whitelist_from_t</className>
          <testName>test     26</testName>
          <skipped>false</skipped>
          <failedSince>0</failedSince>
        </case>
        <case>
          <duration>0.0</duration>
          <className>make_test.t_whitelist_from_t</className>
          <testName>test     27</testName>
          <skipped>false</skipped>
          <failedSince>0</failedSince>
        </case>
        <case>
          <duration>0.0</duration>
          <className>make_test.t_whitelist_from_t</className>
          <testName>test     28</testName>
          <skipped>false</skipped>
          <failedSince>0</failedSince>
        </case>
        <case>
          <duration>0.0</duration>
          <className>make_test.t_whitelist_from_t</className>
          <testName>test     29</testName>
          <skipped>false</skipped>
          <failedSince>0</failedSince>
        </case>
        <case>
          <duration>0.0</duration>
          <className>make_test.t_whitelist_from_t</className>
          <testName>test     30</testName>
          <skipped>false</skipped>
          <failedSince>0</failedSince>
        </case>
        <case>
          <duration>0.0</duration>
          <className>make_test.t_whitelist_from_t</className>
          <testName>test     31</testName>
          <skipped>false</skipped>
          <failedSince>0</failedSince>
        </case>
        <case>
          <duration>0.0</duration>
          <className>make_test.t_whitelist_from_t</className>
          <testName>test     32</testName>
          <skipped>false</skipped>
          <failedSince>0</failedSince>
        </case>
      </cases>
    </suite>
    <suite>
      <file>/var/jenkins_home/jobs/groupByError/workspace/target/junit-report-1472.xml</file>
      <name>make_test.t_whitelist_subject_t</name>
      <stdout>
  1..4
  # Running under perl version 5.008006 for solaris
  # Current time local: Thu Mar 27 09:27:37 2008
  # Current time GMT:   Thu Mar 27 09:27:37 2008
  # Using Test.pm version 1.25
  	/export/home/jm/tools/perl586/bin/perl -T -w ../spamassassin.raw -C log/test_rules_copy  --siteconfigpath log/localrules.tmp -p log/tst.cf  -L -t &lt; data/nice/016
  ok 1
  	Checking whitelist-subject
  ok 2
  	/export/home/jm/tools/perl586/bin/perl -T -w ../spamassassin.raw -C log/test_rules_copy  --siteconfigpath log/localrules.tmp -p log/tst.cf  -L -t &lt; data/nice/015
  ok 3
  	Checking blacklist-subject
  ok 4
  
  </stdout>
      <stderr></stderr>
      <duration>0.0</duration>
      <id>105</id>
      <cases>
        <case>
          <duration>0.0</duration>
          <className>make_test.t_whitelist_subject_t</className>
          <testName>test      1</testName>
          <skipped>false</skipped>
          <failedSince>0</failedSince>
        </case>
        <case>
          <duration>0.0</duration>
          <className>make_test.t_whitelist_subject_t</className>
          <testName>test      2</testName>
          <skipped>false</skipped>
          <failedSince>0</failedSince>
        </case>
        <case>
          <duration>0.0</duration>
          <className>make_test.t_whitelist_subject_t</className>
          <testName>test      3</testName>
          <skipped>false</skipped>
          <failedSince>0</failedSince>
        </case>
        <case>
          <duration>0.0</duration>
          <className>make_test.t_whitelist_subject_t</className>
          <testName>test      4</testName>
          <skipped>false</skipped>
          <failedSince>0</failedSince>
        </case>
      </cases>
    </suite>
    <suite>
      <file>/var/jenkins_home/jobs/groupByError/workspace/target/junit-report-1472.xml</file>
      <name>make_test.t_whitelist_to_t</name>
      <stdout>
  1..1
  # Running under perl version 5.008006 for solaris
  # Current time local: Thu Mar 27 09:27:40 2008
  # Current time GMT:   Thu Mar 27 09:27:40 2008
  # Using Test.pm version 1.25
  	/export/home/jm/tools/perl586/bin/perl -T -w ../spamassassin.raw -C log/test_rules_copy  --siteconfigpath log/localrules.tmp -p log/tst.cf  -L -t &lt; data/nice/016
  	Checking hit-wl
  ok 1
  
  </stdout>
      <stderr></stderr>
      <duration>0.0</duration>
      <id>106</id>
      <cases>
        <case>
          <duration>0.0</duration>
          <className>make_test.t_whitelist_to_t</className>
          <testName>test      1</testName>
          <skipped>false</skipped>
          <failedSince>0</failedSince>
        </case>
      </cases>
    </suite>
    <suite>
      <file>/var/jenkins_home/jobs/groupByError/workspace/target/junit-report-1472.xml</file>
      <name>make_test.Test_Summary_Report</name>
      <stdout>
  1..1
  # Running under perl version 5.008006 for solaris
  # Current time local: Thu Mar 27 09:27:42 2008
  # Current time GMT:   Thu Mar 27 09:27:42 2008
  # Using Test.pm version 1.25
  ok 1
  
  </stdout>
      <stderr></stderr>
      <duration>0.0</duration>
      <id>107</id>
      <cases>
        <case>
          <duration>0.0</duration>
          <className>make_test.t_zz_cleanup_t</className>
          <testName>test      1</testName>
          <skipped>false</skipped>
          <failedSince>0</failedSince>
        </case>
      </cases>
    </suite>
  </suites>
  <duration>0.0</duration>
  <keepLongStdio>false</keepLongStdio>
</result>